09:56:20.770 [main] TRACE - Resolving type for handle ctcellstylexfsa81ftype
09:56:20.787 [main] TRACE - Resolving type for handle ctdxfsb26atype
09:56:20.793 [main] TRACE - Resolving type for handle cttablestyles872ftype
09:56:20.800 [main] TRACE - Resolving type for handle sstf81fdoctype
09:56:20.812 [main] TRACE - Resolving type for handle ctsst44f3type
09:56:20.835 [main] TRACE - Resolving type for handle ctrsta472type
09:56:20.890 [main] DEBUG - using default POIXMLDocumentPart for http://schemas.openxmlformats.org/officeDocument/2006/relationships/printerSettings
09:56:20.892 [main] TRACE - Resolving type for handle workbookec17doctype
09:56:20.901 [main] TRACE - Resolving type for handle ctworkbook83c3type
09:56:20.913 [main] TRACE - Resolving type for handle ctsheets49fdtype
09:56:20.919 [main] TRACE - Resolving type for handle ctsheet4dbetype
09:56:20.924 [main] TRACE - Resolving type for handle strelationshipid1e94type
09:56:20.929 [main] TRACE - Resolving type for handle worksheetf539doctype
09:56:20.944 [main] TRACE - Resolving type for handle ctworksheet530dtype
09:56:20.965 [main] TRACE - Resolving type for handle ctcols627ctype
09:56:20.976 [main] TRACE - Resolving type for handle ctcola95ftype
09:56:21.021 [main] TRACE - Resolving type for handle ctsheetdata8408type
09:56:21.027 [main] TRACE - Resolving type for handle ctrowdd39type
09:56:21.039 [main] TRACE - Resolving type for handle ctcell842btype
09:56:21.057 [main] TRACE - Resolving type for handle stcellrefe4e0type
09:56:21.075 [main] TRACE - Resolving type for handle stxstringf179type
09:56:21.084 [main] TRACE - Resolving type for handle stcelltypebf95type
09:56:21.120 [main] TRACE - Resolving type for handle stcellstylexfid70c7type
09:56:21.131 [main] TRACE - Resolving type for handle ctsheetdimensiond310type
09:56:21.137 [main] TRACE - Resolving type for handle stref90a2type
09:56:21.184 [main] TRACE - Resolving type for handle propertiesee84doctype
09:56:21.188 [main] TRACE - Resolving type for handle ctproperties3f10type
09:56:21.203 [main] TRACE - Resolving type for handle properties288cdoctype
09:56:21.206 [main] TRACE - Resolving type for handle ctproperties2c18type
09:56:21.232 [main] DEBUG - Save content types part
09:56:21.412 [main] DEBUG - Save package relationships
09:56:21.418 [main] DEBUG - Save part 'docProps/app.xml'
09:56:21.418 [main] DEBUG - Save part 'docProps/core.xml'
09:56:21.424 [main] DEBUG - Save part 'xl/printerSettings/printerSettings1.bin'
09:56:21.425 [main] DEBUG - Save part 'xl/sharedStrings.xml'
09:56:21.426 [main] DEBUG - Save part 'xl/styles.xml'
09:56:21.426 [main] DEBUG - Save part 'xl/theme/theme1.xml'
09:56:21.427 [main] DEBUG - Save part 'xl/workbook.xml'
09:56:21.432 [main] DEBUG - Save part 'xl/worksheets/sheet1.xml'
23:28:24.900 [main] DEBUG - Parsing relationship: /xl/_rels/workbook.xml.rels
23:28:24.906 [main] DEBUG - Parsing relationship: /xl/worksheets/_rels/sheet1.xml.rels
23:28:24.906 [main] DEBUG - Parsing relationship: /_rels/.rels
23:28:25.066 [main] TRACE - Loading type system org.apache.poi.schemas.ooxml.system.ooxml
23:28:25.069 [main] TRACE - Loading type system org.apache.xmlbeans.metadata.system.sXMLCONFIG
23:28:25.070 [main] TRACE - Loading type system org.apache.xmlbeans.metadata.system.sXMLLANG
23:28:25.071 [main] TRACE - Loading type system org.apache.xmlbeans.metadata.system.sXMLSCHEMA
23:28:25.071 [main] TRACE - Loading type system org.apache.xmlbeans.metadata.system.sXMLTOOLS
23:28:25.073 [main] TRACE - Reading unresolved handles for type system org.apache.xmlbeans.metadata.system.sXMLTOOLS
23:28:25.085 [main] TRACE - Finished loading type system org.apache.xmlbeans.metadata.system.sXMLTOOLS
23:28:25.086 [main] TRACE - Reading unresolved handles for type system org.apache.xmlbeans.metadata.system.sXMLSCHEMA
23:28:25.089 [main] TRACE - Finished loading type system org.apache.xmlbeans.metadata.system.sXMLSCHEMA
23:28:25.090 [main] TRACE - Reading unresolved handles for type system org.apache.xmlbeans.metadata.system.sXMLLANG
23:28:25.091 [main] TRACE - Finished loading type system org.apache.xmlbeans.metadata.system.sXMLLANG
23:28:25.093 [main] TRACE - Reading unresolved handles for type system org.apache.xmlbeans.metadata.system.sXMLCONFIG
23:28:25.093 [main] TRACE - Finished loading type system org.apache.xmlbeans.metadata.system.sXMLCONFIG
23:28:25.095 [main] TRACE - Reading unresolved handles for type system org.apache.poi.schemas.ooxml.system.ooxml
23:28:25.145 [main] TRACE - Finished loading type system org.apache.poi.schemas.ooxml.system.ooxml
23:28:25.146 [main] TRACE - Resolving type for handle themefd26doctype
23:28:25.206 [main] TRACE - Resolving type for handle stylesheet5d8bdoctype
23:28:25.212 [main] TRACE - Resolving type for handle ctstylesheet4257type
23:28:25.217 [main] TRACE - Resolving type for handle ctnumfmtsb58btype
23:28:25.220 [main] TRACE - Resolving type for handle ctfonts6623type
23:28:25.222 [main] TRACE - Resolving type for handle ctfont14d8type
23:28:25.228 [main] TRACE - Resolving type for handle ctfills2c6ftype
23:28:25.231 [main] TRACE - Resolving type for handle ctfill550ctype
23:28:25.234 [main] TRACE - Resolving type for handle ctborders0d66type
23:28:25.237 [main] TRACE - Resolving type for handle ctborderf935type
23:28:25.241 [main] TRACE - Resolving type for handle ctcellxfs1322type
23:28:25.245 [main] TRACE - Resolving type for handle ctxf97f7type
23:28:25.248 [main] TRACE - Resolving type for handle ctcellstylexfsa81ftype
23:28:25.251 [main] TRACE - Resolving type for handle ctdxfsb26atype
23:28:25.255 [main] TRACE - Resolving type for handle cttablestyles872ftype
23:28:25.261 [main] TRACE - Resolving type for handle sstf81fdoctype
23:28:25.267 [main] TRACE - Resolving type for handle ctsst44f3type
23:28:25.277 [main] TRACE - Resolving type for handle ctrsta472type
23:28:25.299 [main] DEBUG - using default POIXMLDocumentPart for http://schemas.openxmlformats.org/officeDocument/2006/relationships/printerSettings
23:28:25.300 [main] TRACE - Resolving type for handle workbookec17doctype
23:28:25.304 [main] TRACE - Resolving type for handle ctworkbook83c3type
23:28:25.309 [main] TRACE - Resolving type for handle ctsheets49fdtype
23:28:25.312 [main] TRACE - Resolving type for handle ctsheet4dbetype
23:28:25.314 [main] TRACE - Resolving type for handle strelationshipid1e94type
23:28:25.316 [main] TRACE - Resolving type for handle worksheetf539doctype
23:28:25.321 [main] TRACE - Resolving type for handle ctworksheet530dtype
23:28:25.330 [main] TRACE - Resolving type for handle ctcols627ctype
23:28:25.335 [main] TRACE - Resolving type for handle ctcola95ftype
23:28:25.351 [main] TRACE - Resolving type for handle ctsheetdata8408type
23:28:25.354 [main] TRACE - Resolving type for handle ctrowdd39type
23:28:25.358 [main] TRACE - Resolving type for handle ctcell842btype
23:28:25.365 [main] TRACE - Resolving type for handle stcellrefe4e0type
23:28:25.372 [main] TRACE - Resolving type for handle stxstringf179type
23:28:25.375 [main] TRACE - Resolving type for handle stcelltypebf95type
23:28:25.385 [main] TRACE - Resolving type for handle stcellstylexfid70c7type
23:28:25.391 [main] TRACE - Resolving type for handle ctsheetdimensiond310type
23:28:25.393 [main] TRACE - Resolving type for handle stref90a2type
23:28:25.411 [main] TRACE - Resolving type for handle propertiesee84doctype
23:28:25.414 [main] TRACE - Resolving type for handle ctproperties3f10type
23:28:25.420 [main] TRACE - Resolving type for handle properties288cdoctype
23:28:25.422 [main] TRACE - Resolving type for handle ctproperties2c18type
23:28:25.435 [main] DEBUG - Save content types part
23:28:25.498 [main] DEBUG - Save package relationships
23:28:25.501 [main] DEBUG - Save part 'docProps/app.xml'
23:28:25.501 [main] DEBUG - Save part 'docProps/core.xml'
23:28:25.504 [main] DEBUG - Save part 'xl/printerSettings/printerSettings1.bin'
23:28:25.504 [main] DEBUG - Save part 'xl/sharedStrings.xml'
23:28:25.504 [main] DEBUG - Save part 'xl/styles.xml'
23:28:25.504 [main] DEBUG - Save part 'xl/theme/theme1.xml'
23:28:25.505 [main] DEBUG - Save part 'xl/workbook.xml'
23:28:25.506 [main] DEBUG - Save part 'xl/worksheets/sheet1.xml'
23:33:19.930 [main] DEBUG - Parsing relationship: /xl/_rels/workbook.xml.rels
23:33:19.935 [main] DEBUG - Parsing relationship: /xl/worksheets/_rels/sheet1.xml.rels
23:33:19.936 [main] DEBUG - Parsing relationship: /_rels/.rels
23:33:20.103 [main] TRACE - Loading type system org.apache.poi.schemas.ooxml.system.ooxml
23:33:20.106 [main] TRACE - Loading type system org.apache.xmlbeans.metadata.system.sXMLCONFIG
23:33:20.108 [main] TRACE - Loading type system org.apache.xmlbeans.metadata.system.sXMLLANG
23:33:20.108 [main] TRACE - Loading type system org.apache.xmlbeans.metadata.system.sXMLSCHEMA
23:33:20.109 [main] TRACE - Loading type system org.apache.xmlbeans.metadata.system.sXMLTOOLS
23:33:20.110 [main] TRACE - Reading unresolved handles for type system org.apache.xmlbeans.metadata.system.sXMLTOOLS
23:33:20.121 [main] TRACE - Finished loading type system org.apache.xmlbeans.metadata.system.sXMLTOOLS
23:33:20.122 [main] TRACE - Reading unresolved handles for type system org.apache.xmlbeans.metadata.system.sXMLSCHEMA
23:33:20.127 [main] TRACE - Finished loading type system org.apache.xmlbeans.metadata.system.sXMLSCHEMA
23:33:20.128 [main] TRACE - Reading unresolved handles for type system org.apache.xmlbeans.metadata.system.sXMLLANG
23:33:20.129 [main] TRACE - Finished loading type system org.apache.xmlbeans.metadata.system.sXMLLANG
23:33:20.130 [main] TRACE - Reading unresolved handles for type system org.apache.xmlbeans.metadata.system.sXMLCONFIG
23:33:20.131 [main] TRACE - Finished loading type system org.apache.xmlbeans.metadata.system.sXMLCONFIG
23:33:20.132 [main] TRACE - Reading unresolved handles for type system org.apache.poi.schemas.ooxml.system.ooxml
23:33:20.173 [main] TRACE - Finished loading type system org.apache.poi.schemas.ooxml.system.ooxml
23:33:20.174 [main] TRACE - Resolving type for handle themefd26doctype
23:33:20.233 [main] TRACE - Resolving type for handle stylesheet5d8bdoctype
23:33:20.238 [main] TRACE - Resolving type for handle ctstylesheet4257type
23:33:20.243 [main] TRACE - Resolving type for handle ctnumfmtsb58btype
23:33:20.246 [main] TRACE - Resolving type for handle ctfonts6623type
23:33:20.249 [main] TRACE - Resolving type for handle ctfont14d8type
23:33:20.254 [main] TRACE - Resolving type for handle ctfills2c6ftype
23:33:20.256 [main] TRACE - Resolving type for handle ctfill550ctype
23:33:20.258 [main] TRACE - Resolving type for handle ctborders0d66type
23:33:20.261 [main] TRACE - Resolving type for handle ctborderf935type
23:33:20.264 [main] TRACE - Resolving type for handle ctcellxfs1322type
23:33:20.267 [main] TRACE - Resolving type for handle ctxf97f7type
23:33:20.270 [main] TRACE - Resolving type for handle ctcellstylexfsa81ftype
23:33:20.274 [main] TRACE - Resolving type for handle ctdxfsb26atype
23:33:20.277 [main] TRACE - Resolving type for handle cttablestyles872ftype
23:33:20.280 [main] TRACE - Resolving type for handle sstf81fdoctype
23:33:20.284 [main] TRACE - Resolving type for handle ctsst44f3type
23:33:20.293 [main] TRACE - Resolving type for handle ctrsta472type
23:33:20.314 [main] DEBUG - using default POIXMLDocumentPart for http://schemas.openxmlformats.org/officeDocument/2006/relationships/printerSettings
23:33:20.316 [main] TRACE - Resolving type for handle workbookec17doctype
23:33:20.322 [main] TRACE - Resolving type for handle ctworkbook83c3type
23:33:20.328 [main] TRACE - Resolving type for handle ctsheets49fdtype
23:33:20.330 [main] TRACE - Resolving type for handle ctsheet4dbetype
23:33:20.332 [main] TRACE - Resolving type for handle strelationshipid1e94type
23:33:20.334 [main] TRACE - Resolving type for handle worksheetf539doctype
23:33:20.339 [main] TRACE - Resolving type for handle ctworksheet530dtype
23:33:20.347 [main] TRACE - Resolving type for handle ctcols627ctype
23:33:20.351 [main] TRACE - Resolving type for handle ctcola95ftype
23:33:20.367 [main] TRACE - Resolving type for handle ctsheetdata8408type
23:33:20.370 [main] TRACE - Resolving type for handle ctrowdd39type
23:33:20.375 [main] TRACE - Resolving type for handle ctcell842btype
23:33:20.381 [main] TRACE - Resolving type for handle stcellrefe4e0type
23:33:20.388 [main] TRACE - Resolving type for handle stxstringf179type
23:33:20.391 [main] TRACE - Resolving type for handle stcelltypebf95type
23:33:20.403 [main] TRACE - Resolving type for handle stcellstylexfid70c7type
23:33:20.409 [main] TRACE - Resolving type for handle ctsheetdimensiond310type
23:33:20.411 [main] TRACE - Resolving type for handle stref90a2type
23:33:20.426 [main] TRACE - Resolving type for handle propertiesee84doctype
23:33:20.429 [main] TRACE - Resolving type for handle ctproperties3f10type
23:33:20.436 [main] TRACE - Resolving type for handle properties288cdoctype
23:33:20.438 [main] TRACE - Resolving type for handle ctproperties2c18type
23:33:20.450 [main] DEBUG - Save content types part
23:33:20.513 [main] DEBUG - Save package relationships
23:33:20.516 [main] DEBUG - Save part 'docProps/app.xml'
23:33:20.516 [main] DEBUG - Save part 'docProps/core.xml'
23:33:20.520 [main] DEBUG - Save part 'xl/printerSettings/printerSettings1.bin'
23:33:20.520 [main] DEBUG - Save part 'xl/sharedStrings.xml'
23:33:20.520 [main] DEBUG - Save part 'xl/styles.xml'
23:33:20.521 [main] DEBUG - Save part 'xl/theme/theme1.xml'
23:33:20.521 [main] DEBUG - Save part 'xl/workbook.xml'
23:33:20.524 [main] DEBUG - Save part 'xl/worksheets/sheet1.xml'
23:34:47.429 [main] DEBUG - Parsing relationship: /xl/_rels/workbook.xml.rels
23:34:47.434 [main] DEBUG - Parsing relationship: /xl/worksheets/_rels/sheet1.xml.rels
23:34:47.435 [main] DEBUG - Parsing relationship: /_rels/.rels
23:34:47.602 [main] TRACE - Loading type system org.apache.poi.schemas.ooxml.system.ooxml
23:34:47.606 [main] TRACE - Loading type system org.apache.xmlbeans.metadata.system.sXMLCONFIG
23:34:47.607 [main] TRACE - Loading type system org.apache.xmlbeans.metadata.system.sXMLLANG
23:34:47.607 [main] TRACE - Loading type system org.apache.xmlbeans.metadata.system.sXMLSCHEMA
23:34:47.608 [main] TRACE - Loading type system org.apache.xmlbeans.metadata.system.sXMLTOOLS
23:34:47.609 [main] TRACE - Reading unresolved handles for type system org.apache.xmlbeans.metadata.system.sXMLTOOLS
23:34:47.623 [main] TRACE - Finished loading type system org.apache.xmlbeans.metadata.system.sXMLTOOLS
23:34:47.625 [main] TRACE - Reading unresolved handles for type system org.apache.xmlbeans.metadata.system.sXMLSCHEMA
23:34:47.630 [main] TRACE - Finished loading type system org.apache.xmlbeans.metadata.system.sXMLSCHEMA
23:34:47.633 [main] TRACE - Reading unresolved handles for type system org.apache.xmlbeans.metadata.system.sXMLLANG
23:34:47.634 [main] TRACE - Finished loading type system org.apache.xmlbeans.metadata.system.sXMLLANG
23:34:47.635 [main] TRACE - Reading unresolved handles for type system org.apache.xmlbeans.metadata.system.sXMLCONFIG
23:34:47.636 [main] TRACE - Finished loading type system org.apache.xmlbeans.metadata.system.sXMLCONFIG
23:34:47.637 [main] TRACE - Reading unresolved handles for type system org.apache.poi.schemas.ooxml.system.ooxml
23:34:47.689 [main] TRACE - Finished loading type system org.apache.poi.schemas.ooxml.system.ooxml
23:34:47.689 [main] TRACE - Resolving type for handle themefd26doctype
23:34:47.740 [main] TRACE - Resolving type for handle stylesheet5d8bdoctype
23:34:47.744 [main] TRACE - Resolving type for handle ctstylesheet4257type
23:34:47.748 [main] TRACE - Resolving type for handle ctnumfmtsb58btype
23:34:47.753 [main] TRACE - Resolving type for handle ctfonts6623type
23:34:47.755 [main] TRACE - Resolving type for handle ctfont14d8type
23:34:47.760 [main] TRACE - Resolving type for handle ctfills2c6ftype
23:34:47.762 [main] TRACE - Resolving type for handle ctfill550ctype
23:34:47.763 [main] TRACE - Resolving type for handle ctborders0d66type
23:34:47.765 [main] TRACE - Resolving type for handle ctborderf935type
23:34:47.768 [main] TRACE - Resolving type for handle ctcellxfs1322type
23:34:47.770 [main] TRACE - Resolving type for handle ctxf97f7type
23:34:47.773 [main] TRACE - Resolving type for handle ctcellstylexfsa81ftype
23:34:47.775 [main] TRACE - Resolving type for handle ctdxfsb26atype
23:34:47.777 [main] TRACE - Resolving type for handle cttablestyles872ftype
23:34:47.779 [main] TRACE - Resolving type for handle sstf81fdoctype
23:34:47.784 [main] TRACE - Resolving type for handle ctsst44f3type
23:34:47.791 [main] TRACE - Resolving type for handle ctrsta472type
23:34:47.810 [main] DEBUG - using default POIXMLDocumentPart for http://schemas.openxmlformats.org/officeDocument/2006/relationships/printerSettings
23:34:47.811 [main] TRACE - Resolving type for handle workbookec17doctype
23:34:47.815 [main] TRACE - Resolving type for handle ctworkbook83c3type
23:34:47.825 [main] TRACE - Resolving type for handle ctsheets49fdtype
23:34:47.827 [main] TRACE - Resolving type for handle ctsheet4dbetype
23:34:47.829 [main] TRACE - Resolving type for handle strelationshipid1e94type
23:34:47.831 [main] TRACE - Resolving type for handle worksheetf539doctype
23:34:47.836 [main] TRACE - Resolving type for handle ctworksheet530dtype
23:34:47.842 [main] TRACE - Resolving type for handle ctcols627ctype
23:34:47.846 [main] TRACE - Resolving type for handle ctcola95ftype
23:34:47.863 [main] TRACE - Resolving type for handle ctsheetdata8408type
23:34:47.865 [main] TRACE - Resolving type for handle ctrowdd39type
23:34:47.870 [main] TRACE - Resolving type for handle ctcell842btype
23:34:47.875 [main] TRACE - Resolving type for handle stcellrefe4e0type
23:34:47.880 [main] TRACE - Resolving type for handle stxstringf179type
23:34:47.884 [main] TRACE - Resolving type for handle stcelltypebf95type
23:34:47.894 [main] TRACE - Resolving type for handle stcellstylexfid70c7type
23:34:47.901 [main] TRACE - Resolving type for handle ctsheetdimensiond310type
23:34:47.902 [main] TRACE - Resolving type for handle stref90a2type
23:34:47.917 [main] TRACE - Resolving type for handle propertiesee84doctype
23:34:47.918 [main] TRACE - Resolving type for handle ctproperties3f10type
23:34:47.926 [main] TRACE - Resolving type for handle properties288cdoctype
23:34:47.927 [main] TRACE - Resolving type for handle ctproperties2c18type
23:34:47.937 [main] DEBUG - Save content types part
23:34:47.993 [main] DEBUG - Save package relationships
23:34:47.996 [main] DEBUG - Save part 'docProps/app.xml'
23:34:47.996 [main] DEBUG - Save part 'docProps/core.xml'
23:34:47.999 [main] DEBUG - Save part 'xl/printerSettings/printerSettings1.bin'
23:34:48.000 [main] DEBUG - Save part 'xl/sharedStrings.xml'
23:34:48.000 [main] DEBUG - Save part 'xl/styles.xml'
23:34:48.000 [main] DEBUG - Save part 'xl/theme/theme1.xml'
23:34:48.001 [main] DEBUG - Save part 'xl/workbook.xml'
23:34:48.002 [main] DEBUG - Save part 'xl/worksheets/sheet1.xml'
23:35:42.396 [main] DEBUG - Parsing relationship: /xl/_rels/workbook.xml.rels
23:35:42.402 [main] DEBUG - Parsing relationship: /xl/worksheets/_rels/sheet1.xml.rels
23:35:42.403 [main] DEBUG - Parsing relationship: /_rels/.rels
23:35:42.567 [main] TRACE - Loading type system org.apache.poi.schemas.ooxml.system.ooxml
23:35:42.570 [main] TRACE - Loading type system org.apache.xmlbeans.metadata.system.sXMLCONFIG
23:35:42.571 [main] TRACE - Loading type system org.apache.xmlbeans.metadata.system.sXMLLANG
23:35:42.572 [main] TRACE - Loading type system org.apache.xmlbeans.metadata.system.sXMLSCHEMA
23:35:42.573 [main] TRACE - Loading type system org.apache.xmlbeans.metadata.system.sXMLTOOLS
23:35:42.576 [main] TRACE - Reading unresolved handles for type system org.apache.xmlbeans.metadata.system.sXMLTOOLS
23:35:42.592 [main] TRACE - Finished loading type system org.apache.xmlbeans.metadata.system.sXMLTOOLS
23:35:42.593 [main] TRACE - Reading unresolved handles for type system org.apache.xmlbeans.metadata.system.sXMLSCHEMA
23:35:42.597 [main] TRACE - Finished loading type system org.apache.xmlbeans.metadata.system.sXMLSCHEMA
23:35:42.599 [main] TRACE - Reading unresolved handles for type system org.apache.xmlbeans.metadata.system.sXMLLANG
23:35:42.601 [main] TRACE - Finished loading type system org.apache.xmlbeans.metadata.system.sXMLLANG
23:35:42.602 [main] TRACE - Reading unresolved handles for type system org.apache.xmlbeans.metadata.system.sXMLCONFIG
23:35:42.603 [main] TRACE - Finished loading type system org.apache.xmlbeans.metadata.system.sXMLCONFIG
23:35:42.605 [main] TRACE - Reading unresolved handles for type system org.apache.poi.schemas.ooxml.system.ooxml
23:35:42.661 [main] TRACE - Finished loading type system org.apache.poi.schemas.ooxml.system.ooxml
23:35:42.662 [main] TRACE - Resolving type for handle themefd26doctype
23:35:42.727 [main] TRACE - Resolving type for handle stylesheet5d8bdoctype
23:35:42.733 [main] TRACE - Resolving type for handle ctstylesheet4257type
23:35:42.739 [main] TRACE - Resolving type for handle ctnumfmtsb58btype
23:35:42.741 [main] TRACE - Resolving type for handle ctfonts6623type
23:35:42.744 [main] TRACE - Resolving type for handle ctfont14d8type
23:35:42.750 [main] TRACE - Resolving type for handle ctfills2c6ftype
23:35:42.753 [main] TRACE - Resolving type for handle ctfill550ctype
23:35:42.755 [main] TRACE - Resolving type for handle ctborders0d66type
23:35:42.758 [main] TRACE - Resolving type for handle ctborderf935type
23:35:42.760 [main] TRACE - Resolving type for handle ctcellxfs1322type
23:35:42.763 [main] TRACE - Resolving type for handle ctxf97f7type
23:35:42.767 [main] TRACE - Resolving type for handle ctcellstylexfsa81ftype
23:35:42.771 [main] TRACE - Resolving type for handle ctdxfsb26atype
23:35:42.773 [main] TRACE - Resolving type for handle cttablestyles872ftype
23:35:42.775 [main] TRACE - Resolving type for handle sstf81fdoctype
23:35:42.779 [main] TRACE - Resolving type for handle ctsst44f3type
23:35:42.790 [main] TRACE - Resolving type for handle ctrsta472type
23:35:42.810 [main] DEBUG - using default POIXMLDocumentPart for http://schemas.openxmlformats.org/officeDocument/2006/relationships/printerSettings
23:35:42.812 [main] TRACE - Resolving type for handle workbookec17doctype
23:35:42.820 [main] TRACE - Resolving type for handle ctworkbook83c3type
23:35:42.829 [main] TRACE - Resolving type for handle ctsheets49fdtype
23:35:42.831 [main] TRACE - Resolving type for handle ctsheet4dbetype
23:35:42.840 [main] TRACE - Resolving type for handle strelationshipid1e94type
23:35:42.842 [main] TRACE - Resolving type for handle worksheetf539doctype
23:35:42.847 [main] TRACE - Resolving type for handle ctworksheet530dtype
23:35:42.857 [main] TRACE - Resolving type for handle ctcols627ctype
23:35:42.861 [main] TRACE - Resolving type for handle ctcola95ftype
23:35:42.881 [main] TRACE - Resolving type for handle ctsheetdata8408type
23:35:42.885 [main] TRACE - Resolving type for handle ctrowdd39type
23:35:42.888 [main] TRACE - Resolving type for handle ctcell842btype
23:35:42.893 [main] TRACE - Resolving type for handle stcellrefe4e0type
23:35:42.899 [main] TRACE - Resolving type for handle stxstringf179type
23:35:42.903 [main] TRACE - Resolving type for handle stcelltypebf95type
23:35:42.914 [main] TRACE - Resolving type for handle stcellstylexfid70c7type
23:35:42.918 [main] TRACE - Resolving type for handle ctsheetdimensiond310type
23:35:42.919 [main] TRACE - Resolving type for handle stref90a2type
23:35:42.937 [main] TRACE - Resolving type for handle propertiesee84doctype
23:35:42.939 [main] TRACE - Resolving type for handle ctproperties3f10type
23:35:42.949 [main] TRACE - Resolving type for handle properties288cdoctype
23:35:42.951 [main] TRACE - Resolving type for handle ctproperties2c18type
23:35:42.964 [main] DEBUG - Save content types part
23:35:43.014 [main] DEBUG - Save package relationships
23:35:43.017 [main] DEBUG - Save part 'docProps/app.xml'
23:35:43.017 [main] DEBUG - Save part 'docProps/core.xml'
23:35:43.020 [main] DEBUG - Save part 'xl/printerSettings/printerSettings1.bin'
23:35:43.020 [main] DEBUG - Save part 'xl/sharedStrings.xml'
23:35:43.020 [main] DEBUG - Save part 'xl/styles.xml'
23:35:43.021 [main] DEBUG - Save part 'xl/theme/theme1.xml'
23:35:43.021 [main] DEBUG - Save part 'xl/workbook.xml'
23:35:43.023 [main] DEBUG - Save part 'xl/worksheets/sheet1.xml'
23:37:37.329 [main] DEBUG - Parsing relationship: /xl/_rels/workbook.xml.rels
23:37:37.334 [main] DEBUG - Parsing relationship: /xl/worksheets/_rels/sheet1.xml.rels
23:37:37.335 [main] DEBUG - Parsing relationship: /_rels/.rels
23:37:37.536 [main] TRACE - Loading type system org.apache.poi.schemas.ooxml.system.ooxml
23:37:37.547 [main] TRACE - Loading type system org.apache.xmlbeans.metadata.system.sXMLCONFIG
23:37:37.548 [main] TRACE - Loading type system org.apache.xmlbeans.metadata.system.sXMLLANG
23:37:37.549 [main] TRACE - Loading type system org.apache.xmlbeans.metadata.system.sXMLSCHEMA
23:37:37.550 [main] TRACE - Loading type system org.apache.xmlbeans.metadata.system.sXMLTOOLS
23:37:37.551 [main] TRACE - Reading unresolved handles for type system org.apache.xmlbeans.metadata.system.sXMLTOOLS
23:37:37.566 [main] TRACE - Finished loading type system org.apache.xmlbeans.metadata.system.sXMLTOOLS
23:37:37.567 [main] TRACE - Reading unresolved handles for type system org.apache.xmlbeans.metadata.system.sXMLSCHEMA
23:37:37.571 [main] TRACE - Finished loading type system org.apache.xmlbeans.metadata.system.sXMLSCHEMA
23:37:37.575 [main] TRACE - Reading unresolved handles for type system org.apache.xmlbeans.metadata.system.sXMLLANG
23:37:37.577 [main] TRACE - Finished loading type system org.apache.xmlbeans.metadata.system.sXMLLANG
23:37:37.578 [main] TRACE - Reading unresolved handles for type system org.apache.xmlbeans.metadata.system.sXMLCONFIG
23:37:37.579 [main] TRACE - Finished loading type system org.apache.xmlbeans.metadata.system.sXMLCONFIG
23:37:37.580 [main] TRACE - Reading unresolved handles for type system org.apache.poi.schemas.ooxml.system.ooxml
23:37:37.638 [main] TRACE - Finished loading type system org.apache.poi.schemas.ooxml.system.ooxml
23:37:37.640 [main] TRACE - Resolving type for handle themefd26doctype
23:37:37.697 [main] TRACE - Resolving type for handle stylesheet5d8bdoctype
23:37:37.702 [main] TRACE - Resolving type for handle ctstylesheet4257type
23:37:37.710 [main] TRACE - Resolving type for handle ctnumfmtsb58btype
23:37:37.713 [main] TRACE - Resolving type for handle ctfonts6623type
23:37:37.715 [main] TRACE - Resolving type for handle ctfont14d8type
23:37:37.720 [main] TRACE - Resolving type for handle ctfills2c6ftype
23:37:37.723 [main] TRACE - Resolving type for handle ctfill550ctype
23:37:37.725 [main] TRACE - Resolving type for handle ctborders0d66type
23:37:37.727 [main] TRACE - Resolving type for handle ctborderf935type
23:37:37.730 [main] TRACE - Resolving type for handle ctcellxfs1322type
23:37:37.733 [main] TRACE - Resolving type for handle ctxf97f7type
23:37:37.736 [main] TRACE - Resolving type for handle ctcellstylexfsa81ftype
23:37:37.738 [main] TRACE - Resolving type for handle ctdxfsb26atype
23:37:37.741 [main] TRACE - Resolving type for handle cttablestyles872ftype
23:37:37.745 [main] TRACE - Resolving type for handle sstf81fdoctype
23:37:37.749 [main] TRACE - Resolving type for handle ctsst44f3type
23:37:37.759 [main] TRACE - Resolving type for handle ctrsta472type
23:37:37.777 [main] DEBUG - using default POIXMLDocumentPart for http://schemas.openxmlformats.org/officeDocument/2006/relationships/printerSettings
23:37:37.783 [main] TRACE - Resolving type for handle workbookec17doctype
23:37:37.789 [main] TRACE - Resolving type for handle ctworkbook83c3type
23:37:37.794 [main] TRACE - Resolving type for handle ctsheets49fdtype
23:37:37.796 [main] TRACE - Resolving type for handle ctsheet4dbetype
23:37:37.799 [main] TRACE - Resolving type for handle strelationshipid1e94type
23:37:37.801 [main] TRACE - Resolving type for handle worksheetf539doctype
23:37:37.807 [main] TRACE - Resolving type for handle ctworksheet530dtype
23:37:37.816 [main] TRACE - Resolving type for handle ctcols627ctype
23:37:37.819 [main] TRACE - Resolving type for handle ctcola95ftype
23:37:37.834 [main] TRACE - Resolving type for handle ctsheetdata8408type
23:37:37.838 [main] TRACE - Resolving type for handle ctrowdd39type
23:37:37.843 [main] TRACE - Resolving type for handle ctcell842btype
23:37:37.848 [main] TRACE - Resolving type for handle stcellrefe4e0type
23:37:37.855 [main] TRACE - Resolving type for handle stxstringf179type
23:37:37.858 [main] TRACE - Resolving type for handle stcelltypebf95type
23:37:37.869 [main] TRACE - Resolving type for handle stcellstylexfid70c7type
23:37:37.873 [main] TRACE - Resolving type for handle ctsheetdimensiond310type
23:37:37.874 [main] TRACE - Resolving type for handle stref90a2type
23:37:37.889 [main] TRACE - Resolving type for handle propertiesee84doctype
23:37:37.891 [main] TRACE - Resolving type for handle ctproperties3f10type
23:37:37.897 [main] TRACE - Resolving type for handle properties288cdoctype
23:37:37.898 [main] TRACE - Resolving type for handle ctproperties2c18type
23:37:37.907 [main] DEBUG - Save content types part
23:37:37.963 [main] DEBUG - Save package relationships
23:37:37.966 [main] DEBUG - Save part 'docProps/app.xml'
23:37:37.967 [main] DEBUG - Save part 'docProps/core.xml'
23:37:37.969 [main] DEBUG - Save part 'xl/printerSettings/printerSettings1.bin'
23:37:37.970 [main] DEBUG - Save part 'xl/sharedStrings.xml'
23:37:37.970 [main] DEBUG - Save part 'xl/styles.xml'
23:37:37.971 [main] DEBUG - Save part 'xl/theme/theme1.xml'
23:37:37.971 [main] DEBUG - Save part 'xl/workbook.xml'
23:37:37.973 [main] DEBUG - Save part 'xl/worksheets/sheet1.xml'
20:51:33.498 [main] DEBUG - Parsing relationship: /xl/_rels/workbook.xml.rels
20:51:33.514 [main] DEBUG - Parsing relationship: /xl/worksheets/_rels/sheet1.xml.rels
20:51:33.517 [main] DEBUG - Parsing relationship: /_rels/.rels
20:51:33.908 [main] TRACE - Loading type system org.apache.poi.schemas.ooxml.system.ooxml
20:51:33.915 [main] TRACE - Loading type system org.apache.xmlbeans.metadata.system.sXMLCONFIG
20:51:33.917 [main] TRACE - Loading type system org.apache.xmlbeans.metadata.system.sXMLLANG
20:51:33.918 [main] TRACE - Loading type system org.apache.xmlbeans.metadata.system.sXMLSCHEMA
20:51:33.919 [main] TRACE - Loading type system org.apache.xmlbeans.metadata.system.sXMLTOOLS
20:51:33.922 [main] TRACE - Reading unresolved handles for type system org.apache.xmlbeans.metadata.system.sXMLTOOLS
20:51:33.941 [main] TRACE - Finished loading type system org.apache.xmlbeans.metadata.system.sXMLTOOLS
20:51:33.943 [main] TRACE - Reading unresolved handles for type system org.apache.xmlbeans.metadata.system.sXMLSCHEMA
20:51:33.948 [main] TRACE - Finished loading type system org.apache.xmlbeans.metadata.system.sXMLSCHEMA
20:51:33.950 [main] TRACE - Reading unresolved handles for type system org.apache.xmlbeans.metadata.system.sXMLLANG
20:51:33.951 [main] TRACE - Finished loading type system org.apache.xmlbeans.metadata.system.sXMLLANG
20:53:18.167 [main] DEBUG - Parsing relationship: /xl/_rels/workbook.xml.rels
20:53:18.181 [main] DEBUG - Parsing relationship: /xl/worksheets/_rels/sheet1.xml.rels
20:53:18.186 [main] DEBUG - Parsing relationship: /_rels/.rels
20:53:18.638 [main] TRACE - Loading type system org.apache.poi.schemas.ooxml.system.ooxml
20:53:18.645 [main] TRACE - Loading type system org.apache.xmlbeans.metadata.system.sXMLCONFIG
20:53:18.647 [main] TRACE - Loading type system org.apache.xmlbeans.metadata.system.sXMLLANG
20:53:18.648 [main] TRACE - Loading type system org.apache.xmlbeans.metadata.system.sXMLSCHEMA
20:53:18.649 [main] TRACE - Loading type system org.apache.xmlbeans.metadata.system.sXMLTOOLS
20:53:18.654 [main] TRACE - Reading unresolved handles for type system org.apache.xmlbeans.metadata.system.sXMLTOOLS
20:53:18.686 [main] TRACE - Finished loading type system org.apache.xmlbeans.metadata.system.sXMLTOOLS
20:53:18.688 [main] TRACE - Reading unresolved handles for type system org.apache.xmlbeans.metadata.system.sXMLSCHEMA
20:53:18.701 [main] TRACE - Finished loading type system org.apache.xmlbeans.metadata.system.sXMLSCHEMA
20:53:18.705 [main] TRACE - Reading unresolved handles for type system org.apache.xmlbeans.metadata.system.sXMLLANG
20:53:18.707 [main] TRACE - Finished loading type system org.apache.xmlbeans.metadata.system.sXMLLANG
20:53:18.710 [main] TRACE - Reading unresolved handles for type system org.apache.xmlbeans.metadata.system.sXMLCONFIG
20:53:18.712 [main] TRACE - Finished loading type system org.apache.xmlbeans.metadata.system.sXMLCONFIG
20:53:18.714 [main] TRACE - Reading unresolved handles for type system org.apache.poi.schemas.ooxml.system.ooxml
20:53:18.835 [main] TRACE - Finished loading type system org.apache.poi.schemas.ooxml.system.ooxml
20:53:18.837 [main] TRACE - Resolving type for handle themefd26doctype
20:53:19.011 [main] TRACE - Resolving type for handle stylesheet5d8bdoctype
20:53:19.025 [main] TRACE - Resolving type for handle ctstylesheet4257type
20:53:19.037 [main] TRACE - Resolving type for handle ctnumfmtsb58btype
20:53:19.044 [main] TRACE - Resolving type for handle ctfonts6623type
20:53:19.051 [main] TRACE - Resolving type for handle ctfont14d8type
20:53:19.064 [main] TRACE - Resolving type for handle ctfills2c6ftype
20:53:19.069 [main] TRACE - Resolving type for handle ctfill550ctype
20:53:19.074 [main] TRACE - Resolving type for handle ctborders0d66type
20:53:19.080 [main] TRACE - Resolving type for handle ctborderf935type
20:53:19.089 [main] TRACE - Resolving type for handle ctcellxfs1322type
20:53:19.096 [main] TRACE - Resolving type for handle ctxf97f7type
20:53:19.103 [main] TRACE - Resolving type for handle ctcellstylexfsa81ftype
20:53:19.108 [main] TRACE - Resolving type for handle ctdxfsb26atype
20:53:19.114 [main] TRACE - Resolving type for handle cttablestyles872ftype
20:53:19.123 [main] TRACE - Resolving type for handle sstf81fdoctype
20:53:19.133 [main] TRACE - Resolving type for handle ctsst44f3type
20:53:19.155 [main] TRACE - Resolving type for handle ctrsta472type
20:53:19.202 [main] DEBUG - using default POIXMLDocumentPart for http://schemas.openxmlformats.org/officeDocument/2006/relationships/printerSettings
20:53:19.204 [main] TRACE - Resolving type for handle workbookec17doctype
20:53:19.212 [main] TRACE - Resolving type for handle ctworkbook83c3type
20:53:19.224 [main] TRACE - Resolving type for handle ctsheets49fdtype
20:53:19.229 [main] TRACE - Resolving type for handle ctsheet4dbetype
20:53:19.234 [main] TRACE - Resolving type for handle strelationshipid1e94type
20:53:19.240 [main] TRACE - Resolving type for handle worksheetf539doctype
20:53:19.251 [main] TRACE - Resolving type for handle ctworksheet530dtype
20:53:19.269 [main] TRACE - Resolving type for handle ctcols627ctype
20:53:19.278 [main] TRACE - Resolving type for handle ctcola95ftype
20:53:19.322 [main] TRACE - Resolving type for handle ctsheetdata8408type
20:53:19.329 [main] TRACE - Resolving type for handle ctrowdd39type
20:53:19.343 [main] TRACE - Resolving type for handle ctcell842btype
20:53:19.362 [main] TRACE - Resolving type for handle stcellrefe4e0type
20:53:19.379 [main] TRACE - Resolving type for handle stxstringf179type
20:53:19.387 [main] TRACE - Resolving type for handle stcelltypebf95type
20:53:19.420 [main] TRACE - Resolving type for handle stcellstylexfid70c7type
20:53:19.433 [main] TRACE - Resolving type for handle ctsheetdimensiond310type
20:53:19.438 [main] TRACE - Resolving type for handle stref90a2type
20:53:19.489 [main] TRACE - Resolving type for handle propertiesee84doctype
20:53:19.494 [main] TRACE - Resolving type for handle ctproperties3f10type
20:53:19.515 [main] TRACE - Resolving type for handle properties288cdoctype
20:53:19.518 [main] TRACE - Resolving type for handle ctproperties2c18type
20:53:19.547 [main] DEBUG - Save content types part
20:53:19.690 [main] DEBUG - Save package relationships
20:53:19.697 [main] DEBUG - Save part 'docProps/app.xml'
20:53:19.698 [main] DEBUG - Save part 'docProps/core.xml'
20:53:19.706 [main] DEBUG - Save part 'xl/printerSettings/printerSettings1.bin'
20:53:19.707 [main] DEBUG - Save part 'xl/sharedStrings.xml'
20:53:19.708 [main] DEBUG - Save part 'xl/styles.xml'
20:53:19.709 [main] DEBUG - Save part 'xl/theme/theme1.xml'
20:53:19.710 [main] DEBUG - Save part 'xl/workbook.xml'
20:53:19.715 [main] DEBUG - Save part 'xl/worksheets/sheet1.xml'
20:55:40.668 [main] DEBUG - Parsing relationship: /xl/_rels/workbook.xml.rels
20:55:40.688 [main] DEBUG - Parsing relationship: /xl/worksheets/_rels/sheet1.xml.rels
20:55:40.690 [main] DEBUG - Parsing relationship: /_rels/.rels
20:55:41.095 [main] TRACE - Loading type system org.apache.poi.schemas.ooxml.system.ooxml
20:55:41.117 [main] TRACE - Loading type system org.apache.xmlbeans.metadata.system.sXMLCONFIG
20:55:41.119 [main] TRACE - Loading type system org.apache.xmlbeans.metadata.system.sXMLLANG
20:55:41.120 [main] TRACE - Loading type system org.apache.xmlbeans.metadata.system.sXMLSCHEMA
20:55:41.122 [main] TRACE - Loading type system org.apache.xmlbeans.metadata.system.sXMLTOOLS
20:55:41.126 [main] TRACE - Reading unresolved handles for type system org.apache.xmlbeans.metadata.system.sXMLTOOLS
20:55:41.154 [main] TRACE - Finished loading type system org.apache.xmlbeans.metadata.system.sXMLTOOLS
20:55:41.157 [main] TRACE - Reading unresolved handles for type system org.apache.xmlbeans.metadata.system.sXMLSCHEMA
20:55:41.170 [main] TRACE - Finished loading type system org.apache.xmlbeans.metadata.system.sXMLSCHEMA
20:55:41.173 [main] TRACE - Reading unresolved handles for type system org.apache.xmlbeans.metadata.system.sXMLLANG
20:55:41.176 [main] TRACE - Finished loading type system org.apache.xmlbeans.metadata.system.sXMLLANG
20:55:41.179 [main] TRACE - Reading unresolved handles for type system org.apache.xmlbeans.metadata.system.sXMLCONFIG
20:55:41.182 [main] TRACE - Finished loading type system org.apache.xmlbeans.metadata.system.sXMLCONFIG
20:55:41.185 [main] TRACE - Reading unresolved handles for type system org.apache.poi.schemas.ooxml.system.ooxml
20:55:41.303 [main] TRACE - Finished loading type system org.apache.poi.schemas.ooxml.system.ooxml
20:55:41.305 [main] TRACE - Resolving type for handle themefd26doctype
20:55:41.454 [main] TRACE - Resolving type for handle stylesheet5d8bdoctype
20:55:41.468 [main] TRACE - Resolving type for handle ctstylesheet4257type
20:55:41.481 [main] TRACE - Resolving type for handle ctnumfmtsb58btype
20:55:41.488 [main] TRACE - Resolving type for handle ctfonts6623type
20:55:41.496 [main] TRACE - Resolving type for handle ctfont14d8type
20:55:41.514 [main] TRACE - Resolving type for handle ctfills2c6ftype
20:55:41.519 [main] TRACE - Resolving type for handle ctfill550ctype
20:55:41.524 [main] TRACE - Resolving type for handle ctborders0d66type
20:55:41.531 [main] TRACE - Resolving type for handle ctborderf935type
20:55:41.540 [main] TRACE - Resolving type for handle ctcellxfs1322type
20:55:41.547 [main] TRACE - Resolving type for handle ctxf97f7type
20:55:41.555 [main] TRACE - Resolving type for handle ctcellstylexfsa81ftype
20:55:41.560 [main] TRACE - Resolving type for handle ctdxfsb26atype
20:55:41.566 [main] TRACE - Resolving type for handle cttablestyles872ftype
20:55:41.574 [main] TRACE - Resolving type for handle sstf81fdoctype
20:55:41.587 [main] TRACE - Resolving type for handle ctsst44f3type
20:55:41.611 [main] TRACE - Resolving type for handle ctrsta472type
20:55:41.656 [main] DEBUG - using default POIXMLDocumentPart for http://schemas.openxmlformats.org/officeDocument/2006/relationships/printerSettings
20:55:41.659 [main] TRACE - Resolving type for handle workbookec17doctype
20:55:41.670 [main] TRACE - Resolving type for handle ctworkbook83c3type
20:55:41.696 [main] TRACE - Resolving type for handle ctsheets49fdtype
20:55:41.701 [main] TRACE - Resolving type for handle ctsheet4dbetype
20:55:41.706 [main] TRACE - Resolving type for handle strelationshipid1e94type
20:55:41.711 [main] TRACE - Resolving type for handle worksheetf539doctype
20:55:41.724 [main] TRACE - Resolving type for handle ctworksheet530dtype
20:55:41.741 [main] TRACE - Resolving type for handle ctcols627ctype
20:55:41.751 [main] TRACE - Resolving type for handle ctcola95ftype
20:55:41.797 [main] TRACE - Resolving type for handle ctsheetdata8408type
20:55:41.804 [main] TRACE - Resolving type for handle ctrowdd39type
20:55:41.816 [main] TRACE - Resolving type for handle ctcell842btype
20:55:41.838 [main] TRACE - Resolving type for handle stcellrefe4e0type
20:55:41.855 [main] TRACE - Resolving type for handle stxstringf179type
20:55:41.862 [main] TRACE - Resolving type for handle stcelltypebf95type
20:55:41.895 [main] TRACE - Resolving type for handle stcellstylexfid70c7type
20:55:41.910 [main] TRACE - Resolving type for handle ctsheetdimensiond310type
20:55:41.915 [main] TRACE - Resolving type for handle stref90a2type
20:55:41.965 [main] TRACE - Resolving type for handle propertiesee84doctype
20:55:41.970 [main] TRACE - Resolving type for handle ctproperties3f10type
20:55:41.985 [main] TRACE - Resolving type for handle properties288cdoctype
20:55:41.988 [main] TRACE - Resolving type for handle ctproperties2c18type
20:55:42.018 [main] DEBUG - Save content types part
20:55:42.167 [main] DEBUG - Save package relationships
20:55:42.174 [main] DEBUG - Save part 'docProps/app.xml'
20:55:42.175 [main] DEBUG - Save part 'docProps/core.xml'
20:55:42.183 [main] DEBUG - Save part 'xl/printerSettings/printerSettings1.bin'
20:55:42.184 [main] DEBUG - Save part 'xl/sharedStrings.xml'
20:55:42.185 [main] DEBUG - Save part 'xl/styles.xml'
20:55:42.186 [main] DEBUG - Save part 'xl/theme/theme1.xml'
20:55:42.187 [main] DEBUG - Save part 'xl/workbook.xml'
20:55:42.192 [main] DEBUG - Save part 'xl/worksheets/sheet1.xml'
20:58:12.027 [main] DEBUG - Parsing relationship: /xl/_rels/workbook.xml.rels
20:58:12.043 [main] DEBUG - Parsing relationship: /xl/worksheets/_rels/sheet1.xml.rels
20:58:12.046 [main] DEBUG - Parsing relationship: /_rels/.rels
20:58:12.554 [main] TRACE - Loading type system org.apache.poi.schemas.ooxml.system.ooxml
20:58:12.573 [main] TRACE - Loading type system org.apache.xmlbeans.metadata.system.sXMLCONFIG
20:58:12.578 [main] TRACE - Loading type system org.apache.xmlbeans.metadata.system.sXMLLANG
20:58:12.579 [main] TRACE - Loading type system org.apache.xmlbeans.metadata.system.sXMLSCHEMA
20:58:12.581 [main] TRACE - Loading type system org.apache.xmlbeans.metadata.system.sXMLTOOLS
20:58:12.587 [main] TRACE - Reading unresolved handles for type system org.apache.xmlbeans.metadata.system.sXMLTOOLS
20:58:12.625 [main] TRACE - Finished loading type system org.apache.xmlbeans.metadata.system.sXMLTOOLS
20:58:12.630 [main] TRACE - Reading unresolved handles for type system org.apache.xmlbeans.metadata.system.sXMLSCHEMA
20:58:12.649 [main] TRACE - Finished loading type system org.apache.xmlbeans.metadata.system.sXMLSCHEMA
20:58:12.654 [main] TRACE - Reading unresolved handles for type system org.apache.xmlbeans.metadata.system.sXMLLANG
20:58:12.657 [main] TRACE - Finished loading type system org.apache.xmlbeans.metadata.system.sXMLLANG
20:58:12.661 [main] TRACE - Reading unresolved handles for type system org.apache.xmlbeans.metadata.system.sXMLCONFIG
20:58:12.663 [main] TRACE - Finished loading type system org.apache.xmlbeans.metadata.system.sXMLCONFIG
20:58:12.666 [main] TRACE - Reading unresolved handles for type system org.apache.poi.schemas.ooxml.system.ooxml
20:58:12.799 [main] TRACE - Finished loading type system org.apache.poi.schemas.ooxml.system.ooxml
20:58:12.802 [main] TRACE - Resolving type for handle themefd26doctype
20:58:13.032 [main] TRACE - Resolving type for handle stylesheet5d8bdoctype
20:58:13.055 [main] TRACE - Resolving type for handle ctstylesheet4257type
20:58:13.072 [main] TRACE - Resolving type for handle ctnumfmtsb58btype
20:58:13.080 [main] TRACE - Resolving type for handle ctfonts6623type
20:58:13.091 [main] TRACE - Resolving type for handle ctfont14d8type
20:58:13.118 [main] TRACE - Resolving type for handle ctfills2c6ftype
20:58:13.126 [main] TRACE - Resolving type for handle ctfill550ctype
20:58:13.135 [main] TRACE - Resolving type for handle ctborders0d66type
20:58:13.144 [main] TRACE - Resolving type for handle ctborderf935type
20:58:13.169 [main] TRACE - Resolving type for handle ctcellxfs1322type
20:58:13.180 [main] TRACE - Resolving type for handle ctxf97f7type
20:58:13.194 [main] TRACE - Resolving type for handle ctcellstylexfsa81ftype
20:58:13.202 [main] TRACE - Resolving type for handle ctdxfsb26atype
20:58:13.212 [main] TRACE - Resolving type for handle cttablestyles872ftype
20:58:13.224 [main] TRACE - Resolving type for handle sstf81fdoctype
20:58:13.242 [main] TRACE - Resolving type for handle ctsst44f3type
20:58:13.276 [main] TRACE - Resolving type for handle ctrsta472type
20:58:13.316 [main] DEBUG - using default POIXMLDocumentPart for http://schemas.openxmlformats.org/officeDocument/2006/relationships/printerSettings
20:58:13.318 [main] TRACE - Resolving type for handle workbookec17doctype
20:58:13.328 [main] TRACE - Resolving type for handle ctworkbook83c3type
20:58:13.342 [main] TRACE - Resolving type for handle ctsheets49fdtype
20:58:13.348 [main] TRACE - Resolving type for handle ctsheet4dbetype
20:58:13.354 [main] TRACE - Resolving type for handle strelationshipid1e94type
20:58:13.361 [main] TRACE - Resolving type for handle worksheetf539doctype
20:58:13.372 [main] TRACE - Resolving type for handle ctworksheet530dtype
20:58:13.398 [main] TRACE - Resolving type for handle ctcols627ctype
20:58:13.407 [main] TRACE - Resolving type for handle ctcola95ftype
20:58:13.455 [main] TRACE - Resolving type for handle ctsheetdata8408type
20:58:13.461 [main] TRACE - Resolving type for handle ctrowdd39type
20:58:13.470 [main] TRACE - Resolving type for handle ctcell842btype
20:58:13.483 [main] TRACE - Resolving type for handle stcellrefe4e0type
20:58:13.498 [main] TRACE - Resolving type for handle stxstringf179type
20:58:13.507 [main] TRACE - Resolving type for handle stcelltypebf95type
20:58:13.538 [main] TRACE - Resolving type for handle stcellstylexfid70c7type
20:58:13.545 [main] TRACE - Resolving type for handle ctsheetdimensiond310type
20:58:13.548 [main] TRACE - Resolving type for handle stref90a2type
20:58:13.579 [main] TRACE - Resolving type for handle propertiesee84doctype
20:58:13.582 [main] TRACE - Resolving type for handle ctproperties3f10type
20:58:13.593 [main] TRACE - Resolving type for handle properties288cdoctype
20:58:13.595 [main] TRACE - Resolving type for handle ctproperties2c18type
20:58:13.615 [main] DEBUG - Save content types part
20:58:13.730 [main] DEBUG - Save package relationships
20:58:13.737 [main] DEBUG - Save part 'docProps/app.xml'
20:58:13.738 [main] DEBUG - Save part 'docProps/core.xml'
20:58:13.745 [main] DEBUG - Save part 'xl/printerSettings/printerSettings1.bin'
20:58:13.746 [main] DEBUG - Save part 'xl/sharedStrings.xml'
20:58:13.747 [main] DEBUG - Save part 'xl/styles.xml'
20:58:13.748 [main] DEBUG - Save part 'xl/theme/theme1.xml'
20:58:13.749 [main] DEBUG - Save part 'xl/workbook.xml'
20:58:13.754 [main] DEBUG - Save part 'xl/worksheets/sheet1.xml'
21:00:33.442 [main] DEBUG - Parsing relationship: /xl/_rels/workbook.xml.rels
21:00:33.460 [main] DEBUG - Parsing relationship: /xl/worksheets/_rels/sheet1.xml.rels
21:00:33.463 [main] DEBUG - Parsing relationship: /_rels/.rels
21:00:33.833 [main] TRACE - Loading type system org.apache.poi.schemas.ooxml.system.ooxml
21:00:33.839 [main] TRACE - Loading type system org.apache.xmlbeans.metadata.system.sXMLCONFIG
21:00:33.850 [main] TRACE - Loading type system org.apache.xmlbeans.metadata.system.sXMLLANG
21:00:33.851 [main] TRACE - Loading type system org.apache.xmlbeans.metadata.system.sXMLSCHEMA
21:00:33.853 [main] TRACE - Loading type system org.apache.xmlbeans.metadata.system.sXMLTOOLS
21:00:33.856 [main] TRACE - Reading unresolved handles for type system org.apache.xmlbeans.metadata.system.sXMLTOOLS
21:00:33.890 [main] TRACE - Finished loading type system org.apache.xmlbeans.metadata.system.sXMLTOOLS
21:00:33.894 [main] TRACE - Reading unresolved handles for type system org.apache.xmlbeans.metadata.system.sXMLSCHEMA
21:00:33.908 [main] TRACE - Finished loading type system org.apache.xmlbeans.metadata.system.sXMLSCHEMA
21:00:33.911 [main] TRACE - Reading unresolved handles for type system org.apache.xmlbeans.metadata.system.sXMLLANG
21:00:33.913 [main] TRACE - Finished loading type system org.apache.xmlbeans.metadata.system.sXMLLANG
21:00:33.917 [main] TRACE - Reading unresolved handles for type system org.apache.xmlbeans.metadata.system.sXMLCONFIG
21:00:33.919 [main] TRACE - Finished loading type system org.apache.xmlbeans.metadata.system.sXMLCONFIG
21:00:33.921 [main] TRACE - Reading unresolved handles for type system org.apache.poi.schemas.ooxml.system.ooxml
21:00:34.077 [main] TRACE - Finished loading type system org.apache.poi.schemas.ooxml.system.ooxml
21:00:34.079 [main] TRACE - Resolving type for handle themefd26doctype
