18:59:45.285 [main] TRACE - Reading unresolved handles for type system org.apache.xmlbeans.metadata.system.sXMLLANG
18:59:45.307 [main] TRACE - Finished loading type system org.apache.xmlbeans.metadata.system.sXMLLANG
18:59:45.313 [main] TRACE - Reading unresolved handles for type system org.apache.xmlbeans.metadata.system.sXMLCONFIG
18:59:45.317 [main] TRACE - Finished loading type system org.apache.xmlbeans.metadata.system.sXMLCONFIG
18:59:45.324 [main] TRACE - Reading unresolved handles for type system org.apache.poi.schemas.ooxml.system.ooxml
18:59:45.472 [main] TRACE - Finished loading type system org.apache.poi.schemas.ooxml.system.ooxml
18:59:45.475 [main] TRACE - Resolving type for handle themefd26doctype
18:59:45.670 [main] TRACE - Resolving type for handle stylesheet5d8bdoctype
18:59:45.691 [main] TRACE - Resolving type for handle ctstylesheet4257type
18:59:45.707 [main] TRACE - Resolving type for handle ctnumfmtsb58btype
18:59:45.716 [main] TRACE - Resolving type for handle ctfonts6623type
18:59:45.726 [main] TRACE - Resolving type for handle ctfont14d8type
18:59:45.749 [main] TRACE - Resolving type for handle ctfills2c6ftype
18:59:45.757 [main] TRACE - Resolving type for handle ctfill550ctype
18:59:45.764 [main] TRACE - Resolving type for handle ctborders0d66type
18:59:45.772 [main] TRACE - Resolving type for handle ctborderf935type
18:59:45.781 [main] TRACE - Resolving type for handle ctcellxfs1322type
18:59:45.790 [main] TRACE - Resolving type for handle ctxf97f7type
18:59:45.800 [main] TRACE - Resolving type for handle ctcellstylexfsa81ftype
18:59:45.807 [main] TRACE - Resolving type for handle ctdxfsb26atype
18:59:45.815 [main] TRACE - Resolving type for handle cttablestyles872ftype
18:59:45.825 [main] TRACE - Resolving type for handle sstf81fdoctype
18:59:45.838 [main] TRACE - Resolving type for handle ctsst44f3type
18:59:45.870 [main] TRACE - Resolving type for handle ctrsta472type
18:59:45.917 [main] DEBUG - using default POIXMLDocumentPart for http://schemas.openxmlformats.org/officeDocument/2006/relationships/printerSettings
18:59:45.920 [main] TRACE - Resolving type for handle workbookec17doctype
18:59:45.930 [main] TRACE - Resolving type for handle ctworkbook83c3type
18:59:45.943 [main] TRACE - Resolving type for handle ctsheets49fdtype
18:59:45.952 [main] TRACE - Resolving type for handle ctsheet4dbetype
18:59:45.957 [main] TRACE - Resolving type for handle strelationshipid1e94type
18:59:45.964 [main] TRACE - Resolving type for handle worksheetf539doctype
18:59:45.976 [main] TRACE - Resolving type for handle ctworksheet530dtype
18:59:46.004 [main] TRACE - Resolving type for handle ctcols627ctype
18:59:46.011 [main] TRACE - Resolving type for handle ctcola95ftype
18:59:46.047 [main] TRACE - Resolving type for handle ctsheetdata8408type
18:59:46.052 [main] TRACE - Resolving type for handle ctrowdd39type
18:59:46.059 [main] TRACE - Resolving type for handle ctcell842btype
18:59:46.071 [main] TRACE - Resolving type for handle stcellrefe4e0type
18:59:46.082 [main] TRACE - Resolving type for handle stxstringf179type
18:59:46.087 [main] TRACE - Resolving type for handle stcelltypebf95type
18:59:46.106 [main] TRACE - Resolving type for handle stcellstylexfid70c7type
18:59:46.114 [main] TRACE - Resolving type for handle ctsheetdimensiond310type
18:59:46.116 [main] TRACE - Resolving type for handle stref90a2type
18:59:46.155 [main] TRACE - Resolving type for handle propertiesee84doctype
18:59:46.159 [main] TRACE - Resolving type for handle ctproperties3f10type
18:59:46.173 [main] TRACE - Resolving type for handle properties288cdoctype
18:59:46.176 [main] TRACE - Resolving type for handle ctproperties2c18type
18:59:46.207 [main] DEBUG - Save content types part
18:59:46.359 [main] DEBUG - Save package relationships
18:59:46.365 [main] DEBUG - Save part 'docProps/app.xml'
18:59:46.367 [main] DEBUG - Save part 'docProps/core.xml'
18:59:46.373 [main] DEBUG - Save part 'xl/printerSettings/printerSettings1.bin'
18:59:46.374 [main] DEBUG - Save part 'xl/sharedStrings.xml'
18:59:46.375 [main] DEBUG - Save part 'xl/styles.xml'
18:59:46.375 [main] DEBUG - Save part 'xl/theme/theme1.xml'
18:59:46.376 [main] DEBUG - Save part 'xl/workbook.xml'
18:59:46.381 [main] DEBUG - Save part 'xl/worksheets/sheet1.xml'
19:01:09.524 [main] DEBUG - Parsing relationship: /xl/_rels/workbook.xml.rels
19:01:09.526 [main] DEBUG - Parsing relationship: /xl/worksheets/_rels/sheet1.xml.rels
19:01:09.528 [main] DEBUG - Parsing relationship: /_rels/.rels
19:01:09.565 [main] DEBUG - using default POIXMLDocumentPart for http://schemas.openxmlformats.org/officeDocument/2006/relationships/printerSettings
19:01:09.622 [main] DEBUG - Save content types part
19:01:09.626 [main] DEBUG - Save package relationships
19:01:09.629 [main] DEBUG - Save part 'docProps/app.xml'
19:01:09.630 [main] DEBUG - Save part 'docProps/core.xml'
19:01:09.635 [main] DEBUG - Save part 'xl/printerSettings/printerSettings1.bin'
19:01:09.636 [main] DEBUG - Save part 'xl/sharedStrings.xml'
19:01:09.637 [main] DEBUG - Save part 'xl/styles.xml'
19:01:09.638 [main] DEBUG - Save part 'xl/theme/theme1.xml'
19:01:09.639 [main] DEBUG - Save part 'xl/workbook.xml'
19:01:09.644 [main] DEBUG - Save part 'xl/worksheets/sheet1.xml'
19:15:03.963 [main] DEBUG - Parsing relationship: /xl/_rels/workbook.xml.rels
19:15:03.976 [main] DEBUG - Parsing relationship: /xl/worksheets/_rels/sheet1.xml.rels
19:15:03.979 [main] DEBUG - Parsing relationship: /_rels/.rels
19:15:04.495 [main] TRACE - Loading type system org.apache.poi.schemas.ooxml.system.ooxml
19:15:04.507 [main] TRACE - Loading type system org.apache.xmlbeans.metadata.system.sXMLCONFIG
19:15:04.510 [main] TRACE - Loading type system org.apache.xmlbeans.metadata.system.sXMLLANG
19:15:04.512 [main] TRACE - Loading type system org.apache.xmlbeans.metadata.system.sXMLSCHEMA
19:15:04.513 [main] TRACE - Loading type system org.apache.xmlbeans.metadata.system.sXMLTOOLS
19:15:04.519 [main] TRACE - Reading unresolved handles for type system org.apache.xmlbeans.metadata.system.sXMLTOOLS
19:15:04.560 [main] TRACE - Finished loading type system org.apache.xmlbeans.metadata.system.sXMLTOOLS
19:15:04.563 [main] TRACE - Reading unresolved handles for type system org.apache.xmlbeans.metadata.system.sXMLSCHEMA
19:15:04.578 [main] TRACE - Finished loading type system org.apache.xmlbeans.metadata.system.sXMLSCHEMA
19:15:04.582 [main] TRACE - Reading unresolved handles for type system org.apache.xmlbeans.metadata.system.sXMLLANG
19:15:04.585 [main] TRACE - Finished loading type system org.apache.xmlbeans.metadata.system.sXMLLANG
19:15:04.587 [main] TRACE - Reading unresolved handles for type system org.apache.xmlbeans.metadata.system.sXMLCONFIG
19:15:04.589 [main] TRACE - Finished loading type system org.apache.xmlbeans.metadata.system.sXMLCONFIG
19:15:04.591 [main] TRACE - Reading unresolved handles for type system org.apache.poi.schemas.ooxml.system.ooxml
19:15:04.708 [main] TRACE - Finished loading type system org.apache.poi.schemas.ooxml.system.ooxml
19:15:04.709 [main] TRACE - Resolving type for handle themefd26doctype
19:15:04.882 [main] TRACE - Resolving type for handle stylesheet5d8bdoctype
19:15:04.897 [main] TRACE - Resolving type for handle ctstylesheet4257type
19:15:04.910 [main] TRACE - Resolving type for handle ctnumfmtsb58btype
19:15:04.917 [main] TRACE - Resolving type for handle ctfonts6623type
19:15:04.925 [main] TRACE - Resolving type for handle ctfont14d8type
19:15:04.947 [main] TRACE - Resolving type for handle ctfills2c6ftype
19:15:04.955 [main] TRACE - Resolving type for handle ctfill550ctype
19:15:04.961 [main] TRACE - Resolving type for handle ctborders0d66type
19:15:04.967 [main] TRACE - Resolving type for handle ctborderf935type
19:15:04.973 [main] TRACE - Resolving type for handle ctcellxfs1322type
19:15:04.992 [main] TRACE - Resolving type for handle ctxf97f7type
19:15:05.002 [main] TRACE - Resolving type for handle ctcellstylexfsa81ftype
19:15:05.007 [main] TRACE - Resolving type for handle ctdxfsb26atype
19:15:05.014 [main] TRACE - Resolving type for handle cttablestyles872ftype
19:15:05.024 [main] TRACE - Resolving type for handle sstf81fdoctype
19:15:05.036 [main] TRACE - Resolving type for handle ctsst44f3type
19:15:05.065 [main] TRACE - Resolving type for handle ctrsta472type
19:15:05.114 [main] DEBUG - using default POIXMLDocumentPart for http://schemas.openxmlformats.org/officeDocument/2006/relationships/printerSettings
19:15:05.118 [main] TRACE - Resolving type for handle workbookec17doctype
19:15:05.128 [main] TRACE - Resolving type for handle ctworkbook83c3type
19:15:05.141 [main] TRACE - Resolving type for handle ctsheets49fdtype
19:15:05.147 [main] TRACE - Resolving type for handle ctsheet4dbetype
19:15:05.153 [main] TRACE - Resolving type for handle strelationshipid1e94type
19:15:05.157 [main] TRACE - Resolving type for handle worksheetf539doctype
19:15:05.171 [main] TRACE - Resolving type for handle ctworksheet530dtype
19:15:05.197 [main] TRACE - Resolving type for handle ctcols627ctype
19:15:05.207 [main] TRACE - Resolving type for handle ctcola95ftype
19:15:05.253 [main] TRACE - Resolving type for handle ctsheetdata8408type
19:15:05.258 [main] TRACE - Resolving type for handle ctrowdd39type
19:15:05.268 [main] TRACE - Resolving type for handle ctcell842btype
19:15:05.283 [main] TRACE - Resolving type for handle stcellrefe4e0type
19:15:05.303 [main] TRACE - Resolving type for handle stxstringf179type
19:15:05.312 [main] TRACE - Resolving type for handle stcelltypebf95type
19:15:05.355 [main] TRACE - Resolving type for handle stcellstylexfid70c7type
19:15:05.370 [main] TRACE - Resolving type for handle ctsheetdimensiond310type
19:15:05.377 [main] TRACE - Resolving type for handle stref90a2type
19:15:05.486 [main] TRACE - Resolving type for handle propertiesee84doctype
19:15:05.492 [main] TRACE - Resolving type for handle ctproperties3f10type
19:15:05.513 [main] TRACE - Resolving type for handle properties288cdoctype
19:15:05.519 [main] TRACE - Resolving type for handle ctproperties2c18type
19:15:05.568 [main] DEBUG - Save content types part
19:15:05.802 [main] DEBUG - Save package relationships
19:15:05.812 [main] DEBUG - Save part 'docProps/app.xml'
19:15:05.813 [main] DEBUG - Save part 'docProps/core.xml'
19:15:05.826 [main] DEBUG - Save part 'xl/printerSettings/printerSettings1.bin'
19:15:05.827 [main] DEBUG - Save part 'xl/sharedStrings.xml'
19:15:05.829 [main] DEBUG - Save part 'xl/styles.xml'
19:15:05.831 [main] DEBUG - Save part 'xl/theme/theme1.xml'
19:15:05.834 [main] DEBUG - Save part 'xl/workbook.xml'
19:15:05.840 [main] DEBUG - Save part 'xl/worksheets/sheet1.xml'
19:16:22.021 [main] DEBUG - Parsing relationship: /xl/_rels/workbook.xml.rels
19:16:22.024 [main] DEBUG - Parsing relationship: /xl/worksheets/_rels/sheet1.xml.rels
19:16:22.026 [main] DEBUG - Parsing relationship: /_rels/.rels
19:16:22.063 [main] DEBUG - using default POIXMLDocumentPart for http://schemas.openxmlformats.org/officeDocument/2006/relationships/printerSettings
19:16:22.117 [main] DEBUG - Save content types part
19:16:22.121 [main] DEBUG - Save package relationships
19:16:22.125 [main] DEBUG - Save part 'docProps/app.xml'
19:16:22.126 [main] DEBUG - Save part 'docProps/core.xml'
19:16:22.130 [main] DEBUG - Save part 'xl/printerSettings/printerSettings1.bin'
19:16:22.132 [main] DEBUG - Save part 'xl/sharedStrings.xml'
19:16:22.133 [main] DEBUG - Save part 'xl/styles.xml'
19:16:22.133 [main] DEBUG - Save part 'xl/theme/theme1.xml'
19:16:22.134 [main] DEBUG - Save part 'xl/workbook.xml'
19:16:22.139 [main] DEBUG - Save part 'xl/worksheets/sheet1.xml'
19:20:47.414 [main] DEBUG - Parsing relationship: /xl/_rels/workbook.xml.rels
19:20:47.423 [main] DEBUG - Parsing relationship: /xl/worksheets/_rels/sheet1.xml.rels
19:20:47.425 [main] DEBUG - Parsing relationship: /_rels/.rels
19:20:47.670 [main] TRACE - Loading type system org.apache.poi.schemas.ooxml.system.ooxml
19:20:47.676 [main] TRACE - Loading type system org.apache.xmlbeans.metadata.system.sXMLCONFIG
19:20:47.677 [main] TRACE - Loading type system org.apache.xmlbeans.metadata.system.sXMLLANG
19:20:47.678 [main] TRACE - Loading type system org.apache.xmlbeans.metadata.system.sXMLSCHEMA
19:20:47.679 [main] TRACE - Loading type system org.apache.xmlbeans.metadata.system.sXMLTOOLS
19:20:47.680 [main] TRACE - Reading unresolved handles for type system org.apache.xmlbeans.metadata.system.sXMLTOOLS
19:20:47.696 [main] TRACE - Finished loading type system org.apache.xmlbeans.metadata.system.sXMLTOOLS
19:20:47.698 [main] TRACE - Reading unresolved handles for type system org.apache.xmlbeans.metadata.system.sXMLSCHEMA
19:20:47.706 [main] TRACE - Finished loading type system org.apache.xmlbeans.metadata.system.sXMLSCHEMA
19:20:47.708 [main] TRACE - Reading unresolved handles for type system org.apache.xmlbeans.metadata.system.sXMLLANG
19:20:47.710 [main] TRACE - Finished loading type system org.apache.xmlbeans.metadata.system.sXMLLANG
19:20:47.711 [main] TRACE - Reading unresolved handles for type system org.apache.xmlbeans.metadata.system.sXMLCONFIG
19:20:47.712 [main] TRACE - Finished loading type system org.apache.xmlbeans.metadata.system.sXMLCONFIG
19:20:47.713 [main] TRACE - Reading unresolved handles for type system org.apache.poi.schemas.ooxml.system.ooxml
19:20:47.899 [main] TRACE - Finished loading type system org.apache.poi.schemas.ooxml.system.ooxml
19:20:47.900 [main] TRACE - Resolving type for handle themefd26doctype
19:20:48.007 [main] TRACE - Resolving type for handle stylesheet5d8bdoctype
19:20:48.022 [main] TRACE - Resolving type for handle ctstylesheet4257type
19:20:48.035 [main] TRACE - Resolving type for handle ctnumfmtsb58btype
19:20:48.041 [main] TRACE - Resolving type for handle ctfonts6623type
19:20:48.049 [main] TRACE - Resolving type for handle ctfont14d8type
19:20:48.076 [main] TRACE - Resolving type for handle ctfills2c6ftype
19:20:48.082 [main] TRACE - Resolving type for handle ctfill550ctype
19:20:48.087 [main] TRACE - Resolving type for handle ctborders0d66type
19:20:48.093 [main] TRACE - Resolving type for handle ctborderf935type
19:20:48.101 [main] TRACE - Resolving type for handle ctcellxfs1322type
19:20:48.110 [main] TRACE - Resolving type for handle ctxf97f7type
19:20:48.117 [main] TRACE - Resolving type for handle ctcellstylexfsa81ftype
19:20:48.124 [main] TRACE - Resolving type for handle ctdxfsb26atype
19:20:48.131 [main] TRACE - Resolving type for handle cttablestyles872ftype
19:20:48.144 [main] TRACE - Resolving type for handle sstf81fdoctype
19:20:48.156 [main] TRACE - Resolving type for handle ctsst44f3type
19:20:48.183 [main] TRACE - Resolving type for handle ctrsta472type
19:20:48.240 [main] DEBUG - using default POIXMLDocumentPart for http://schemas.openxmlformats.org/officeDocument/2006/relationships/printerSettings
19:20:48.243 [main] TRACE - Resolving type for handle workbookec17doctype
19:20:48.254 [main] TRACE - Resolving type for handle ctworkbook83c3type
19:20:48.269 [main] TRACE - Resolving type for handle ctsheets49fdtype
19:20:48.277 [main] TRACE - Resolving type for handle ctsheet4dbetype
19:20:48.282 [main] TRACE - Resolving type for handle strelationshipid1e94type
19:20:48.290 [main] TRACE - Resolving type for handle worksheetf539doctype
19:20:48.304 [main] TRACE - Resolving type for handle ctworksheet530dtype
19:20:48.325 [main] TRACE - Resolving type for handle ctcols627ctype
19:20:48.334 [main] TRACE - Resolving type for handle ctcola95ftype
19:20:48.399 [main] TRACE - Resolving type for handle ctsheetdata8408type
19:20:48.405 [main] TRACE - Resolving type for handle ctrowdd39type
19:20:48.416 [main] TRACE - Resolving type for handle ctcell842btype
19:20:48.430 [main] TRACE - Resolving type for handle stcellrefe4e0type
19:20:48.443 [main] TRACE - Resolving type for handle stxstringf179type
19:20:48.451 [main] TRACE - Resolving type for handle stcelltypebf95type
19:20:48.474 [main] TRACE - Resolving type for handle stcellstylexfid70c7type
19:20:48.482 [main] TRACE - Resolving type for handle ctsheetdimensiond310type
19:20:48.485 [main] TRACE - Resolving type for handle stref90a2type
19:20:48.522 [main] TRACE - Resolving type for handle propertiesee84doctype
19:20:48.525 [main] TRACE - Resolving type for handle ctproperties3f10type
19:20:48.542 [main] TRACE - Resolving type for handle properties288cdoctype
19:20:48.544 [main] TRACE - Resolving type for handle ctproperties2c18type
19:20:48.566 [main] DEBUG - Save content types part
19:20:48.752 [main] DEBUG - Save package relationships
19:20:48.765 [main] DEBUG - Save part 'docProps/app.xml'
19:20:48.766 [main] DEBUG - Save part 'docProps/core.xml'
19:20:48.780 [main] DEBUG - Save part 'xl/printerSettings/printerSettings1.bin'
19:20:48.781 [main] DEBUG - Save part 'xl/sharedStrings.xml'
19:20:48.782 [main] DEBUG - Save part 'xl/styles.xml'
19:20:48.784 [main] DEBUG - Save part 'xl/theme/theme1.xml'
19:20:48.785 [main] DEBUG - Save part 'xl/workbook.xml'
19:20:48.794 [main] DEBUG - Save part 'xl/worksheets/sheet1.xml'
19:23:32.540 [main] DEBUG - Parsing relationship: /xl/_rels/workbook.xml.rels
19:23:32.553 [main] DEBUG - Parsing relationship: /xl/worksheets/_rels/sheet1.xml.rels
19:23:32.555 [main] DEBUG - Parsing relationship: /_rels/.rels
19:23:33.088 [main] TRACE - Loading type system org.apache.poi.schemas.ooxml.system.ooxml
19:23:33.099 [main] TRACE - Loading type system org.apache.xmlbeans.metadata.system.sXMLCONFIG
19:23:33.103 [main] TRACE - Loading type system org.apache.xmlbeans.metadata.system.sXMLLANG
19:23:33.104 [main] TRACE - Loading type system org.apache.xmlbeans.metadata.system.sXMLSCHEMA
19:23:33.107 [main] TRACE - Loading type system org.apache.xmlbeans.metadata.system.sXMLTOOLS
19:23:33.110 [main] TRACE - Reading unresolved handles for type system org.apache.xmlbeans.metadata.system.sXMLTOOLS
19:23:33.139 [main] TRACE - Finished loading type system org.apache.xmlbeans.metadata.system.sXMLTOOLS
19:23:33.141 [main] TRACE - Reading unresolved handles for type system org.apache.xmlbeans.metadata.system.sXMLSCHEMA
19:23:33.152 [main] TRACE - Finished loading type system org.apache.xmlbeans.metadata.system.sXMLSCHEMA
19:23:33.155 [main] TRACE - Reading unresolved handles for type system org.apache.xmlbeans.metadata.system.sXMLLANG
19:23:33.158 [main] TRACE - Finished loading type system org.apache.xmlbeans.metadata.system.sXMLLANG
19:23:33.160 [main] TRACE - Reading unresolved handles for type system org.apache.xmlbeans.metadata.system.sXMLCONFIG
19:23:33.161 [main] TRACE - Finished loading type system org.apache.xmlbeans.metadata.system.sXMLCONFIG
19:23:33.163 [main] TRACE - Reading unresolved handles for type system org.apache.poi.schemas.ooxml.system.ooxml
19:23:33.274 [main] TRACE - Finished loading type system org.apache.poi.schemas.ooxml.system.ooxml
19:23:33.276 [main] TRACE - Resolving type for handle themefd26doctype
19:23:33.348 [main] TRACE - Resolving type for handle stylesheet5d8bdoctype
19:23:33.356 [main] TRACE - Resolving type for handle ctstylesheet4257type
19:23:33.371 [main] TRACE - Resolving type for handle ctnumfmtsb58btype
19:23:33.374 [main] TRACE - Resolving type for handle ctfonts6623type
19:23:33.379 [main] TRACE - Resolving type for handle ctfont14d8type
19:23:33.398 [main] TRACE - Resolving type for handle ctfills2c6ftype
19:23:33.402 [main] TRACE - Resolving type for handle ctfill550ctype
19:23:33.407 [main] TRACE - Resolving type for handle ctborders0d66type
19:23:33.410 [main] TRACE - Resolving type for handle ctborderf935type
19:23:33.414 [main] TRACE - Resolving type for handle ctcellxfs1322type
19:23:33.419 [main] TRACE - Resolving type for handle ctxf97f7type
19:23:33.424 [main] TRACE - Resolving type for handle ctcellstylexfsa81ftype
19:23:33.427 [main] TRACE - Resolving type for handle ctdxfsb26atype
19:23:33.430 [main] TRACE - Resolving type for handle cttablestyles872ftype
19:23:33.436 [main] TRACE - Resolving type for handle sstf81fdoctype
19:23:33.442 [main] TRACE - Resolving type for handle ctsst44f3type
19:23:33.459 [main] TRACE - Resolving type for handle ctrsta472type
19:23:33.488 [main] DEBUG - using default POIXMLDocumentPart for http://schemas.openxmlformats.org/officeDocument/2006/relationships/printerSettings
19:23:33.490 [main] TRACE - Resolving type for handle workbookec17doctype
19:23:33.495 [main] TRACE - Resolving type for handle ctworkbook83c3type
19:23:33.501 [main] TRACE - Resolving type for handle ctsheets49fdtype
19:23:33.504 [main] TRACE - Resolving type for handle ctsheet4dbetype
19:23:33.507 [main] TRACE - Resolving type for handle strelationshipid1e94type
19:23:33.510 [main] TRACE - Resolving type for handle worksheetf539doctype
19:23:33.518 [main] TRACE - Resolving type for handle ctworksheet530dtype
19:23:33.530 [main] TRACE - Resolving type for handle ctcols627ctype
19:23:33.537 [main] TRACE - Resolving type for handle ctcola95ftype
19:23:33.561 [main] TRACE - Resolving type for handle ctsheetdata8408type
19:23:33.566 [main] TRACE - Resolving type for handle ctrowdd39type
19:23:33.572 [main] TRACE - Resolving type for handle ctcell842btype
19:23:33.579 [main] TRACE - Resolving type for handle stcellrefe4e0type
19:23:33.589 [main] TRACE - Resolving type for handle stxstringf179type
19:23:33.594 [main] TRACE - Resolving type for handle stcelltypebf95type
19:23:33.611 [main] TRACE - Resolving type for handle stcellstylexfid70c7type
19:23:33.617 [main] TRACE - Resolving type for handle ctsheetdimensiond310type
19:23:33.620 [main] TRACE - Resolving type for handle stref90a2type
19:23:33.647 [main] TRACE - Resolving type for handle propertiesee84doctype
19:23:33.651 [main] TRACE - Resolving type for handle ctproperties3f10type
19:23:33.663 [main] TRACE - Resolving type for handle properties288cdoctype
19:23:33.665 [main] TRACE - Resolving type for handle ctproperties2c18type
19:23:33.683 [main] DEBUG - Save content types part
19:23:33.788 [main] DEBUG - Save package relationships
19:23:33.792 [main] DEBUG - Save part 'docProps/app.xml'
19:23:33.793 [main] DEBUG - Save part 'docProps/core.xml'
19:23:33.799 [main] DEBUG - Save part 'xl/printerSettings/printerSettings1.bin'
19:23:33.799 [main] DEBUG - Save part 'xl/sharedStrings.xml'
19:23:33.801 [main] DEBUG - Save part 'xl/styles.xml'
19:23:33.801 [main] DEBUG - Save part 'xl/theme/theme1.xml'
19:23:33.802 [main] DEBUG - Save part 'xl/workbook.xml'
19:23:33.806 [main] DEBUG - Save part 'xl/worksheets/sheet1.xml'
19:26:37.188 [main] DEBUG - Parsing relationship: /xl/_rels/workbook.xml.rels
19:26:37.224 [main] DEBUG - Parsing relationship: /xl/worksheets/_rels/sheet1.xml.rels
19:26:37.229 [main] DEBUG - Parsing relationship: /_rels/.rels
19:26:37.644 [main] TRACE - Loading type system org.apache.poi.schemas.ooxml.system.ooxml
19:26:37.656 [main] TRACE - Loading type system org.apache.xmlbeans.metadata.system.sXMLCONFIG
19:26:37.658 [main] TRACE - Loading type system org.apache.xmlbeans.metadata.system.sXMLLANG
19:26:37.659 [main] TRACE - Loading type system org.apache.xmlbeans.metadata.system.sXMLSCHEMA
19:26:37.661 [main] TRACE - Loading type system org.apache.xmlbeans.metadata.system.sXMLTOOLS
19:26:37.665 [main] TRACE - Reading unresolved handles for type system org.apache.xmlbeans.metadata.system.sXMLTOOLS
19:26:37.703 [main] TRACE - Finished loading type system org.apache.xmlbeans.metadata.system.sXMLTOOLS
19:26:37.706 [main] TRACE - Reading unresolved handles for type system org.apache.xmlbeans.metadata.system.sXMLSCHEMA
19:26:37.718 [main] TRACE - Finished loading type system org.apache.xmlbeans.metadata.system.sXMLSCHEMA
19:26:37.722 [main] TRACE - Reading unresolved handles for type system org.apache.xmlbeans.metadata.system.sXMLLANG
19:26:37.725 [main] TRACE - Finished loading type system org.apache.xmlbeans.metadata.system.sXMLLANG
19:26:37.728 [main] TRACE - Reading unresolved handles for type system org.apache.xmlbeans.metadata.system.sXMLCONFIG
19:26:37.730 [main] TRACE - Finished loading type system org.apache.xmlbeans.metadata.system.sXMLCONFIG
19:26:37.733 [main] TRACE - Reading unresolved handles for type system org.apache.poi.schemas.ooxml.system.ooxml
19:26:37.891 [main] TRACE - Finished loading type system org.apache.poi.schemas.ooxml.system.ooxml
19:26:37.892 [main] TRACE - Resolving type for handle themefd26doctype
19:26:37.992 [main] TRACE - Resolving type for handle stylesheet5d8bdoctype
19:26:38.005 [main] TRACE - Resolving type for handle ctstylesheet4257type
19:26:38.019 [main] TRACE - Resolving type for handle ctnumfmtsb58btype
19:26:38.027 [main] TRACE - Resolving type for handle ctfonts6623type
19:26:38.034 [main] TRACE - Resolving type for handle ctfont14d8type
19:26:38.056 [main] TRACE - Resolving type for handle ctfills2c6ftype
19:26:38.062 [main] TRACE - Resolving type for handle ctfill550ctype
19:26:38.066 [main] TRACE - Resolving type for handle ctborders0d66type
19:26:38.071 [main] TRACE - Resolving type for handle ctborderf935type
19:26:38.077 [main] TRACE - Resolving type for handle ctcellxfs1322type
19:26:38.082 [main] TRACE - Resolving type for handle ctxf97f7type
19:26:38.089 [main] TRACE - Resolving type for handle ctcellstylexfsa81ftype
19:26:38.093 [main] TRACE - Resolving type for handle ctdxfsb26atype
19:26:38.107 [main] TRACE - Resolving type for handle cttablestyles872ftype
19:26:38.113 [main] TRACE - Resolving type for handle sstf81fdoctype
19:26:38.122 [main] TRACE - Resolving type for handle ctsst44f3type
19:26:38.140 [main] TRACE - Resolving type for handle ctrsta472type
19:26:38.175 [main] DEBUG - using default POIXMLDocumentPart for http://schemas.openxmlformats.org/officeDocument/2006/relationships/printerSettings
19:26:38.177 [main] TRACE - Resolving type for handle workbookec17doctype
19:26:38.184 [main] TRACE - Resolving type for handle ctworkbook83c3type
19:26:38.195 [main] TRACE - Resolving type for handle ctsheets49fdtype
19:26:38.199 [main] TRACE - Resolving type for handle ctsheet4dbetype
19:26:38.204 [main] TRACE - Resolving type for handle strelationshipid1e94type
19:26:38.209 [main] TRACE - Resolving type for handle worksheetf539doctype
19:26:38.218 [main] TRACE - Resolving type for handle ctworksheet530dtype
19:26:38.235 [main] TRACE - Resolving type for handle ctcols627ctype
19:26:38.244 [main] TRACE - Resolving type for handle ctcola95ftype
19:26:38.286 [main] TRACE - Resolving type for handle ctsheetdata8408type
19:26:38.292 [main] TRACE - Resolving type for handle ctrowdd39type
19:26:38.302 [main] TRACE - Resolving type for handle ctcell842btype
19:26:38.318 [main] TRACE - Resolving type for handle stcellrefe4e0type
19:26:38.332 [main] TRACE - Resolving type for handle stxstringf179type
19:26:38.341 [main] TRACE - Resolving type for handle stcelltypebf95type
19:26:38.368 [main] TRACE - Resolving type for handle stcellstylexfid70c7type
19:26:38.376 [main] TRACE - Resolving type for handle ctsheetdimensiond310type
19:26:38.380 [main] TRACE - Resolving type for handle stref90a2type
19:26:38.419 [main] TRACE - Resolving type for handle propertiesee84doctype
19:26:38.426 [main] TRACE - Resolving type for handle ctproperties3f10type
19:26:38.448 [main] TRACE - Resolving type for handle properties288cdoctype
19:26:38.452 [main] TRACE - Resolving type for handle ctproperties2c18type
19:26:38.475 [main] DEBUG - Save content types part
19:26:38.596 [main] DEBUG - Save package relationships
19:26:38.601 [main] DEBUG - Save part 'docProps/app.xml'
19:26:38.602 [main] DEBUG - Save part 'docProps/core.xml'
19:26:38.607 [main] DEBUG - Save part 'xl/printerSettings/printerSettings1.bin'
19:26:38.608 [main] DEBUG - Save part 'xl/sharedStrings.xml'
19:26:38.608 [main] DEBUG - Save part 'xl/styles.xml'
19:26:38.609 [main] DEBUG - Save part 'xl/theme/theme1.xml'
19:26:38.610 [main] DEBUG - Save part 'xl/workbook.xml'
19:26:38.613 [main] DEBUG - Save part 'xl/worksheets/sheet1.xml'
19:29:21.499 [main] DEBUG - Parsing relationship: /xl/_rels/workbook.xml.rels
19:29:21.518 [main] DEBUG - Parsing relationship: /xl/worksheets/_rels/sheet1.xml.rels
19:29:21.521 [main] DEBUG - Parsing relationship: /_rels/.rels
19:29:21.989 [main] TRACE - Loading type system org.apache.poi.schemas.ooxml.system.ooxml
19:29:21.998 [main] TRACE - Loading type system org.apache.xmlbeans.metadata.system.sXMLCONFIG
19:29:22.001 [main] TRACE - Loading type system org.apache.xmlbeans.metadata.system.sXMLLANG
19:29:22.003 [main] TRACE - Loading type system org.apache.xmlbeans.metadata.system.sXMLSCHEMA
19:29:22.005 [main] TRACE - Loading type system org.apache.xmlbeans.metadata.system.sXMLTOOLS
19:29:22.009 [main] TRACE - Reading unresolved handles for type system org.apache.xmlbeans.metadata.system.sXMLTOOLS
19:29:22.048 [main] TRACE - Finished loading type system org.apache.xmlbeans.metadata.system.sXMLTOOLS
19:29:22.051 [main] TRACE - Reading unresolved handles for type system org.apache.xmlbeans.metadata.system.sXMLSCHEMA
19:29:22.064 [main] TRACE - Finished loading type system org.apache.xmlbeans.metadata.system.sXMLSCHEMA
19:29:22.066 [main] TRACE - Reading unresolved handles for type system org.apache.xmlbeans.metadata.system.sXMLLANG
19:29:22.068 [main] TRACE - Finished loading type system org.apache.xmlbeans.metadata.system.sXMLLANG
19:29:22.071 [main] TRACE - Reading unresolved handles for type system org.apache.xmlbeans.metadata.system.sXMLCONFIG
19:29:22.073 [main] TRACE - Finished loading type system org.apache.xmlbeans.metadata.system.sXMLCONFIG
19:29:22.077 [main] TRACE - Reading unresolved handles for type system org.apache.poi.schemas.ooxml.system.ooxml
19:29:22.239 [main] TRACE - Finished loading type system org.apache.poi.schemas.ooxml.system.ooxml
19:29:22.241 [main] TRACE - Resolving type for handle themefd26doctype
19:29:22.410 [main] TRACE - Resolving type for handle stylesheet5d8bdoctype
19:29:22.425 [main] TRACE - Resolving type for handle ctstylesheet4257type
19:29:22.438 [main] TRACE - Resolving type for handle ctnumfmtsb58btype
19:29:22.446 [main] TRACE - Resolving type for handle ctfonts6623type
19:29:22.455 [main] TRACE - Resolving type for handle ctfont14d8type
19:29:22.472 [main] TRACE - Resolving type for handle ctfills2c6ftype
19:29:22.480 [main] TRACE - Resolving type for handle ctfill550ctype
19:29:22.486 [main] TRACE - Resolving type for handle ctborders0d66type
19:29:22.495 [main] TRACE - Resolving type for handle ctborderf935type
19:29:22.504 [main] TRACE - Resolving type for handle ctcellxfs1322type
19:29:22.510 [main] TRACE - Resolving type for handle ctxf97f7type
19:29:22.520 [main] TRACE - Resolving type for handle ctcellstylexfsa81ftype
19:29:22.526 [main] TRACE - Resolving type for handle ctdxfsb26atype
19:29:22.533 [main] TRACE - Resolving type for handle cttablestyles872ftype
19:29:22.544 [main] TRACE - Resolving type for handle sstf81fdoctype
19:29:22.559 [main] TRACE - Resolving type for handle ctsst44f3type
19:29:22.587 [main] TRACE - Resolving type for handle ctrsta472type
19:29:22.637 [main] DEBUG - using default POIXMLDocumentPart for http://schemas.openxmlformats.org/officeDocument/2006/relationships/printerSettings
19:29:22.640 [main] TRACE - Resolving type for handle workbookec17doctype
19:29:22.652 [main] TRACE - Resolving type for handle ctworkbook83c3type
19:29:22.662 [main] TRACE - Resolving type for handle ctsheets49fdtype
19:29:22.668 [main] TRACE - Resolving type for handle ctsheet4dbetype
19:29:22.674 [main] TRACE - Resolving type for handle strelationshipid1e94type
19:29:22.680 [main] TRACE - Resolving type for handle worksheetf539doctype
19:29:22.694 [main] TRACE - Resolving type for handle ctworksheet530dtype
19:29:22.718 [main] TRACE - Resolving type for handle ctcols627ctype
19:29:22.730 [main] TRACE - Resolving type for handle ctcola95ftype
19:29:22.782 [main] TRACE - Resolving type for handle ctsheetdata8408type
19:29:22.789 [main] TRACE - Resolving type for handle ctrowdd39type
19:29:22.801 [main] TRACE - Resolving type for handle ctcell842btype
19:29:22.819 [main] TRACE - Resolving type for handle stcellrefe4e0type
19:29:22.835 [main] TRACE - Resolving type for handle stxstringf179type
19:29:22.842 [main] TRACE - Resolving type for handle stcelltypebf95type
19:29:22.874 [main] TRACE - Resolving type for handle stcellstylexfid70c7type
19:29:22.885 [main] TRACE - Resolving type for handle ctsheetdimensiond310type
19:29:22.889 [main] TRACE - Resolving type for handle stref90a2type
19:29:22.937 [main] TRACE - Resolving type for handle propertiesee84doctype
19:29:22.941 [main] TRACE - Resolving type for handle ctproperties3f10type
19:29:22.966 [main] TRACE - Resolving type for handle properties288cdoctype
19:29:22.971 [main] TRACE - Resolving type for handle ctproperties2c18type
19:29:23.001 [main] DEBUG - Save content types part
19:29:23.158 [main] DEBUG - Save package relationships
19:29:23.165 [main] DEBUG - Save part 'docProps/app.xml'
19:29:23.166 [main] DEBUG - Save part 'docProps/core.xml'
19:29:23.174 [main] DEBUG - Save part 'xl/printerSettings/printerSettings1.bin'
19:29:23.175 [main] DEBUG - Save part 'xl/sharedStrings.xml'
19:29:23.176 [main] DEBUG - Save part 'xl/styles.xml'
19:29:23.177 [main] DEBUG - Save part 'xl/theme/theme1.xml'
19:29:23.178 [main] DEBUG - Save part 'xl/workbook.xml'
19:29:23.184 [main] DEBUG - Save part 'xl/worksheets/sheet1.xml'
19:31:13.024 [main] DEBUG - Parsing relationship: /xl/_rels/workbook.xml.rels
19:31:13.048 [main] DEBUG - Parsing relationship: /xl/worksheets/_rels/sheet1.xml.rels
19:31:13.051 [main] DEBUG - Parsing relationship: /_rels/.rels
19:31:13.426 [main] TRACE - Loading type system org.apache.poi.schemas.ooxml.system.ooxml
19:31:13.433 [main] TRACE - Loading type system org.apache.xmlbeans.metadata.system.sXMLCONFIG
19:31:13.436 [main] TRACE - Loading type system org.apache.xmlbeans.metadata.system.sXMLLANG
19:31:13.437 [main] TRACE - Loading type system org.apache.xmlbeans.metadata.system.sXMLSCHEMA
19:31:13.438 [main] TRACE - Loading type system org.apache.xmlbeans.metadata.system.sXMLTOOLS
19:31:13.441 [main] TRACE - Reading unresolved handles for type system org.apache.xmlbeans.metadata.system.sXMLTOOLS
19:31:13.464 [main] TRACE - Finished loading type system org.apache.xmlbeans.metadata.system.sXMLTOOLS
19:31:13.467 [main] TRACE - Reading unresolved handles for type system org.apache.xmlbeans.metadata.system.sXMLSCHEMA
19:31:13.477 [main] TRACE - Finished loading type system org.apache.xmlbeans.metadata.system.sXMLSCHEMA
19:31:13.480 [main] TRACE - Reading unresolved handles for type system org.apache.xmlbeans.metadata.system.sXMLLANG
19:31:13.482 [main] TRACE - Finished loading type system org.apache.xmlbeans.metadata.system.sXMLLANG
19:31:13.485 [main] TRACE - Reading unresolved handles for type system org.apache.xmlbeans.metadata.system.sXMLCONFIG
19:31:13.487 [main] TRACE - Finished loading type system org.apache.xmlbeans.metadata.system.sXMLCONFIG
19:31:13.490 [main] TRACE - Reading unresolved handles for type system org.apache.poi.schemas.ooxml.system.ooxml
19:31:13.611 [main] TRACE - Finished loading type system org.apache.poi.schemas.ooxml.system.ooxml
19:31:13.613 [main] TRACE - Resolving type for handle themefd26doctype
19:31:13.704 [main] TRACE - Resolving type for handle stylesheet5d8bdoctype
19:31:13.722 [main] TRACE - Resolving type for handle ctstylesheet4257type
19:31:13.730 [main] TRACE - Resolving type for handle ctnumfmtsb58btype
19:31:13.735 [main] TRACE - Resolving type for handle ctfonts6623type
19:31:13.740 [main] TRACE - Resolving type for handle ctfont14d8type
19:31:13.755 [main] TRACE - Resolving type for handle ctfills2c6ftype
19:31:13.759 [main] TRACE - Resolving type for handle ctfill550ctype
19:31:13.763 [main] TRACE - Resolving type for handle ctborders0d66type
19:31:13.767 [main] TRACE - Resolving type for handle ctborderf935type
19:31:13.772 [main] TRACE - Resolving type for handle ctcellxfs1322type
19:31:13.776 [main] TRACE - Resolving type for handle ctxf97f7type
19:31:13.782 [main] TRACE - Resolving type for handle ctcellstylexfsa81ftype
19:31:13.784 [main] TRACE - Resolving type for handle ctdxfsb26atype
19:31:13.788 [main] TRACE - Resolving type for handle cttablestyles872ftype
19:31:13.794 [main] TRACE - Resolving type for handle sstf81fdoctype
19:31:13.802 [main] TRACE - Resolving type for handle ctsst44f3type
19:31:13.818 [main] TRACE - Resolving type for handle ctrsta472type
19:31:13.843 [main] DEBUG - using default POIXMLDocumentPart for http://schemas.openxmlformats.org/officeDocument/2006/relationships/printerSettings
19:31:13.845 [main] TRACE - Resolving type for handle workbookec17doctype
19:31:13.850 [main] TRACE - Resolving type for handle ctworkbook83c3type
19:31:13.858 [main] TRACE - Resolving type for handle ctsheets49fdtype
19:31:13.861 [main] TRACE - Resolving type for handle ctsheet4dbetype
19:31:13.864 [main] TRACE - Resolving type for handle strelationshipid1e94type
19:31:13.867 [main] TRACE - Resolving type for handle worksheetf539doctype
19:31:13.877 [main] TRACE - Resolving type for handle ctworksheet530dtype
19:31:13.898 [main] TRACE - Resolving type for handle ctcols627ctype
19:31:13.907 [main] TRACE - Resolving type for handle ctcola95ftype
19:31:13.957 [main] TRACE - Resolving type for handle ctsheetdata8408type
19:31:13.966 [main] TRACE - Resolving type for handle ctrowdd39type
19:31:13.977 [main] TRACE - Resolving type for handle ctcell842btype
19:31:13.995 [main] TRACE - Resolving type for handle stcellrefe4e0type
19:31:14.010 [main] TRACE - Resolving type for handle stxstringf179type
19:31:14.016 [main] TRACE - Resolving type for handle stcelltypebf95type
19:31:14.047 [main] TRACE - Resolving type for handle stcellstylexfid70c7type
19:31:14.057 [main] TRACE - Resolving type for handle ctsheetdimensiond310type
19:31:14.060 [main] TRACE - Resolving type for handle stref90a2type
19:31:14.105 [main] TRACE - Resolving type for handle propertiesee84doctype
19:31:14.109 [main] TRACE - Resolving type for handle ctproperties3f10type
19:31:14.123 [main] TRACE - Resolving type for handle properties288cdoctype
19:31:14.126 [main] TRACE - Resolving type for handle ctproperties2c18type
19:31:14.153 [main] DEBUG - Save content types part
19:31:14.310 [main] DEBUG - Save package relationships
19:31:14.318 [main] DEBUG - Save part 'docProps/app.xml'
19:31:14.319 [main] DEBUG - Save part 'docProps/core.xml'
19:31:14.326 [main] DEBUG - Save part 'xl/printerSettings/printerSettings1.bin'
19:31:14.327 [main] DEBUG - Save part 'xl/sharedStrings.xml'
19:31:14.328 [main] DEBUG - Save part 'xl/styles.xml'
19:31:14.329 [main] DEBUG - Save part 'xl/theme/theme1.xml'
19:31:14.330 [main] DEBUG - Save part 'xl/workbook.xml'
19:31:14.335 [main] DEBUG - Save part 'xl/worksheets/sheet1.xml'
19:33:08.967 [main] DEBUG - Parsing relationship: /xl/_rels/workbook.xml.rels
19:33:08.994 [main] DEBUG - Parsing relationship: /xl/worksheets/_rels/sheet1.xml.rels
19:33:08.997 [main] DEBUG - Parsing relationship: /_rels/.rels
19:33:09.440 [main] TRACE - Loading type system org.apache.poi.schemas.ooxml.system.ooxml
19:33:09.446 [main] TRACE - Loading type system org.apache.xmlbeans.metadata.system.sXMLCONFIG
19:33:09.448 [main] TRACE - Loading type system org.apache.xmlbeans.metadata.system.sXMLLANG
19:33:09.448 [main] TRACE - Loading type system org.apache.xmlbeans.metadata.system.sXMLSCHEMA
19:33:09.449 [main] TRACE - Loading type system org.apache.xmlbeans.metadata.system.sXMLTOOLS
19:33:09.451 [main] TRACE - Reading unresolved handles for type system org.apache.xmlbeans.metadata.system.sXMLTOOLS
19:33:09.465 [main] TRACE - Finished loading type system org.apache.xmlbeans.metadata.system.sXMLTOOLS
19:33:09.467 [main] TRACE - Reading unresolved handles for type system org.apache.xmlbeans.metadata.system.sXMLSCHEMA
19:33:09.472 [main] TRACE - Finished loading type system org.apache.xmlbeans.metadata.system.sXMLSCHEMA
19:33:09.475 [main] TRACE - Reading unresolved handles for type system org.apache.xmlbeans.metadata.system.sXMLLANG
19:33:09.476 [main] TRACE - Finished loading type system org.apache.xmlbeans.metadata.system.sXMLLANG
19:33:09.478 [main] TRACE - Reading unresolved handles for type system org.apache.xmlbeans.metadata.system.sXMLCONFIG
19:33:09.479 [main] TRACE - Finished loading type system org.apache.xmlbeans.metadata.system.sXMLCONFIG
19:33:09.480 [main] TRACE - Reading unresolved handles for type system org.apache.poi.schemas.ooxml.system.ooxml
19:33:09.542 [main] TRACE - Finished loading type system org.apache.poi.schemas.ooxml.system.ooxml
19:33:09.542 [main] TRACE - Resolving type for handle themefd26doctype
19:33:09.619 [main] TRACE - Resolving type for handle stylesheet5d8bdoctype
19:33:09.634 [main] TRACE - Resolving type for handle ctstylesheet4257type
19:33:09.641 [main] TRACE - Resolving type for handle ctnumfmtsb58btype
19:33:09.644 [main] TRACE - Resolving type for handle ctfonts6623type
19:33:09.653 [main] TRACE - Resolving type for handle ctfont14d8type
19:33:09.668 [main] TRACE - Resolving type for handle ctfills2c6ftype
19:33:09.671 [main] TRACE - Resolving type for handle ctfill550ctype
19:33:09.674 [main] TRACE - Resolving type for handle ctborders0d66type
19:33:09.677 [main] TRACE - Resolving type for handle ctborderf935type
19:33:09.682 [main] TRACE - Resolving type for handle ctcellxfs1322type
19:33:09.686 [main] TRACE - Resolving type for handle ctxf97f7type
19:33:09.692 [main] TRACE - Resolving type for handle ctcellstylexfsa81ftype
19:33:09.694 [main] TRACE - Resolving type for handle ctdxfsb26atype
19:33:09.697 [main] TRACE - Resolving type for handle cttablestyles872ftype
19:33:09.702 [main] TRACE - Resolving type for handle sstf81fdoctype
19:33:09.711 [main] TRACE - Resolving type for handle ctsst44f3type
19:33:09.742 [main] TRACE - Resolving type for handle ctrsta472type
19:33:09.789 [main] DEBUG - using default POIXMLDocumentPart for http://schemas.openxmlformats.org/officeDocument/2006/relationships/printerSettings
19:33:09.790 [main] TRACE - Resolving type for handle workbookec17doctype
19:33:09.797 [main] TRACE - Resolving type for handle ctworkbook83c3type
19:33:09.804 [main] TRACE - Resolving type for handle ctsheets49fdtype
19:33:09.808 [main] TRACE - Resolving type for handle ctsheet4dbetype
19:33:09.815 [main] TRACE - Resolving type for handle strelationshipid1e94type
19:33:09.820 [main] TRACE - Resolving type for handle worksheetf539doctype
19:33:09.828 [main] TRACE - Resolving type for handle ctworksheet530dtype
19:33:09.852 [main] TRACE - Resolving type for handle ctcols627ctype
19:33:09.862 [main] TRACE - Resolving type for handle ctcola95ftype
19:33:09.911 [main] TRACE - Resolving type for handle ctsheetdata8408type
19:33:09.916 [main] TRACE - Resolving type for handle ctrowdd39type
19:33:09.924 [main] TRACE - Resolving type for handle ctcell842btype
19:33:09.936 [main] TRACE - Resolving type for handle stcellrefe4e0type
19:33:09.951 [main] TRACE - Resolving type for handle stxstringf179type
19:33:09.958 [main] TRACE - Resolving type for handle stcelltypebf95type
19:33:09.987 [main] TRACE - Resolving type for handle stcellstylexfid70c7type
19:33:09.997 [main] TRACE - Resolving type for handle ctsheetdimensiond310type
19:33:10.000 [main] TRACE - Resolving type for handle stref90a2type
19:33:10.041 [main] TRACE - Resolving type for handle propertiesee84doctype
19:33:10.049 [main] TRACE - Resolving type for handle ctproperties3f10type
19:33:10.081 [main] TRACE - Resolving type for handle properties288cdoctype
19:33:10.085 [main] TRACE - Resolving type for handle ctproperties2c18type
19:33:10.122 [main] DEBUG - Save content types part
19:33:10.347 [main] DEBUG - Save package relationships
19:33:10.358 [main] DEBUG - Save part 'docProps/app.xml'
19:33:10.360 [main] DEBUG - Save part 'docProps/core.xml'
19:33:10.373 [main] DEBUG - Save part 'xl/printerSettings/printerSettings1.bin'
19:33:10.375 [main] DEBUG - Save part 'xl/sharedStrings.xml'
19:33:10.376 [main] DEBUG - Save part 'xl/styles.xml'
19:33:10.377 [main] DEBUG - Save part 'xl/theme/theme1.xml'
19:33:10.379 [main] DEBUG - Save part 'xl/workbook.xml'
19:33:10.387 [main] DEBUG - Save part 'xl/worksheets/sheet1.xml'
19:36:57.017 [main] DEBUG - Parsing relationship: /xl/_rels/workbook.xml.rels
19:36:57.033 [main] DEBUG - Parsing relationship: /xl/worksheets/_rels/sheet1.xml.rels
19:36:57.036 [main] DEBUG - Parsing relationship: /_rels/.rels
19:36:57.523 [main] TRACE - Loading type system org.apache.poi.schemas.ooxml.system.ooxml
19:36:57.532 [main] TRACE - Loading type system org.apache.xmlbeans.metadata.system.sXMLCONFIG
19:36:57.536 [main] TRACE - Loading type system org.apache.xmlbeans.metadata.system.sXMLLANG
19:36:57.537 [main] TRACE - Loading type system org.apache.xmlbeans.metadata.system.sXMLSCHEMA
19:36:57.539 [main] TRACE - Loading type system org.apache.xmlbeans.metadata.system.sXMLTOOLS
19:36:57.544 [main] TRACE - Reading unresolved handles for type system org.apache.xmlbeans.metadata.system.sXMLTOOLS
19:36:57.586 [main] TRACE - Finished loading type system org.apache.xmlbeans.metadata.system.sXMLTOOLS
19:36:57.590 [main] TRACE - Reading unresolved handles for type system org.apache.xmlbeans.metadata.system.sXMLSCHEMA
19:36:57.604 [main] TRACE - Finished loading type system org.apache.xmlbeans.metadata.system.sXMLSCHEMA
19:36:57.608 [main] TRACE - Reading unresolved handles for type system org.apache.xmlbeans.metadata.system.sXMLLANG
19:36:57.611 [main] TRACE - Finished loading type system org.apache.xmlbeans.metadata.system.sXMLLANG
19:36:57.615 [main] TRACE - Reading unresolved handles for type system org.apache.xmlbeans.metadata.system.sXMLCONFIG
19:36:57.618 [main] TRACE - Finished loading type system org.apache.xmlbeans.metadata.system.sXMLCONFIG
19:36:57.622 [main] TRACE - Reading unresolved handles for type system org.apache.poi.schemas.ooxml.system.ooxml
19:36:57.734 [main] TRACE - Finished loading type system org.apache.poi.schemas.ooxml.system.ooxml
19:36:57.735 [main] TRACE - Resolving type for handle themefd26doctype
19:36:57.907 [main] TRACE - Resolving type for handle stylesheet5d8bdoctype
19:36:57.919 [main] TRACE - Resolving type for handle ctstylesheet4257type
19:36:57.931 [main] TRACE - Resolving type for handle ctnumfmtsb58btype
19:36:57.938 [main] TRACE - Resolving type for handle ctfonts6623type
19:36:57.945 [main] TRACE - Resolving type for handle ctfont14d8type
19:36:57.961 [main] TRACE - Resolving type for handle ctfills2c6ftype
19:36:57.966 [main] TRACE - Resolving type for handle ctfill550ctype
19:36:57.976 [main] TRACE - Resolving type for handle ctborders0d66type
19:36:57.986 [main] TRACE - Resolving type for handle ctborderf935type
19:36:57.994 [main] TRACE - Resolving type for handle ctcellxfs1322type
19:36:58.000 [main] TRACE - Resolving type for handle ctxf97f7type
19:36:58.008 [main] TRACE - Resolving type for handle ctcellstylexfsa81ftype
19:36:58.012 [main] TRACE - Resolving type for handle ctdxfsb26atype
19:36:58.018 [main] TRACE - Resolving type for handle cttablestyles872ftype
19:36:58.027 [main] TRACE - Resolving type for handle sstf81fdoctype
19:36:58.038 [main] TRACE - Resolving type for handle ctsst44f3type
19:36:58.058 [main] TRACE - Resolving type for handle ctrsta472type
19:36:58.106 [main] DEBUG - using default POIXMLDocumentPart for http://schemas.openxmlformats.org/officeDocument/2006/relationships/printerSettings
19:36:58.109 [main] TRACE - Resolving type for handle workbookec17doctype
19:36:58.118 [main] TRACE - Resolving type for handle ctworkbook83c3type
19:36:58.142 [main] TRACE - Resolving type for handle ctsheets49fdtype
19:36:58.149 [main] TRACE - Resolving type for handle ctsheet4dbetype
19:36:58.154 [main] TRACE - Resolving type for handle strelationshipid1e94type
19:36:58.160 [main] TRACE - Resolving type for handle worksheetf539doctype
19:36:58.174 [main] TRACE - Resolving type for handle ctworksheet530dtype
19:36:58.199 [main] TRACE - Resolving type for handle ctcols627ctype
19:36:58.212 [main] TRACE - Resolving type for handle ctcola95ftype
19:36:58.266 [main] TRACE - Resolving type for handle ctsheetdata8408type
19:36:58.275 [main] TRACE - Resolving type for handle ctrowdd39type
19:36:58.286 [main] TRACE - Resolving type for handle ctcell842btype
19:36:58.300 [main] TRACE - Resolving type for handle stcellrefe4e0type
19:36:58.315 [main] TRACE - Resolving type for handle stxstringf179type
19:36:58.322 [main] TRACE - Resolving type for handle stcelltypebf95type
19:36:58.353 [main] TRACE - Resolving type for handle stcellstylexfid70c7type
19:36:58.366 [main] TRACE - Resolving type for handle ctsheetdimensiond310type
19:36:58.371 [main] TRACE - Resolving type for handle stref90a2type
19:36:58.422 [main] TRACE - Resolving type for handle propertiesee84doctype
19:36:58.426 [main] TRACE - Resolving type for handle ctproperties3f10type
19:36:58.440 [main] TRACE - Resolving type for handle properties288cdoctype
19:36:58.444 [main] TRACE - Resolving type for handle ctproperties2c18type
19:36:58.470 [main] DEBUG - Save content types part
19:36:58.621 [main] DEBUG - Save package relationships
19:36:58.627 [main] DEBUG - Save part 'docProps/app.xml'
19:36:58.628 [main] DEBUG - Save part 'docProps/core.xml'
19:36:58.633 [main] DEBUG - Save part 'xl/printerSettings/printerSettings1.bin'
19:36:58.634 [main] DEBUG - Save part 'xl/sharedStrings.xml'
