19:15:17.831 [main] DEBUG - Parsing relationship: /xl/_rels/workbook.xml.rels
19:15:17.846 [main] DEBUG - Parsing relationship: /xl/worksheets/_rels/sheet1.xml.rels
19:15:17.850 [main] DEBUG - Parsing relationship: /_rels/.rels
19:15:18.259 [main] TRACE - Loading type system org.apache.poi.schemas.ooxml.system.ooxml
19:15:18.267 [main] TRACE - Loading type system org.apache.xmlbeans.metadata.system.sXMLCONFIG
19:15:18.269 [main] TRACE - Loading type system org.apache.xmlbeans.metadata.system.sXMLLANG
19:15:18.271 [main] TRACE - Loading type system org.apache.xmlbeans.metadata.system.sXMLSCHEMA
19:15:18.272 [main] TRACE - Loading type system org.apache.xmlbeans.metadata.system.sXMLTOOLS
19:15:18.276 [main] TRACE - Reading unresolved handles for type system org.apache.xmlbeans.metadata.system.sXMLTOOLS
19:15:18.301 [main] TRACE - Finished loading type system org.apache.xmlbeans.metadata.system.sXMLTOOLS
19:15:18.305 [main] TRACE - Reading unresolved handles for type system org.apache.xmlbeans.metadata.system.sXMLSCHEMA
19:15:18.315 [main] TRACE - Finished loading type system org.apache.xmlbeans.metadata.system.sXMLSCHEMA
19:15:18.317 [main] TRACE - Reading unresolved handles for type system org.apache.xmlbeans.metadata.system.sXMLLANG
19:15:18.319 [main] TRACE - Finished loading type system org.apache.xmlbeans.metadata.system.sXMLLANG
19:15:18.321 [main] TRACE - Reading unresolved handles for type system org.apache.xmlbeans.metadata.system.sXMLCONFIG
19:15:18.322 [main] TRACE - Finished loading type system org.apache.xmlbeans.metadata.system.sXMLCONFIG
19:15:18.325 [main] TRACE - Reading unresolved handles for type system org.apache.poi.schemas.ooxml.system.ooxml
19:15:18.471 [main] TRACE - Finished loading type system org.apache.poi.schemas.ooxml.system.ooxml
19:15:18.473 [main] TRACE - Resolving type for handle themefd26doctype
19:15:18.627 [main] TRACE - Resolving type for handle stylesheet5d8bdoctype
19:15:18.642 [main] TRACE - Resolving type for handle ctstylesheet4257type
19:15:18.653 [main] TRACE - Resolving type for handle ctfonts6623type
19:15:18.660 [main] TRACE - Resolving type for handle ctfont14d8type
19:15:18.676 [main] TRACE - Resolving type for handle ctfills2c6ftype
19:15:18.681 [main] TRACE - Resolving type for handle ctfill550ctype
19:15:18.686 [main] TRACE - Resolving type for handle ctborders0d66type
19:15:18.692 [main] TRACE - Resolving type for handle ctborderf935type
19:15:18.701 [main] TRACE - Resolving type for handle ctcellxfs1322type
19:15:18.708 [main] TRACE - Resolving type for handle ctxf97f7type
19:15:18.717 [main] TRACE - Resolving type for handle ctcellstylexfsa81ftype
19:15:18.722 [main] TRACE - Resolving type for handle ctdxfsb26atype
19:15:18.728 [main] TRACE - Resolving type for handle cttablestyles872ftype
19:15:18.736 [main] TRACE - Resolving type for handle sstf81fdoctype
19:15:18.754 [main] TRACE - Resolving type for handle ctsst44f3type
19:15:18.783 [main] TRACE - Resolving type for handle ctrsta472type
19:15:18.845 [main] DEBUG - using default POIXMLDocumentPart for http://schemas.openxmlformats.org/officeDocument/2006/relationships/printerSettings
19:15:18.847 [main] TRACE - Resolving type for handle workbookec17doctype
19:15:18.858 [main] TRACE - Resolving type for handle ctworkbook83c3type
19:15:18.877 [main] TRACE - Resolving type for handle ctsheets49fdtype
19:15:18.883 [main] TRACE - Resolving type for handle ctsheet4dbetype
19:15:18.887 [main] TRACE - Resolving type for handle strelationshipid1e94type
19:15:18.892 [main] TRACE - Resolving type for handle worksheetf539doctype
19:15:18.905 [main] TRACE - Resolving type for handle ctworksheet530dtype
19:15:18.927 [main] TRACE - Resolving type for handle ctcols627ctype
19:15:18.938 [main] TRACE - Resolving type for handle ctcola95ftype
19:15:18.988 [main] TRACE - Resolving type for handle ctsheetdata8408type
19:15:18.995 [main] TRACE - Resolving type for handle ctrowdd39type
19:15:19.004 [main] TRACE - Resolving type for handle ctcell842btype
19:15:19.018 [main] TRACE - Resolving type for handle stcellrefe4e0type
19:15:19.033 [main] TRACE - Resolving type for handle stxstringf179type
19:22:42.147 [main] DEBUG - Parsing relationship: /xl/_rels/workbook.xml.rels
19:22:42.181 [main] DEBUG - Parsing relationship: /xl/worksheets/_rels/sheet1.xml.rels
19:22:42.186 [main] DEBUG - Parsing relationship: /_rels/.rels
19:22:42.665 [main] TRACE - Loading type system org.apache.poi.schemas.ooxml.system.ooxml
19:22:42.672 [main] TRACE - Loading type system org.apache.xmlbeans.metadata.system.sXMLCONFIG
19:22:42.674 [main] TRACE - Loading type system org.apache.xmlbeans.metadata.system.sXMLLANG
19:22:42.675 [main] TRACE - Loading type system org.apache.xmlbeans.metadata.system.sXMLSCHEMA
19:22:42.677 [main] TRACE - Loading type system org.apache.xmlbeans.metadata.system.sXMLTOOLS
19:22:42.681 [main] TRACE - Reading unresolved handles for type system org.apache.xmlbeans.metadata.system.sXMLTOOLS
19:22:42.710 [main] TRACE - Finished loading type system org.apache.xmlbeans.metadata.system.sXMLTOOLS
19:22:42.714 [main] TRACE - Reading unresolved handles for type system org.apache.xmlbeans.metadata.system.sXMLSCHEMA
19:22:42.727 [main] TRACE - Finished loading type system org.apache.xmlbeans.metadata.system.sXMLSCHEMA
19:22:42.732 [main] TRACE - Reading unresolved handles for type system org.apache.xmlbeans.metadata.system.sXMLLANG
19:22:42.734 [main] TRACE - Finished loading type system org.apache.xmlbeans.metadata.system.sXMLLANG
19:22:42.737 [main] TRACE - Reading unresolved handles for type system org.apache.xmlbeans.metadata.system.sXMLCONFIG
19:22:42.738 [main] TRACE - Finished loading type system org.apache.xmlbeans.metadata.system.sXMLCONFIG
19:22:42.741 [main] TRACE - Reading unresolved handles for type system org.apache.poi.schemas.ooxml.system.ooxml
19:22:42.884 [main] TRACE - Finished loading type system org.apache.poi.schemas.ooxml.system.ooxml
19:22:42.887 [main] TRACE - Resolving type for handle themefd26doctype
19:22:43.037 [main] TRACE - Resolving type for handle stylesheet5d8bdoctype
19:22:43.053 [main] TRACE - Resolving type for handle ctstylesheet4257type
19:22:43.063 [main] TRACE - Resolving type for handle ctfonts6623type
19:22:43.069 [main] TRACE - Resolving type for handle ctfont14d8type
19:22:43.085 [main] TRACE - Resolving type for handle ctfills2c6ftype
19:22:43.091 [main] TRACE - Resolving type for handle ctfill550ctype
19:22:43.095 [main] TRACE - Resolving type for handle ctborders0d66type
19:22:43.100 [main] TRACE - Resolving type for handle ctborderf935type
19:22:43.107 [main] TRACE - Resolving type for handle ctcellxfs1322type
19:22:43.113 [main] TRACE - Resolving type for handle ctxf97f7type
19:22:43.121 [main] TRACE - Resolving type for handle ctcellstylexfsa81ftype
19:22:43.126 [main] TRACE - Resolving type for handle ctdxfsb26atype
19:22:43.131 [main] TRACE - Resolving type for handle cttablestyles872ftype
19:22:43.138 [main] TRACE - Resolving type for handle sstf81fdoctype
19:22:43.151 [main] TRACE - Resolving type for handle ctsst44f3type
19:22:43.177 [main] TRACE - Resolving type for handle ctrsta472type
19:22:43.223 [main] DEBUG - using default POIXMLDocumentPart for http://schemas.openxmlformats.org/officeDocument/2006/relationships/printerSettings
19:22:43.226 [main] TRACE - Resolving type for handle workbookec17doctype
19:22:43.236 [main] TRACE - Resolving type for handle ctworkbook83c3type
19:22:43.246 [main] TRACE - Resolving type for handle ctsheets49fdtype
19:22:43.251 [main] TRACE - Resolving type for handle ctsheet4dbetype
19:22:43.255 [main] TRACE - Resolving type for handle strelationshipid1e94type
19:22:43.270 [main] TRACE - Resolving type for handle worksheetf539doctype
19:22:43.286 [main] TRACE - Resolving type for handle ctworksheet530dtype
19:22:43.308 [main] TRACE - Resolving type for handle ctcols627ctype
19:22:43.320 [main] TRACE - Resolving type for handle ctcola95ftype
19:22:43.364 [main] TRACE - Resolving type for handle ctsheetdata8408type
19:22:43.375 [main] TRACE - Resolving type for handle ctrowdd39type
19:22:43.387 [main] TRACE - Resolving type for handle ctcell842btype
19:22:43.416 [main] TRACE - Resolving type for handle stcellrefe4e0type
19:22:43.450 [main] TRACE - Resolving type for handle stxstringf179type
19:24:43.409 [main] DEBUG - Parsing relationship: /xl/_rels/workbook.xml.rels
19:24:43.434 [main] DEBUG - Parsing relationship: /xl/worksheets/_rels/sheet1.xml.rels
19:24:43.440 [main] DEBUG - Parsing relationship: /_rels/.rels
19:24:43.882 [main] TRACE - Loading type system org.apache.poi.schemas.ooxml.system.ooxml
19:24:43.891 [main] TRACE - Loading type system org.apache.xmlbeans.metadata.system.sXMLCONFIG
19:24:43.894 [main] TRACE - Loading type system org.apache.xmlbeans.metadata.system.sXMLLANG
19:24:43.895 [main] TRACE - Loading type system org.apache.xmlbeans.metadata.system.sXMLSCHEMA
19:24:43.897 [main] TRACE - Loading type system org.apache.xmlbeans.metadata.system.sXMLTOOLS
19:24:43.902 [main] TRACE - Reading unresolved handles for type system org.apache.xmlbeans.metadata.system.sXMLTOOLS
19:24:43.935 [main] TRACE - Finished loading type system org.apache.xmlbeans.metadata.system.sXMLTOOLS
19:24:43.938 [main] TRACE - Reading unresolved handles for type system org.apache.xmlbeans.metadata.system.sXMLSCHEMA
19:24:43.951 [main] TRACE - Finished loading type system org.apache.xmlbeans.metadata.system.sXMLSCHEMA
19:24:43.955 [main] TRACE - Reading unresolved handles for type system org.apache.xmlbeans.metadata.system.sXMLLANG
19:24:43.958 [main] TRACE - Finished loading type system org.apache.xmlbeans.metadata.system.sXMLLANG
19:24:43.962 [main] TRACE - Reading unresolved handles for type system org.apache.xmlbeans.metadata.system.sXMLCONFIG
19:24:43.964 [main] TRACE - Finished loading type system org.apache.xmlbeans.metadata.system.sXMLCONFIG
19:24:43.968 [main] TRACE - Reading unresolved handles for type system org.apache.poi.schemas.ooxml.system.ooxml
19:24:44.082 [main] TRACE - Finished loading type system org.apache.poi.schemas.ooxml.system.ooxml
19:24:44.084 [main] TRACE - Resolving type for handle themefd26doctype
19:24:44.221 [main] TRACE - Resolving type for handle stylesheet5d8bdoctype
19:24:44.236 [main] TRACE - Resolving type for handle ctstylesheet4257type
19:24:44.252 [main] TRACE - Resolving type for handle ctfonts6623type
19:24:44.261 [main] TRACE - Resolving type for handle ctfont14d8type
19:24:44.277 [main] TRACE - Resolving type for handle ctfills2c6ftype
19:24:44.281 [main] TRACE - Resolving type for handle ctfill550ctype
19:24:44.285 [main] TRACE - Resolving type for handle ctborders0d66type
19:24:44.291 [main] TRACE - Resolving type for handle ctborderf935type
19:24:44.300 [main] TRACE - Resolving type for handle ctcellxfs1322type
19:24:44.304 [main] TRACE - Resolving type for handle ctxf97f7type
19:24:44.314 [main] TRACE - Resolving type for handle ctcellstylexfsa81ftype
19:24:44.319 [main] TRACE - Resolving type for handle ctdxfsb26atype
19:24:44.325 [main] TRACE - Resolving type for handle cttablestyles872ftype
19:24:44.334 [main] TRACE - Resolving type for handle sstf81fdoctype
19:24:44.345 [main] TRACE - Resolving type for handle ctsst44f3type
19:24:44.380 [main] TRACE - Resolving type for handle ctrsta472type
19:24:44.417 [main] DEBUG - using default POIXMLDocumentPart for http://schemas.openxmlformats.org/officeDocument/2006/relationships/printerSettings
19:24:44.419 [main] TRACE - Resolving type for handle workbookec17doctype
19:24:44.430 [main] TRACE - Resolving type for handle ctworkbook83c3type
19:24:44.443 [main] TRACE - Resolving type for handle ctsheets49fdtype
19:24:44.447 [main] TRACE - Resolving type for handle ctsheet4dbetype
19:24:44.451 [main] TRACE - Resolving type for handle strelationshipid1e94type
19:24:44.457 [main] TRACE - Resolving type for handle worksheetf539doctype
19:24:44.469 [main] TRACE - Resolving type for handle ctworksheet530dtype
19:24:44.492 [main] TRACE - Resolving type for handle ctcols627ctype
19:24:44.502 [main] TRACE - Resolving type for handle ctcola95ftype
19:24:44.558 [main] TRACE - Resolving type for handle ctsheetdata8408type
19:24:44.564 [main] TRACE - Resolving type for handle ctrowdd39type
19:24:44.577 [main] TRACE - Resolving type for handle ctcell842btype
19:24:44.589 [main] TRACE - Resolving type for handle stcellrefe4e0type
19:24:44.603 [main] TRACE - Resolving type for handle stxstringf179type
19:36:28.399 [main] DEBUG - Parsing relationship: /xl/_rels/workbook.xml.rels
19:36:28.416 [main] DEBUG - Parsing relationship: /xl/worksheets/_rels/sheet1.xml.rels
19:36:28.419 [main] DEBUG - Parsing relationship: /_rels/.rels
19:36:28.812 [main] TRACE - Loading type system org.apache.poi.schemas.ooxml.system.ooxml
19:36:28.822 [main] TRACE - Loading type system org.apache.xmlbeans.metadata.system.sXMLCONFIG
19:36:28.825 [main] TRACE - Loading type system org.apache.xmlbeans.metadata.system.sXMLLANG
19:36:28.826 [main] TRACE - Loading type system org.apache.xmlbeans.metadata.system.sXMLSCHEMA
19:36:28.828 [main] TRACE - Loading type system org.apache.xmlbeans.metadata.system.sXMLTOOLS
19:36:28.832 [main] TRACE - Reading unresolved handles for type system org.apache.xmlbeans.metadata.system.sXMLTOOLS
19:36:28.862 [main] TRACE - Finished loading type system org.apache.xmlbeans.metadata.system.sXMLTOOLS
19:36:28.864 [main] TRACE - Reading unresolved handles for type system org.apache.xmlbeans.metadata.system.sXMLSCHEMA
19:36:28.874 [main] TRACE - Finished loading type system org.apache.xmlbeans.metadata.system.sXMLSCHEMA
19:36:28.878 [main] TRACE - Reading unresolved handles for type system org.apache.xmlbeans.metadata.system.sXMLLANG
19:36:28.880 [main] TRACE - Finished loading type system org.apache.xmlbeans.metadata.system.sXMLLANG
19:36:28.884 [main] TRACE - Reading unresolved handles for type system org.apache.xmlbeans.metadata.system.sXMLCONFIG
19:36:28.886 [main] TRACE - Finished loading type system org.apache.xmlbeans.metadata.system.sXMLCONFIG
19:36:28.890 [main] TRACE - Reading unresolved handles for type system org.apache.poi.schemas.ooxml.system.ooxml
19:36:29.024 [main] TRACE - Finished loading type system org.apache.poi.schemas.ooxml.system.ooxml
19:36:29.025 [main] TRACE - Resolving type for handle themefd26doctype
19:36:29.175 [main] TRACE - Resolving type for handle stylesheet5d8bdoctype
19:36:29.191 [main] TRACE - Resolving type for handle ctstylesheet4257type
19:36:29.205 [main] TRACE - Resolving type for handle ctfonts6623type
19:36:29.213 [main] TRACE - Resolving type for handle ctfont14d8type
19:36:29.229 [main] TRACE - Resolving type for handle ctfills2c6ftype
19:36:29.236 [main] TRACE - Resolving type for handle ctfill550ctype
19:36:29.241 [main] TRACE - Resolving type for handle ctborders0d66type
19:36:29.248 [main] TRACE - Resolving type for handle ctborderf935type
19:36:29.256 [main] TRACE - Resolving type for handle ctcellxfs1322type
19:36:29.264 [main] TRACE - Resolving type for handle ctxf97f7type
19:36:29.271 [main] TRACE - Resolving type for handle ctcellstylexfsa81ftype
19:36:29.276 [main] TRACE - Resolving type for handle ctdxfsb26atype
19:36:29.282 [main] TRACE - Resolving type for handle cttablestyles872ftype
19:36:29.290 [main] TRACE - Resolving type for handle sstf81fdoctype
19:36:29.302 [main] TRACE - Resolving type for handle ctsst44f3type
19:36:29.325 [main] TRACE - Resolving type for handle ctrsta472type
19:36:29.368 [main] DEBUG - using default POIXMLDocumentPart for http://schemas.openxmlformats.org/officeDocument/2006/relationships/printerSettings
19:36:29.371 [main] TRACE - Resolving type for handle workbookec17doctype
19:36:29.384 [main] TRACE - Resolving type for handle ctworkbook83c3type
19:36:29.399 [main] TRACE - Resolving type for handle ctsheets49fdtype
19:36:29.407 [main] TRACE - Resolving type for handle ctsheet4dbetype
19:36:29.416 [main] TRACE - Resolving type for handle strelationshipid1e94type
19:36:29.422 [main] TRACE - Resolving type for handle worksheetf539doctype
19:36:29.437 [main] TRACE - Resolving type for handle ctworksheet530dtype
19:36:29.455 [main] TRACE - Resolving type for handle ctcols627ctype
19:36:29.464 [main] TRACE - Resolving type for handle ctcola95ftype
19:36:29.516 [main] TRACE - Resolving type for handle ctsheetdata8408type
19:36:29.522 [main] TRACE - Resolving type for handle ctrowdd39type
19:36:29.534 [main] TRACE - Resolving type for handle ctcell842btype
19:36:29.553 [main] TRACE - Resolving type for handle stcellrefe4e0type
19:36:29.570 [main] TRACE - Resolving type for handle stxstringf179type
19:42:22.372 [main] DEBUG - Parsing relationship: /xl/_rels/workbook.xml.rels
19:42:22.386 [main] DEBUG - Parsing relationship: /xl/worksheets/_rels/sheet1.xml.rels
19:42:22.388 [main] DEBUG - Parsing relationship: /_rels/.rels
19:42:22.942 [main] TRACE - Loading type system org.apache.poi.schemas.ooxml.system.ooxml
19:42:22.949 [main] TRACE - Loading type system org.apache.xmlbeans.metadata.system.sXMLCONFIG
19:42:22.952 [main] TRACE - Loading type system org.apache.xmlbeans.metadata.system.sXMLLANG
19:42:22.953 [main] TRACE - Loading type system org.apache.xmlbeans.metadata.system.sXMLSCHEMA
19:42:22.955 [main] TRACE - Loading type system org.apache.xmlbeans.metadata.system.sXMLTOOLS
19:42:22.960 [main] TRACE - Reading unresolved handles for type system org.apache.xmlbeans.metadata.system.sXMLTOOLS
19:42:22.995 [main] TRACE - Finished loading type system org.apache.xmlbeans.metadata.system.sXMLTOOLS
19:42:22.999 [main] TRACE - Reading unresolved handles for type system org.apache.xmlbeans.metadata.system.sXMLSCHEMA
19:42:23.011 [main] TRACE - Finished loading type system org.apache.xmlbeans.metadata.system.sXMLSCHEMA
19:42:23.015 [main] TRACE - Reading unresolved handles for type system org.apache.xmlbeans.metadata.system.sXMLLANG
19:42:23.017 [main] TRACE - Finished loading type system org.apache.xmlbeans.metadata.system.sXMLLANG
19:42:23.019 [main] TRACE - Reading unresolved handles for type system org.apache.xmlbeans.metadata.system.sXMLCONFIG
19:42:23.020 [main] TRACE - Finished loading type system org.apache.xmlbeans.metadata.system.sXMLCONFIG
19:42:23.023 [main] TRACE - Reading unresolved handles for type system org.apache.poi.schemas.ooxml.system.ooxml
19:42:23.160 [main] TRACE - Finished loading type system org.apache.poi.schemas.ooxml.system.ooxml
19:42:23.162 [main] TRACE - Resolving type for handle themefd26doctype
19:42:23.285 [main] TRACE - Resolving type for handle stylesheet5d8bdoctype
19:42:23.299 [main] TRACE - Resolving type for handle ctstylesheet4257type
19:42:23.310 [main] TRACE - Resolving type for handle ctfonts6623type
19:42:23.318 [main] TRACE - Resolving type for handle ctfont14d8type
19:42:23.335 [main] TRACE - Resolving type for handle ctfills2c6ftype
19:42:23.339 [main] TRACE - Resolving type for handle ctfill550ctype
19:42:23.344 [main] TRACE - Resolving type for handle ctborders0d66type
19:42:23.349 [main] TRACE - Resolving type for handle ctborderf935type
19:42:23.358 [main] TRACE - Resolving type for handle ctcellxfs1322type
19:42:23.364 [main] TRACE - Resolving type for handle ctxf97f7type
19:42:23.371 [main] TRACE - Resolving type for handle ctcellstylexfsa81ftype
19:42:23.375 [main] TRACE - Resolving type for handle ctdxfsb26atype
19:42:23.380 [main] TRACE - Resolving type for handle cttablestyles872ftype
19:42:23.386 [main] TRACE - Resolving type for handle sstf81fdoctype
19:42:23.400 [main] TRACE - Resolving type for handle ctsst44f3type
19:42:23.424 [main] TRACE - Resolving type for handle ctrsta472type
19:42:23.470 [main] DEBUG - using default POIXMLDocumentPart for http://schemas.openxmlformats.org/officeDocument/2006/relationships/printerSettings
19:42:23.472 [main] TRACE - Resolving type for handle workbookec17doctype
19:42:23.483 [main] TRACE - Resolving type for handle ctworkbook83c3type
19:42:23.495 [main] TRACE - Resolving type for handle ctsheets49fdtype
19:42:23.511 [main] TRACE - Resolving type for handle ctsheet4dbetype
19:42:23.515 [main] TRACE - Resolving type for handle strelationshipid1e94type
19:42:23.519 [main] TRACE - Resolving type for handle worksheetf539doctype
19:42:23.530 [main] TRACE - Resolving type for handle ctworksheet530dtype
19:42:23.550 [main] TRACE - Resolving type for handle ctcols627ctype
19:42:23.561 [main] TRACE - Resolving type for handle ctcola95ftype
19:42:23.612 [main] TRACE - Resolving type for handle ctsheetdata8408type
19:42:23.617 [main] TRACE - Resolving type for handle ctrowdd39type
19:42:23.630 [main] TRACE - Resolving type for handle ctcell842btype
19:42:23.645 [main] TRACE - Resolving type for handle stcellrefe4e0type
19:42:23.658 [main] TRACE - Resolving type for handle stxstringf179type
19:42:23.667 [main] TRACE - Resolving type for handle stcelltypebf95type
19:45:31.069 [main] DEBUG - Parsing relationship: /xl/_rels/workbook.xml.rels
19:45:31.086 [main] DEBUG - Parsing relationship: /xl/worksheets/_rels/sheet1.xml.rels
19:45:31.089 [main] DEBUG - Parsing relationship: /_rels/.rels
19:45:31.513 [main] TRACE - Loading type system org.apache.poi.schemas.ooxml.system.ooxml
19:45:31.522 [main] TRACE - Loading type system org.apache.xmlbeans.metadata.system.sXMLCONFIG
19:45:31.524 [main] TRACE - Loading type system org.apache.xmlbeans.metadata.system.sXMLLANG
19:45:31.525 [main] TRACE - Loading type system org.apache.xmlbeans.metadata.system.sXMLSCHEMA
19:45:31.526 [main] TRACE - Loading type system org.apache.xmlbeans.metadata.system.sXMLTOOLS
19:45:31.530 [main] TRACE - Reading unresolved handles for type system org.apache.xmlbeans.metadata.system.sXMLTOOLS
19:45:31.555 [main] TRACE - Finished loading type system org.apache.xmlbeans.metadata.system.sXMLTOOLS
19:45:31.557 [main] TRACE - Reading unresolved handles for type system org.apache.xmlbeans.metadata.system.sXMLSCHEMA
19:45:31.570 [main] TRACE - Finished loading type system org.apache.xmlbeans.metadata.system.sXMLSCHEMA
19:45:31.574 [main] TRACE - Reading unresolved handles for type system org.apache.xmlbeans.metadata.system.sXMLLANG
19:45:31.576 [main] TRACE - Finished loading type system org.apache.xmlbeans.metadata.system.sXMLLANG
19:45:31.580 [main] TRACE - Reading unresolved handles for type system org.apache.xmlbeans.metadata.system.sXMLCONFIG
19:45:31.582 [main] TRACE - Finished loading type system org.apache.xmlbeans.metadata.system.sXMLCONFIG
19:45:31.585 [main] TRACE - Reading unresolved handles for type system org.apache.poi.schemas.ooxml.system.ooxml
19:45:31.735 [main] TRACE - Finished loading type system org.apache.poi.schemas.ooxml.system.ooxml
19:45:31.737 [main] TRACE - Resolving type for handle themefd26doctype
19:45:31.903 [main] TRACE - Resolving type for handle stylesheet5d8bdoctype
19:45:31.919 [main] TRACE - Resolving type for handle ctstylesheet4257type
19:45:31.935 [main] TRACE - Resolving type for handle ctfonts6623type
19:45:31.945 [main] TRACE - Resolving type for handle ctfont14d8type
19:45:31.963 [main] TRACE - Resolving type for handle ctfills2c6ftype
19:45:31.967 [main] TRACE - Resolving type for handle ctfill550ctype
19:45:31.971 [main] TRACE - Resolving type for handle ctborders0d66type
19:45:31.977 [main] TRACE - Resolving type for handle ctborderf935type
19:45:31.985 [main] TRACE - Resolving type for handle ctcellxfs1322type
19:45:31.990 [main] TRACE - Resolving type for handle ctxf97f7type
19:45:31.998 [main] TRACE - Resolving type for handle ctcellstylexfsa81ftype
19:45:32.003 [main] TRACE - Resolving type for handle ctdxfsb26atype
19:45:32.008 [main] TRACE - Resolving type for handle cttablestyles872ftype
19:45:32.018 [main] TRACE - Resolving type for handle sstf81fdoctype
19:45:32.031 [main] TRACE - Resolving type for handle ctsst44f3type
19:45:32.056 [main] TRACE - Resolving type for handle ctrsta472type
19:45:32.098 [main] DEBUG - using default POIXMLDocumentPart for http://schemas.openxmlformats.org/officeDocument/2006/relationships/printerSettings
19:45:32.101 [main] TRACE - Resolving type for handle workbookec17doctype
19:45:32.112 [main] TRACE - Resolving type for handle ctworkbook83c3type
19:45:32.126 [main] TRACE - Resolving type for handle ctsheets49fdtype
19:45:32.134 [main] TRACE - Resolving type for handle ctsheet4dbetype
19:45:32.139 [main] TRACE - Resolving type for handle strelationshipid1e94type
19:45:32.146 [main] TRACE - Resolving type for handle worksheetf539doctype
19:45:32.156 [main] TRACE - Resolving type for handle ctworksheet530dtype
19:45:32.178 [main] TRACE - Resolving type for handle ctcols627ctype
19:45:32.189 [main] TRACE - Resolving type for handle ctcola95ftype
19:45:32.237 [main] TRACE - Resolving type for handle ctsheetdata8408type
19:45:32.243 [main] TRACE - Resolving type for handle ctrowdd39type
19:45:32.260 [main] TRACE - Resolving type for handle ctcell842btype
19:45:32.275 [main] TRACE - Resolving type for handle stcellrefe4e0type
19:45:32.291 [main] TRACE - Resolving type for handle stxstringf179type
19:45:32.300 [main] TRACE - Resolving type for handle stcelltypebf95type
20:08:54.808 [main] DEBUG - Parsing relationship: /xl/_rels/workbook.xml.rels
20:08:54.833 [main] DEBUG - Parsing relationship: /xl/worksheets/_rels/sheet1.xml.rels
20:08:54.835 [main] DEBUG - Parsing relationship: /_rels/.rels
20:08:55.209 [main] TRACE - Loading type system org.apache.poi.schemas.ooxml.system.ooxml
20:08:55.217 [main] TRACE - Loading type system org.apache.xmlbeans.metadata.system.sXMLCONFIG
20:08:55.220 [main] TRACE - Loading type system org.apache.xmlbeans.metadata.system.sXMLLANG
20:08:55.222 [main] TRACE - Loading type system org.apache.xmlbeans.metadata.system.sXMLSCHEMA
20:08:55.223 [main] TRACE - Loading type system org.apache.xmlbeans.metadata.system.sXMLTOOLS
20:08:55.227 [main] TRACE - Reading unresolved handles for type system org.apache.xmlbeans.metadata.system.sXMLTOOLS
20:08:55.258 [main] TRACE - Finished loading type system org.apache.xmlbeans.metadata.system.sXMLTOOLS
20:08:55.261 [main] TRACE - Reading unresolved handles for type system org.apache.xmlbeans.metadata.system.sXMLSCHEMA
20:08:55.272 [main] TRACE - Finished loading type system org.apache.xmlbeans.metadata.system.sXMLSCHEMA
20:08:55.275 [main] TRACE - Reading unresolved handles for type system org.apache.xmlbeans.metadata.system.sXMLLANG
20:08:55.277 [main] TRACE - Finished loading type system org.apache.xmlbeans.metadata.system.sXMLLANG
20:08:55.280 [main] TRACE - Reading unresolved handles for type system org.apache.xmlbeans.metadata.system.sXMLCONFIG
20:08:55.282 [main] TRACE - Finished loading type system org.apache.xmlbeans.metadata.system.sXMLCONFIG
20:08:55.286 [main] TRACE - Reading unresolved handles for type system org.apache.poi.schemas.ooxml.system.ooxml
20:08:55.417 [main] TRACE - Finished loading type system org.apache.poi.schemas.ooxml.system.ooxml
20:08:55.419 [main] TRACE - Resolving type for handle themefd26doctype
20:08:55.558 [main] TRACE - Resolving type for handle stylesheet5d8bdoctype
20:08:55.573 [main] TRACE - Resolving type for handle ctstylesheet4257type
20:08:55.589 [main] TRACE - Resolving type for handle ctfonts6623type
20:08:55.596 [main] TRACE - Resolving type for handle ctfont14d8type
20:08:55.617 [main] TRACE - Resolving type for handle ctfills2c6ftype
20:08:55.621 [main] TRACE - Resolving type for handle ctfill550ctype
20:08:55.625 [main] TRACE - Resolving type for handle ctborders0d66type
20:08:55.630 [main] TRACE - Resolving type for handle ctborderf935type
20:08:55.639 [main] TRACE - Resolving type for handle ctcellxfs1322type
20:08:55.645 [main] TRACE - Resolving type for handle ctxf97f7type
20:08:55.657 [main] TRACE - Resolving type for handle ctcellstylexfsa81ftype
20:08:55.661 [main] TRACE - Resolving type for handle ctdxfsb26atype
20:08:55.665 [main] TRACE - Resolving type for handle cttablestyles872ftype
20:08:55.672 [main] TRACE - Resolving type for handle sstf81fdoctype
20:08:55.683 [main] TRACE - Resolving type for handle ctsst44f3type
20:08:55.708 [main] TRACE - Resolving type for handle ctrsta472type
20:08:55.759 [main] DEBUG - using default POIXMLDocumentPart for http://schemas.openxmlformats.org/officeDocument/2006/relationships/printerSettings
20:08:55.761 [main] TRACE - Resolving type for handle workbookec17doctype
20:08:55.772 [main] TRACE - Resolving type for handle ctworkbook83c3type
20:08:55.780 [main] TRACE - Resolving type for handle ctsheets49fdtype
20:08:55.784 [main] TRACE - Resolving type for handle ctsheet4dbetype
20:08:55.787 [main] TRACE - Resolving type for handle strelationshipid1e94type
20:08:55.792 [main] TRACE - Resolving type for handle worksheetf539doctype
20:08:55.803 [main] TRACE - Resolving type for handle ctworksheet530dtype
20:08:55.828 [main] TRACE - Resolving type for handle ctcols627ctype
20:08:55.839 [main] TRACE - Resolving type for handle ctcola95ftype
20:08:55.887 [main] TRACE - Resolving type for handle ctsheetdata8408type
20:08:55.893 [main] TRACE - Resolving type for handle ctrowdd39type
20:08:55.913 [main] TRACE - Resolving type for handle ctcell842btype
20:08:55.924 [main] TRACE - Resolving type for handle stcellrefe4e0type
20:08:55.939 [main] TRACE - Resolving type for handle stxstringf179type
20:08:55.947 [main] TRACE - Resolving type for handle stcelltypebf95type
20:08:55.975 [main] TRACE - Resolving type for handle stcellstylexfid70c7type
20:08:55.996 [main] TRACE - Resolving type for handle ctsheetdimensiond310type
20:08:56.000 [main] TRACE - Resolving type for handle stref90a2type
20:08:56.031 [main] TRACE - Resolving type for handle ctnumfmtsb58btype
20:08:56.050 [main] TRACE - Resolving type for handle propertiesee84doctype
20:08:56.053 [main] TRACE - Resolving type for handle ctproperties3f10type
20:08:56.069 [main] TRACE - Resolving type for handle properties288cdoctype
20:08:56.073 [main] TRACE - Resolving type for handle ctproperties2c18type
20:08:56.102 [main] DEBUG - Save content types part
20:08:56.258 [main] DEBUG - Save package relationships
20:08:56.265 [main] DEBUG - Save part 'docProps/app.xml'
20:08:56.266 [main] DEBUG - Save part 'docProps/core.xml'
20:08:56.274 [main] DEBUG - Save part 'xl/printerSettings/printerSettings1.bin'
20:08:56.275 [main] DEBUG - Save part 'xl/sharedStrings.xml'
20:08:56.276 [main] DEBUG - Save part 'xl/styles.xml'
20:08:56.277 [main] DEBUG - Save part 'xl/theme/theme1.xml'
20:08:56.278 [main] DEBUG - Save part 'xl/workbook.xml'
20:08:56.283 [main] DEBUG - Save part 'xl/worksheets/sheet1.xml'
20:13:38.294 [main] DEBUG - Parsing relationship: /xl/_rels/workbook.xml.rels
20:13:38.316 [main] DEBUG - Parsing relationship: /xl/worksheets/_rels/sheet1.xml.rels
20:13:38.319 [main] DEBUG - Parsing relationship: /_rels/.rels
20:13:38.678 [main] TRACE - Loading type system org.apache.poi.schemas.ooxml.system.ooxml
20:13:38.684 [main] TRACE - Loading type system org.apache.xmlbeans.metadata.system.sXMLCONFIG
20:13:38.686 [main] TRACE - Loading type system org.apache.xmlbeans.metadata.system.sXMLLANG
20:13:38.687 [main] TRACE - Loading type system org.apache.xmlbeans.metadata.system.sXMLSCHEMA
20:13:38.688 [main] TRACE - Loading type system org.apache.xmlbeans.metadata.system.sXMLTOOLS
20:13:38.691 [main] TRACE - Reading unresolved handles for type system org.apache.xmlbeans.metadata.system.sXMLTOOLS
20:13:38.714 [main] TRACE - Finished loading type system org.apache.xmlbeans.metadata.system.sXMLTOOLS
20:13:38.716 [main] TRACE - Reading unresolved handles for type system org.apache.xmlbeans.metadata.system.sXMLSCHEMA
20:13:38.728 [main] TRACE - Finished loading type system org.apache.xmlbeans.metadata.system.sXMLSCHEMA
20:13:38.732 [main] TRACE - Reading unresolved handles for type system org.apache.xmlbeans.metadata.system.sXMLLANG
20:13:38.734 [main] TRACE - Finished loading type system org.apache.xmlbeans.metadata.system.sXMLLANG
20:13:38.738 [main] TRACE - Reading unresolved handles for type system org.apache.xmlbeans.metadata.system.sXMLCONFIG
20:13:38.740 [main] TRACE - Finished loading type system org.apache.xmlbeans.metadata.system.sXMLCONFIG
20:13:38.744 [main] TRACE - Reading unresolved handles for type system org.apache.poi.schemas.ooxml.system.ooxml
20:13:38.890 [main] TRACE - Finished loading type system org.apache.poi.schemas.ooxml.system.ooxml
20:13:38.891 [main] TRACE - Resolving type for handle themefd26doctype
20:13:39.030 [main] TRACE - Resolving type for handle stylesheet5d8bdoctype
20:13:39.045 [main] TRACE - Resolving type for handle ctstylesheet4257type
20:13:39.056 [main] TRACE - Resolving type for handle ctnumfmtsb58btype
20:13:39.062 [main] TRACE - Resolving type for handle ctfonts6623type
20:13:39.068 [main] TRACE - Resolving type for handle ctfont14d8type
20:13:39.080 [main] TRACE - Resolving type for handle ctfills2c6ftype
20:13:39.086 [main] TRACE - Resolving type for handle ctfill550ctype
20:13:39.090 [main] TRACE - Resolving type for handle ctborders0d66type
20:13:39.097 [main] TRACE - Resolving type for handle ctborderf935type
20:13:39.106 [main] TRACE - Resolving type for handle ctcellxfs1322type
20:13:39.112 [main] TRACE - Resolving type for handle ctxf97f7type
20:13:39.120 [main] TRACE - Resolving type for handle ctcellstylexfsa81ftype
20:13:39.124 [main] TRACE - Resolving type for handle ctdxfsb26atype
20:13:39.129 [main] TRACE - Resolving type for handle cttablestyles872ftype
20:13:39.136 [main] TRACE - Resolving type for handle sstf81fdoctype
20:13:39.146 [main] TRACE - Resolving type for handle ctsst44f3type
20:13:39.176 [main] TRACE - Resolving type for handle ctrsta472type
20:13:39.223 [main] DEBUG - using default POIXMLDocumentPart for http://schemas.openxmlformats.org/officeDocument/2006/relationships/printerSettings
20:13:39.225 [main] TRACE - Resolving type for handle workbookec17doctype
20:13:39.235 [main] TRACE - Resolving type for handle ctworkbook83c3type
20:13:39.244 [main] TRACE - Resolving type for handle ctsheets49fdtype
20:13:39.249 [main] TRACE - Resolving type for handle ctsheet4dbetype
20:13:39.255 [main] TRACE - Resolving type for handle strelationshipid1e94type
20:13:39.261 [main] TRACE - Resolving type for handle worksheetf539doctype
20:13:39.276 [main] TRACE - Resolving type for handle ctworksheet530dtype
20:13:39.296 [main] TRACE - Resolving type for handle ctcols627ctype
20:13:39.308 [main] TRACE - Resolving type for handle ctcola95ftype
20:13:39.382 [main] TRACE - Resolving type for handle ctsheetdata8408type
20:13:39.391 [main] TRACE - Resolving type for handle ctrowdd39type
20:13:39.405 [main] TRACE - Resolving type for handle ctcell842btype
20:13:39.426 [main] TRACE - Resolving type for handle stcellrefe4e0type
20:13:39.443 [main] TRACE - Resolving type for handle stxstringf179type
20:13:39.453 [main] TRACE - Resolving type for handle stcelltypebf95type
20:13:39.496 [main] TRACE - Resolving type for handle stcellstylexfid70c7type
20:13:39.514 [main] TRACE - Resolving type for handle ctsheetdimensiond310type
20:13:39.519 [main] TRACE - Resolving type for handle stref90a2type
20:13:39.577 [main] TRACE - Resolving type for handle propertiesee84doctype
20:13:39.582 [main] TRACE - Resolving type for handle ctproperties3f10type
20:13:39.609 [main] TRACE - Resolving type for handle properties288cdoctype
20:13:39.613 [main] TRACE - Resolving type for handle ctproperties2c18type
20:13:39.645 [main] DEBUG - Save content types part
20:13:39.777 [main] DEBUG - Save package relationships
20:13:39.783 [main] DEBUG - Save part 'docProps/app.xml'
20:13:39.784 [main] DEBUG - Save part 'docProps/core.xml'
20:13:39.790 [main] DEBUG - Save part 'xl/printerSettings/printerSettings1.bin'
20:13:39.791 [main] DEBUG - Save part 'xl/sharedStrings.xml'
20:13:39.792 [main] DEBUG - Save part 'xl/styles.xml'
20:13:39.793 [main] DEBUG - Save part 'xl/theme/theme1.xml'
20:13:39.794 [main] DEBUG - Save part 'xl/workbook.xml'
20:13:39.798 [main] DEBUG - Save part 'xl/worksheets/sheet1.xml'
20:26:10.778 [main] DEBUG - Parsing relationship: /xl/_rels/workbook.xml.rels
20:26:10.798 [main] DEBUG - Parsing relationship: /xl/worksheets/_rels/sheet1.xml.rels
20:26:10.802 [main] DEBUG - Parsing relationship: /_rels/.rels
20:26:11.409 [main] TRACE - Loading type system org.apache.poi.schemas.ooxml.system.ooxml
20:26:11.416 [main] TRACE - Loading type system org.apache.xmlbeans.metadata.system.sXMLCONFIG
20:26:11.418 [main] TRACE - Loading type system org.apache.xmlbeans.metadata.system.sXMLLANG
20:26:11.419 [main] TRACE - Loading type system org.apache.xmlbeans.metadata.system.sXMLSCHEMA
20:26:11.420 [main] TRACE - Loading type system org.apache.xmlbeans.metadata.system.sXMLTOOLS
20:26:11.423 [main] TRACE - Reading unresolved handles for type system org.apache.xmlbeans.metadata.system.sXMLTOOLS
20:26:11.448 [main] TRACE - Finished loading type system org.apache.xmlbeans.metadata.system.sXMLTOOLS
20:26:11.452 [main] TRACE - Reading unresolved handles for type system org.apache.xmlbeans.metadata.system.sXMLSCHEMA
20:26:11.463 [main] TRACE - Finished loading type system org.apache.xmlbeans.metadata.system.sXMLSCHEMA
20:26:11.467 [main] TRACE - Reading unresolved handles for type system org.apache.xmlbeans.metadata.system.sXMLLANG
20:26:11.469 [main] TRACE - Finished loading type system org.apache.xmlbeans.metadata.system.sXMLLANG
20:26:11.473 [main] TRACE - Reading unresolved handles for type system org.apache.xmlbeans.metadata.system.sXMLCONFIG
20:26:11.474 [main] TRACE - Finished loading type system org.apache.xmlbeans.metadata.system.sXMLCONFIG
20:26:11.476 [main] TRACE - Reading unresolved handles for type system org.apache.poi.schemas.ooxml.system.ooxml
20:26:11.605 [main] TRACE - Finished loading type system org.apache.poi.schemas.ooxml.system.ooxml
20:26:11.606 [main] TRACE - Resolving type for handle themefd26doctype
20:26:11.735 [main] TRACE - Resolving type for handle stylesheet5d8bdoctype
20:26:11.751 [main] TRACE - Resolving type for handle ctstylesheet4257type
20:26:11.763 [main] TRACE - Resolving type for handle ctnumfmtsb58btype
20:26:11.771 [main] TRACE - Resolving type for handle ctfonts6623type
20:26:11.776 [main] TRACE - Resolving type for handle ctfont14d8type
20:26:11.797 [main] TRACE - Resolving type for handle ctfills2c6ftype
20:26:11.804 [main] TRACE - Resolving type for handle ctfill550ctype
20:26:11.810 [main] TRACE - Resolving type for handle ctborders0d66type
20:26:11.818 [main] TRACE - Resolving type for handle ctborderf935type
20:26:11.831 [main] TRACE - Resolving type for handle ctcellxfs1322type
20:26:11.838 [main] TRACE - Resolving type for handle ctxf97f7type
20:26:11.849 [main] TRACE - Resolving type for handle ctcellstylexfsa81ftype
20:26:11.855 [main] TRACE - Resolving type for handle ctdxfsb26atype
20:26:11.862 [main] TRACE - Resolving type for handle cttablestyles872ftype
20:26:11.874 [main] TRACE - Resolving type for handle sstf81fdoctype
20:26:11.890 [main] TRACE - Resolving type for handle ctsst44f3type
20:26:11.925 [main] TRACE - Resolving type for handle ctrsta472type
20:26:11.965 [main] DEBUG - using default POIXMLDocumentPart for http://schemas.openxmlformats.org/officeDocument/2006/relationships/printerSettings
20:26:11.975 [main] TRACE - Resolving type for handle workbookec17doctype
20:26:11.982 [main] TRACE - Resolving type for handle ctworkbook83c3type
20:26:11.993 [main] TRACE - Resolving type for handle ctsheets49fdtype
20:26:11.996 [main] TRACE - Resolving type for handle ctsheet4dbetype
20:26:12.000 [main] TRACE - Resolving type for handle strelationshipid1e94type
20:26:12.003 [main] TRACE - Resolving type for handle worksheetf539doctype
20:26:12.013 [main] TRACE - Resolving type for handle ctworksheet530dtype
20:26:12.024 [main] TRACE - Resolving type for handle ctcols627ctype
20:26:12.031 [main] TRACE - Resolving type for handle ctcola95ftype
20:26:12.077 [main] TRACE - Resolving type for handle ctsheetdata8408type
20:26:12.082 [main] TRACE - Resolving type for handle ctrowdd39type
20:26:12.094 [main] TRACE - Resolving type for handle ctcell842btype
20:26:12.108 [main] TRACE - Resolving type for handle stcellrefe4e0type
20:26:12.123 [main] TRACE - Resolving type for handle stxstringf179type
20:26:12.133 [main] TRACE - Resolving type for handle stcelltypebf95type
20:26:12.169 [main] TRACE - Resolving type for handle stcellstylexfid70c7type
20:26:12.181 [main] TRACE - Resolving type for handle ctsheetdimensiond310type
20:26:12.185 [main] TRACE - Resolving type for handle stref90a2type
20:26:12.242 [main] TRACE - Resolving type for handle propertiesee84doctype
20:26:12.246 [main] TRACE - Resolving type for handle ctproperties3f10type
20:26:12.260 [main] TRACE - Resolving type for handle properties288cdoctype
20:26:12.264 [main] TRACE - Resolving type for handle ctproperties2c18type
20:26:12.293 [main] DEBUG - Save content types part
20:26:12.506 [main] DEBUG - Save package relationships
20:26:12.519 [main] DEBUG - Save part 'docProps/app.xml'
20:26:12.521 [main] DEBUG - Save part 'docProps/core.xml'
20:26:12.536 [main] DEBUG - Save part 'xl/printerSettings/printerSettings1.bin'
20:26:12.538 [main] DEBUG - Save part 'xl/sharedStrings.xml'
20:26:12.540 [main] DEBUG - Save part 'xl/styles.xml'
20:26:12.541 [main] DEBUG - Save part 'xl/theme/theme1.xml'
20:26:12.544 [main] DEBUG - Save part 'xl/workbook.xml'
20:26:12.550 [main] DEBUG - Save part 'xl/worksheets/sheet1.xml'
20:27:54.160 [main] DEBUG - Parsing relationship: /xl/_rels/workbook.xml.rels
20:27:54.181 [main] DEBUG - Parsing relationship: /xl/worksheets/_rels/sheet1.xml.rels
20:27:54.186 [main] DEBUG - Parsing relationship: /_rels/.rels
20:27:54.917 [main] TRACE - Loading type system org.apache.poi.schemas.ooxml.system.ooxml
20:27:54.931 [main] TRACE - Loading type system org.apache.xmlbeans.metadata.system.sXMLCONFIG
20:27:54.936 [main] TRACE - Loading type system org.apache.xmlbeans.metadata.system.sXMLLANG
20:27:54.939 [main] TRACE - Loading type system org.apache.xmlbeans.metadata.system.sXMLSCHEMA
20:27:54.941 [main] TRACE - Loading type system org.apache.xmlbeans.metadata.system.sXMLTOOLS
20:27:54.949 [main] TRACE - Reading unresolved handles for type system org.apache.xmlbeans.metadata.system.sXMLTOOLS
20:27:54.998 [main] TRACE - Finished loading type system org.apache.xmlbeans.metadata.system.sXMLTOOLS
20:27:55.004 [main] TRACE - Reading unresolved handles for type system org.apache.xmlbeans.metadata.system.sXMLSCHEMA
20:27:55.025 [main] TRACE - Finished loading type system org.apache.xmlbeans.metadata.system.sXMLSCHEMA
20:27:55.032 [main] TRACE - Reading unresolved handles for type system org.apache.xmlbeans.metadata.system.sXMLLANG
20:27:55.036 [main] TRACE - Finished loading type system org.apache.xmlbeans.metadata.system.sXMLLANG
20:27:55.041 [main] TRACE - Reading unresolved handles for type system org.apache.xmlbeans.metadata.system.sXMLCONFIG
20:27:55.044 [main] TRACE - Finished loading type system org.apache.xmlbeans.metadata.system.sXMLCONFIG
20:27:55.050 [main] TRACE - Reading unresolved handles for type system org.apache.poi.schemas.ooxml.system.ooxml
20:27:55.221 [main] TRACE - Finished loading type system org.apache.poi.schemas.ooxml.system.ooxml
20:27:55.223 [main] TRACE - Resolving type for handle themefd26doctype
20:27:55.373 [main] TRACE - Resolving type for handle stylesheet5d8bdoctype
20:27:55.390 [main] TRACE - Resolving type for handle ctstylesheet4257type
20:27:55.401 [main] TRACE - Resolving type for handle ctnumfmtsb58btype
20:27:55.407 [main] TRACE - Resolving type for handle ctfonts6623type
20:27:55.412 [main] TRACE - Resolving type for handle ctfont14d8type
20:27:55.428 [main] TRACE - Resolving type for handle ctfills2c6ftype
20:27:55.432 [main] TRACE - Resolving type for handle ctfill550ctype
20:27:55.437 [main] TRACE - Resolving type for handle ctborders0d66type
20:27:55.441 [main] TRACE - Resolving type for handle ctborderf935type
20:27:55.447 [main] TRACE - Resolving type for handle ctcellxfs1322type
20:27:55.452 [main] TRACE - Resolving type for handle ctxf97f7type
20:27:55.459 [main] TRACE - Resolving type for handle ctcellstylexfsa81ftype
20:27:55.463 [main] TRACE - Resolving type for handle ctdxfsb26atype
20:27:55.469 [main] TRACE - Resolving type for handle cttablestyles872ftype
20:27:55.478 [main] TRACE - Resolving type for handle sstf81fdoctype
20:27:55.490 [main] TRACE - Resolving type for handle ctsst44f3type
20:27:55.517 [main] TRACE - Resolving type for handle ctrsta472type
20:27:55.559 [main] DEBUG - using default POIXMLDocumentPart for http://schemas.openxmlformats.org/officeDocument/2006/relationships/printerSettings
20:27:55.562 [main] TRACE - Resolving type for handle workbookec17doctype
20:27:55.573 [main] TRACE - Resolving type for handle ctworkbook83c3type
20:27:55.587 [main] TRACE - Resolving type for handle ctsheets49fdtype
20:27:55.591 [main] TRACE - Resolving type for handle ctsheet4dbetype
20:27:55.600 [main] TRACE - Resolving type for handle strelationshipid1e94type
20:27:55.608 [main] TRACE - Resolving type for handle worksheetf539doctype
20:27:55.618 [main] TRACE - Resolving type for handle ctworksheet530dtype
20:27:55.638 [main] TRACE - Resolving type for handle ctcols627ctype
20:27:55.648 [main] TRACE - Resolving type for handle ctcola95ftype
20:27:55.696 [main] TRACE - Resolving type for handle ctsheetdata8408type
20:27:55.705 [main] TRACE - Resolving type for handle ctrowdd39type
20:27:55.714 [main] TRACE - Resolving type for handle ctcell842btype
20:27:55.727 [main] TRACE - Resolving type for handle stcellrefe4e0type
20:27:55.740 [main] TRACE - Resolving type for handle stxstringf179type
20:27:55.746 [main] TRACE - Resolving type for handle stcelltypebf95type
20:27:55.780 [main] TRACE - Resolving type for handle stcellstylexfid70c7type
20:27:55.789 [main] TRACE - Resolving type for handle ctsheetdimensiond310type
20:27:55.793 [main] TRACE - Resolving type for handle stref90a2type
20:27:55.835 [main] TRACE - Resolving type for handle propertiesee84doctype
20:27:55.840 [main] TRACE - Resolving type for handle ctproperties3f10type
20:27:55.858 [main] TRACE - Resolving type for handle properties288cdoctype
20:27:55.861 [main] TRACE - Resolving type for handle ctproperties2c18type
20:27:55.890 [main] DEBUG - Save content types part
20:27:56.025 [main] DEBUG - Save package relationships
20:27:56.031 [main] DEBUG - Save part 'docProps/app.xml'
20:27:56.032 [main] DEBUG - Save part 'docProps/core.xml'
20:27:56.039 [main] DEBUG - Save part 'xl/printerSettings/printerSettings1.bin'
20:27:56.040 [main] DEBUG - Save part 'xl/sharedStrings.xml'
20:27:56.041 [main] DEBUG - Save part 'xl/styles.xml'
20:27:56.042 [main] DEBUG - Save part 'xl/theme/theme1.xml'
20:27:56.043 [main] DEBUG - Save part 'xl/workbook.xml'
20:27:56.048 [main] DEBUG - Save part 'xl/worksheets/sheet1.xml'
09:56:19.813 [main] DEBUG - Parsing relationship: /xl/_rels/workbook.xml.rels
09:56:19.831 [main] DEBUG - Parsing relationship: /xl/worksheets/_rels/sheet1.xml.rels
09:56:19.833 [main] DEBUG - Parsing relationship: /_rels/.rels
09:56:20.309 [main] TRACE - Loading type system org.apache.poi.schemas.ooxml.system.ooxml
09:56:20.318 [main] TRACE - Loading type system org.apache.xmlbeans.metadata.system.sXMLCONFIG
09:56:20.321 [main] TRACE - Loading type system org.apache.xmlbeans.metadata.system.sXMLLANG
09:56:20.322 [main] TRACE - Loading type system org.apache.xmlbeans.metadata.system.sXMLSCHEMA
09:56:20.323 [main] TRACE - Loading type system org.apache.xmlbeans.metadata.system.sXMLTOOLS
09:56:20.328 [main] TRACE - Reading unresolved handles for type system org.apache.xmlbeans.metadata.system.sXMLTOOLS
09:56:20.359 [main] TRACE - Finished loading type system org.apache.xmlbeans.metadata.system.sXMLTOOLS
09:56:20.363 [main] TRACE - Reading unresolved handles for type system org.apache.xmlbeans.metadata.system.sXMLSCHEMA
09:56:20.376 [main] TRACE - Finished loading type system org.apache.xmlbeans.metadata.system.sXMLSCHEMA
09:56:20.379 [main] TRACE - Reading unresolved handles for type system org.apache.xmlbeans.metadata.system.sXMLLANG
09:56:20.381 [main] TRACE - Finished loading type system org.apache.xmlbeans.metadata.system.sXMLLANG
09:56:20.384 [main] TRACE - Reading unresolved handles for type system org.apache.xmlbeans.metadata.system.sXMLCONFIG
09:56:20.387 [main] TRACE - Finished loading type system org.apache.xmlbeans.metadata.system.sXMLCONFIG
09:56:20.390 [main] TRACE - Reading unresolved handles for type system org.apache.poi.schemas.ooxml.system.ooxml
09:56:20.513 [main] TRACE - Finished loading type system org.apache.poi.schemas.ooxml.system.ooxml
09:56:20.515 [main] TRACE - Resolving type for handle themefd26doctype
09:56:20.673 [main] TRACE - Resolving type for handle stylesheet5d8bdoctype
09:56:20.688 [main] TRACE - Resolving type for handle ctstylesheet4257type
09:56:20.699 [main] TRACE - Resolving type for handle ctnumfmtsb58btype
09:56:20.705 [main] TRACE - Resolving type for handle ctfonts6623type
09:56:20.712 [main] TRACE - Resolving type for handle ctfont14d8type
09:56:20.728 [main] TRACE - Resolving type for handle ctfills2c6ftype
09:56:20.734 [main] TRACE - Resolving type for handle ctfill550ctype
09:56:20.739 [main] TRACE - Resolving type for handle ctborders0d66type
09:56:20.745 [main] TRACE - Resolving type for handle ctborderf935type
09:56:20.753 [main] TRACE - Resolving type for handle ctcellxfs1322type
09:56:20.761 [main] TRACE - Resolving type for handle ctxf97f7type
