19:36:58.635 [main] DEBUG - Save part 'xl/styles.xml'
19:36:58.649 [main] DEBUG - Save part 'xl/theme/theme1.xml'
19:36:58.650 [main] DEBUG - Save part 'xl/workbook.xml'
19:36:58.655 [main] DEBUG - Save part 'xl/worksheets/sheet1.xml'
19:39:22.735 [main] DEBUG - Parsing relationship: /xl/_rels/workbook.xml.rels
19:39:22.754 [main] DEBUG - Parsing relationship: /xl/worksheets/_rels/sheet1.xml.rels
19:39:22.757 [main] DEBUG - Parsing relationship: /_rels/.rels
19:39:23.164 [main] TRACE - Loading type system org.apache.poi.schemas.ooxml.system.ooxml
19:39:23.171 [main] TRACE - Loading type system org.apache.xmlbeans.metadata.system.sXMLCONFIG
19:39:23.173 [main] TRACE - Loading type system org.apache.xmlbeans.metadata.system.sXMLLANG
19:39:23.174 [main] TRACE - Loading type system org.apache.xmlbeans.metadata.system.sXMLSCHEMA
19:39:23.175 [main] TRACE - Loading type system org.apache.xmlbeans.metadata.system.sXMLTOOLS
19:39:23.177 [main] TRACE - Reading unresolved handles for type system org.apache.xmlbeans.metadata.system.sXMLTOOLS
19:39:23.201 [main] TRACE - Finished loading type system org.apache.xmlbeans.metadata.system.sXMLTOOLS
19:39:23.204 [main] TRACE - Reading unresolved handles for type system org.apache.xmlbeans.metadata.system.sXMLSCHEMA
19:39:23.213 [main] TRACE - Finished loading type system org.apache.xmlbeans.metadata.system.sXMLSCHEMA
19:39:23.216 [main] TRACE - Reading unresolved handles for type system org.apache.xmlbeans.metadata.system.sXMLLANG
19:39:23.217 [main] TRACE - Finished loading type system org.apache.xmlbeans.metadata.system.sXMLLANG
19:39:23.220 [main] TRACE - Reading unresolved handles for type system org.apache.xmlbeans.metadata.system.sXMLCONFIG
19:39:23.221 [main] TRACE - Finished loading type system org.apache.xmlbeans.metadata.system.sXMLCONFIG
19:39:23.224 [main] TRACE - Reading unresolved handles for type system org.apache.poi.schemas.ooxml.system.ooxml
19:39:23.342 [main] TRACE - Finished loading type system org.apache.poi.schemas.ooxml.system.ooxml
19:39:23.343 [main] TRACE - Resolving type for handle themefd26doctype
19:39:23.477 [main] TRACE - Resolving type for handle stylesheet5d8bdoctype
19:39:23.489 [main] TRACE - Resolving type for handle ctstylesheet4257type
19:39:23.524 [main] TRACE - Resolving type for handle ctnumfmtsb58btype
19:39:23.531 [main] TRACE - Resolving type for handle ctfonts6623type
19:39:23.539 [main] TRACE - Resolving type for handle ctfont14d8type
19:39:23.576 [main] TRACE - Resolving type for handle ctfills2c6ftype
19:39:23.580 [main] TRACE - Resolving type for handle ctfill550ctype
19:39:23.584 [main] TRACE - Resolving type for handle ctborders0d66type
19:39:23.587 [main] TRACE - Resolving type for handle ctborderf935type
19:39:23.592 [main] TRACE - Resolving type for handle ctcellxfs1322type
19:39:23.596 [main] TRACE - Resolving type for handle ctxf97f7type
19:39:23.600 [main] TRACE - Resolving type for handle ctcellstylexfsa81ftype
19:39:23.606 [main] TRACE - Resolving type for handle ctdxfsb26atype
19:39:23.612 [main] TRACE - Resolving type for handle cttablestyles872ftype
19:39:23.618 [main] TRACE - Resolving type for handle sstf81fdoctype
19:39:23.626 [main] TRACE - Resolving type for handle ctsst44f3type
19:39:23.657 [main] TRACE - Resolving type for handle ctrsta472type
19:39:23.682 [main] DEBUG - using default POIXMLDocumentPart for http://schemas.openxmlformats.org/officeDocument/2006/relationships/printerSettings
19:39:23.684 [main] TRACE - Resolving type for handle workbookec17doctype
19:39:23.690 [main] TRACE - Resolving type for handle ctworkbook83c3type
19:39:23.702 [main] TRACE - Resolving type for handle ctsheets49fdtype
19:39:23.710 [main] TRACE - Resolving type for handle ctsheet4dbetype
19:39:23.714 [main] TRACE - Resolving type for handle strelationshipid1e94type
19:39:23.718 [main] TRACE - Resolving type for handle worksheetf539doctype
19:39:23.725 [main] TRACE - Resolving type for handle ctworksheet530dtype
19:39:23.739 [main] TRACE - Resolving type for handle ctcols627ctype
19:39:23.746 [main] TRACE - Resolving type for handle ctcola95ftype
19:39:23.780 [main] TRACE - Resolving type for handle ctsheetdata8408type
19:39:23.788 [main] TRACE - Resolving type for handle ctrowdd39type
19:39:23.799 [main] TRACE - Resolving type for handle ctcell842btype
19:39:23.814 [main] TRACE - Resolving type for handle stcellrefe4e0type
19:39:23.828 [main] TRACE - Resolving type for handle stxstringf179type
19:39:23.836 [main] TRACE - Resolving type for handle stcelltypebf95type
19:39:23.860 [main] TRACE - Resolving type for handle stcellstylexfid70c7type
19:39:23.867 [main] TRACE - Resolving type for handle ctsheetdimensiond310type
19:39:23.872 [main] TRACE - Resolving type for handle stref90a2type
19:39:23.916 [main] TRACE - Resolving type for handle propertiesee84doctype
19:39:23.922 [main] TRACE - Resolving type for handle ctproperties3f10type
19:39:23.939 [main] TRACE - Resolving type for handle properties288cdoctype
19:39:23.944 [main] TRACE - Resolving type for handle ctproperties2c18type
19:39:23.971 [main] DEBUG - Save content types part
19:39:24.126 [main] DEBUG - Save package relationships
19:39:24.132 [main] DEBUG - Save part 'docProps/app.xml'
19:39:24.133 [main] DEBUG - Save part 'docProps/core.xml'
19:39:24.140 [main] DEBUG - Save part 'xl/printerSettings/printerSettings1.bin'
19:39:24.141 [main] DEBUG - Save part 'xl/sharedStrings.xml'
19:39:24.142 [main] DEBUG - Save part 'xl/styles.xml'
19:39:24.143 [main] DEBUG - Save part 'xl/theme/theme1.xml'
19:39:24.144 [main] DEBUG - Save part 'xl/workbook.xml'
19:39:24.148 [main] DEBUG - Save part 'xl/worksheets/sheet1.xml'
19:43:07.377 [main] DEBUG - Parsing relationship: /xl/_rels/workbook.xml.rels
19:43:07.388 [main] DEBUG - Parsing relationship: /xl/worksheets/_rels/sheet1.xml.rels
19:43:07.390 [main] DEBUG - Parsing relationship: /_rels/.rels
19:43:07.740 [main] TRACE - Loading type system org.apache.poi.schemas.ooxml.system.ooxml
19:43:07.747 [main] TRACE - Loading type system org.apache.xmlbeans.metadata.system.sXMLCONFIG
19:43:07.749 [main] TRACE - Loading type system org.apache.xmlbeans.metadata.system.sXMLLANG
19:43:07.749 [main] TRACE - Loading type system org.apache.xmlbeans.metadata.system.sXMLSCHEMA
19:43:07.749 [main] TRACE - Loading type system org.apache.xmlbeans.metadata.system.sXMLTOOLS
19:43:07.752 [main] TRACE - Reading unresolved handles for type system org.apache.xmlbeans.metadata.system.sXMLTOOLS
19:43:07.771 [main] TRACE - Finished loading type system org.apache.xmlbeans.metadata.system.sXMLTOOLS
19:43:07.772 [main] TRACE - Reading unresolved handles for type system org.apache.xmlbeans.metadata.system.sXMLSCHEMA
19:43:07.780 [main] TRACE - Finished loading type system org.apache.xmlbeans.metadata.system.sXMLSCHEMA
19:43:07.782 [main] TRACE - Reading unresolved handles for type system org.apache.xmlbeans.metadata.system.sXMLLANG
19:43:07.783 [main] TRACE - Finished loading type system org.apache.xmlbeans.metadata.system.sXMLLANG
19:43:07.785 [main] TRACE - Reading unresolved handles for type system org.apache.xmlbeans.metadata.system.sXMLCONFIG
19:43:07.786 [main] TRACE - Finished loading type system org.apache.xmlbeans.metadata.system.sXMLCONFIG
19:43:07.787 [main] TRACE - Reading unresolved handles for type system org.apache.poi.schemas.ooxml.system.ooxml
19:43:07.859 [main] TRACE - Finished loading type system org.apache.poi.schemas.ooxml.system.ooxml
19:43:07.859 [main] TRACE - Resolving type for handle themefd26doctype
19:43:07.949 [main] TRACE - Resolving type for handle stylesheet5d8bdoctype
19:43:07.958 [main] TRACE - Resolving type for handle ctstylesheet4257type
19:43:07.966 [main] TRACE - Resolving type for handle ctnumfmtsb58btype
19:43:07.970 [main] TRACE - Resolving type for handle ctfonts6623type
19:43:07.975 [main] TRACE - Resolving type for handle ctfont14d8type
19:43:07.993 [main] TRACE - Resolving type for handle ctfills2c6ftype
19:43:07.996 [main] TRACE - Resolving type for handle ctfill550ctype
19:43:08.000 [main] TRACE - Resolving type for handle ctborders0d66type
19:43:08.003 [main] TRACE - Resolving type for handle ctborderf935type
19:43:08.008 [main] TRACE - Resolving type for handle ctcellxfs1322type
19:43:08.012 [main] TRACE - Resolving type for handle ctxf97f7type
19:43:08.017 [main] TRACE - Resolving type for handle ctcellstylexfsa81ftype
19:43:08.019 [main] TRACE - Resolving type for handle ctdxfsb26atype
19:43:08.026 [main] TRACE - Resolving type for handle cttablestyles872ftype
19:43:08.031 [main] TRACE - Resolving type for handle sstf81fdoctype
19:43:08.037 [main] TRACE - Resolving type for handle ctsst44f3type
19:43:08.055 [main] TRACE - Resolving type for handle ctrsta472type
19:43:08.081 [main] DEBUG - using default POIXMLDocumentPart for http://schemas.openxmlformats.org/officeDocument/2006/relationships/printerSettings
19:43:08.082 [main] TRACE - Resolving type for handle workbookec17doctype
19:43:08.088 [main] TRACE - Resolving type for handle ctworkbook83c3type
19:43:08.097 [main] TRACE - Resolving type for handle ctsheets49fdtype
19:43:08.102 [main] TRACE - Resolving type for handle ctsheet4dbetype
19:43:08.105 [main] TRACE - Resolving type for handle strelationshipid1e94type
19:43:08.109 [main] TRACE - Resolving type for handle worksheetf539doctype
19:43:08.117 [main] TRACE - Resolving type for handle ctworksheet530dtype
19:43:08.133 [main] TRACE - Resolving type for handle ctcols627ctype
19:43:08.140 [main] TRACE - Resolving type for handle ctcola95ftype
19:43:08.172 [main] TRACE - Resolving type for handle ctsheetdata8408type
19:43:08.181 [main] TRACE - Resolving type for handle ctrowdd39type
19:43:08.196 [main] TRACE - Resolving type for handle ctcell842btype
19:43:08.210 [main] TRACE - Resolving type for handle stcellrefe4e0type
19:43:08.229 [main] TRACE - Resolving type for handle stxstringf179type
19:43:08.236 [main] TRACE - Resolving type for handle stcelltypebf95type
19:43:08.259 [main] TRACE - Resolving type for handle stcellstylexfid70c7type
19:43:08.275 [main] TRACE - Resolving type for handle ctsheetdimensiond310type
19:43:08.281 [main] TRACE - Resolving type for handle stref90a2type
19:43:08.315 [main] TRACE - Resolving type for handle propertiesee84doctype
19:43:08.318 [main] TRACE - Resolving type for handle ctproperties3f10type
19:43:08.334 [main] TRACE - Resolving type for handle properties288cdoctype
19:43:08.336 [main] TRACE - Resolving type for handle ctproperties2c18type
19:43:08.359 [main] DEBUG - Save content types part
19:43:08.469 [main] DEBUG - Save package relationships
19:43:08.474 [main] DEBUG - Save part 'docProps/app.xml'
19:43:08.475 [main] DEBUG - Save part 'docProps/core.xml'
19:43:08.480 [main] DEBUG - Save part 'xl/printerSettings/printerSettings1.bin'
19:43:08.481 [main] DEBUG - Save part 'xl/sharedStrings.xml'
19:43:08.482 [main] DEBUG - Save part 'xl/styles.xml'
19:43:08.482 [main] DEBUG - Save part 'xl/theme/theme1.xml'
19:43:08.483 [main] DEBUG - Save part 'xl/workbook.xml'
19:43:08.487 [main] DEBUG - Save part 'xl/worksheets/sheet1.xml'
19:48:10.636 [main] DEBUG - Parsing relationship: /xl/_rels/workbook.xml.rels
19:48:10.648 [main] DEBUG - Parsing relationship: /xl/worksheets/_rels/sheet1.xml.rels
19:48:10.649 [main] DEBUG - Parsing relationship: /_rels/.rels
19:48:10.938 [main] TRACE - Loading type system org.apache.poi.schemas.ooxml.system.ooxml
19:48:10.947 [main] TRACE - Loading type system org.apache.xmlbeans.metadata.system.sXMLCONFIG
19:48:10.950 [main] TRACE - Loading type system org.apache.xmlbeans.metadata.system.sXMLLANG
19:48:10.950 [main] TRACE - Loading type system org.apache.xmlbeans.metadata.system.sXMLSCHEMA
19:48:10.951 [main] TRACE - Loading type system org.apache.xmlbeans.metadata.system.sXMLTOOLS
19:48:10.954 [main] TRACE - Reading unresolved handles for type system org.apache.xmlbeans.metadata.system.sXMLTOOLS
19:48:10.972 [main] TRACE - Finished loading type system org.apache.xmlbeans.metadata.system.sXMLTOOLS
19:48:10.974 [main] TRACE - Reading unresolved handles for type system org.apache.xmlbeans.metadata.system.sXMLSCHEMA
19:48:10.980 [main] TRACE - Finished loading type system org.apache.xmlbeans.metadata.system.sXMLSCHEMA
19:48:10.982 [main] TRACE - Reading unresolved handles for type system org.apache.xmlbeans.metadata.system.sXMLLANG
19:48:10.983 [main] TRACE - Finished loading type system org.apache.xmlbeans.metadata.system.sXMLLANG
19:48:10.985 [main] TRACE - Reading unresolved handles for type system org.apache.xmlbeans.metadata.system.sXMLCONFIG
19:48:10.986 [main] TRACE - Finished loading type system org.apache.xmlbeans.metadata.system.sXMLCONFIG
19:48:10.987 [main] TRACE - Reading unresolved handles for type system org.apache.poi.schemas.ooxml.system.ooxml
19:48:11.061 [main] TRACE - Finished loading type system org.apache.poi.schemas.ooxml.system.ooxml
19:48:11.062 [main] TRACE - Resolving type for handle themefd26doctype
19:48:11.160 [main] TRACE - Resolving type for handle stylesheet5d8bdoctype
19:48:11.171 [main] TRACE - Resolving type for handle ctstylesheet4257type
19:48:11.182 [main] TRACE - Resolving type for handle ctnumfmtsb58btype
19:48:11.186 [main] TRACE - Resolving type for handle ctfonts6623type
19:48:11.191 [main] TRACE - Resolving type for handle ctfont14d8type
19:48:11.214 [main] TRACE - Resolving type for handle ctfills2c6ftype
19:48:11.218 [main] TRACE - Resolving type for handle ctfill550ctype
19:48:11.220 [main] TRACE - Resolving type for handle ctborders0d66type
19:48:11.224 [main] TRACE - Resolving type for handle ctborderf935type
19:48:11.231 [main] TRACE - Resolving type for handle ctcellxfs1322type
19:48:11.235 [main] TRACE - Resolving type for handle ctxf97f7type
19:48:11.242 [main] TRACE - Resolving type for handle ctcellstylexfsa81ftype
19:48:11.247 [main] TRACE - Resolving type for handle ctdxfsb26atype
19:48:11.251 [main] TRACE - Resolving type for handle cttablestyles872ftype
19:48:11.261 [main] TRACE - Resolving type for handle sstf81fdoctype
19:48:11.268 [main] TRACE - Resolving type for handle ctsst44f3type
19:48:11.287 [main] TRACE - Resolving type for handle ctrsta472type
19:48:11.310 [main] DEBUG - using default POIXMLDocumentPart for http://schemas.openxmlformats.org/officeDocument/2006/relationships/printerSettings
19:48:11.313 [main] TRACE - Resolving type for handle workbookec17doctype
19:48:11.319 [main] TRACE - Resolving type for handle ctworkbook83c3type
19:48:11.326 [main] TRACE - Resolving type for handle ctsheets49fdtype
19:48:11.330 [main] TRACE - Resolving type for handle ctsheet4dbetype
19:48:11.333 [main] TRACE - Resolving type for handle strelationshipid1e94type
19:48:11.336 [main] TRACE - Resolving type for handle worksheetf539doctype
19:48:11.343 [main] TRACE - Resolving type for handle ctworksheet530dtype
19:48:11.356 [main] TRACE - Resolving type for handle ctcols627ctype
19:48:11.365 [main] TRACE - Resolving type for handle ctcola95ftype
19:48:11.407 [main] TRACE - Resolving type for handle ctsheetdata8408type
19:48:11.423 [main] TRACE - Resolving type for handle ctrowdd39type
19:48:11.441 [main] TRACE - Resolving type for handle ctcell842btype
19:48:11.457 [main] TRACE - Resolving type for handle stcellrefe4e0type
19:48:11.473 [main] TRACE - Resolving type for handle stxstringf179type
19:48:11.480 [main] TRACE - Resolving type for handle stcelltypebf95type
19:48:11.503 [main] TRACE - Resolving type for handle stcellstylexfid70c7type
19:48:11.513 [main] TRACE - Resolving type for handle ctsheetdimensiond310type
19:48:11.516 [main] TRACE - Resolving type for handle stref90a2type
19:48:11.550 [main] TRACE - Resolving type for handle propertiesee84doctype
19:48:11.555 [main] TRACE - Resolving type for handle ctproperties3f10type
19:48:11.590 [main] TRACE - Resolving type for handle properties288cdoctype
19:48:11.596 [main] TRACE - Resolving type for handle ctproperties2c18type
19:48:11.627 [main] DEBUG - Save content types part
19:48:11.774 [main] DEBUG - Save package relationships
19:48:11.779 [main] DEBUG - Save part 'docProps/app.xml'
19:48:11.779 [main] DEBUG - Save part 'docProps/core.xml'
19:48:11.785 [main] DEBUG - Save part 'xl/printerSettings/printerSettings1.bin'
19:48:11.786 [main] DEBUG - Save part 'xl/sharedStrings.xml'
19:48:11.787 [main] DEBUG - Save part 'xl/styles.xml'
19:48:11.787 [main] DEBUG - Save part 'xl/theme/theme1.xml'
19:48:11.788 [main] DEBUG - Save part 'xl/workbook.xml'
19:48:11.793 [main] DEBUG - Save part 'xl/worksheets/sheet1.xml'
19:51:19.769 [main] DEBUG - Parsing relationship: /xl/_rels/workbook.xml.rels
19:51:19.787 [main] DEBUG - Parsing relationship: /xl/worksheets/_rels/sheet1.xml.rels
19:51:19.790 [main] DEBUG - Parsing relationship: /_rels/.rels
19:51:20.250 [main] TRACE - Loading type system org.apache.poi.schemas.ooxml.system.ooxml
19:51:20.254 [main] TRACE - Loading type system org.apache.xmlbeans.metadata.system.sXMLCONFIG
19:51:20.256 [main] TRACE - Loading type system org.apache.xmlbeans.metadata.system.sXMLLANG
19:51:20.256 [main] TRACE - Loading type system org.apache.xmlbeans.metadata.system.sXMLSCHEMA
19:51:20.257 [main] TRACE - Loading type system org.apache.xmlbeans.metadata.system.sXMLTOOLS
19:51:20.259 [main] TRACE - Reading unresolved handles for type system org.apache.xmlbeans.metadata.system.sXMLTOOLS
19:51:20.280 [main] TRACE - Finished loading type system org.apache.xmlbeans.metadata.system.sXMLTOOLS
19:51:20.282 [main] TRACE - Reading unresolved handles for type system org.apache.xmlbeans.metadata.system.sXMLSCHEMA
19:51:20.291 [main] TRACE - Finished loading type system org.apache.xmlbeans.metadata.system.sXMLSCHEMA
19:51:20.293 [main] TRACE - Reading unresolved handles for type system org.apache.xmlbeans.metadata.system.sXMLLANG
19:51:20.294 [main] TRACE - Finished loading type system org.apache.xmlbeans.metadata.system.sXMLLANG
19:51:20.297 [main] TRACE - Reading unresolved handles for type system org.apache.xmlbeans.metadata.system.sXMLCONFIG
19:51:20.298 [main] TRACE - Finished loading type system org.apache.xmlbeans.metadata.system.sXMLCONFIG
19:51:20.300 [main] TRACE - Reading unresolved handles for type system org.apache.poi.schemas.ooxml.system.ooxml
19:51:20.416 [main] TRACE - Finished loading type system org.apache.poi.schemas.ooxml.system.ooxml
19:51:20.418 [main] TRACE - Resolving type for handle themefd26doctype
19:51:20.633 [main] TRACE - Resolving type for handle stylesheet5d8bdoctype
19:51:20.666 [main] TRACE - Resolving type for handle ctstylesheet4257type
19:51:20.693 [main] TRACE - Resolving type for handle ctnumfmtsb58btype
19:51:20.707 [main] TRACE - Resolving type for handle ctfonts6623type
19:51:20.721 [main] TRACE - Resolving type for handle ctfont14d8type
19:51:20.754 [main] TRACE - Resolving type for handle ctfills2c6ftype
19:51:20.766 [main] TRACE - Resolving type for handle ctfill550ctype
19:51:20.776 [main] TRACE - Resolving type for handle ctborders0d66type
19:51:20.787 [main] TRACE - Resolving type for handle ctborderf935type
19:51:20.803 [main] TRACE - Resolving type for handle ctcellxfs1322type
19:51:20.815 [main] TRACE - Resolving type for handle ctxf97f7type
19:51:20.830 [main] TRACE - Resolving type for handle ctcellstylexfsa81ftype
19:51:20.838 [main] TRACE - Resolving type for handle ctdxfsb26atype
19:51:20.851 [main] TRACE - Resolving type for handle cttablestyles872ftype
19:51:20.865 [main] TRACE - Resolving type for handle sstf81fdoctype
19:51:20.887 [main] TRACE - Resolving type for handle ctsst44f3type
19:51:20.929 [main] TRACE - Resolving type for handle ctrsta472type
19:51:21.014 [main] DEBUG - using default POIXMLDocumentPart for http://schemas.openxmlformats.org/officeDocument/2006/relationships/printerSettings
19:51:21.019 [main] TRACE - Resolving type for handle workbookec17doctype
19:51:21.038 [main] TRACE - Resolving type for handle ctworkbook83c3type
19:51:21.063 [main] TRACE - Resolving type for handle ctsheets49fdtype
19:51:21.073 [main] TRACE - Resolving type for handle ctsheet4dbetype
19:51:21.084 [main] TRACE - Resolving type for handle strelationshipid1e94type
19:51:21.095 [main] TRACE - Resolving type for handle worksheetf539doctype
19:51:21.120 [main] TRACE - Resolving type for handle ctworksheet530dtype
19:51:21.158 [main] TRACE - Resolving type for handle ctcols627ctype
19:51:21.177 [main] TRACE - Resolving type for handle ctcola95ftype
19:51:21.261 [main] TRACE - Resolving type for handle ctsheetdata8408type
19:51:21.283 [main] TRACE - Resolving type for handle ctrowdd39type
19:51:21.304 [main] TRACE - Resolving type for handle ctcell842btype
19:51:21.351 [main] TRACE - Resolving type for handle stcellrefe4e0type
19:51:21.386 [main] TRACE - Resolving type for handle stxstringf179type
19:51:21.402 [main] TRACE - Resolving type for handle stcelltypebf95type
19:51:21.456 [main] TRACE - Resolving type for handle stcellstylexfid70c7type
19:51:21.480 [main] TRACE - Resolving type for handle ctsheetdimensiond310type
19:51:21.488 [main] TRACE - Resolving type for handle stref90a2type
19:51:21.570 [main] TRACE - Resolving type for handle propertiesee84doctype
19:51:21.580 [main] TRACE - Resolving type for handle ctproperties3f10type
19:51:21.607 [main] TRACE - Resolving type for handle properties288cdoctype
19:51:21.612 [main] TRACE - Resolving type for handle ctproperties2c18type
19:51:21.662 [main] DEBUG - Save content types part
19:51:21.895 [main] DEBUG - Save package relationships
19:51:21.902 [main] DEBUG - Save part 'docProps/app.xml'
19:51:21.903 [main] DEBUG - Save part 'docProps/core.xml'
19:51:21.909 [main] DEBUG - Save part 'xl/printerSettings/printerSettings1.bin'
19:51:21.910 [main] DEBUG - Save part 'xl/sharedStrings.xml'
19:51:21.911 [main] DEBUG - Save part 'xl/styles.xml'
19:51:21.912 [main] DEBUG - Save part 'xl/theme/theme1.xml'
19:51:21.913 [main] DEBUG - Save part 'xl/workbook.xml'
19:51:21.918 [main] DEBUG - Save part 'xl/worksheets/sheet1.xml'
19:56:22.145 [main] DEBUG - Parsing relationship: /xl/_rels/workbook.xml.rels
19:56:22.161 [main] DEBUG - Parsing relationship: /xl/worksheets/_rels/sheet1.xml.rels
19:56:22.164 [main] DEBUG - Parsing relationship: /_rels/.rels
19:56:22.779 [main] TRACE - Loading type system org.apache.poi.schemas.ooxml.system.ooxml
19:56:22.787 [main] TRACE - Loading type system org.apache.xmlbeans.metadata.system.sXMLCONFIG
19:56:22.789 [main] TRACE - Loading type system org.apache.xmlbeans.metadata.system.sXMLLANG
19:56:22.790 [main] TRACE - Loading type system org.apache.xmlbeans.metadata.system.sXMLSCHEMA
19:56:22.791 [main] TRACE - Loading type system org.apache.xmlbeans.metadata.system.sXMLTOOLS
19:56:22.795 [main] TRACE - Reading unresolved handles for type system org.apache.xmlbeans.metadata.system.sXMLTOOLS
19:56:22.826 [main] TRACE - Finished loading type system org.apache.xmlbeans.metadata.system.sXMLTOOLS
19:56:22.828 [main] TRACE - Reading unresolved handles for type system org.apache.xmlbeans.metadata.system.sXMLSCHEMA
19:56:22.845 [main] TRACE - Finished loading type system org.apache.xmlbeans.metadata.system.sXMLSCHEMA
19:56:22.851 [main] TRACE - Reading unresolved handles for type system org.apache.xmlbeans.metadata.system.sXMLLANG
19:56:22.854 [main] TRACE - Finished loading type system org.apache.xmlbeans.metadata.system.sXMLLANG
19:56:22.859 [main] TRACE - Reading unresolved handles for type system org.apache.xmlbeans.metadata.system.sXMLCONFIG
19:56:22.863 [main] TRACE - Finished loading type system org.apache.xmlbeans.metadata.system.sXMLCONFIG
19:56:22.867 [main] TRACE - Reading unresolved handles for type system org.apache.poi.schemas.ooxml.system.ooxml
19:56:23.089 [main] TRACE - Finished loading type system org.apache.poi.schemas.ooxml.system.ooxml
19:56:23.091 [main] TRACE - Resolving type for handle themefd26doctype
19:56:23.304 [main] TRACE - Resolving type for handle stylesheet5d8bdoctype
19:56:23.322 [main] TRACE - Resolving type for handle ctstylesheet4257type
19:56:23.337 [main] TRACE - Resolving type for handle ctnumfmtsb58btype
19:56:23.344 [main] TRACE - Resolving type for handle ctfonts6623type
19:56:23.364 [main] TRACE - Resolving type for handle ctfont14d8type
19:56:23.382 [main] TRACE - Resolving type for handle ctfills2c6ftype
19:56:23.391 [main] TRACE - Resolving type for handle ctfill550ctype
19:56:23.397 [main] TRACE - Resolving type for handle ctborders0d66type
19:56:23.403 [main] TRACE - Resolving type for handle ctborderf935type
19:56:23.410 [main] TRACE - Resolving type for handle ctcellxfs1322type
19:56:23.416 [main] TRACE - Resolving type for handle ctxf97f7type
19:56:23.423 [main] TRACE - Resolving type for handle ctcellstylexfsa81ftype
19:56:23.428 [main] TRACE - Resolving type for handle ctdxfsb26atype
19:56:23.432 [main] TRACE - Resolving type for handle cttablestyles872ftype
19:56:23.438 [main] TRACE - Resolving type for handle sstf81fdoctype
19:56:23.449 [main] TRACE - Resolving type for handle ctsst44f3type
19:56:23.466 [main] TRACE - Resolving type for handle ctrsta472type
19:56:23.507 [main] DEBUG - using default POIXMLDocumentPart for http://schemas.openxmlformats.org/officeDocument/2006/relationships/printerSettings
19:56:23.510 [main] TRACE - Resolving type for handle workbookec17doctype
19:56:23.519 [main] TRACE - Resolving type for handle ctworkbook83c3type
19:56:23.531 [main] TRACE - Resolving type for handle ctsheets49fdtype
19:56:23.538 [main] TRACE - Resolving type for handle ctsheet4dbetype
19:56:23.543 [main] TRACE - Resolving type for handle strelationshipid1e94type
19:56:23.550 [main] TRACE - Resolving type for handle worksheetf539doctype
19:56:23.566 [main] TRACE - Resolving type for handle ctworksheet530dtype
19:56:23.591 [main] TRACE - Resolving type for handle ctcols627ctype
19:56:23.602 [main] TRACE - Resolving type for handle ctcola95ftype
19:56:23.657 [main] TRACE - Resolving type for handle ctsheetdata8408type
19:56:23.671 [main] TRACE - Resolving type for handle ctrowdd39type
19:56:23.694 [main] TRACE - Resolving type for handle ctcell842btype
19:56:23.726 [main] TRACE - Resolving type for handle stcellrefe4e0type
19:56:23.758 [main] TRACE - Resolving type for handle stxstringf179type
19:56:23.773 [main] TRACE - Resolving type for handle stcelltypebf95type
19:56:23.813 [main] TRACE - Resolving type for handle stcellstylexfid70c7type
19:56:23.825 [main] TRACE - Resolving type for handle ctsheetdimensiond310type
19:56:23.831 [main] TRACE - Resolving type for handle stref90a2type
19:56:23.882 [main] TRACE - Resolving type for handle propertiesee84doctype
19:56:23.887 [main] TRACE - Resolving type for handle ctproperties3f10type
19:56:23.904 [main] TRACE - Resolving type for handle properties288cdoctype
19:56:23.908 [main] TRACE - Resolving type for handle ctproperties2c18type
19:56:23.943 [main] DEBUG - Save content types part
19:56:24.104 [main] DEBUG - Save package relationships
19:56:24.113 [main] DEBUG - Save part 'docProps/app.xml'
19:56:24.114 [main] DEBUG - Save part 'docProps/core.xml'
19:56:24.122 [main] DEBUG - Save part 'xl/printerSettings/printerSettings1.bin'
19:56:24.124 [main] DEBUG - Save part 'xl/sharedStrings.xml'
19:56:24.124 [main] DEBUG - Save part 'xl/styles.xml'
19:56:24.125 [main] DEBUG - Save part 'xl/theme/theme1.xml'
19:56:24.127 [main] DEBUG - Save part 'xl/workbook.xml'
19:56:24.132 [main] DEBUG - Save part 'xl/worksheets/sheet1.xml'
19:57:39.842 [main] DEBUG - Parsing relationship: /xl/_rels/workbook.xml.rels
19:57:39.861 [main] DEBUG - Parsing relationship: /xl/worksheets/_rels/sheet1.xml.rels
19:57:39.865 [main] DEBUG - Parsing relationship: /_rels/.rels
19:57:40.349 [main] TRACE - Loading type system org.apache.poi.schemas.ooxml.system.ooxml
19:57:40.357 [main] TRACE - Loading type system org.apache.xmlbeans.metadata.system.sXMLCONFIG
19:57:40.360 [main] TRACE - Loading type system org.apache.xmlbeans.metadata.system.sXMLLANG
19:57:40.362 [main] TRACE - Loading type system org.apache.xmlbeans.metadata.system.sXMLSCHEMA
19:57:40.363 [main] TRACE - Loading type system org.apache.xmlbeans.metadata.system.sXMLTOOLS
19:57:40.368 [main] TRACE - Reading unresolved handles for type system org.apache.xmlbeans.metadata.system.sXMLTOOLS
19:57:40.398 [main] TRACE - Finished loading type system org.apache.xmlbeans.metadata.system.sXMLTOOLS
19:57:40.401 [main] TRACE - Reading unresolved handles for type system org.apache.xmlbeans.metadata.system.sXMLSCHEMA
19:57:40.412 [main] TRACE - Finished loading type system org.apache.xmlbeans.metadata.system.sXMLSCHEMA
19:57:40.415 [main] TRACE - Reading unresolved handles for type system org.apache.xmlbeans.metadata.system.sXMLLANG
19:57:40.418 [main] TRACE - Finished loading type system org.apache.xmlbeans.metadata.system.sXMLLANG
19:57:40.421 [main] TRACE - Reading unresolved handles for type system org.apache.xmlbeans.metadata.system.sXMLCONFIG
19:57:40.424 [main] TRACE - Finished loading type system org.apache.xmlbeans.metadata.system.sXMLCONFIG
19:57:40.427 [main] TRACE - Reading unresolved handles for type system org.apache.poi.schemas.ooxml.system.ooxml
19:57:40.561 [main] TRACE - Finished loading type system org.apache.poi.schemas.ooxml.system.ooxml
19:57:40.562 [main] TRACE - Resolving type for handle themefd26doctype
19:57:40.677 [main] TRACE - Resolving type for handle stylesheet5d8bdoctype
19:57:40.689 [main] TRACE - Resolving type for handle ctstylesheet4257type
19:57:40.697 [main] TRACE - Resolving type for handle ctnumfmtsb58btype
19:57:40.702 [main] TRACE - Resolving type for handle ctfonts6623type
19:57:40.708 [main] TRACE - Resolving type for handle ctfont14d8type
19:57:40.722 [main] TRACE - Resolving type for handle ctfills2c6ftype
19:57:40.727 [main] TRACE - Resolving type for handle ctfill550ctype
19:57:40.730 [main] TRACE - Resolving type for handle ctborders0d66type
19:57:40.734 [main] TRACE - Resolving type for handle ctborderf935type
19:57:40.741 [main] TRACE - Resolving type for handle ctcellxfs1322type
19:57:40.747 [main] TRACE - Resolving type for handle ctxf97f7type
19:57:40.752 [main] TRACE - Resolving type for handle ctcellstylexfsa81ftype
19:57:40.756 [main] TRACE - Resolving type for handle ctdxfsb26atype
19:57:40.762 [main] TRACE - Resolving type for handle cttablestyles872ftype
19:57:40.768 [main] TRACE - Resolving type for handle sstf81fdoctype
19:57:40.776 [main] TRACE - Resolving type for handle ctsst44f3type
19:57:40.793 [main] TRACE - Resolving type for handle ctrsta472type
19:57:40.830 [main] DEBUG - using default POIXMLDocumentPart for http://schemas.openxmlformats.org/officeDocument/2006/relationships/printerSettings
19:57:40.832 [main] TRACE - Resolving type for handle workbookec17doctype
19:57:40.840 [main] TRACE - Resolving type for handle ctworkbook83c3type
19:57:40.852 [main] TRACE - Resolving type for handle ctsheets49fdtype
19:57:40.857 [main] TRACE - Resolving type for handle ctsheet4dbetype
19:57:40.860 [main] TRACE - Resolving type for handle strelationshipid1e94type
19:57:40.865 [main] TRACE - Resolving type for handle worksheetf539doctype
19:57:40.875 [main] TRACE - Resolving type for handle ctworksheet530dtype
19:57:40.899 [main] TRACE - Resolving type for handle ctcols627ctype
19:57:40.907 [main] TRACE - Resolving type for handle ctcola95ftype
19:57:40.944 [main] TRACE - Resolving type for handle ctsheetdata8408type
19:57:40.948 [main] TRACE - Resolving type for handle ctrowdd39type
19:57:40.957 [main] TRACE - Resolving type for handle ctcell842btype
19:57:40.967 [main] TRACE - Resolving type for handle stcellrefe4e0type
19:57:40.979 [main] TRACE - Resolving type for handle stxstringf179type
19:57:40.985 [main] TRACE - Resolving type for handle stcelltypebf95type
19:57:41.011 [main] TRACE - Resolving type for handle stcellstylexfid70c7type
19:57:41.018 [main] TRACE - Resolving type for handle ctsheetdimensiond310type
19:57:41.022 [main] TRACE - Resolving type for handle stref90a2type
19:57:41.056 [main] TRACE - Resolving type for handle propertiesee84doctype
19:57:41.060 [main] TRACE - Resolving type for handle ctproperties3f10type
19:57:41.069 [main] TRACE - Resolving type for handle properties288cdoctype
19:57:41.073 [main] TRACE - Resolving type for handle ctproperties2c18type
19:57:41.094 [main] DEBUG - Save content types part
19:57:41.205 [main] DEBUG - Save package relationships
19:57:41.211 [main] DEBUG - Save part 'docProps/app.xml'
19:57:41.212 [main] DEBUG - Save part 'docProps/core.xml'
19:57:41.219 [main] DEBUG - Save part 'xl/printerSettings/printerSettings1.bin'
19:57:41.220 [main] DEBUG - Save part 'xl/sharedStrings.xml'
19:57:41.222 [main] DEBUG - Save part 'xl/styles.xml'
19:57:41.223 [main] DEBUG - Save part 'xl/theme/theme1.xml'
19:57:41.224 [main] DEBUG - Save part 'xl/workbook.xml'
19:57:41.228 [main] DEBUG - Save part 'xl/worksheets/sheet1.xml'
19:58:58.381 [main] DEBUG - Parsing relationship: /xl/_rels/workbook.xml.rels
19:58:58.383 [main] DEBUG - Parsing relationship: /xl/worksheets/_rels/sheet1.xml.rels
19:58:58.385 [main] DEBUG - Parsing relationship: /_rels/.rels
19:58:58.420 [main] DEBUG - using default POIXMLDocumentPart for http://schemas.openxmlformats.org/officeDocument/2006/relationships/printerSettings
19:58:58.482 [main] DEBUG - Save content types part
19:58:58.487 [main] DEBUG - Save package relationships
19:58:58.490 [main] DEBUG - Save part 'docProps/app.xml'
19:58:58.491 [main] DEBUG - Save part 'docProps/core.xml'
19:58:58.496 [main] DEBUG - Save part 'xl/printerSettings/printerSettings1.bin'
19:58:58.497 [main] DEBUG - Save part 'xl/sharedStrings.xml'
19:58:58.498 [main] DEBUG - Save part 'xl/styles.xml'
19:58:58.499 [main] DEBUG - Save part 'xl/theme/theme1.xml'
19:58:58.500 [main] DEBUG - Save part 'xl/workbook.xml'
19:58:58.504 [main] DEBUG - Save part 'xl/worksheets/sheet1.xml'
20:03:47.178 [main] DEBUG - Parsing relationship: /xl/_rels/workbook.xml.rels
20:03:47.195 [main] DEBUG - Parsing relationship: /xl/worksheets/_rels/sheet1.xml.rels
20:03:47.198 [main] DEBUG - Parsing relationship: /_rels/.rels
20:03:47.639 [main] TRACE - Loading type system org.apache.poi.schemas.ooxml.system.ooxml
20:03:47.649 [main] TRACE - Loading type system org.apache.xmlbeans.metadata.system.sXMLCONFIG
20:03:47.651 [main] TRACE - Loading type system org.apache.xmlbeans.metadata.system.sXMLLANG
20:03:47.652 [main] TRACE - Loading type system org.apache.xmlbeans.metadata.system.sXMLSCHEMA
20:03:47.654 [main] TRACE - Loading type system org.apache.xmlbeans.metadata.system.sXMLTOOLS
20:03:47.658 [main] TRACE - Reading unresolved handles for type system org.apache.xmlbeans.metadata.system.sXMLTOOLS
20:03:47.689 [main] TRACE - Finished loading type system org.apache.xmlbeans.metadata.system.sXMLTOOLS
20:03:47.692 [main] TRACE - Reading unresolved handles for type system org.apache.xmlbeans.metadata.system.sXMLSCHEMA
20:03:47.703 [main] TRACE - Finished loading type system org.apache.xmlbeans.metadata.system.sXMLSCHEMA
20:03:47.706 [main] TRACE - Reading unresolved handles for type system org.apache.xmlbeans.metadata.system.sXMLLANG
20:03:47.708 [main] TRACE - Finished loading type system org.apache.xmlbeans.metadata.system.sXMLLANG
20:03:47.712 [main] TRACE - Reading unresolved handles for type system org.apache.xmlbeans.metadata.system.sXMLCONFIG
20:03:47.714 [main] TRACE - Finished loading type system org.apache.xmlbeans.metadata.system.sXMLCONFIG
20:03:47.718 [main] TRACE - Reading unresolved handles for type system org.apache.poi.schemas.ooxml.system.ooxml
20:03:47.860 [main] TRACE - Finished loading type system org.apache.poi.schemas.ooxml.system.ooxml
20:03:47.862 [main] TRACE - Resolving type for handle themefd26doctype
20:03:48.030 [main] TRACE - Resolving type for handle stylesheet5d8bdoctype
20:03:48.060 [main] TRACE - Resolving type for handle ctstylesheet4257type
20:03:48.072 [main] TRACE - Resolving type for handle ctnumfmtsb58btype
20:03:48.078 [main] TRACE - Resolving type for handle ctfonts6623type
20:03:48.086 [main] TRACE - Resolving type for handle ctfont14d8type
20:03:48.103 [main] TRACE - Resolving type for handle ctfills2c6ftype
20:03:48.109 [main] TRACE - Resolving type for handle ctfill550ctype
20:03:48.114 [main] TRACE - Resolving type for handle ctborders0d66type
20:03:48.120 [main] TRACE - Resolving type for handle ctborderf935type
20:03:48.128 [main] TRACE - Resolving type for handle ctcellxfs1322type
20:03:48.136 [main] TRACE - Resolving type for handle ctxf97f7type
20:03:48.145 [main] TRACE - Resolving type for handle ctcellstylexfsa81ftype
20:03:48.150 [main] TRACE - Resolving type for handle ctdxfsb26atype
20:03:48.156 [main] TRACE - Resolving type for handle cttablestyles872ftype
20:03:48.166 [main] TRACE - Resolving type for handle sstf81fdoctype
20:03:48.178 [main] TRACE - Resolving type for handle ctsst44f3type
20:03:48.206 [main] TRACE - Resolving type for handle ctrsta472type
20:03:48.264 [main] DEBUG - using default POIXMLDocumentPart for http://schemas.openxmlformats.org/officeDocument/2006/relationships/printerSettings
20:03:48.266 [main] TRACE - Resolving type for handle workbookec17doctype
20:03:48.274 [main] TRACE - Resolving type for handle ctworkbook83c3type
20:03:48.288 [main] TRACE - Resolving type for handle ctsheets49fdtype
20:03:48.294 [main] TRACE - Resolving type for handle ctsheet4dbetype
20:03:48.299 [main] TRACE - Resolving type for handle strelationshipid1e94type
20:03:48.304 [main] TRACE - Resolving type for handle worksheetf539doctype
20:03:48.320 [main] TRACE - Resolving type for handle ctworksheet530dtype
20:03:48.340 [main] TRACE - Resolving type for handle ctcols627ctype
20:03:48.351 [main] TRACE - Resolving type for handle ctcola95ftype
20:03:48.402 [main] TRACE - Resolving type for handle ctsheetdata8408type
20:03:48.408 [main] TRACE - Resolving type for handle ctrowdd39type
20:03:48.420 [main] TRACE - Resolving type for handle ctcell842btype
20:03:48.439 [main] TRACE - Resolving type for handle stcellrefe4e0type
20:03:48.457 [main] TRACE - Resolving type for handle stxstringf179type
20:03:48.466 [main] TRACE - Resolving type for handle stcelltypebf95type
20:03:48.500 [main] TRACE - Resolving type for handle stcellstylexfid70c7type
20:03:48.508 [main] TRACE - Resolving type for handle ctsheetdimensiond310type
20:03:48.511 [main] TRACE - Resolving type for handle stref90a2type
20:03:48.553 [main] TRACE - Resolving type for handle propertiesee84doctype
20:03:48.557 [main] TRACE - Resolving type for handle ctproperties3f10type
20:03:48.570 [main] TRACE - Resolving type for handle properties288cdoctype
20:03:48.573 [main] TRACE - Resolving type for handle ctproperties2c18type
20:03:48.601 [main] DEBUG - Save content types part
20:03:48.764 [main] DEBUG - Save package relationships
20:03:48.772 [main] DEBUG - Save part 'docProps/app.xml'
20:03:48.773 [main] DEBUG - Save part 'docProps/core.xml'
20:03:48.780 [main] DEBUG - Save part 'xl/printerSettings/printerSettings1.bin'
20:03:48.781 [main] DEBUG - Save part 'xl/sharedStrings.xml'
20:03:48.782 [main] DEBUG - Save part 'xl/styles.xml'
20:03:48.784 [main] DEBUG - Save part 'xl/theme/theme1.xml'
20:03:48.785 [main] DEBUG - Save part 'xl/workbook.xml'
20:03:48.790 [main] DEBUG - Save part 'xl/worksheets/sheet1.xml'
20:05:03.478 [main] DEBUG - Parsing relationship: /xl/_rels/workbook.xml.rels
20:05:03.481 [main] DEBUG - Parsing relationship: /xl/worksheets/_rels/sheet1.xml.rels
20:05:03.483 [main] DEBUG - Parsing relationship: /_rels/.rels
20:05:03.509 [main] DEBUG - using default POIXMLDocumentPart for http://schemas.openxmlformats.org/officeDocument/2006/relationships/printerSettings
20:05:03.565 [main] DEBUG - Save content types part
20:05:03.570 [main] DEBUG - Save package relationships
20:05:03.573 [main] DEBUG - Save part 'docProps/app.xml'
20:05:03.574 [main] DEBUG - Save part 'docProps/core.xml'
20:05:03.579 [main] DEBUG - Save part 'xl/printerSettings/printerSettings1.bin'
20:05:03.580 [main] DEBUG - Save part 'xl/sharedStrings.xml'
20:05:03.581 [main] DEBUG - Save part 'xl/styles.xml'
20:05:03.582 [main] DEBUG - Save part 'xl/theme/theme1.xml'
20:05:03.583 [main] DEBUG - Save part 'xl/workbook.xml'
20:05:03.587 [main] DEBUG - Save part 'xl/worksheets/sheet1.xml'
20:02:23.153 [main] DEBUG - Parsing relationship: /xl/_rels/workbook.xml.rels
20:02:23.170 [main] DEBUG - Parsing relationship: /xl/worksheets/_rels/sheet1.xml.rels
20:02:23.172 [main] DEBUG - Parsing relationship: /_rels/.rels
20:02:23.558 [main] TRACE - Loading type system org.apache.poi.schemas.ooxml.system.ooxml
20:02:23.565 [main] TRACE - Loading type system org.apache.xmlbeans.metadata.system.sXMLCONFIG
20:02:23.567 [main] TRACE - Loading type system org.apache.xmlbeans.metadata.system.sXMLLANG
20:02:23.568 [main] TRACE - Loading type system org.apache.xmlbeans.metadata.system.sXMLSCHEMA
20:02:23.569 [main] TRACE - Loading type system org.apache.xmlbeans.metadata.system.sXMLTOOLS
20:02:23.572 [main] TRACE - Reading unresolved handles for type system org.apache.xmlbeans.metadata.system.sXMLTOOLS
20:02:23.597 [main] TRACE - Finished loading type system org.apache.xmlbeans.metadata.system.sXMLTOOLS
20:02:23.600 [main] TRACE - Reading unresolved handles for type system org.apache.xmlbeans.metadata.system.sXMLSCHEMA
20:02:23.609 [main] TRACE - Finished loading type system org.apache.xmlbeans.metadata.system.sXMLSCHEMA
20:02:23.611 [main] TRACE - Reading unresolved handles for type system org.apache.xmlbeans.metadata.system.sXMLLANG
20:02:23.613 [main] TRACE - Finished loading type system org.apache.xmlbeans.metadata.system.sXMLLANG
20:02:23.616 [main] TRACE - Reading unresolved handles for type system org.apache.xmlbeans.metadata.system.sXMLCONFIG
20:02:23.617 [main] TRACE - Finished loading type system org.apache.xmlbeans.metadata.system.sXMLCONFIG
20:02:23.619 [main] TRACE - Reading unresolved handles for type system org.apache.poi.schemas.ooxml.system.ooxml
20:02:23.734 [main] TRACE - Finished loading type system org.apache.poi.schemas.ooxml.system.ooxml
20:02:23.735 [main] TRACE - Resolving type for handle themefd26doctype
20:02:23.960 [main] TRACE - Resolving type for handle stylesheet5d8bdoctype
20:02:23.975 [main] TRACE - Resolving type for handle ctstylesheet4257type
20:02:23.988 [main] TRACE - Resolving type for handle ctnumfmtsb58btype
20:02:23.996 [main] TRACE - Resolving type for handle ctfonts6623type
20:02:24.003 [main] TRACE - Resolving type for handle ctfont14d8type
20:02:24.022 [main] TRACE - Resolving type for handle ctfills2c6ftype
20:02:24.028 [main] TRACE - Resolving type for handle ctfill550ctype
20:02:24.034 [main] TRACE - Resolving type for handle ctborders0d66type
20:02:24.040 [main] TRACE - Resolving type for handle ctborderf935type
20:02:24.048 [main] TRACE - Resolving type for handle ctcellxfs1322type
20:02:24.056 [main] TRACE - Resolving type for handle ctxf97f7type
20:02:24.064 [main] TRACE - Resolving type for handle ctcellstylexfsa81ftype
20:02:24.070 [main] TRACE - Resolving type for handle ctdxfsb26atype
20:02:24.076 [main] TRACE - Resolving type for handle cttablestyles872ftype
20:02:24.084 [main] TRACE - Resolving type for handle sstf81fdoctype
20:02:24.096 [main] TRACE - Resolving type for handle ctsst44f3type
20:02:24.123 [main] TRACE - Resolving type for handle ctrsta472type
20:02:24.178 [main] DEBUG - using default POIXMLDocumentPart for http://schemas.openxmlformats.org/officeDocument/2006/relationships/printerSettings
20:02:24.181 [main] TRACE - Resolving type for handle workbookec17doctype
20:02:24.193 [main] TRACE - Resolving type for handle ctworkbook83c3type
20:02:24.206 [main] TRACE - Resolving type for handle ctsheets49fdtype
20:02:24.213 [main] TRACE - Resolving type for handle ctsheet4dbetype
20:02:24.220 [main] TRACE - Resolving type for handle strelationshipid1e94type
20:02:24.227 [main] TRACE - Resolving type for handle worksheetf539doctype
20:02:24.257 [main] TRACE - Resolving type for handle ctworksheet530dtype
20:02:24.284 [main] TRACE - Resolving type for handle ctcols627ctype
20:02:24.299 [main] TRACE - Resolving type for handle ctcola95ftype
20:02:24.361 [main] TRACE - Resolving type for handle ctsheetdata8408type
20:02:24.369 [main] TRACE - Resolving type for handle ctrowdd39type
20:02:24.386 [main] TRACE - Resolving type for handle ctcell842btype
20:02:24.411 [main] TRACE - Resolving type for handle stcellrefe4e0type
20:02:24.434 [main] TRACE - Resolving type for handle stxstringf179type
20:02:24.444 [main] TRACE - Resolving type for handle stcelltypebf95type
20:02:24.480 [main] TRACE - Resolving type for handle stcellstylexfid70c7type
20:02:24.490 [main] TRACE - Resolving type for handle ctsheetdimensiond310type
20:02:24.496 [main] TRACE - Resolving type for handle stref90a2type
20:02:24.552 [main] TRACE - Resolving type for handle propertiesee84doctype
20:02:24.557 [main] TRACE - Resolving type for handle ctproperties3f10type
20:02:24.574 [main] TRACE - Resolving type for handle properties288cdoctype
20:02:24.577 [main] TRACE - Resolving type for handle ctproperties2c18type
20:02:24.597 [main] DEBUG - Save content types part
20:02:24.713 [main] DEBUG - Save package relationships
20:02:24.720 [main] DEBUG - Save part 'docProps/app.xml'
20:02:24.721 [main] DEBUG - Save part 'docProps/core.xml'
20:02:24.727 [main] DEBUG - Save part 'xl/printerSettings/printerSettings1.bin'
20:02:24.728 [main] DEBUG - Save part 'xl/sharedStrings.xml'
20:02:24.729 [main] DEBUG - Save part 'xl/styles.xml'
20:02:24.730 [main] DEBUG - Save part 'xl/theme/theme1.xml'
20:02:24.731 [main] DEBUG - Save part 'xl/workbook.xml'
20:02:24.734 [main] DEBUG - Save part 'xl/worksheets/sheet1.xml'
20:02:37.234 [main] DEBUG - Parsing relationship: /xl/_rels/workbook.xml.rels
20:02:37.236 [main] DEBUG - Parsing relationship: /xl/worksheets/_rels/sheet1.xml.rels
20:02:37.238 [main] DEBUG - Parsing relationship: /_rels/.rels
20:02:37.268 [main] DEBUG - using default POIXMLDocumentPart for http://schemas.openxmlformats.org/officeDocument/2006/relationships/printerSettings
20:02:37.304 [main] DEBUG - Save content types part
20:02:37.308 [main] DEBUG - Save package relationships
20:02:37.310 [main] DEBUG - Save part 'docProps/app.xml'
20:02:37.310 [main] DEBUG - Save part 'docProps/core.xml'
20:02:37.313 [main] DEBUG - Save part 'xl/printerSettings/printerSettings1.bin'
20:02:37.313 [main] DEBUG - Save part 'xl/sharedStrings.xml'
20:02:37.314 [main] DEBUG - Save part 'xl/styles.xml'
20:02:37.314 [main] DEBUG - Save part 'xl/theme/theme1.xml'
20:02:37.315 [main] DEBUG - Save part 'xl/workbook.xml'
20:02:37.318 [main] DEBUG - Save part 'xl/worksheets/sheet1.xml'
20:04:24.896 [main] DEBUG - Parsing relationship: /xl/_rels/workbook.xml.rels
20:04:24.918 [main] DEBUG - Parsing relationship: /xl/worksheets/_rels/sheet1.xml.rels
20:04:24.922 [main] DEBUG - Parsing relationship: /_rels/.rels
20:04:25.490 [main] TRACE - Loading type system org.apache.poi.schemas.ooxml.system.ooxml
20:04:25.498 [main] TRACE - Loading type system org.apache.xmlbeans.metadata.system.sXMLCONFIG
20:04:25.499 [main] TRACE - Loading type system org.apache.xmlbeans.metadata.system.sXMLLANG
20:04:25.501 [main] TRACE - Loading type system org.apache.xmlbeans.metadata.system.sXMLSCHEMA
20:04:25.501 [main] TRACE - Loading type system org.apache.xmlbeans.metadata.system.sXMLTOOLS
20:04:25.504 [main] TRACE - Reading unresolved handles for type system org.apache.xmlbeans.metadata.system.sXMLTOOLS
20:04:25.528 [main] TRACE - Finished loading type system org.apache.xmlbeans.metadata.system.sXMLTOOLS
20:04:25.531 [main] TRACE - Reading unresolved handles for type system org.apache.xmlbeans.metadata.system.sXMLSCHEMA
20:04:25.545 [main] TRACE - Finished loading type system org.apache.xmlbeans.metadata.system.sXMLSCHEMA
20:04:25.548 [main] TRACE - Reading unresolved handles for type system org.apache.xmlbeans.metadata.system.sXMLLANG
20:04:25.550 [main] TRACE - Finished loading type system org.apache.xmlbeans.metadata.system.sXMLLANG
20:04:25.553 [main] TRACE - Reading unresolved handles for type system org.apache.xmlbeans.metadata.system.sXMLCONFIG
20:04:25.556 [main] TRACE - Finished loading type system org.apache.xmlbeans.metadata.system.sXMLCONFIG
20:04:25.559 [main] TRACE - Reading unresolved handles for type system org.apache.poi.schemas.ooxml.system.ooxml
20:04:25.671 [main] TRACE - Finished loading type system org.apache.poi.schemas.ooxml.system.ooxml
20:04:25.673 [main] TRACE - Resolving type for handle themefd26doctype
20:04:25.825 [main] TRACE - Resolving type for handle stylesheet5d8bdoctype
20:04:25.840 [main] TRACE - Resolving type for handle ctstylesheet4257type
20:04:25.851 [main] TRACE - Resolving type for handle ctnumfmtsb58btype
20:04:25.858 [main] TRACE - Resolving type for handle ctfonts6623type
20:04:25.877 [main] TRACE - Resolving type for handle ctfont14d8type
20:04:25.892 [main] TRACE - Resolving type for handle ctfills2c6ftype
20:04:25.898 [main] TRACE - Resolving type for handle ctfill550ctype
20:04:25.903 [main] TRACE - Resolving type for handle ctborders0d66type
20:04:25.909 [main] TRACE - Resolving type for handle ctborderf935type
20:04:25.917 [main] TRACE - Resolving type for handle ctcellxfs1322type
20:04:25.924 [main] TRACE - Resolving type for handle ctxf97f7type
20:04:25.932 [main] TRACE - Resolving type for handle ctcellstylexfsa81ftype
20:04:25.936 [main] TRACE - Resolving type for handle ctdxfsb26atype
20:04:25.943 [main] TRACE - Resolving type for handle cttablestyles872ftype
