18:00:47.764 [main] TRACE - Finished loading type system org.apache.xmlbeans.metadata.system.sXMLLANG
18:00:47.784 [main] TRACE - Reading unresolved handles for type system org.apache.xmlbeans.metadata.system.sXMLCONFIG
18:00:47.786 [main] TRACE - Finished loading type system org.apache.xmlbeans.metadata.system.sXMLCONFIG
18:00:47.790 [main] TRACE - Reading unresolved handles for type system org.apache.poi.schemas.ooxml.system.ooxml
18:00:47.936 [main] TRACE - Finished loading type system org.apache.poi.schemas.ooxml.system.ooxml
18:00:47.938 [main] TRACE - Resolving type for handle themefd26doctype
18:00:48.105 [main] TRACE - Resolving type for handle stylesheet5d8bdoctype
18:00:48.132 [main] TRACE - Resolving type for handle ctstylesheet4257type
18:00:48.143 [main] TRACE - Resolving type for handle ctnumfmtsb58btype
18:00:48.151 [main] TRACE - Resolving type for handle ctfonts6623type
18:00:48.159 [main] TRACE - Resolving type for handle ctfont14d8type
18:00:48.184 [main] TRACE - Resolving type for handle ctfills2c6ftype
18:00:48.192 [main] TRACE - Resolving type for handle ctfill550ctype
18:00:48.198 [main] TRACE - Resolving type for handle ctborders0d66type
18:00:48.206 [main] TRACE - Resolving type for handle ctborderf935type
18:00:48.216 [main] TRACE - Resolving type for handle ctcellxfs1322type
18:00:48.226 [main] TRACE - Resolving type for handle ctxf97f7type
18:00:48.236 [main] TRACE - Resolving type for handle ctcellstylexfsa81ftype
18:00:48.241 [main] TRACE - Resolving type for handle ctdxfsb26atype
18:00:48.250 [main] TRACE - Resolving type for handle cttablestyles872ftype
18:00:48.259 [main] TRACE - Resolving type for handle sstf81fdoctype
18:00:48.273 [main] TRACE - Resolving type for handle ctsst44f3type
18:00:48.300 [main] TRACE - Resolving type for handle ctrsta472type
18:00:48.350 [main] DEBUG - using default POIXMLDocumentPart for http://schemas.openxmlformats.org/officeDocument/2006/relationships/printerSettings
18:00:48.352 [main] TRACE - Resolving type for handle workbookec17doctype
18:00:48.362 [main] TRACE - Resolving type for handle ctworkbook83c3type
18:00:48.375 [main] TRACE - Resolving type for handle ctsheets49fdtype
18:00:48.380 [main] TRACE - Resolving type for handle ctsheet4dbetype
18:00:48.385 [main] TRACE - Resolving type for handle strelationshipid1e94type
18:00:48.391 [main] TRACE - Resolving type for handle worksheetf539doctype
18:00:48.406 [main] TRACE - Resolving type for handle ctworksheet530dtype
18:00:48.427 [main] TRACE - Resolving type for handle ctcols627ctype
18:00:48.437 [main] TRACE - Resolving type for handle ctcola95ftype
18:00:48.484 [main] TRACE - Resolving type for handle ctsheetdata8408type
18:00:48.491 [main] TRACE - Resolving type for handle ctrowdd39type
18:00:48.503 [main] TRACE - Resolving type for handle ctcell842btype
18:00:48.520 [main] TRACE - Resolving type for handle stcellrefe4e0type
18:00:48.540 [main] TRACE - Resolving type for handle stxstringf179type
18:00:48.549 [main] TRACE - Resolving type for handle stcelltypebf95type
18:00:48.581 [main] TRACE - Resolving type for handle stcellstylexfid70c7type
18:00:48.594 [main] TRACE - Resolving type for handle ctsheetdimensiond310type
18:00:48.600 [main] TRACE - Resolving type for handle stref90a2type
18:00:48.650 [main] TRACE - Resolving type for handle propertiesee84doctype
18:00:48.653 [main] TRACE - Resolving type for handle ctproperties3f10type
18:00:48.668 [main] TRACE - Resolving type for handle properties288cdoctype
18:00:48.671 [main] TRACE - Resolving type for handle ctproperties2c18type
18:00:48.699 [main] DEBUG - Save content types part
18:00:48.833 [main] DEBUG - Save package relationships
18:00:48.841 [main] DEBUG - Save part 'docProps/app.xml'
18:00:48.843 [main] DEBUG - Save part 'docProps/core.xml'
18:00:48.850 [main] DEBUG - Save part 'xl/printerSettings/printerSettings1.bin'
18:00:48.851 [main] DEBUG - Save part 'xl/sharedStrings.xml'
18:00:48.852 [main] DEBUG - Save part 'xl/styles.xml'
18:00:48.853 [main] DEBUG - Save part 'xl/theme/theme1.xml'
18:00:48.855 [main] DEBUG - Save part 'xl/workbook.xml'
18:00:48.860 [main] DEBUG - Save part 'xl/worksheets/sheet1.xml'
18:05:17.879 [main] DEBUG - Parsing relationship: /xl/_rels/workbook.xml.rels
18:05:17.896 [main] DEBUG - Parsing relationship: /xl/worksheets/_rels/sheet1.xml.rels
18:05:17.899 [main] DEBUG - Parsing relationship: /_rels/.rels
18:05:18.361 [main] TRACE - Loading type system org.apache.poi.schemas.ooxml.system.ooxml
18:05:18.367 [main] TRACE - Loading type system org.apache.xmlbeans.metadata.system.sXMLCONFIG
18:05:18.369 [main] TRACE - Loading type system org.apache.xmlbeans.metadata.system.sXMLLANG
18:05:18.371 [main] TRACE - Loading type system org.apache.xmlbeans.metadata.system.sXMLSCHEMA
18:05:18.372 [main] TRACE - Loading type system org.apache.xmlbeans.metadata.system.sXMLTOOLS
18:05:18.375 [main] TRACE - Reading unresolved handles for type system org.apache.xmlbeans.metadata.system.sXMLTOOLS
18:05:18.403 [main] TRACE - Finished loading type system org.apache.xmlbeans.metadata.system.sXMLTOOLS
18:05:18.405 [main] TRACE - Reading unresolved handles for type system org.apache.xmlbeans.metadata.system.sXMLSCHEMA
18:05:18.418 [main] TRACE - Finished loading type system org.apache.xmlbeans.metadata.system.sXMLSCHEMA
18:05:18.422 [main] TRACE - Reading unresolved handles for type system org.apache.xmlbeans.metadata.system.sXMLLANG
18:05:18.424 [main] TRACE - Finished loading type system org.apache.xmlbeans.metadata.system.sXMLLANG
18:05:18.428 [main] TRACE - Reading unresolved handles for type system org.apache.xmlbeans.metadata.system.sXMLCONFIG
18:05:18.430 [main] TRACE - Finished loading type system org.apache.xmlbeans.metadata.system.sXMLCONFIG
18:05:18.433 [main] TRACE - Reading unresolved handles for type system org.apache.poi.schemas.ooxml.system.ooxml
18:05:18.572 [main] TRACE - Finished loading type system org.apache.poi.schemas.ooxml.system.ooxml
18:05:18.574 [main] TRACE - Resolving type for handle themefd26doctype
18:05:18.738 [main] TRACE - Resolving type for handle stylesheet5d8bdoctype
18:05:18.759 [main] TRACE - Resolving type for handle ctstylesheet4257type
18:05:18.778 [main] TRACE - Resolving type for handle ctnumfmtsb58btype
18:05:18.789 [main] TRACE - Resolving type for handle ctfonts6623type
18:05:18.800 [main] TRACE - Resolving type for handle ctfont14d8type
18:05:18.820 [main] TRACE - Resolving type for handle ctfills2c6ftype
18:05:18.830 [main] TRACE - Resolving type for handle ctfill550ctype
18:05:18.836 [main] TRACE - Resolving type for handle ctborders0d66type
18:05:18.844 [main] TRACE - Resolving type for handle ctborderf935type
18:05:18.856 [main] TRACE - Resolving type for handle ctcellxfs1322type
18:05:18.867 [main] TRACE - Resolving type for handle ctxf97f7type
18:05:18.876 [main] TRACE - Resolving type for handle ctcellstylexfsa81ftype
18:05:18.886 [main] TRACE - Resolving type for handle ctdxfsb26atype
18:05:18.897 [main] TRACE - Resolving type for handle cttablestyles872ftype
18:05:18.911 [main] TRACE - Resolving type for handle sstf81fdoctype
18:05:18.923 [main] TRACE - Resolving type for handle ctsst44f3type
18:05:18.963 [main] TRACE - Resolving type for handle ctrsta472type
18:05:19.014 [main] DEBUG - using default POIXMLDocumentPart for http://schemas.openxmlformats.org/officeDocument/2006/relationships/printerSettings
18:05:19.017 [main] TRACE - Resolving type for handle workbookec17doctype
18:05:19.029 [main] TRACE - Resolving type for handle ctworkbook83c3type
18:05:19.047 [main] TRACE - Resolving type for handle ctsheets49fdtype
18:05:19.053 [main] TRACE - Resolving type for handle ctsheet4dbetype
18:05:19.059 [main] TRACE - Resolving type for handle strelationshipid1e94type
18:05:19.065 [main] TRACE - Resolving type for handle worksheetf539doctype
18:05:19.080 [main] TRACE - Resolving type for handle ctworksheet530dtype
18:05:19.099 [main] TRACE - Resolving type for handle ctcols627ctype
18:05:19.109 [main] TRACE - Resolving type for handle ctcola95ftype
18:05:19.156 [main] TRACE - Resolving type for handle ctsheetdata8408type
18:05:19.164 [main] TRACE - Resolving type for handle ctrowdd39type
18:05:19.174 [main] TRACE - Resolving type for handle ctcell842btype
18:05:19.188 [main] TRACE - Resolving type for handle stcellrefe4e0type
18:05:19.204 [main] TRACE - Resolving type for handle stxstringf179type
18:05:19.211 [main] TRACE - Resolving type for handle stcelltypebf95type
18:05:19.239 [main] TRACE - Resolving type for handle stcellstylexfid70c7type
18:05:19.248 [main] TRACE - Resolving type for handle ctsheetdimensiond310type
18:05:19.251 [main] TRACE - Resolving type for handle stref90a2type
18:05:19.299 [main] TRACE - Resolving type for handle propertiesee84doctype
18:05:19.304 [main] TRACE - Resolving type for handle ctproperties3f10type
18:05:19.319 [main] TRACE - Resolving type for handle properties288cdoctype
18:05:19.324 [main] TRACE - Resolving type for handle ctproperties2c18type
18:05:19.368 [main] DEBUG - Save content types part
18:05:19.522 [main] DEBUG - Save package relationships
18:05:19.528 [main] DEBUG - Save part 'docProps/app.xml'
18:05:19.529 [main] DEBUG - Save part 'docProps/core.xml'
18:05:19.536 [main] DEBUG - Save part 'xl/printerSettings/printerSettings1.bin'
18:05:19.537 [main] DEBUG - Save part 'xl/sharedStrings.xml'
18:05:19.538 [main] DEBUG - Save part 'xl/styles.xml'
18:05:19.539 [main] DEBUG - Save part 'xl/theme/theme1.xml'
18:05:19.540 [main] DEBUG - Save part 'xl/workbook.xml'
18:05:19.544 [main] DEBUG - Save part 'xl/worksheets/sheet1.xml'
18:09:06.903 [main] DEBUG - Parsing relationship: /xl/_rels/workbook.xml.rels
18:09:06.922 [main] DEBUG - Parsing relationship: /xl/worksheets/_rels/sheet1.xml.rels
18:09:06.925 [main] DEBUG - Parsing relationship: /_rels/.rels
18:09:07.394 [main] TRACE - Loading type system org.apache.poi.schemas.ooxml.system.ooxml
18:09:07.402 [main] TRACE - Loading type system org.apache.xmlbeans.metadata.system.sXMLCONFIG
18:09:07.405 [main] TRACE - Loading type system org.apache.xmlbeans.metadata.system.sXMLLANG
18:09:07.407 [main] TRACE - Loading type system org.apache.xmlbeans.metadata.system.sXMLSCHEMA
18:09:07.408 [main] TRACE - Loading type system org.apache.xmlbeans.metadata.system.sXMLTOOLS
18:09:07.414 [main] TRACE - Reading unresolved handles for type system org.apache.xmlbeans.metadata.system.sXMLTOOLS
18:09:07.463 [main] TRACE - Finished loading type system org.apache.xmlbeans.metadata.system.sXMLTOOLS
18:09:07.468 [main] TRACE - Reading unresolved handles for type system org.apache.xmlbeans.metadata.system.sXMLSCHEMA
18:09:07.485 [main] TRACE - Finished loading type system org.apache.xmlbeans.metadata.system.sXMLSCHEMA
18:09:07.489 [main] TRACE - Reading unresolved handles for type system org.apache.xmlbeans.metadata.system.sXMLLANG
18:09:07.492 [main] TRACE - Finished loading type system org.apache.xmlbeans.metadata.system.sXMLLANG
18:09:07.496 [main] TRACE - Reading unresolved handles for type system org.apache.xmlbeans.metadata.system.sXMLCONFIG
18:09:07.498 [main] TRACE - Finished loading type system org.apache.xmlbeans.metadata.system.sXMLCONFIG
18:09:07.502 [main] TRACE - Reading unresolved handles for type system org.apache.poi.schemas.ooxml.system.ooxml
18:09:07.602 [main] TRACE - Finished loading type system org.apache.poi.schemas.ooxml.system.ooxml
18:09:07.603 [main] TRACE - Resolving type for handle themefd26doctype
18:09:07.705 [main] TRACE - Resolving type for handle stylesheet5d8bdoctype
18:09:07.717 [main] TRACE - Resolving type for handle ctstylesheet4257type
18:09:07.724 [main] TRACE - Resolving type for handle ctnumfmtsb58btype
18:09:07.730 [main] TRACE - Resolving type for handle ctfonts6623type
18:09:07.736 [main] TRACE - Resolving type for handle ctfont14d8type
18:09:07.745 [main] TRACE - Resolving type for handle ctfills2c6ftype
18:09:07.748 [main] TRACE - Resolving type for handle ctfill550ctype
18:09:07.753 [main] TRACE - Resolving type for handle ctborders0d66type
18:09:07.758 [main] TRACE - Resolving type for handle ctborderf935type
18:09:07.764 [main] TRACE - Resolving type for handle ctcellxfs1322type
18:09:07.771 [main] TRACE - Resolving type for handle ctxf97f7type
18:09:07.776 [main] TRACE - Resolving type for handle ctcellstylexfsa81ftype
18:09:07.779 [main] TRACE - Resolving type for handle ctdxfsb26atype
18:09:07.782 [main] TRACE - Resolving type for handle cttablestyles872ftype
18:09:07.788 [main] TRACE - Resolving type for handle sstf81fdoctype
18:09:07.795 [main] TRACE - Resolving type for handle ctsst44f3type
18:09:07.815 [main] TRACE - Resolving type for handle ctrsta472type
18:09:07.871 [main] DEBUG - using default POIXMLDocumentPart for http://schemas.openxmlformats.org/officeDocument/2006/relationships/printerSettings
18:09:07.873 [main] TRACE - Resolving type for handle workbookec17doctype
18:09:07.880 [main] TRACE - Resolving type for handle ctworkbook83c3type
18:09:07.889 [main] TRACE - Resolving type for handle ctsheets49fdtype
18:09:07.893 [main] TRACE - Resolving type for handle ctsheet4dbetype
18:09:07.896 [main] TRACE - Resolving type for handle strelationshipid1e94type
18:09:07.900 [main] TRACE - Resolving type for handle worksheetf539doctype
18:09:07.909 [main] TRACE - Resolving type for handle ctworksheet530dtype
18:09:07.924 [main] TRACE - Resolving type for handle ctcols627ctype
18:09:07.930 [main] TRACE - Resolving type for handle ctcola95ftype
18:09:07.960 [main] TRACE - Resolving type for handle ctsheetdata8408type
18:09:07.965 [main] TRACE - Resolving type for handle ctrowdd39type
18:09:07.973 [main] TRACE - Resolving type for handle ctcell842btype
18:09:07.987 [main] TRACE - Resolving type for handle stcellrefe4e0type
18:09:08.000 [main] TRACE - Resolving type for handle stxstringf179type
18:09:08.006 [main] TRACE - Resolving type for handle stcelltypebf95type
18:09:08.028 [main] TRACE - Resolving type for handle stcellstylexfid70c7type
18:09:08.036 [main] TRACE - Resolving type for handle ctsheetdimensiond310type
18:09:08.038 [main] TRACE - Resolving type for handle stref90a2type
18:09:08.068 [main] TRACE - Resolving type for handle propertiesee84doctype
18:09:08.071 [main] TRACE - Resolving type for handle ctproperties3f10type
18:09:08.082 [main] TRACE - Resolving type for handle properties288cdoctype
18:09:08.085 [main] TRACE - Resolving type for handle ctproperties2c18type
18:09:08.101 [main] DEBUG - Save content types part
18:09:08.189 [main] DEBUG - Save package relationships
18:09:08.195 [main] DEBUG - Save part 'docProps/app.xml'
18:09:08.196 [main] DEBUG - Save part 'docProps/core.xml'
18:09:08.201 [main] DEBUG - Save part 'xl/printerSettings/printerSettings1.bin'
18:09:08.201 [main] DEBUG - Save part 'xl/sharedStrings.xml'
18:09:08.202 [main] DEBUG - Save part 'xl/styles.xml'
18:09:08.202 [main] DEBUG - Save part 'xl/theme/theme1.xml'
18:09:08.203 [main] DEBUG - Save part 'xl/workbook.xml'
18:09:08.206 [main] DEBUG - Save part 'xl/worksheets/sheet1.xml'
18:10:41.852 [main] DEBUG - Parsing relationship: /xl/_rels/workbook.xml.rels
18:10:41.866 [main] DEBUG - Parsing relationship: /xl/worksheets/_rels/sheet1.xml.rels
18:10:41.868 [main] DEBUG - Parsing relationship: /_rels/.rels
18:10:42.339 [main] TRACE - Loading type system org.apache.poi.schemas.ooxml.system.ooxml
18:10:42.347 [main] TRACE - Loading type system org.apache.xmlbeans.metadata.system.sXMLCONFIG
18:10:42.350 [main] TRACE - Loading type system org.apache.xmlbeans.metadata.system.sXMLLANG
18:10:42.351 [main] TRACE - Loading type system org.apache.xmlbeans.metadata.system.sXMLSCHEMA
18:10:42.352 [main] TRACE - Loading type system org.apache.xmlbeans.metadata.system.sXMLTOOLS
18:10:42.355 [main] TRACE - Reading unresolved handles for type system org.apache.xmlbeans.metadata.system.sXMLTOOLS
18:10:42.379 [main] TRACE - Finished loading type system org.apache.xmlbeans.metadata.system.sXMLTOOLS
18:10:42.383 [main] TRACE - Reading unresolved handles for type system org.apache.xmlbeans.metadata.system.sXMLSCHEMA
18:10:42.391 [main] TRACE - Finished loading type system org.apache.xmlbeans.metadata.system.sXMLSCHEMA
18:10:42.395 [main] TRACE - Reading unresolved handles for type system org.apache.xmlbeans.metadata.system.sXMLLANG
18:10:42.397 [main] TRACE - Finished loading type system org.apache.xmlbeans.metadata.system.sXMLLANG
18:10:42.400 [main] TRACE - Reading unresolved handles for type system org.apache.xmlbeans.metadata.system.sXMLCONFIG
18:10:42.403 [main] TRACE - Finished loading type system org.apache.xmlbeans.metadata.system.sXMLCONFIG
18:10:42.406 [main] TRACE - Reading unresolved handles for type system org.apache.poi.schemas.ooxml.system.ooxml
18:10:42.526 [main] TRACE - Finished loading type system org.apache.poi.schemas.ooxml.system.ooxml
18:10:42.528 [main] TRACE - Resolving type for handle themefd26doctype
18:10:42.656 [main] TRACE - Resolving type for handle stylesheet5d8bdoctype
18:10:42.671 [main] TRACE - Resolving type for handle ctstylesheet4257type
18:10:42.683 [main] TRACE - Resolving type for handle ctnumfmtsb58btype
18:10:42.689 [main] TRACE - Resolving type for handle ctfonts6623type
18:10:42.696 [main] TRACE - Resolving type for handle ctfont14d8type
18:10:42.714 [main] TRACE - Resolving type for handle ctfills2c6ftype
18:10:42.720 [main] TRACE - Resolving type for handle ctfill550ctype
18:10:42.725 [main] TRACE - Resolving type for handle ctborders0d66type
18:10:42.731 [main] TRACE - Resolving type for handle ctborderf935type
18:10:42.739 [main] TRACE - Resolving type for handle ctcellxfs1322type
18:10:42.746 [main] TRACE - Resolving type for handle ctxf97f7type
18:10:42.754 [main] TRACE - Resolving type for handle ctcellstylexfsa81ftype
18:10:42.759 [main] TRACE - Resolving type for handle ctdxfsb26atype
18:10:42.764 [main] TRACE - Resolving type for handle cttablestyles872ftype
18:10:42.772 [main] TRACE - Resolving type for handle sstf81fdoctype
18:10:42.783 [main] TRACE - Resolving type for handle ctsst44f3type
18:10:42.800 [main] TRACE - Resolving type for handle ctrsta472type
18:10:42.855 [main] DEBUG - using default POIXMLDocumentPart for http://schemas.openxmlformats.org/officeDocument/2006/relationships/printerSettings
18:10:42.858 [main] TRACE - Resolving type for handle workbookec17doctype
18:10:42.868 [main] TRACE - Resolving type for handle ctworkbook83c3type
18:10:42.880 [main] TRACE - Resolving type for handle ctsheets49fdtype
18:10:42.885 [main] TRACE - Resolving type for handle ctsheet4dbetype
18:10:42.890 [main] TRACE - Resolving type for handle strelationshipid1e94type
18:10:42.896 [main] TRACE - Resolving type for handle worksheetf539doctype
18:10:42.910 [main] TRACE - Resolving type for handle ctworksheet530dtype
18:10:42.929 [main] TRACE - Resolving type for handle ctcols627ctype
18:10:42.937 [main] TRACE - Resolving type for handle ctcola95ftype
18:10:42.979 [main] TRACE - Resolving type for handle ctsheetdata8408type
18:10:42.987 [main] TRACE - Resolving type for handle ctrowdd39type
18:10:43.002 [main] TRACE - Resolving type for handle ctcell842btype
18:10:43.016 [main] TRACE - Resolving type for handle stcellrefe4e0type
18:10:43.035 [main] TRACE - Resolving type for handle stxstringf179type
18:10:43.045 [main] TRACE - Resolving type for handle stcelltypebf95type
18:10:43.082 [main] TRACE - Resolving type for handle stcellstylexfid70c7type
18:10:43.093 [main] TRACE - Resolving type for handle ctsheetdimensiond310type
18:10:43.098 [main] TRACE - Resolving type for handle stref90a2type
18:10:43.156 [main] TRACE - Resolving type for handle propertiesee84doctype
18:10:43.163 [main] TRACE - Resolving type for handle ctproperties3f10type
18:10:43.190 [main] TRACE - Resolving type for handle properties288cdoctype
18:10:43.194 [main] TRACE - Resolving type for handle ctproperties2c18type
18:10:43.230 [main] DEBUG - Save content types part
18:10:43.370 [main] DEBUG - Save package relationships
18:10:43.375 [main] DEBUG - Save part 'docProps/app.xml'
18:10:43.376 [main] DEBUG - Save part 'docProps/core.xml'
18:10:43.382 [main] DEBUG - Save part 'xl/printerSettings/printerSettings1.bin'
18:10:43.383 [main] DEBUG - Save part 'xl/sharedStrings.xml'
18:10:43.384 [main] DEBUG - Save part 'xl/styles.xml'
18:10:43.385 [main] DEBUG - Save part 'xl/theme/theme1.xml'
18:10:43.387 [main] DEBUG - Save part 'xl/workbook.xml'
18:10:43.391 [main] DEBUG - Save part 'xl/worksheets/sheet1.xml'
18:30:58.767 [main] DEBUG - Parsing relationship: /xl/_rels/workbook.xml.rels
18:30:58.784 [main] DEBUG - Parsing relationship: /xl/worksheets/_rels/sheet1.xml.rels
18:30:58.787 [main] DEBUG - Parsing relationship: /_rels/.rels
18:30:59.205 [main] TRACE - Loading type system org.apache.poi.schemas.ooxml.system.ooxml
18:30:59.213 [main] TRACE - Loading type system org.apache.xmlbeans.metadata.system.sXMLCONFIG
18:30:59.216 [main] TRACE - Loading type system org.apache.xmlbeans.metadata.system.sXMLLANG
18:30:59.218 [main] TRACE - Loading type system org.apache.xmlbeans.metadata.system.sXMLSCHEMA
18:30:59.219 [main] TRACE - Loading type system org.apache.xmlbeans.metadata.system.sXMLTOOLS
18:30:59.223 [main] TRACE - Reading unresolved handles for type system org.apache.xmlbeans.metadata.system.sXMLTOOLS
18:30:59.249 [main] TRACE - Finished loading type system org.apache.xmlbeans.metadata.system.sXMLTOOLS
18:30:59.252 [main] TRACE - Reading unresolved handles for type system org.apache.xmlbeans.metadata.system.sXMLSCHEMA
18:30:59.264 [main] TRACE - Finished loading type system org.apache.xmlbeans.metadata.system.sXMLSCHEMA
18:30:59.267 [main] TRACE - Reading unresolved handles for type system org.apache.xmlbeans.metadata.system.sXMLLANG
18:30:59.270 [main] TRACE - Finished loading type system org.apache.xmlbeans.metadata.system.sXMLLANG
18:30:59.273 [main] TRACE - Reading unresolved handles for type system org.apache.xmlbeans.metadata.system.sXMLCONFIG
18:30:59.275 [main] TRACE - Finished loading type system org.apache.xmlbeans.metadata.system.sXMLCONFIG
18:30:59.279 [main] TRACE - Reading unresolved handles for type system org.apache.poi.schemas.ooxml.system.ooxml
18:30:59.405 [main] TRACE - Finished loading type system org.apache.poi.schemas.ooxml.system.ooxml
18:30:59.406 [main] TRACE - Resolving type for handle themefd26doctype
18:30:59.555 [main] TRACE - Resolving type for handle stylesheet5d8bdoctype
18:30:59.571 [main] TRACE - Resolving type for handle ctstylesheet4257type
18:30:59.583 [main] TRACE - Resolving type for handle ctnumfmtsb58btype
18:30:59.588 [main] TRACE - Resolving type for handle ctfonts6623type
18:30:59.594 [main] TRACE - Resolving type for handle ctfont14d8type
18:30:59.628 [main] TRACE - Resolving type for handle ctfills2c6ftype
18:30:59.635 [main] TRACE - Resolving type for handle ctfill550ctype
18:30:59.641 [main] TRACE - Resolving type for handle ctborders0d66type
18:30:59.659 [main] TRACE - Resolving type for handle ctborderf935type
18:30:59.668 [main] TRACE - Resolving type for handle ctcellxfs1322type
18:30:59.676 [main] TRACE - Resolving type for handle ctxf97f7type
18:30:59.684 [main] TRACE - Resolving type for handle ctcellstylexfsa81ftype
18:30:59.689 [main] TRACE - Resolving type for handle ctdxfsb26atype
18:30:59.695 [main] TRACE - Resolving type for handle cttablestyles872ftype
18:30:59.704 [main] TRACE - Resolving type for handle sstf81fdoctype
18:30:59.714 [main] TRACE - Resolving type for handle ctsst44f3type
18:30:59.734 [main] TRACE - Resolving type for handle ctrsta472type
18:30:59.782 [main] DEBUG - using default POIXMLDocumentPart for http://schemas.openxmlformats.org/officeDocument/2006/relationships/printerSettings
18:30:59.785 [main] TRACE - Resolving type for handle workbookec17doctype
18:30:59.796 [main] TRACE - Resolving type for handle ctworkbook83c3type
18:30:59.807 [main] TRACE - Resolving type for handle ctsheets49fdtype
18:30:59.813 [main] TRACE - Resolving type for handle ctsheet4dbetype
18:30:59.818 [main] TRACE - Resolving type for handle strelationshipid1e94type
18:30:59.823 [main] TRACE - Resolving type for handle worksheetf539doctype
18:30:59.833 [main] TRACE - Resolving type for handle ctworksheet530dtype
18:30:59.853 [main] TRACE - Resolving type for handle ctcols627ctype
18:30:59.861 [main] TRACE - Resolving type for handle ctcola95ftype
18:30:59.906 [main] TRACE - Resolving type for handle ctsheetdata8408type
18:30:59.912 [main] TRACE - Resolving type for handle ctrowdd39type
18:30:59.921 [main] TRACE - Resolving type for handle ctcell842btype
18:30:59.943 [main] TRACE - Resolving type for handle stcellrefe4e0type
18:30:59.969 [main] TRACE - Resolving type for handle stxstringf179type
18:30:59.980 [main] TRACE - Resolving type for handle stcelltypebf95type
18:31:00.022 [main] TRACE - Resolving type for handle stcellstylexfid70c7type
18:31:00.035 [main] TRACE - Resolving type for handle ctsheetdimensiond310type
18:31:00.039 [main] TRACE - Resolving type for handle stref90a2type
18:31:00.086 [main] TRACE - Resolving type for handle propertiesee84doctype
18:31:00.090 [main] TRACE - Resolving type for handle ctproperties3f10type
18:31:00.108 [main] TRACE - Resolving type for handle properties288cdoctype
18:31:00.113 [main] TRACE - Resolving type for handle ctproperties2c18type
18:31:00.150 [main] DEBUG - Save content types part
18:31:00.326 [main] DEBUG - Save package relationships
18:31:00.332 [main] DEBUG - Save part 'docProps/app.xml'
18:31:00.333 [main] DEBUG - Save part 'docProps/core.xml'
18:31:00.342 [main] DEBUG - Save part 'xl/printerSettings/printerSettings1.bin'
18:31:00.343 [main] DEBUG - Save part 'xl/sharedStrings.xml'
18:31:00.344 [main] DEBUG - Save part 'xl/styles.xml'
18:31:00.344 [main] DEBUG - Save part 'xl/theme/theme1.xml'
18:31:00.345 [main] DEBUG - Save part 'xl/workbook.xml'
18:31:00.350 [main] DEBUG - Save part 'xl/worksheets/sheet1.xml'
18:32:11.421 [main] DEBUG - Parsing relationship: /xl/_rels/workbook.xml.rels
18:32:11.440 [main] DEBUG - Parsing relationship: /xl/worksheets/_rels/sheet1.xml.rels
18:32:11.442 [main] DEBUG - Parsing relationship: /_rels/.rels
18:32:11.855 [main] TRACE - Loading type system org.apache.poi.schemas.ooxml.system.ooxml
18:32:11.862 [main] TRACE - Loading type system org.apache.xmlbeans.metadata.system.sXMLCONFIG
18:32:11.864 [main] TRACE - Loading type system org.apache.xmlbeans.metadata.system.sXMLLANG
18:32:11.865 [main] TRACE - Loading type system org.apache.xmlbeans.metadata.system.sXMLSCHEMA
18:32:11.866 [main] TRACE - Loading type system org.apache.xmlbeans.metadata.system.sXMLTOOLS
18:32:11.869 [main] TRACE - Reading unresolved handles for type system org.apache.xmlbeans.metadata.system.sXMLTOOLS
18:32:11.901 [main] TRACE - Finished loading type system org.apache.xmlbeans.metadata.system.sXMLTOOLS
18:32:11.904 [main] TRACE - Reading unresolved handles for type system org.apache.xmlbeans.metadata.system.sXMLSCHEMA
18:32:11.915 [main] TRACE - Finished loading type system org.apache.xmlbeans.metadata.system.sXMLSCHEMA
18:32:11.919 [main] TRACE - Reading unresolved handles for type system org.apache.xmlbeans.metadata.system.sXMLLANG
18:32:11.922 [main] TRACE - Finished loading type system org.apache.xmlbeans.metadata.system.sXMLLANG
18:32:11.925 [main] TRACE - Reading unresolved handles for type system org.apache.xmlbeans.metadata.system.sXMLCONFIG
18:32:11.928 [main] TRACE - Finished loading type system org.apache.xmlbeans.metadata.system.sXMLCONFIG
18:32:11.931 [main] TRACE - Reading unresolved handles for type system org.apache.poi.schemas.ooxml.system.ooxml
18:32:12.070 [main] TRACE - Finished loading type system org.apache.poi.schemas.ooxml.system.ooxml
18:32:12.072 [main] TRACE - Resolving type for handle themefd26doctype
18:32:12.220 [main] TRACE - Resolving type for handle stylesheet5d8bdoctype
18:32:12.235 [main] TRACE - Resolving type for handle ctstylesheet4257type
18:32:12.249 [main] TRACE - Resolving type for handle ctnumfmtsb58btype
18:32:12.256 [main] TRACE - Resolving type for handle ctfonts6623type
18:32:12.265 [main] TRACE - Resolving type for handle ctfont14d8type
18:32:12.291 [main] TRACE - Resolving type for handle ctfills2c6ftype
18:32:12.299 [main] TRACE - Resolving type for handle ctfill550ctype
18:32:12.303 [main] TRACE - Resolving type for handle ctborders0d66type
18:32:12.308 [main] TRACE - Resolving type for handle ctborderf935type
18:32:12.315 [main] TRACE - Resolving type for handle ctcellxfs1322type
18:32:12.321 [main] TRACE - Resolving type for handle ctxf97f7type
18:32:12.331 [main] TRACE - Resolving type for handle ctcellstylexfsa81ftype
18:32:12.336 [main] TRACE - Resolving type for handle ctdxfsb26atype
18:32:12.343 [main] TRACE - Resolving type for handle cttablestyles872ftype
18:32:12.352 [main] TRACE - Resolving type for handle sstf81fdoctype
18:32:12.362 [main] TRACE - Resolving type for handle ctsst44f3type
18:32:12.385 [main] TRACE - Resolving type for handle ctrsta472type
18:32:12.440 [main] DEBUG - using default POIXMLDocumentPart for http://schemas.openxmlformats.org/officeDocument/2006/relationships/printerSettings
18:32:12.442 [main] TRACE - Resolving type for handle workbookec17doctype
18:32:12.450 [main] TRACE - Resolving type for handle ctworkbook83c3type
18:32:12.461 [main] TRACE - Resolving type for handle ctsheets49fdtype
18:32:12.468 [main] TRACE - Resolving type for handle ctsheet4dbetype
18:32:12.473 [main] TRACE - Resolving type for handle strelationshipid1e94type
18:32:12.478 [main] TRACE - Resolving type for handle worksheetf539doctype
18:32:12.493 [main] TRACE - Resolving type for handle ctworksheet530dtype
18:32:12.514 [main] TRACE - Resolving type for handle ctcols627ctype
18:32:12.522 [main] TRACE - Resolving type for handle ctcola95ftype
18:32:12.569 [main] TRACE - Resolving type for handle ctsheetdata8408type
18:32:12.574 [main] TRACE - Resolving type for handle ctrowdd39type
18:32:12.583 [main] TRACE - Resolving type for handle ctcell842btype
18:32:12.602 [main] TRACE - Resolving type for handle stcellrefe4e0type
18:32:12.622 [main] TRACE - Resolving type for handle stxstringf179type
18:32:12.632 [main] TRACE - Resolving type for handle stcelltypebf95type
18:32:12.664 [main] TRACE - Resolving type for handle stcellstylexfid70c7type
18:32:12.672 [main] TRACE - Resolving type for handle ctsheetdimensiond310type
18:32:12.676 [main] TRACE - Resolving type for handle stref90a2type
18:32:12.726 [main] TRACE - Resolving type for handle propertiesee84doctype
18:32:12.731 [main] TRACE - Resolving type for handle ctproperties3f10type
18:32:12.747 [main] TRACE - Resolving type for handle properties288cdoctype
18:32:12.750 [main] TRACE - Resolving type for handle ctproperties2c18type
18:32:12.778 [main] DEBUG - Save content types part
18:32:12.939 [main] DEBUG - Save package relationships
18:32:12.945 [main] DEBUG - Save part 'docProps/app.xml'
18:32:12.946 [main] DEBUG - Save part 'docProps/core.xml'
18:32:12.951 [main] DEBUG - Save part 'xl/printerSettings/printerSettings1.bin'
18:32:12.952 [main] DEBUG - Save part 'xl/sharedStrings.xml'
18:32:12.953 [main] DEBUG - Save part 'xl/styles.xml'
18:32:12.954 [main] DEBUG - Save part 'xl/theme/theme1.xml'
18:32:12.955 [main] DEBUG - Save part 'xl/workbook.xml'
18:32:12.961 [main] DEBUG - Save part 'xl/worksheets/sheet1.xml'
19:51:36.515 [main] DEBUG - Parsing relationship: /xl/_rels/workbook.xml.rels
19:51:36.521 [main] DEBUG - Parsing relationship: /xl/worksheets/_rels/sheet1.xml.rels
19:51:36.522 [main] DEBUG - Parsing relationship: /_rels/.rels
19:51:36.671 [main] TRACE - Loading type system org.apache.poi.schemas.ooxml.system.ooxml
19:51:36.674 [main] TRACE - Loading type system org.apache.xmlbeans.metadata.system.sXMLCONFIG
19:51:36.675 [main] TRACE - Loading type system org.apache.xmlbeans.metadata.system.sXMLLANG
19:51:36.676 [main] TRACE - Loading type system org.apache.xmlbeans.metadata.system.sXMLSCHEMA
19:51:36.676 [main] TRACE - Loading type system org.apache.xmlbeans.metadata.system.sXMLTOOLS
19:51:36.677 [main] TRACE - Reading unresolved handles for type system org.apache.xmlbeans.metadata.system.sXMLTOOLS
19:51:36.690 [main] TRACE - Finished loading type system org.apache.xmlbeans.metadata.system.sXMLTOOLS
19:51:36.691 [main] TRACE - Reading unresolved handles for type system org.apache.xmlbeans.metadata.system.sXMLSCHEMA
19:51:36.695 [main] TRACE - Finished loading type system org.apache.xmlbeans.metadata.system.sXMLSCHEMA
19:51:36.696 [main] TRACE - Reading unresolved handles for type system org.apache.xmlbeans.metadata.system.sXMLLANG
19:51:36.698 [main] TRACE - Finished loading type system org.apache.xmlbeans.metadata.system.sXMLLANG
19:51:36.699 [main] TRACE - Reading unresolved handles for type system org.apache.xmlbeans.metadata.system.sXMLCONFIG
19:51:36.699 [main] TRACE - Finished loading type system org.apache.xmlbeans.metadata.system.sXMLCONFIG
19:51:36.700 [main] TRACE - Reading unresolved handles for type system org.apache.poi.schemas.ooxml.system.ooxml
19:51:36.744 [main] TRACE - Finished loading type system org.apache.poi.schemas.ooxml.system.ooxml
19:51:36.745 [main] TRACE - Resolving type for handle themefd26doctype
19:51:36.804 [main] TRACE - Resolving type for handle stylesheet5d8bdoctype
19:51:36.810 [main] TRACE - Resolving type for handle ctstylesheet4257type
19:51:36.815 [main] TRACE - Resolving type for handle ctnumfmtsb58btype
19:51:36.819 [main] TRACE - Resolving type for handle ctfonts6623type
19:51:36.822 [main] TRACE - Resolving type for handle ctfont14d8type
19:51:36.832 [main] TRACE - Resolving type for handle ctfills2c6ftype
19:51:36.835 [main] TRACE - Resolving type for handle ctfill550ctype
19:51:36.837 [main] TRACE - Resolving type for handle ctborders0d66type
19:51:36.840 [main] TRACE - Resolving type for handle ctborderf935type
19:51:36.845 [main] TRACE - Resolving type for handle ctcellxfs1322type
19:51:36.848 [main] TRACE - Resolving type for handle ctxf97f7type
19:51:36.853 [main] TRACE - Resolving type for handle ctcellstylexfsa81ftype
19:51:36.855 [main] TRACE - Resolving type for handle ctdxfsb26atype
19:51:36.858 [main] TRACE - Resolving type for handle cttablestyles872ftype
19:51:36.862 [main] TRACE - Resolving type for handle sstf81fdoctype
19:51:36.866 [main] TRACE - Resolving type for handle ctsst44f3type
19:51:36.874 [main] TRACE - Resolving type for handle ctrsta472type
19:51:36.888 [main] DEBUG - using default POIXMLDocumentPart for http://schemas.openxmlformats.org/officeDocument/2006/relationships/printerSettings
19:51:36.889 [main] TRACE - Resolving type for handle workbookec17doctype
19:51:36.893 [main] TRACE - Resolving type for handle ctworkbook83c3type
19:51:36.899 [main] TRACE - Resolving type for handle ctsheets49fdtype
19:51:36.901 [main] TRACE - Resolving type for handle ctsheet4dbetype
19:51:36.903 [main] TRACE - Resolving type for handle strelationshipid1e94type
19:51:36.905 [main] TRACE - Resolving type for handle worksheetf539doctype
19:51:36.909 [main] TRACE - Resolving type for handle ctworksheet530dtype
19:51:36.917 [main] TRACE - Resolving type for handle ctcols627ctype
19:51:36.921 [main] TRACE - Resolving type for handle ctcola95ftype
19:51:36.938 [main] TRACE - Resolving type for handle ctsheetdata8408type
19:51:36.941 [main] TRACE - Resolving type for handle ctrowdd39type
19:51:36.945 [main] TRACE - Resolving type for handle ctcell842btype
19:51:36.952 [main] TRACE - Resolving type for handle stcellrefe4e0type
19:51:36.960 [main] TRACE - Resolving type for handle stxstringf179type
19:51:36.964 [main] TRACE - Resolving type for handle stcelltypebf95type
19:51:36.975 [main] TRACE - Resolving type for handle stcellstylexfid70c7type
19:51:36.978 [main] TRACE - Resolving type for handle ctsheetdimensiond310type
19:51:36.980 [main] TRACE - Resolving type for handle stref90a2type
19:51:36.995 [main] TRACE - Resolving type for handle propertiesee84doctype
19:51:36.997 [main] TRACE - Resolving type for handle ctproperties3f10type
19:51:37.003 [main] TRACE - Resolving type for handle properties288cdoctype
19:51:37.004 [main] TRACE - Resolving type for handle ctproperties2c18type
19:51:37.014 [main] DEBUG - Save content types part
19:51:37.076 [main] DEBUG - Save package relationships
19:51:37.079 [main] DEBUG - Save part 'docProps/app.xml'
19:51:37.079 [main] DEBUG - Save part 'docProps/core.xml'
19:51:37.082 [main] DEBUG - Save part 'xl/printerSettings/printerSettings1.bin'
19:51:37.082 [main] DEBUG - Save part 'xl/sharedStrings.xml'
19:51:37.082 [main] DEBUG - Save part 'xl/styles.xml'
19:51:37.083 [main] DEBUG - Save part 'xl/theme/theme1.xml'
19:51:37.083 [main] DEBUG - Save part 'xl/workbook.xml'
19:51:37.084 [main] DEBUG - Save part 'xl/worksheets/sheet1.xml'
19:53:55.584 [main] DEBUG - Parsing relationship: /xl/_rels/workbook.xml.rels
19:53:55.591 [main] DEBUG - Parsing relationship: /xl/worksheets/_rels/sheet1.xml.rels
19:53:55.591 [main] DEBUG - Parsing relationship: /_rels/.rels
19:53:55.777 [main] TRACE - Loading type system org.apache.poi.schemas.ooxml.system.ooxml
19:53:55.780 [main] TRACE - Loading type system org.apache.xmlbeans.metadata.system.sXMLCONFIG
19:53:55.781 [main] TRACE - Loading type system org.apache.xmlbeans.metadata.system.sXMLLANG
19:53:55.782 [main] TRACE - Loading type system org.apache.xmlbeans.metadata.system.sXMLSCHEMA
19:53:55.782 [main] TRACE - Loading type system org.apache.xmlbeans.metadata.system.sXMLTOOLS
19:53:55.783 [main] TRACE - Reading unresolved handles for type system org.apache.xmlbeans.metadata.system.sXMLTOOLS
19:53:55.798 [main] TRACE - Finished loading type system org.apache.xmlbeans.metadata.system.sXMLTOOLS
19:53:55.800 [main] TRACE - Reading unresolved handles for type system org.apache.xmlbeans.metadata.system.sXMLSCHEMA
19:53:55.808 [main] TRACE - Finished loading type system org.apache.xmlbeans.metadata.system.sXMLSCHEMA
19:53:55.810 [main] TRACE - Reading unresolved handles for type system org.apache.xmlbeans.metadata.system.sXMLLANG
19:53:55.812 [main] TRACE - Finished loading type system org.apache.xmlbeans.metadata.system.sXMLLANG
19:53:55.813 [main] TRACE - Reading unresolved handles for type system org.apache.xmlbeans.metadata.system.sXMLCONFIG
19:53:55.814 [main] TRACE - Finished loading type system org.apache.xmlbeans.metadata.system.sXMLCONFIG
19:53:55.816 [main] TRACE - Reading unresolved handles for type system org.apache.poi.schemas.ooxml.system.ooxml
19:53:55.866 [main] TRACE - Finished loading type system org.apache.poi.schemas.ooxml.system.ooxml
19:53:55.866 [main] TRACE - Resolving type for handle themefd26doctype
19:53:55.924 [main] TRACE - Resolving type for handle stylesheet5d8bdoctype
19:53:55.929 [main] TRACE - Resolving type for handle ctstylesheet4257type
19:53:55.934 [main] TRACE - Resolving type for handle ctnumfmtsb58btype
19:53:55.936 [main] TRACE - Resolving type for handle ctfonts6623type
19:53:55.945 [main] TRACE - Resolving type for handle ctfont14d8type
19:53:55.950 [main] TRACE - Resolving type for handle ctfills2c6ftype
19:53:55.953 [main] TRACE - Resolving type for handle ctfill550ctype
19:53:55.955 [main] TRACE - Resolving type for handle ctborders0d66type
19:53:55.957 [main] TRACE - Resolving type for handle ctborderf935type
19:53:55.961 [main] TRACE - Resolving type for handle ctcellxfs1322type
19:53:55.965 [main] TRACE - Resolving type for handle ctxf97f7type
19:53:55.968 [main] TRACE - Resolving type for handle ctcellstylexfsa81ftype
19:53:55.970 [main] TRACE - Resolving type for handle ctdxfsb26atype
19:53:55.973 [main] TRACE - Resolving type for handle cttablestyles872ftype
19:53:55.979 [main] TRACE - Resolving type for handle sstf81fdoctype
19:53:55.982 [main] TRACE - Resolving type for handle ctsst44f3type
19:53:55.992 [main] TRACE - Resolving type for handle ctrsta472type
19:53:56.010 [main] DEBUG - using default POIXMLDocumentPart for http://schemas.openxmlformats.org/officeDocument/2006/relationships/printerSettings
19:53:56.011 [main] TRACE - Resolving type for handle workbookec17doctype
19:53:56.015 [main] TRACE - Resolving type for handle ctworkbook83c3type
19:53:56.021 [main] TRACE - Resolving type for handle ctsheets49fdtype
19:53:56.024 [main] TRACE - Resolving type for handle ctsheet4dbetype
19:53:56.026 [main] TRACE - Resolving type for handle strelationshipid1e94type
19:53:56.028 [main] TRACE - Resolving type for handle worksheetf539doctype
19:53:56.034 [main] TRACE - Resolving type for handle ctworksheet530dtype
19:53:56.048 [main] TRACE - Resolving type for handle ctcols627ctype
19:53:56.053 [main] TRACE - Resolving type for handle ctcola95ftype
19:53:56.075 [main] TRACE - Resolving type for handle ctsheetdata8408type
19:53:56.079 [main] TRACE - Resolving type for handle ctrowdd39type
19:53:56.085 [main] TRACE - Resolving type for handle ctcell842btype
19:53:56.093 [main] TRACE - Resolving type for handle stcellrefe4e0type
19:53:56.102 [main] TRACE - Resolving type for handle stxstringf179type
19:53:56.106 [main] TRACE - Resolving type for handle stcelltypebf95type
19:53:56.121 [main] TRACE - Resolving type for handle stcellstylexfid70c7type
19:53:56.128 [main] TRACE - Resolving type for handle ctsheetdimensiond310type
19:53:56.131 [main] TRACE - Resolving type for handle stref90a2type
19:53:56.148 [main] TRACE - Resolving type for handle propertiesee84doctype
19:53:56.152 [main] TRACE - Resolving type for handle ctproperties3f10type
19:53:56.160 [main] TRACE - Resolving type for handle properties288cdoctype
19:53:56.163 [main] TRACE - Resolving type for handle ctproperties2c18type
19:53:56.180 [main] DEBUG - Save content types part
19:53:56.244 [main] DEBUG - Save package relationships
19:53:56.246 [main] DEBUG - Save part 'docProps/app.xml'
19:53:56.247 [main] DEBUG - Save part 'docProps/core.xml'
19:53:56.249 [main] DEBUG - Save part 'xl/printerSettings/printerSettings1.bin'
19:53:56.250 [main] DEBUG - Save part 'xl/sharedStrings.xml'
19:53:56.250 [main] DEBUG - Save part 'xl/styles.xml'
19:53:56.250 [main] DEBUG - Save part 'xl/theme/theme1.xml'
19:53:56.251 [main] DEBUG - Save part 'xl/workbook.xml'
19:53:56.252 [main] DEBUG - Save part 'xl/worksheets/sheet1.xml'
19:54:26.216 [main] DEBUG - Parsing relationship: /xl/_rels/workbook.xml.rels
19:54:26.217 [main] DEBUG - Parsing relationship: /xl/worksheets/_rels/sheet1.xml.rels
19:54:26.218 [main] DEBUG - Parsing relationship: /_rels/.rels
19:54:26.232 [main] DEBUG - using default POIXMLDocumentPart for http://schemas.openxmlformats.org/officeDocument/2006/relationships/printerSettings
19:54:26.265 [main] DEBUG - Save content types part
19:54:26.267 [main] DEBUG - Save package relationships
19:54:26.268 [main] DEBUG - Save part 'docProps/app.xml'
19:54:26.269 [main] DEBUG - Save part 'docProps/core.xml'
19:54:26.270 [main] DEBUG - Save part 'xl/printerSettings/printerSettings1.bin'
19:54:26.271 [main] DEBUG - Save part 'xl/sharedStrings.xml'
19:54:26.271 [main] DEBUG - Save part 'xl/styles.xml'
19:54:26.272 [main] DEBUG - Save part 'xl/theme/theme1.xml'
19:54:26.272 [main] DEBUG - Save part 'xl/workbook.xml'
19:54:26.274 [main] DEBUG - Save part 'xl/worksheets/sheet1.xml'
19:56:03.247 [main] DEBUG - Parsing relationship: /xl/_rels/workbook.xml.rels
19:56:03.252 [main] DEBUG - Parsing relationship: /xl/worksheets/_rels/sheet1.xml.rels
19:56:03.253 [main] DEBUG - Parsing relationship: /_rels/.rels
19:56:03.425 [main] TRACE - Loading type system org.apache.poi.schemas.ooxml.system.ooxml
19:56:03.428 [main] TRACE - Loading type system org.apache.xmlbeans.metadata.system.sXMLCONFIG
19:56:03.429 [main] TRACE - Loading type system org.apache.xmlbeans.metadata.system.sXMLLANG
19:56:03.430 [main] TRACE - Loading type system org.apache.xmlbeans.metadata.system.sXMLSCHEMA
19:56:03.430 [main] TRACE - Loading type system org.apache.xmlbeans.metadata.system.sXMLTOOLS
19:56:03.432 [main] TRACE - Reading unresolved handles for type system org.apache.xmlbeans.metadata.system.sXMLTOOLS
19:56:03.443 [main] TRACE - Finished loading type system org.apache.xmlbeans.metadata.system.sXMLTOOLS
19:56:03.444 [main] TRACE - Reading unresolved handles for type system org.apache.xmlbeans.metadata.system.sXMLSCHEMA
19:56:03.450 [main] TRACE - Finished loading type system org.apache.xmlbeans.metadata.system.sXMLSCHEMA
19:56:03.452 [main] TRACE - Reading unresolved handles for type system org.apache.xmlbeans.metadata.system.sXMLLANG
19:56:03.452 [main] TRACE - Finished loading type system org.apache.xmlbeans.metadata.system.sXMLLANG
19:56:03.453 [main] TRACE - Reading unresolved handles for type system org.apache.xmlbeans.metadata.system.sXMLCONFIG
19:56:03.454 [main] TRACE - Finished loading type system org.apache.xmlbeans.metadata.system.sXMLCONFIG
19:56:03.456 [main] TRACE - Reading unresolved handles for type system org.apache.poi.schemas.ooxml.system.ooxml
19:56:03.505 [main] TRACE - Finished loading type system org.apache.poi.schemas.ooxml.system.ooxml
19:56:03.505 [main] TRACE - Resolving type for handle themefd26doctype
19:56:03.564 [main] TRACE - Resolving type for handle stylesheet5d8bdoctype
19:56:03.569 [main] TRACE - Resolving type for handle ctstylesheet4257type
19:56:03.573 [main] TRACE - Resolving type for handle ctnumfmtsb58btype
19:56:03.576 [main] TRACE - Resolving type for handle ctfonts6623type
19:56:03.579 [main] TRACE - Resolving type for handle ctfont14d8type
19:56:03.586 [main] TRACE - Resolving type for handle ctfills2c6ftype
19:56:03.588 [main] TRACE - Resolving type for handle ctfill550ctype
19:56:03.590 [main] TRACE - Resolving type for handle ctborders0d66type
19:56:03.592 [main] TRACE - Resolving type for handle ctborderf935type
19:56:03.595 [main] TRACE - Resolving type for handle ctcellxfs1322type
19:56:03.598 [main] TRACE - Resolving type for handle ctxf97f7type
19:56:03.601 [main] TRACE - Resolving type for handle ctcellstylexfsa81ftype
19:56:03.603 [main] TRACE - Resolving type for handle ctdxfsb26atype
19:56:03.607 [main] TRACE - Resolving type for handle cttablestyles872ftype
19:56:03.610 [main] TRACE - Resolving type for handle sstf81fdoctype
19:56:03.614 [main] TRACE - Resolving type for handle ctsst44f3type
19:56:03.625 [main] TRACE - Resolving type for handle ctrsta472type
19:56:03.644 [main] DEBUG - using default POIXMLDocumentPart for http://schemas.openxmlformats.org/officeDocument/2006/relationships/printerSettings
19:56:03.645 [main] TRACE - Resolving type for handle workbookec17doctype
19:56:03.649 [main] TRACE - Resolving type for handle ctworkbook83c3type
19:56:03.654 [main] TRACE - Resolving type for handle ctsheets49fdtype
19:56:03.657 [main] TRACE - Resolving type for handle ctsheet4dbetype
19:56:03.659 [main] TRACE - Resolving type for handle strelationshipid1e94type
19:56:03.661 [main] TRACE - Resolving type for handle worksheetf539doctype
19:56:03.666 [main] TRACE - Resolving type for handle ctworksheet530dtype
19:56:03.673 [main] TRACE - Resolving type for handle ctcols627ctype
19:56:03.677 [main] TRACE - Resolving type for handle ctcola95ftype
19:56:03.691 [main] TRACE - Resolving type for handle ctsheetdata8408type
19:56:03.694 [main] TRACE - Resolving type for handle ctrowdd39type
19:56:03.698 [main] TRACE - Resolving type for handle ctcell842btype
19:56:03.704 [main] TRACE - Resolving type for handle stcellrefe4e0type
19:56:03.711 [main] TRACE - Resolving type for handle stxstringf179type
19:56:03.715 [main] TRACE - Resolving type for handle stcelltypebf95type
19:56:03.726 [main] TRACE - Resolving type for handle stcellstylexfid70c7type
19:56:03.731 [main] TRACE - Resolving type for handle ctsheetdimensiond310type
19:56:03.733 [main] TRACE - Resolving type for handle stref90a2type
19:56:03.749 [main] TRACE - Resolving type for handle propertiesee84doctype
19:56:03.751 [main] TRACE - Resolving type for handle ctproperties3f10type
19:56:03.757 [main] TRACE - Resolving type for handle properties288cdoctype
19:56:03.758 [main] TRACE - Resolving type for handle ctproperties2c18type
19:56:03.770 [main] DEBUG - Save content types part
19:56:03.836 [main] DEBUG - Save package relationships
19:56:03.839 [main] DEBUG - Save part 'docProps/app.xml'
19:56:03.839 [main] DEBUG - Save part 'docProps/core.xml'
19:56:03.841 [main] DEBUG - Save part 'xl/printerSettings/printerSettings1.bin'
19:56:03.842 [main] DEBUG - Save part 'xl/sharedStrings.xml'
19:56:03.842 [main] DEBUG - Save part 'xl/styles.xml'
19:56:03.842 [main] DEBUG - Save part 'xl/theme/theme1.xml'
19:56:03.843 [main] DEBUG - Save part 'xl/workbook.xml'
19:56:03.844 [main] DEBUG - Save part 'xl/worksheets/sheet1.xml'
19:59:15.842 [main] DEBUG - Parsing relationship: /xl/_rels/workbook.xml.rels
19:59:15.856 [main] DEBUG - Parsing relationship: /xl/worksheets/_rels/sheet1.xml.rels
19:59:15.857 [main] DEBUG - Parsing relationship: /_rels/.rels
19:59:16.046 [main] TRACE - Loading type system org.apache.poi.schemas.ooxml.system.ooxml
19:59:16.050 [main] TRACE - Loading type system org.apache.xmlbeans.metadata.system.sXMLCONFIG
19:59:16.051 [main] TRACE - Loading type system org.apache.xmlbeans.metadata.system.sXMLLANG
19:59:16.052 [main] TRACE - Loading type system org.apache.xmlbeans.metadata.system.sXMLSCHEMA
19:59:16.052 [main] TRACE - Loading type system org.apache.xmlbeans.metadata.system.sXMLTOOLS
19:59:16.053 [main] TRACE - Reading unresolved handles for type system org.apache.xmlbeans.metadata.system.sXMLTOOLS
19:59:16.064 [main] TRACE - Finished loading type system org.apache.xmlbeans.metadata.system.sXMLTOOLS
