20:14:39.126 [main] TRACE - Loading type system org.apache.xmlbeans.metadata.system.sXMLSCHEMA
20:14:39.132 [main] TRACE - Loading type system org.apache.xmlbeans.metadata.system.sXMLTOOLS
20:14:39.133 [main] TRACE - Reading unresolved handles for type system org.apache.xmlbeans.metadata.system.sXMLTOOLS
20:14:39.146 [main] TRACE - Finished loading type system org.apache.xmlbeans.metadata.system.sXMLTOOLS
20:14:39.147 [main] TRACE - Reading unresolved handles for type system org.apache.xmlbeans.metadata.system.sXMLSCHEMA
20:14:39.151 [main] TRACE - Finished loading type system org.apache.xmlbeans.metadata.system.sXMLSCHEMA
20:14:39.153 [main] TRACE - Reading unresolved handles for type system org.apache.xmlbeans.metadata.system.sXMLLANG
20:14:39.154 [main] TRACE - Finished loading type system org.apache.xmlbeans.metadata.system.sXMLLANG
20:14:39.155 [main] TRACE - Reading unresolved handles for type system org.apache.xmlbeans.metadata.system.sXMLCONFIG
20:14:39.156 [main] TRACE - Finished loading type system org.apache.xmlbeans.metadata.system.sXMLCONFIG
20:14:39.158 [main] TRACE - Reading unresolved handles for type system org.apache.poi.schemas.ooxml.system.ooxml
20:14:39.212 [main] TRACE - Finished loading type system org.apache.poi.schemas.ooxml.system.ooxml
20:14:39.213 [main] TRACE - Resolving type for handle themefd26doctype
20:14:39.270 [main] TRACE - Resolving type for handle stylesheet5d8bdoctype
20:14:39.276 [main] TRACE - Resolving type for handle ctstylesheet4257type
20:14:39.283 [main] TRACE - Resolving type for handle ctnumfmtsb58btype
20:14:39.287 [main] TRACE - Resolving type for handle ctfonts6623type
20:14:39.290 [main] TRACE - Resolving type for handle ctfont14d8type
20:14:39.297 [main] TRACE - Resolving type for handle ctfills2c6ftype
20:14:39.299 [main] TRACE - Resolving type for handle ctfill550ctype
20:14:39.302 [main] TRACE - Resolving type for handle ctborders0d66type
20:14:39.304 [main] TRACE - Resolving type for handle ctborderf935type
20:14:39.308 [main] TRACE - Resolving type for handle ctcellxfs1322type
20:14:39.311 [main] TRACE - Resolving type for handle ctxf97f7type
20:14:39.317 [main] TRACE - Resolving type for handle ctcellstylexfsa81ftype
20:14:39.320 [main] TRACE - Resolving type for handle ctdxfsb26atype
20:14:39.323 [main] TRACE - Resolving type for handle cttablestyles872ftype
20:14:39.327 [main] TRACE - Resolving type for handle sstf81fdoctype
20:14:39.331 [main] TRACE - Resolving type for handle ctsst44f3type
20:14:39.343 [main] TRACE - Resolving type for handle ctrsta472type
20:14:39.362 [main] DEBUG - using default POIXMLDocumentPart for http://schemas.openxmlformats.org/officeDocument/2006/relationships/printerSettings
20:14:39.364 [main] TRACE - Resolving type for handle workbookec17doctype
20:14:39.369 [main] TRACE - Resolving type for handle ctworkbook83c3type
20:14:39.376 [main] TRACE - Resolving type for handle ctsheets49fdtype
20:14:39.379 [main] TRACE - Resolving type for handle ctsheet4dbetype
20:14:39.382 [main] TRACE - Resolving type for handle strelationshipid1e94type
20:14:39.385 [main] TRACE - Resolving type for handle worksheetf539doctype
20:14:39.399 [main] TRACE - Resolving type for handle ctworksheet530dtype
20:14:39.408 [main] TRACE - Resolving type for handle ctcols627ctype
20:14:39.412 [main] TRACE - Resolving type for handle ctcola95ftype
20:14:39.433 [main] TRACE - Resolving type for handle ctsheetdata8408type
20:14:39.436 [main] TRACE - Resolving type for handle ctrowdd39type
20:14:39.440 [main] TRACE - Resolving type for handle ctcell842btype
20:14:39.447 [main] TRACE - Resolving type for handle stcellrefe4e0type
20:14:39.454 [main] TRACE - Resolving type for handle stxstringf179type
20:14:39.459 [main] TRACE - Resolving type for handle stcelltypebf95type
20:14:39.471 [main] TRACE - Resolving type for handle stcellstylexfid70c7type
20:14:39.476 [main] TRACE - Resolving type for handle ctsheetdimensiond310type
20:14:39.478 [main] TRACE - Resolving type for handle stref90a2type
20:14:39.496 [main] TRACE - Resolving type for handle propertiesee84doctype
20:14:39.498 [main] TRACE - Resolving type for handle ctproperties3f10type
20:14:39.506 [main] TRACE - Resolving type for handle properties288cdoctype
20:14:39.507 [main] TRACE - Resolving type for handle ctproperties2c18type
20:14:39.517 [main] DEBUG - Save content types part
20:14:39.583 [main] DEBUG - Save package relationships
20:14:39.586 [main] DEBUG - Save part 'docProps/app.xml'
20:14:39.586 [main] DEBUG - Save part 'docProps/core.xml'
20:14:39.588 [main] DEBUG - Save part 'xl/printerSettings/printerSettings1.bin'
20:14:39.589 [main] DEBUG - Save part 'xl/sharedStrings.xml'
20:14:39.589 [main] DEBUG - Save part 'xl/styles.xml'
20:14:39.590 [main] DEBUG - Save part 'xl/theme/theme1.xml'
20:14:39.590 [main] DEBUG - Save part 'xl/workbook.xml'
20:14:39.592 [main] DEBUG - Save part 'xl/worksheets/sheet1.xml'
20:14:44.951 [main] DEBUG - Parsing relationship: /xl/_rels/workbook.xml.rels
20:14:44.956 [main] DEBUG - Parsing relationship: /xl/worksheets/_rels/sheet1.xml.rels
20:14:44.958 [main] DEBUG - Parsing relationship: /_rels/.rels
20:14:44.975 [main] DEBUG - using default POIXMLDocumentPart for http://schemas.openxmlformats.org/officeDocument/2006/relationships/printerSettings
20:14:44.998 [main] DEBUG - Save content types part
20:14:45.001 [main] DEBUG - Save package relationships
20:14:45.006 [main] DEBUG - Save part 'docProps/app.xml'
20:14:45.007 [main] DEBUG - Save part 'docProps/core.xml'
20:14:45.009 [main] DEBUG - Save part 'xl/printerSettings/printerSettings1.bin'
20:14:45.009 [main] DEBUG - Save part 'xl/sharedStrings.xml'
20:14:45.009 [main] DEBUG - Save part 'xl/styles.xml'
20:14:45.009 [main] DEBUG - Save part 'xl/theme/theme1.xml'
20:14:45.010 [main] DEBUG - Save part 'xl/workbook.xml'
20:14:45.011 [main] DEBUG - Save part 'xl/worksheets/sheet1.xml'
20:15:35.214 [main] DEBUG - Parsing relationship: /xl/_rels/workbook.xml.rels
20:15:35.218 [main] DEBUG - Parsing relationship: /xl/worksheets/_rels/sheet1.xml.rels
20:15:35.218 [main] DEBUG - Parsing relationship: /_rels/.rels
20:15:35.400 [main] TRACE - Loading type system org.apache.poi.schemas.ooxml.system.ooxml
20:15:35.403 [main] TRACE - Loading type system org.apache.xmlbeans.metadata.system.sXMLCONFIG
20:15:35.405 [main] TRACE - Loading type system org.apache.xmlbeans.metadata.system.sXMLLANG
20:15:35.405 [main] TRACE - Loading type system org.apache.xmlbeans.metadata.system.sXMLSCHEMA
20:15:35.405 [main] TRACE - Loading type system org.apache.xmlbeans.metadata.system.sXMLTOOLS
20:15:35.407 [main] TRACE - Reading unresolved handles for type system org.apache.xmlbeans.metadata.system.sXMLTOOLS
20:15:35.417 [main] TRACE - Finished loading type system org.apache.xmlbeans.metadata.system.sXMLTOOLS
20:15:35.417 [main] TRACE - Reading unresolved handles for type system org.apache.xmlbeans.metadata.system.sXMLSCHEMA
20:15:35.421 [main] TRACE - Finished loading type system org.apache.xmlbeans.metadata.system.sXMLSCHEMA
20:15:35.422 [main] TRACE - Reading unresolved handles for type system org.apache.xmlbeans.metadata.system.sXMLLANG
20:15:35.423 [main] TRACE - Finished loading type system org.apache.xmlbeans.metadata.system.sXMLLANG
20:15:35.424 [main] TRACE - Reading unresolved handles for type system org.apache.xmlbeans.metadata.system.sXMLCONFIG
20:15:35.424 [main] TRACE - Finished loading type system org.apache.xmlbeans.metadata.system.sXMLCONFIG
20:15:35.425 [main] TRACE - Reading unresolved handles for type system org.apache.poi.schemas.ooxml.system.ooxml
20:15:35.466 [main] TRACE - Finished loading type system org.apache.poi.schemas.ooxml.system.ooxml
20:15:35.466 [main] TRACE - Resolving type for handle themefd26doctype
20:15:35.530 [main] TRACE - Resolving type for handle stylesheet5d8bdoctype
20:15:35.539 [main] TRACE - Resolving type for handle ctstylesheet4257type
20:15:35.546 [main] TRACE - Resolving type for handle ctnumfmtsb58btype
20:15:35.551 [main] TRACE - Resolving type for handle ctfonts6623type
20:15:35.555 [main] TRACE - Resolving type for handle ctfont14d8type
20:15:35.564 [main] TRACE - Resolving type for handle ctfills2c6ftype
20:15:35.567 [main] TRACE - Resolving type for handle ctfill550ctype
20:15:35.570 [main] TRACE - Resolving type for handle ctborders0d66type
20:15:35.573 [main] TRACE - Resolving type for handle ctborderf935type
20:15:35.577 [main] TRACE - Resolving type for handle ctcellxfs1322type
20:15:35.581 [main] TRACE - Resolving type for handle ctxf97f7type
20:15:35.584 [main] TRACE - Resolving type for handle ctcellstylexfsa81ftype
20:15:35.586 [main] TRACE - Resolving type for handle ctdxfsb26atype
20:15:35.589 [main] TRACE - Resolving type for handle cttablestyles872ftype
20:15:35.594 [main] TRACE - Resolving type for handle sstf81fdoctype
20:15:35.600 [main] TRACE - Resolving type for handle ctsst44f3type
20:15:35.608 [main] TRACE - Resolving type for handle ctrsta472type
20:15:35.627 [main] DEBUG - using default POIXMLDocumentPart for http://schemas.openxmlformats.org/officeDocument/2006/relationships/printerSettings
20:15:35.628 [main] TRACE - Resolving type for handle workbookec17doctype
20:15:35.632 [main] TRACE - Resolving type for handle ctworkbook83c3type
20:15:35.643 [main] TRACE - Resolving type for handle ctsheets49fdtype
20:15:35.645 [main] TRACE - Resolving type for handle ctsheet4dbetype
20:15:35.647 [main] TRACE - Resolving type for handle strelationshipid1e94type
20:15:35.650 [main] TRACE - Resolving type for handle worksheetf539doctype
20:15:35.654 [main] TRACE - Resolving type for handle ctworksheet530dtype
20:15:35.663 [main] TRACE - Resolving type for handle ctcols627ctype
20:15:35.667 [main] TRACE - Resolving type for handle ctcola95ftype
20:15:35.680 [main] TRACE - Resolving type for handle ctsheetdata8408type
20:15:35.683 [main] TRACE - Resolving type for handle ctrowdd39type
20:15:35.687 [main] TRACE - Resolving type for handle ctcell842btype
20:15:35.692 [main] TRACE - Resolving type for handle stcellrefe4e0type
20:15:35.697 [main] TRACE - Resolving type for handle stxstringf179type
20:15:35.700 [main] TRACE - Resolving type for handle stcelltypebf95type
20:15:35.713 [main] TRACE - Resolving type for handle stcellstylexfid70c7type
20:15:35.716 [main] TRACE - Resolving type for handle ctsheetdimensiond310type
20:15:35.718 [main] TRACE - Resolving type for handle stref90a2type
20:15:35.731 [main] TRACE - Resolving type for handle propertiesee84doctype
20:15:35.733 [main] TRACE - Resolving type for handle ctproperties3f10type
20:15:35.738 [main] TRACE - Resolving type for handle properties288cdoctype
20:15:35.739 [main] TRACE - Resolving type for handle ctproperties2c18type
20:15:35.749 [main] DEBUG - Save content types part
20:15:35.803 [main] DEBUG - Save package relationships
20:15:35.806 [main] DEBUG - Save part 'docProps/app.xml'
20:15:35.806 [main] DEBUG - Save part 'docProps/core.xml'
20:15:35.809 [main] DEBUG - Save part 'xl/printerSettings/printerSettings1.bin'
20:15:35.809 [main] DEBUG - Save part 'xl/sharedStrings.xml'
20:15:35.809 [main] DEBUG - Save part 'xl/styles.xml'
20:15:35.810 [main] DEBUG - Save part 'xl/theme/theme1.xml'
20:15:35.810 [main] DEBUG - Save part 'xl/workbook.xml'
20:15:35.811 [main] DEBUG - Save part 'xl/worksheets/sheet1.xml'
20:15:39.553 [main] DEBUG - Parsing relationship: /xl/_rels/workbook.xml.rels
20:15:39.555 [main] DEBUG - Parsing relationship: /xl/worksheets/_rels/sheet1.xml.rels
20:15:39.557 [main] DEBUG - Parsing relationship: /_rels/.rels
20:15:39.585 [main] DEBUG - using default POIXMLDocumentPart for http://schemas.openxmlformats.org/officeDocument/2006/relationships/printerSettings
20:15:39.612 [main] DEBUG - Save content types part
20:15:39.615 [main] DEBUG - Save package relationships
20:15:39.616 [main] DEBUG - Save part 'docProps/app.xml'
20:15:39.616 [main] DEBUG - Save part 'docProps/core.xml'
20:15:39.618 [main] DEBUG - Save part 'xl/printerSettings/printerSettings1.bin'
20:15:39.618 [main] DEBUG - Save part 'xl/sharedStrings.xml'
20:15:39.619 [main] DEBUG - Save part 'xl/styles.xml'
20:15:39.619 [main] DEBUG - Save part 'xl/theme/theme1.xml'
20:15:39.619 [main] DEBUG - Save part 'xl/workbook.xml'
20:15:39.621 [main] DEBUG - Save part 'xl/worksheets/sheet1.xml'
20:16:57.988 [main] DEBUG - Parsing relationship: /xl/_rels/workbook.xml.rels
20:16:57.996 [main] DEBUG - Parsing relationship: /xl/worksheets/_rels/sheet1.xml.rels
20:16:57.997 [main] DEBUG - Parsing relationship: /_rels/.rels
20:16:58.186 [main] TRACE - Loading type system org.apache.poi.schemas.ooxml.system.ooxml
20:16:58.188 [main] TRACE - Loading type system org.apache.xmlbeans.metadata.system.sXMLCONFIG
20:16:58.189 [main] TRACE - Loading type system org.apache.xmlbeans.metadata.system.sXMLLANG
20:16:58.190 [main] TRACE - Loading type system org.apache.xmlbeans.metadata.system.sXMLSCHEMA
20:16:58.190 [main] TRACE - Loading type system org.apache.xmlbeans.metadata.system.sXMLTOOLS
20:16:58.192 [main] TRACE - Reading unresolved handles for type system org.apache.xmlbeans.metadata.system.sXMLTOOLS
20:16:58.203 [main] TRACE - Finished loading type system org.apache.xmlbeans.metadata.system.sXMLTOOLS
20:16:58.205 [main] TRACE - Reading unresolved handles for type system org.apache.xmlbeans.metadata.system.sXMLSCHEMA
20:16:58.210 [main] TRACE - Finished loading type system org.apache.xmlbeans.metadata.system.sXMLSCHEMA
20:16:58.211 [main] TRACE - Reading unresolved handles for type system org.apache.xmlbeans.metadata.system.sXMLLANG
20:16:58.212 [main] TRACE - Finished loading type system org.apache.xmlbeans.metadata.system.sXMLLANG
20:16:58.214 [main] TRACE - Reading unresolved handles for type system org.apache.xmlbeans.metadata.system.sXMLCONFIG
20:16:58.215 [main] TRACE - Finished loading type system org.apache.xmlbeans.metadata.system.sXMLCONFIG
20:16:58.217 [main] TRACE - Reading unresolved handles for type system org.apache.poi.schemas.ooxml.system.ooxml
20:16:58.265 [main] TRACE - Finished loading type system org.apache.poi.schemas.ooxml.system.ooxml
20:16:58.266 [main] TRACE - Resolving type for handle themefd26doctype
20:16:58.331 [main] TRACE - Resolving type for handle stylesheet5d8bdoctype
20:16:58.336 [main] TRACE - Resolving type for handle ctstylesheet4257type
20:16:58.340 [main] TRACE - Resolving type for handle ctnumfmtsb58btype
20:16:58.342 [main] TRACE - Resolving type for handle ctfonts6623type
20:16:58.344 [main] TRACE - Resolving type for handle ctfont14d8type
20:16:58.353 [main] TRACE - Resolving type for handle ctfills2c6ftype
20:16:58.355 [main] TRACE - Resolving type for handle ctfill550ctype
20:16:58.357 [main] TRACE - Resolving type for handle ctborders0d66type
20:16:58.359 [main] TRACE - Resolving type for handle ctborderf935type
20:16:58.362 [main] TRACE - Resolving type for handle ctcellxfs1322type
20:16:58.364 [main] TRACE - Resolving type for handle ctxf97f7type
20:16:58.367 [main] TRACE - Resolving type for handle ctcellstylexfsa81ftype
20:16:58.370 [main] TRACE - Resolving type for handle ctdxfsb26atype
20:16:58.372 [main] TRACE - Resolving type for handle cttablestyles872ftype
20:16:58.376 [main] TRACE - Resolving type for handle sstf81fdoctype
20:16:58.382 [main] TRACE - Resolving type for handle ctsst44f3type
20:16:58.396 [main] TRACE - Resolving type for handle ctrsta472type
20:16:58.416 [main] DEBUG - using default POIXMLDocumentPart for http://schemas.openxmlformats.org/officeDocument/2006/relationships/printerSettings
20:16:58.417 [main] TRACE - Resolving type for handle workbookec17doctype
20:16:58.423 [main] TRACE - Resolving type for handle ctworkbook83c3type
20:16:58.429 [main] TRACE - Resolving type for handle ctsheets49fdtype
20:16:58.433 [main] TRACE - Resolving type for handle ctsheet4dbetype
20:16:58.435 [main] TRACE - Resolving type for handle strelationshipid1e94type
20:16:58.437 [main] TRACE - Resolving type for handle worksheetf539doctype
20:16:58.442 [main] TRACE - Resolving type for handle ctworksheet530dtype
20:16:58.454 [main] TRACE - Resolving type for handle ctcols627ctype
20:16:58.459 [main] TRACE - Resolving type for handle ctcola95ftype
20:16:58.474 [main] TRACE - Resolving type for handle ctsheetdata8408type
20:16:58.476 [main] TRACE - Resolving type for handle ctrowdd39type
20:16:58.480 [main] TRACE - Resolving type for handle ctcell842btype
20:16:58.486 [main] TRACE - Resolving type for handle stcellrefe4e0type
20:16:58.492 [main] TRACE - Resolving type for handle stxstringf179type
20:16:58.494 [main] TRACE - Resolving type for handle stcelltypebf95type
20:16:58.505 [main] TRACE - Resolving type for handle stcellstylexfid70c7type
20:16:58.508 [main] TRACE - Resolving type for handle ctsheetdimensiond310type
20:16:58.509 [main] TRACE - Resolving type for handle stref90a2type
20:16:58.524 [main] TRACE - Resolving type for handle propertiesee84doctype
20:16:58.525 [main] TRACE - Resolving type for handle ctproperties3f10type
20:16:58.534 [main] TRACE - Resolving type for handle properties288cdoctype
20:16:58.535 [main] TRACE - Resolving type for handle ctproperties2c18type
20:16:58.549 [main] DEBUG - Save content types part
20:16:58.613 [main] DEBUG - Save package relationships
20:16:58.616 [main] DEBUG - Save part 'docProps/app.xml'
20:16:58.617 [main] DEBUG - Save part 'docProps/core.xml'
20:16:58.620 [main] DEBUG - Save part 'xl/printerSettings/printerSettings1.bin'
20:16:58.620 [main] DEBUG - Save part 'xl/sharedStrings.xml'
20:16:58.620 [main] DEBUG - Save part 'xl/styles.xml'
20:16:58.621 [main] DEBUG - Save part 'xl/theme/theme1.xml'
20:16:58.621 [main] DEBUG - Save part 'xl/workbook.xml'
20:16:58.623 [main] DEBUG - Save part 'xl/worksheets/sheet1.xml'
20:18:01.105 [main] DEBUG - Parsing relationship: /xl/_rels/workbook.xml.rels
20:18:01.108 [main] DEBUG - Parsing relationship: /xl/worksheets/_rels/sheet1.xml.rels
20:18:01.110 [main] DEBUG - Parsing relationship: /_rels/.rels
20:18:01.125 [main] DEBUG - using default POIXMLDocumentPart for http://schemas.openxmlformats.org/officeDocument/2006/relationships/printerSettings
20:18:01.151 [main] DEBUG - Save content types part
20:18:01.153 [main] DEBUG - Save package relationships
20:18:01.154 [main] DEBUG - Save part 'docProps/app.xml'
20:18:01.155 [main] DEBUG - Save part 'docProps/core.xml'
20:18:01.158 [main] DEBUG - Save part 'xl/printerSettings/printerSettings1.bin'
20:18:01.159 [main] DEBUG - Save part 'xl/sharedStrings.xml'
20:18:01.160 [main] DEBUG - Save part 'xl/styles.xml'
20:18:01.160 [main] DEBUG - Save part 'xl/theme/theme1.xml'
20:18:01.161 [main] DEBUG - Save part 'xl/workbook.xml'
20:18:01.162 [main] DEBUG - Save part 'xl/worksheets/sheet1.xml'
20:19:47.077 [main] DEBUG - Parsing relationship: /xl/_rels/workbook.xml.rels
20:19:47.083 [main] DEBUG - Parsing relationship: /xl/worksheets/_rels/sheet1.xml.rels
20:19:47.083 [main] DEBUG - Parsing relationship: /_rels/.rels
20:19:47.265 [main] TRACE - Loading type system org.apache.poi.schemas.ooxml.system.ooxml
20:19:47.268 [main] TRACE - Loading type system org.apache.xmlbeans.metadata.system.sXMLCONFIG
20:19:47.269 [main] TRACE - Loading type system org.apache.xmlbeans.metadata.system.sXMLLANG
20:19:47.269 [main] TRACE - Loading type system org.apache.xmlbeans.metadata.system.sXMLSCHEMA
20:19:47.270 [main] TRACE - Loading type system org.apache.xmlbeans.metadata.system.sXMLTOOLS
20:19:47.271 [main] TRACE - Reading unresolved handles for type system org.apache.xmlbeans.metadata.system.sXMLTOOLS
20:19:47.282 [main] TRACE - Finished loading type system org.apache.xmlbeans.metadata.system.sXMLTOOLS
20:19:47.283 [main] TRACE - Reading unresolved handles for type system org.apache.xmlbeans.metadata.system.sXMLSCHEMA
20:19:47.288 [main] TRACE - Finished loading type system org.apache.xmlbeans.metadata.system.sXMLSCHEMA
20:19:47.289 [main] TRACE - Reading unresolved handles for type system org.apache.xmlbeans.metadata.system.sXMLLANG
20:19:47.291 [main] TRACE - Finished loading type system org.apache.xmlbeans.metadata.system.sXMLLANG
20:19:47.292 [main] TRACE - Reading unresolved handles for type system org.apache.xmlbeans.metadata.system.sXMLCONFIG
20:19:47.293 [main] TRACE - Finished loading type system org.apache.xmlbeans.metadata.system.sXMLCONFIG
20:19:47.294 [main] TRACE - Reading unresolved handles for type system org.apache.poi.schemas.ooxml.system.ooxml
20:19:47.362 [main] TRACE - Finished loading type system org.apache.poi.schemas.ooxml.system.ooxml
20:19:47.362 [main] TRACE - Resolving type for handle themefd26doctype
20:19:47.417 [main] TRACE - Resolving type for handle stylesheet5d8bdoctype
20:19:47.422 [main] TRACE - Resolving type for handle ctstylesheet4257type
20:19:47.428 [main] TRACE - Resolving type for handle ctnumfmtsb58btype
20:19:47.431 [main] TRACE - Resolving type for handle ctfonts6623type
20:19:47.433 [main] TRACE - Resolving type for handle ctfont14d8type
20:19:47.439 [main] TRACE - Resolving type for handle ctfills2c6ftype
20:19:47.441 [main] TRACE - Resolving type for handle ctfill550ctype
20:19:47.444 [main] TRACE - Resolving type for handle ctborders0d66type
20:19:47.447 [main] TRACE - Resolving type for handle ctborderf935type
20:19:47.450 [main] TRACE - Resolving type for handle ctcellxfs1322type
20:19:47.453 [main] TRACE - Resolving type for handle ctxf97f7type
20:19:47.458 [main] TRACE - Resolving type for handle ctcellstylexfsa81ftype
20:19:47.462 [main] TRACE - Resolving type for handle ctdxfsb26atype
20:19:47.465 [main] TRACE - Resolving type for handle cttablestyles872ftype
20:19:47.469 [main] TRACE - Resolving type for handle sstf81fdoctype
20:19:47.473 [main] TRACE - Resolving type for handle ctsst44f3type
20:19:47.483 [main] TRACE - Resolving type for handle ctrsta472type
20:19:47.499 [main] DEBUG - using default POIXMLDocumentPart for http://schemas.openxmlformats.org/officeDocument/2006/relationships/printerSettings
20:19:47.501 [main] TRACE - Resolving type for handle workbookec17doctype
20:19:47.505 [main] TRACE - Resolving type for handle ctworkbook83c3type
20:19:47.513 [main] TRACE - Resolving type for handle ctsheets49fdtype
20:19:47.515 [main] TRACE - Resolving type for handle ctsheet4dbetype
20:19:47.517 [main] TRACE - Resolving type for handle strelationshipid1e94type
20:19:47.519 [main] TRACE - Resolving type for handle worksheetf539doctype
20:19:47.523 [main] TRACE - Resolving type for handle ctworksheet530dtype
20:19:47.531 [main] TRACE - Resolving type for handle ctcols627ctype
20:19:47.535 [main] TRACE - Resolving type for handle ctcola95ftype
20:19:47.551 [main] TRACE - Resolving type for handle ctsheetdata8408type
20:19:47.554 [main] TRACE - Resolving type for handle ctrowdd39type
20:19:47.558 [main] TRACE - Resolving type for handle ctcell842btype
20:19:47.565 [main] TRACE - Resolving type for handle stcellrefe4e0type
20:19:47.573 [main] TRACE - Resolving type for handle stxstringf179type
20:19:47.576 [main] TRACE - Resolving type for handle stcelltypebf95type
20:19:47.586 [main] TRACE - Resolving type for handle stcellstylexfid70c7type
20:19:47.589 [main] TRACE - Resolving type for handle ctsheetdimensiond310type
20:19:47.591 [main] TRACE - Resolving type for handle stref90a2type
20:19:47.607 [main] TRACE - Resolving type for handle propertiesee84doctype
20:19:47.609 [main] TRACE - Resolving type for handle ctproperties3f10type
20:19:47.614 [main] TRACE - Resolving type for handle properties288cdoctype
20:19:47.615 [main] TRACE - Resolving type for handle ctproperties2c18type
20:19:47.626 [main] DEBUG - Save content types part
20:19:47.689 [main] DEBUG - Save package relationships
20:19:47.694 [main] DEBUG - Save part 'docProps/app.xml'
20:19:47.694 [main] DEBUG - Save part 'docProps/core.xml'
20:19:47.697 [main] DEBUG - Save part 'xl/printerSettings/printerSettings1.bin'
20:19:47.697 [main] DEBUG - Save part 'xl/sharedStrings.xml'
20:19:47.697 [main] DEBUG - Save part 'xl/styles.xml'
20:19:47.698 [main] DEBUG - Save part 'xl/theme/theme1.xml'
20:19:47.698 [main] DEBUG - Save part 'xl/workbook.xml'
20:19:47.700 [main] DEBUG - Save part 'xl/worksheets/sheet1.xml'
20:20:58.029 [main] DEBUG - Parsing relationship: /xl/_rels/workbook.xml.rels
20:20:58.033 [main] DEBUG - Parsing relationship: /xl/worksheets/_rels/sheet1.xml.rels
20:20:58.036 [main] DEBUG - Parsing relationship: /_rels/.rels
20:20:58.091 [main] DEBUG - using default POIXMLDocumentPart for http://schemas.openxmlformats.org/officeDocument/2006/relationships/printerSettings
20:20:58.150 [main] DEBUG - Save content types part
20:20:58.160 [main] DEBUG - Save package relationships
20:20:58.163 [main] DEBUG - Save part 'docProps/app.xml'
20:20:58.164 [main] DEBUG - Save part 'docProps/core.xml'
20:20:58.166 [main] DEBUG - Save part 'xl/printerSettings/printerSettings1.bin'
20:20:58.167 [main] DEBUG - Save part 'xl/sharedStrings.xml'
20:20:58.167 [main] DEBUG - Save part 'xl/styles.xml'
20:20:58.168 [main] DEBUG - Save part 'xl/theme/theme1.xml'
20:20:58.169 [main] DEBUG - Save part 'xl/workbook.xml'
20:20:58.176 [main] DEBUG - Save part 'xl/worksheets/sheet1.xml'
20:23:33.965 [main] DEBUG - Parsing relationship: /xl/_rels/workbook.xml.rels
20:23:33.971 [main] DEBUG - Parsing relationship: /xl/worksheets/_rels/sheet1.xml.rels
20:23:33.971 [main] DEBUG - Parsing relationship: /_rels/.rels
20:23:34.152 [main] TRACE - Loading type system org.apache.poi.schemas.ooxml.system.ooxml
20:23:34.156 [main] TRACE - Loading type system org.apache.xmlbeans.metadata.system.sXMLCONFIG
20:23:34.157 [main] TRACE - Loading type system org.apache.xmlbeans.metadata.system.sXMLLANG
20:23:34.157 [main] TRACE - Loading type system org.apache.xmlbeans.metadata.system.sXMLSCHEMA
20:23:34.158 [main] TRACE - Loading type system org.apache.xmlbeans.metadata.system.sXMLTOOLS
20:23:34.159 [main] TRACE - Reading unresolved handles for type system org.apache.xmlbeans.metadata.system.sXMLTOOLS
20:23:34.170 [main] TRACE - Finished loading type system org.apache.xmlbeans.metadata.system.sXMLTOOLS
20:23:34.171 [main] TRACE - Reading unresolved handles for type system org.apache.xmlbeans.metadata.system.sXMLSCHEMA
20:23:34.174 [main] TRACE - Finished loading type system org.apache.xmlbeans.metadata.system.sXMLSCHEMA
20:23:34.176 [main] TRACE - Reading unresolved handles for type system org.apache.xmlbeans.metadata.system.sXMLLANG
20:23:34.176 [main] TRACE - Finished loading type system org.apache.xmlbeans.metadata.system.sXMLLANG
20:23:34.177 [main] TRACE - Reading unresolved handles for type system org.apache.xmlbeans.metadata.system.sXMLCONFIG
20:23:34.178 [main] TRACE - Finished loading type system org.apache.xmlbeans.metadata.system.sXMLCONFIG
20:23:34.179 [main] TRACE - Reading unresolved handles for type system org.apache.poi.schemas.ooxml.system.ooxml
20:23:34.225 [main] TRACE - Finished loading type system org.apache.poi.schemas.ooxml.system.ooxml
20:23:34.226 [main] TRACE - Resolving type for handle themefd26doctype
20:23:34.284 [main] TRACE - Resolving type for handle stylesheet5d8bdoctype
20:23:34.294 [main] TRACE - Resolving type for handle ctstylesheet4257type
20:23:34.299 [main] TRACE - Resolving type for handle ctnumfmtsb58btype
20:23:34.303 [main] TRACE - Resolving type for handle ctfonts6623type
20:23:34.306 [main] TRACE - Resolving type for handle ctfont14d8type
20:23:34.320 [main] TRACE - Resolving type for handle ctfills2c6ftype
20:23:34.323 [main] TRACE - Resolving type for handle ctfill550ctype
20:23:34.327 [main] TRACE - Resolving type for handle ctborders0d66type
20:23:34.330 [main] TRACE - Resolving type for handle ctborderf935type
20:23:34.337 [main] TRACE - Resolving type for handle ctcellxfs1322type
20:23:34.342 [main] TRACE - Resolving type for handle ctxf97f7type
20:23:34.346 [main] TRACE - Resolving type for handle ctcellstylexfsa81ftype
20:23:34.349 [main] TRACE - Resolving type for handle ctdxfsb26atype
20:23:34.352 [main] TRACE - Resolving type for handle cttablestyles872ftype
20:23:34.356 [main] TRACE - Resolving type for handle sstf81fdoctype
20:23:34.362 [main] TRACE - Resolving type for handle ctsst44f3type
20:23:34.371 [main] TRACE - Resolving type for handle ctrsta472type
20:23:34.388 [main] DEBUG - using default POIXMLDocumentPart for http://schemas.openxmlformats.org/officeDocument/2006/relationships/printerSettings
20:23:34.389 [main] TRACE - Resolving type for handle workbookec17doctype
20:23:34.395 [main] TRACE - Resolving type for handle ctworkbook83c3type
20:23:34.399 [main] TRACE - Resolving type for handle ctsheets49fdtype
20:23:34.402 [main] TRACE - Resolving type for handle ctsheet4dbetype
20:23:34.403 [main] TRACE - Resolving type for handle strelationshipid1e94type
20:23:34.405 [main] TRACE - Resolving type for handle worksheetf539doctype
20:23:34.410 [main] TRACE - Resolving type for handle ctworksheet530dtype
20:23:34.418 [main] TRACE - Resolving type for handle ctcols627ctype
20:23:34.422 [main] TRACE - Resolving type for handle ctcola95ftype
20:23:34.437 [main] TRACE - Resolving type for handle ctsheetdata8408type
20:23:34.439 [main] TRACE - Resolving type for handle ctrowdd39type
20:23:34.443 [main] TRACE - Resolving type for handle ctcell842btype
20:23:34.450 [main] TRACE - Resolving type for handle stcellrefe4e0type
20:23:34.456 [main] TRACE - Resolving type for handle stxstringf179type
20:23:34.460 [main] TRACE - Resolving type for handle stcelltypebf95type
20:23:34.470 [main] TRACE - Resolving type for handle stcellstylexfid70c7type
20:23:34.473 [main] TRACE - Resolving type for handle ctsheetdimensiond310type
20:23:34.475 [main] TRACE - Resolving type for handle stref90a2type
20:23:34.492 [main] TRACE - Resolving type for handle propertiesee84doctype
20:23:34.494 [main] TRACE - Resolving type for handle ctproperties3f10type
20:23:34.500 [main] TRACE - Resolving type for handle properties288cdoctype
20:23:34.501 [main] TRACE - Resolving type for handle ctproperties2c18type
20:23:34.517 [main] DEBUG - Save content types part
20:23:34.587 [main] DEBUG - Save package relationships
20:23:34.590 [main] DEBUG - Save part 'docProps/app.xml'
20:23:34.591 [main] DEBUG - Save part 'docProps/core.xml'
20:23:34.594 [main] DEBUG - Save part 'xl/printerSettings/printerSettings1.bin'
20:23:34.594 [main] DEBUG - Save part 'xl/sharedStrings.xml'
20:23:34.594 [main] DEBUG - Save part 'xl/styles.xml'
20:23:34.595 [main] DEBUG - Save part 'xl/theme/theme1.xml'
20:23:34.595 [main] DEBUG - Save part 'xl/workbook.xml'
20:23:34.596 [main] DEBUG - Save part 'xl/worksheets/sheet1.xml'
20:23:38.748 [main] DEBUG - Parsing relationship: /xl/_rels/workbook.xml.rels
20:23:38.749 [main] DEBUG - Parsing relationship: /xl/worksheets/_rels/sheet1.xml.rels
20:23:38.751 [main] DEBUG - Parsing relationship: /_rels/.rels
20:23:38.773 [main] DEBUG - using default POIXMLDocumentPart for http://schemas.openxmlformats.org/officeDocument/2006/relationships/printerSettings
20:23:38.793 [main] DEBUG - Save content types part
20:23:38.795 [main] DEBUG - Save package relationships
20:23:38.796 [main] DEBUG - Save part 'docProps/app.xml'
20:23:38.796 [main] DEBUG - Save part 'docProps/core.xml'
20:23:38.798 [main] DEBUG - Save part 'xl/printerSettings/printerSettings1.bin'
20:23:38.798 [main] DEBUG - Save part 'xl/sharedStrings.xml'
20:23:38.798 [main] DEBUG - Save part 'xl/styles.xml'
20:23:38.798 [main] DEBUG - Save part 'xl/theme/theme1.xml'
20:23:38.799 [main] DEBUG - Save part 'xl/workbook.xml'
20:23:38.800 [main] DEBUG - Save part 'xl/worksheets/sheet1.xml'
20:24:49.236 [main] DEBUG - Parsing relationship: /xl/_rels/workbook.xml.rels
20:24:49.244 [main] DEBUG - Parsing relationship: /xl/worksheets/_rels/sheet1.xml.rels
20:24:49.245 [main] DEBUG - Parsing relationship: /_rels/.rels
20:24:49.433 [main] TRACE - Loading type system org.apache.poi.schemas.ooxml.system.ooxml
20:24:49.438 [main] TRACE - Loading type system org.apache.xmlbeans.metadata.system.sXMLCONFIG
20:24:49.439 [main] TRACE - Loading type system org.apache.xmlbeans.metadata.system.sXMLLANG
20:24:49.440 [main] TRACE - Loading type system org.apache.xmlbeans.metadata.system.sXMLSCHEMA
20:24:49.440 [main] TRACE - Loading type system org.apache.xmlbeans.metadata.system.sXMLTOOLS
20:24:49.441 [main] TRACE - Reading unresolved handles for type system org.apache.xmlbeans.metadata.system.sXMLTOOLS
20:24:49.455 [main] TRACE - Finished loading type system org.apache.xmlbeans.metadata.system.sXMLTOOLS
20:24:49.456 [main] TRACE - Reading unresolved handles for type system org.apache.xmlbeans.metadata.system.sXMLSCHEMA
20:24:49.460 [main] TRACE - Finished loading type system org.apache.xmlbeans.metadata.system.sXMLSCHEMA
20:24:49.461 [main] TRACE - Reading unresolved handles for type system org.apache.xmlbeans.metadata.system.sXMLLANG
20:24:49.463 [main] TRACE - Finished loading type system org.apache.xmlbeans.metadata.system.sXMLLANG
20:24:49.464 [main] TRACE - Reading unresolved handles for type system org.apache.xmlbeans.metadata.system.sXMLCONFIG
20:24:49.464 [main] TRACE - Finished loading type system org.apache.xmlbeans.metadata.system.sXMLCONFIG
20:24:49.468 [main] TRACE - Reading unresolved handles for type system org.apache.poi.schemas.ooxml.system.ooxml
20:24:49.527 [main] TRACE - Finished loading type system org.apache.poi.schemas.ooxml.system.ooxml
20:24:49.527 [main] TRACE - Resolving type for handle themefd26doctype
20:24:49.598 [main] TRACE - Resolving type for handle stylesheet5d8bdoctype
20:24:49.606 [main] TRACE - Resolving type for handle ctstylesheet4257type
20:24:49.614 [main] TRACE - Resolving type for handle ctnumfmtsb58btype
20:24:49.619 [main] TRACE - Resolving type for handle ctfonts6623type
20:24:49.622 [main] TRACE - Resolving type for handle ctfont14d8type
20:24:49.628 [main] TRACE - Resolving type for handle ctfills2c6ftype
20:24:49.630 [main] TRACE - Resolving type for handle ctfill550ctype
20:24:49.634 [main] TRACE - Resolving type for handle ctborders0d66type
20:24:49.636 [main] TRACE - Resolving type for handle ctborderf935type
20:24:49.644 [main] TRACE - Resolving type for handle ctcellxfs1322type
20:24:49.647 [main] TRACE - Resolving type for handle ctxf97f7type
20:24:49.654 [main] TRACE - Resolving type for handle ctcellstylexfsa81ftype
20:24:49.656 [main] TRACE - Resolving type for handle ctdxfsb26atype
20:24:49.659 [main] TRACE - Resolving type for handle cttablestyles872ftype
20:24:49.662 [main] TRACE - Resolving type for handle sstf81fdoctype
20:24:49.667 [main] TRACE - Resolving type for handle ctsst44f3type
20:24:49.685 [main] TRACE - Resolving type for handle ctrsta472type
20:24:49.705 [main] DEBUG - using default POIXMLDocumentPart for http://schemas.openxmlformats.org/officeDocument/2006/relationships/printerSettings
20:24:49.707 [main] TRACE - Resolving type for handle workbookec17doctype
20:24:49.711 [main] TRACE - Resolving type for handle ctworkbook83c3type
20:24:49.720 [main] TRACE - Resolving type for handle ctsheets49fdtype
20:24:49.723 [main] TRACE - Resolving type for handle ctsheet4dbetype
20:24:49.725 [main] TRACE - Resolving type for handle strelationshipid1e94type
20:24:49.727 [main] TRACE - Resolving type for handle worksheetf539doctype
20:24:49.732 [main] TRACE - Resolving type for handle ctworksheet530dtype
20:24:49.741 [main] TRACE - Resolving type for handle ctcols627ctype
20:24:49.747 [main] TRACE - Resolving type for handle ctcola95ftype
20:24:49.767 [main] TRACE - Resolving type for handle ctsheetdata8408type
20:24:49.771 [main] TRACE - Resolving type for handle ctrowdd39type
20:24:49.774 [main] TRACE - Resolving type for handle ctcell842btype
20:24:49.781 [main] TRACE - Resolving type for handle stcellrefe4e0type
20:24:49.788 [main] TRACE - Resolving type for handle stxstringf179type
20:24:49.791 [main] TRACE - Resolving type for handle stcelltypebf95type
20:24:49.810 [main] TRACE - Resolving type for handle stcellstylexfid70c7type
20:24:49.815 [main] TRACE - Resolving type for handle ctsheetdimensiond310type
20:24:49.818 [main] TRACE - Resolving type for handle stref90a2type
20:24:49.896 [main] TRACE - Resolving type for handle propertiesee84doctype
20:24:49.900 [main] TRACE - Resolving type for handle ctproperties3f10type
20:24:49.913 [main] TRACE - Resolving type for handle properties288cdoctype
20:24:49.919 [main] TRACE - Resolving type for handle ctproperties2c18type
20:24:49.946 [main] DEBUG - Save content types part
20:24:50.045 [main] DEBUG - Save package relationships
20:24:50.051 [main] DEBUG - Save part 'docProps/app.xml'
20:24:50.052 [main] DEBUG - Save part 'docProps/core.xml'
20:24:50.057 [main] DEBUG - Save part 'xl/printerSettings/printerSettings1.bin'
20:24:50.057 [main] DEBUG - Save part 'xl/sharedStrings.xml'
20:24:50.058 [main] DEBUG - Save part 'xl/styles.xml'
20:24:50.058 [main] DEBUG - Save part 'xl/theme/theme1.xml'
20:24:50.059 [main] DEBUG - Save part 'xl/workbook.xml'
20:24:50.062 [main] DEBUG - Save part 'xl/worksheets/sheet1.xml'
20:24:54.148 [main] DEBUG - Parsing relationship: /xl/_rels/workbook.xml.rels
20:24:54.150 [main] DEBUG - Parsing relationship: /xl/worksheets/_rels/sheet1.xml.rels
20:24:54.151 [main] DEBUG - Parsing relationship: /_rels/.rels
20:24:54.174 [main] DEBUG - using default POIXMLDocumentPart for http://schemas.openxmlformats.org/officeDocument/2006/relationships/printerSettings
20:24:54.217 [main] DEBUG - Save content types part
20:24:54.220 [main] DEBUG - Save package relationships
20:24:54.222 [main] DEBUG - Save part 'docProps/app.xml'
20:24:54.222 [main] DEBUG - Save part 'docProps/core.xml'
20:24:54.224 [main] DEBUG - Save part 'xl/printerSettings/printerSettings1.bin'
20:24:54.225 [main] DEBUG - Save part 'xl/sharedStrings.xml'
20:24:54.225 [main] DEBUG - Save part 'xl/styles.xml'
20:24:54.225 [main] DEBUG - Save part 'xl/theme/theme1.xml'
20:24:54.226 [main] DEBUG - Save part 'xl/workbook.xml'
20:24:54.230 [main] DEBUG - Save part 'xl/worksheets/sheet1.xml'
19:48:20.791 [main] DEBUG - Parsing relationship: /xl/_rels/workbook.xml.rels
19:48:20.803 [main] DEBUG - Parsing relationship: /xl/worksheets/_rels/sheet1.xml.rels
19:48:20.805 [main] DEBUG - Parsing relationship: /_rels/.rels
19:48:21.196 [main] TRACE - Loading type system org.apache.poi.schemas.ooxml.system.ooxml
19:48:21.203 [main] TRACE - Loading type system org.apache.xmlbeans.metadata.system.sXMLCONFIG
19:48:21.205 [main] TRACE - Loading type system org.apache.xmlbeans.metadata.system.sXMLLANG
19:48:21.207 [main] TRACE - Loading type system org.apache.xmlbeans.metadata.system.sXMLSCHEMA
19:48:21.208 [main] TRACE - Loading type system org.apache.xmlbeans.metadata.system.sXMLTOOLS
19:48:21.210 [main] TRACE - Reading unresolved handles for type system org.apache.xmlbeans.metadata.system.sXMLTOOLS
19:48:21.232 [main] TRACE - Finished loading type system org.apache.xmlbeans.metadata.system.sXMLTOOLS
19:48:21.235 [main] TRACE - Reading unresolved handles for type system org.apache.xmlbeans.metadata.system.sXMLSCHEMA
19:48:21.265 [main] TRACE - Finished loading type system org.apache.xmlbeans.metadata.system.sXMLSCHEMA
19:48:21.268 [main] TRACE - Reading unresolved handles for type system org.apache.xmlbeans.metadata.system.sXMLLANG
19:48:21.269 [main] TRACE - Finished loading type system org.apache.xmlbeans.metadata.system.sXMLLANG
19:48:21.272 [main] TRACE - Reading unresolved handles for type system org.apache.xmlbeans.metadata.system.sXMLCONFIG
19:48:21.274 [main] TRACE - Finished loading type system org.apache.xmlbeans.metadata.system.sXMLCONFIG
19:48:21.277 [main] TRACE - Reading unresolved handles for type system org.apache.poi.schemas.ooxml.system.ooxml
19:48:21.414 [main] TRACE - Finished loading type system org.apache.poi.schemas.ooxml.system.ooxml
19:48:21.416 [main] TRACE - Resolving type for handle themefd26doctype
19:48:21.574 [main] TRACE - Resolving type for handle stylesheet5d8bdoctype
19:48:21.592 [main] TRACE - Resolving type for handle ctstylesheet4257type
19:48:21.603 [main] TRACE - Resolving type for handle ctnumfmtsb58btype
19:48:21.612 [main] TRACE - Resolving type for handle ctfonts6623type
19:48:21.620 [main] TRACE - Resolving type for handle ctfont14d8type
19:48:21.637 [main] TRACE - Resolving type for handle ctfills2c6ftype
19:48:21.644 [main] TRACE - Resolving type for handle ctfill550ctype
19:48:21.650 [main] TRACE - Resolving type for handle ctborders0d66type
19:48:21.658 [main] TRACE - Resolving type for handle ctborderf935type
19:48:21.667 [main] TRACE - Resolving type for handle ctcellxfs1322type
19:48:21.677 [main] TRACE - Resolving type for handle ctxf97f7type
19:48:21.688 [main] TRACE - Resolving type for handle ctcellstylexfsa81ftype
19:48:21.696 [main] TRACE - Resolving type for handle ctdxfsb26atype
19:48:21.703 [main] TRACE - Resolving type for handle cttablestyles872ftype
19:48:21.712 [main] TRACE - Resolving type for handle sstf81fdoctype
19:48:21.723 [main] TRACE - Resolving type for handle ctsst44f3type
19:48:21.752 [main] TRACE - Resolving type for handle ctrsta472type
19:48:21.811 [main] DEBUG - using default POIXMLDocumentPart for http://schemas.openxmlformats.org/officeDocument/2006/relationships/printerSettings
19:48:21.814 [main] TRACE - Resolving type for handle workbookec17doctype
19:48:21.824 [main] TRACE - Resolving type for handle ctworkbook83c3type
19:48:21.837 [main] TRACE - Resolving type for handle ctsheets49fdtype
19:48:21.841 [main] TRACE - Resolving type for handle ctsheet4dbetype
19:48:21.845 [main] TRACE - Resolving type for handle strelationshipid1e94type
19:48:21.850 [main] TRACE - Resolving type for handle worksheetf539doctype
19:48:21.867 [main] TRACE - Resolving type for handle ctworksheet530dtype
19:48:21.882 [main] TRACE - Resolving type for handle ctcols627ctype
19:48:21.892 [main] TRACE - Resolving type for handle ctcola95ftype
19:48:21.926 [main] TRACE - Resolving type for handle ctsheetdata8408type
19:48:21.932 [main] TRACE - Resolving type for handle ctrowdd39type
19:48:21.940 [main] TRACE - Resolving type for handle ctcell842btype
19:48:21.950 [main] TRACE - Resolving type for handle stcellrefe4e0type
19:48:21.962 [main] TRACE - Resolving type for handle stxstringf179type
19:48:21.968 [main] TRACE - Resolving type for handle stcelltypebf95type
19:48:21.986 [main] TRACE - Resolving type for handle stcellstylexfid70c7type
19:48:21.994 [main] TRACE - Resolving type for handle ctsheetdimensiond310type
19:48:21.997 [main] TRACE - Resolving type for handle stref90a2type
19:48:22.038 [main] TRACE - Resolving type for handle propertiesee84doctype
19:48:22.041 [main] TRACE - Resolving type for handle ctproperties3f10type
19:48:22.056 [main] TRACE - Resolving type for handle properties288cdoctype
19:48:22.059 [main] TRACE - Resolving type for handle ctproperties2c18type
19:48:22.081 [main] DEBUG - Save content types part
19:48:22.217 [main] DEBUG - Save package relationships
19:48:22.224 [main] DEBUG - Save part 'docProps/app.xml'
19:48:22.225 [main] DEBUG - Save part 'docProps/core.xml'
19:48:22.235 [main] DEBUG - Save part 'xl/printerSettings/printerSettings1.bin'
19:48:22.240 [main] DEBUG - Save part 'xl/sharedStrings.xml'
19:48:22.241 [main] DEBUG - Save part 'xl/styles.xml'
19:48:22.241 [main] DEBUG - Save part 'xl/theme/theme1.xml'
19:48:22.242 [main] DEBUG - Save part 'xl/workbook.xml'
19:48:22.248 [main] DEBUG - Save part 'xl/worksheets/sheet1.xml'
19:51:22.575 [main] DEBUG - Parsing relationship: /xl/_rels/workbook.xml.rels
19:51:22.578 [main] DEBUG - Parsing relationship: /xl/worksheets/_rels/sheet1.xml.rels
19:51:22.581 [main] DEBUG - Parsing relationship: /_rels/.rels
19:51:22.620 [main] DEBUG - using default POIXMLDocumentPart for http://schemas.openxmlformats.org/officeDocument/2006/relationships/printerSettings
19:51:22.692 [main] DEBUG - Save content types part
19:51:22.696 [main] DEBUG - Save package relationships
19:51:22.700 [main] DEBUG - Save part 'docProps/app.xml'
19:51:22.701 [main] DEBUG - Save part 'docProps/core.xml'
19:51:22.705 [main] DEBUG - Save part 'xl/printerSettings/printerSettings1.bin'
19:51:22.705 [main] DEBUG - Save part 'xl/sharedStrings.xml'
19:51:22.706 [main] DEBUG - Save part 'xl/styles.xml'
19:51:22.707 [main] DEBUG - Save part 'xl/theme/theme1.xml'
19:51:22.707 [main] DEBUG - Save part 'xl/workbook.xml'
19:51:22.712 [main] DEBUG - Save part 'xl/worksheets/sheet1.xml'
19:58:23.008 [main] DEBUG - Parsing relationship: /xl/_rels/workbook.xml.rels
19:58:23.027 [main] DEBUG - Parsing relationship: /xl/worksheets/_rels/sheet1.xml.rels
19:58:23.030 [main] DEBUG - Parsing relationship: /_rels/.rels
19:58:23.444 [main] TRACE - Loading type system org.apache.poi.schemas.ooxml.system.ooxml
19:58:23.452 [main] TRACE - Loading type system org.apache.xmlbeans.metadata.system.sXMLCONFIG
19:58:23.454 [main] TRACE - Loading type system org.apache.xmlbeans.metadata.system.sXMLLANG
19:58:23.455 [main] TRACE - Loading type system org.apache.xmlbeans.metadata.system.sXMLSCHEMA
19:58:23.456 [main] TRACE - Loading type system org.apache.xmlbeans.metadata.system.sXMLTOOLS
19:58:23.459 [main] TRACE - Reading unresolved handles for type system org.apache.xmlbeans.metadata.system.sXMLTOOLS
19:58:23.486 [main] TRACE - Finished loading type system org.apache.xmlbeans.metadata.system.sXMLTOOLS
19:58:23.489 [main] TRACE - Reading unresolved handles for type system org.apache.xmlbeans.metadata.system.sXMLSCHEMA
19:58:23.501 [main] TRACE - Finished loading type system org.apache.xmlbeans.metadata.system.sXMLSCHEMA
19:58:23.505 [main] TRACE - Reading unresolved handles for type system org.apache.xmlbeans.metadata.system.sXMLLANG
19:58:23.508 [main] TRACE - Finished loading type system org.apache.xmlbeans.metadata.system.sXMLLANG
19:58:23.511 [main] TRACE - Reading unresolved handles for type system org.apache.xmlbeans.metadata.system.sXMLCONFIG
19:58:23.513 [main] TRACE - Finished loading type system org.apache.xmlbeans.metadata.system.sXMLCONFIG
19:58:23.517 [main] TRACE - Reading unresolved handles for type system org.apache.poi.schemas.ooxml.system.ooxml
19:58:23.643 [main] TRACE - Finished loading type system org.apache.poi.schemas.ooxml.system.ooxml
19:58:23.645 [main] TRACE - Resolving type for handle themefd26doctype
19:58:23.754 [main] TRACE - Resolving type for handle stylesheet5d8bdoctype
19:58:23.763 [main] TRACE - Resolving type for handle ctstylesheet4257type
19:58:23.773 [main] TRACE - Resolving type for handle ctnumfmtsb58btype
19:58:23.781 [main] TRACE - Resolving type for handle ctfonts6623type
19:58:23.788 [main] TRACE - Resolving type for handle ctfont14d8type
19:58:23.799 [main] TRACE - Resolving type for handle ctfills2c6ftype
19:58:23.805 [main] TRACE - Resolving type for handle ctfill550ctype
19:58:23.808 [main] TRACE - Resolving type for handle ctborders0d66type
19:58:23.813 [main] TRACE - Resolving type for handle ctborderf935type
19:58:23.822 [main] TRACE - Resolving type for handle ctcellxfs1322type
19:58:23.827 [main] TRACE - Resolving type for handle ctxf97f7type
19:58:23.832 [main] TRACE - Resolving type for handle ctcellstylexfsa81ftype
19:58:23.836 [main] TRACE - Resolving type for handle ctdxfsb26atype
19:58:23.840 [main] TRACE - Resolving type for handle cttablestyles872ftype
19:58:23.846 [main] TRACE - Resolving type for handle sstf81fdoctype
19:58:23.854 [main] TRACE - Resolving type for handle ctsst44f3type
19:58:23.875 [main] TRACE - Resolving type for handle ctrsta472type
19:58:23.911 [main] DEBUG - using default POIXMLDocumentPart for http://schemas.openxmlformats.org/officeDocument/2006/relationships/printerSettings
19:58:23.921 [main] TRACE - Resolving type for handle workbookec17doctype
19:58:23.928 [main] TRACE - Resolving type for handle ctworkbook83c3type
19:58:23.939 [main] TRACE - Resolving type for handle ctsheets49fdtype
19:58:23.943 [main] TRACE - Resolving type for handle ctsheet4dbetype
19:58:23.948 [main] TRACE - Resolving type for handle strelationshipid1e94type
19:58:23.953 [main] TRACE - Resolving type for handle worksheetf539doctype
19:58:23.963 [main] TRACE - Resolving type for handle ctworksheet530dtype
19:58:23.979 [main] TRACE - Resolving type for handle ctcols627ctype
19:58:23.988 [main] TRACE - Resolving type for handle ctcola95ftype
19:58:24.024 [main] TRACE - Resolving type for handle ctsheetdata8408type
19:58:24.030 [main] TRACE - Resolving type for handle ctrowdd39type
19:58:24.040 [main] TRACE - Resolving type for handle ctcell842btype
19:58:24.054 [main] TRACE - Resolving type for handle stcellrefe4e0type
19:58:24.072 [main] TRACE - Resolving type for handle stxstringf179type
19:58:24.084 [main] TRACE - Resolving type for handle stcelltypebf95type
19:58:24.116 [main] TRACE - Resolving type for handle stcellstylexfid70c7type
19:58:24.124 [main] TRACE - Resolving type for handle ctsheetdimensiond310type
19:58:24.127 [main] TRACE - Resolving type for handle stref90a2type
19:58:24.173 [main] TRACE - Resolving type for handle propertiesee84doctype
19:58:24.176 [main] TRACE - Resolving type for handle ctproperties3f10type
19:58:24.187 [main] TRACE - Resolving type for handle properties288cdoctype
19:58:24.189 [main] TRACE - Resolving type for handle ctproperties2c18type
19:58:24.206 [main] DEBUG - Save content types part
19:58:24.341 [main] DEBUG - Save package relationships
19:58:24.347 [main] DEBUG - Save part 'docProps/app.xml'
19:58:24.348 [main] DEBUG - Save part 'docProps/core.xml'
19:58:24.355 [main] DEBUG - Save part 'xl/printerSettings/printerSettings1.bin'
