15:26:49.490 [main] TRACE - Resolving type for handle stcellstylexfid70c7type
15:26:49.512 [main] TRACE - Resolving type for handle ctsheetdimensiond310type
15:26:49.518 [main] TRACE - Resolving type for handle stref90a2type
15:26:49.575 [main] TRACE - Resolving type for handle propertiesee84doctype
15:26:49.581 [main] TRACE - Resolving type for handle ctproperties3f10type
15:26:49.603 [main] TRACE - Resolving type for handle properties288cdoctype
15:26:49.606 [main] TRACE - Resolving type for handle ctproperties2c18type
15:26:49.635 [main] DEBUG - Save content types part
15:26:49.799 [main] DEBUG - Save package relationships
15:26:49.820 [main] DEBUG - Save part 'docProps/app.xml'
15:26:49.822 [main] DEBUG - Save part 'docProps/core.xml'
15:26:49.828 [main] DEBUG - Save part 'xl/printerSettings/printerSettings1.bin'
15:26:49.830 [main] DEBUG - Save part 'xl/sharedStrings.xml'
15:26:49.830 [main] DEBUG - Save part 'xl/styles.xml'
15:26:49.831 [main] DEBUG - Save part 'xl/theme/theme1.xml'
15:26:49.834 [main] DEBUG - Save part 'xl/workbook.xml'
15:26:49.840 [main] DEBUG - Save part 'xl/worksheets/sheet1.xml'
15:27:00.240 [main] DEBUG - Parsing relationship: /xl/_rels/workbook.xml.rels
15:27:00.242 [main] DEBUG - Parsing relationship: /xl/worksheets/_rels/sheet1.xml.rels
15:27:00.243 [main] DEBUG - Parsing relationship: /_rels/.rels
15:27:00.271 [main] DEBUG - using default POIXMLDocumentPart for http://schemas.openxmlformats.org/officeDocument/2006/relationships/printerSettings
15:27:00.309 [main] DEBUG - Save content types part
15:27:00.313 [main] DEBUG - Save package relationships
15:27:00.316 [main] DEBUG - Save part 'docProps/app.xml'
15:27:00.316 [main] DEBUG - Save part 'docProps/core.xml'
15:27:00.320 [main] DEBUG - Save part 'xl/printerSettings/printerSettings1.bin'
15:27:00.321 [main] DEBUG - Save part 'xl/sharedStrings.xml'
15:27:00.321 [main] DEBUG - Save part 'xl/styles.xml'
15:27:00.323 [main] DEBUG - Save part 'xl/theme/theme1.xml'
15:27:00.323 [main] DEBUG - Save part 'xl/workbook.xml'
15:27:00.328 [main] DEBUG - Save part 'xl/worksheets/sheet1.xml'
15:37:33.160 [main] DEBUG - Parsing relationship: /xl/_rels/workbook.xml.rels
15:37:33.174 [main] DEBUG - Parsing relationship: /xl/worksheets/_rels/sheet1.xml.rels
15:37:33.176 [main] DEBUG - Parsing relationship: /_rels/.rels
15:37:33.623 [main] TRACE - Loading type system org.apache.poi.schemas.ooxml.system.ooxml
15:37:33.629 [main] TRACE - Loading type system org.apache.xmlbeans.metadata.system.sXMLCONFIG
15:37:33.630 [main] TRACE - Loading type system org.apache.xmlbeans.metadata.system.sXMLLANG
15:37:33.631 [main] TRACE - Loading type system org.apache.xmlbeans.metadata.system.sXMLSCHEMA
15:37:33.632 [main] TRACE - Loading type system org.apache.xmlbeans.metadata.system.sXMLTOOLS
15:37:33.637 [main] TRACE - Reading unresolved handles for type system org.apache.xmlbeans.metadata.system.sXMLTOOLS
15:37:33.662 [main] TRACE - Finished loading type system org.apache.xmlbeans.metadata.system.sXMLTOOLS
15:37:33.665 [main] TRACE - Reading unresolved handles for type system org.apache.xmlbeans.metadata.system.sXMLSCHEMA
15:37:33.675 [main] TRACE - Finished loading type system org.apache.xmlbeans.metadata.system.sXMLSCHEMA
15:37:33.677 [main] TRACE - Reading unresolved handles for type system org.apache.xmlbeans.metadata.system.sXMLLANG
15:37:33.679 [main] TRACE - Finished loading type system org.apache.xmlbeans.metadata.system.sXMLLANG
15:37:33.681 [main] TRACE - Reading unresolved handles for type system org.apache.xmlbeans.metadata.system.sXMLCONFIG
15:37:33.682 [main] TRACE - Finished loading type system org.apache.xmlbeans.metadata.system.sXMLCONFIG
15:37:33.684 [main] TRACE - Reading unresolved handles for type system org.apache.poi.schemas.ooxml.system.ooxml
15:37:33.797 [main] TRACE - Finished loading type system org.apache.poi.schemas.ooxml.system.ooxml
15:37:33.799 [main] TRACE - Resolving type for handle themefd26doctype
15:37:33.957 [main] TRACE - Resolving type for handle stylesheet5d8bdoctype
15:37:33.970 [main] TRACE - Resolving type for handle ctstylesheet4257type
15:37:33.983 [main] TRACE - Resolving type for handle ctnumfmtsb58btype
15:37:33.999 [main] TRACE - Resolving type for handle ctfonts6623type
15:37:34.004 [main] TRACE - Resolving type for handle ctfont14d8type
15:37:34.021 [main] TRACE - Resolving type for handle ctfills2c6ftype
15:37:34.026 [main] TRACE - Resolving type for handle ctfill550ctype
15:37:34.031 [main] TRACE - Resolving type for handle ctborders0d66type
15:37:34.036 [main] TRACE - Resolving type for handle ctborderf935type
15:37:34.044 [main] TRACE - Resolving type for handle ctcellxfs1322type
15:37:34.050 [main] TRACE - Resolving type for handle ctxf97f7type
15:37:34.058 [main] TRACE - Resolving type for handle ctcellstylexfsa81ftype
15:37:34.064 [main] TRACE - Resolving type for handle ctdxfsb26atype
15:37:34.071 [main] TRACE - Resolving type for handle cttablestyles872ftype
15:37:34.081 [main] TRACE - Resolving type for handle sstf81fdoctype
15:37:34.088 [main] TRACE - Resolving type for handle ctsst44f3type
15:37:34.114 [main] TRACE - Resolving type for handle ctrsta472type
15:37:34.187 [main] DEBUG - using default POIXMLDocumentPart for http://schemas.openxmlformats.org/officeDocument/2006/relationships/printerSettings
15:37:34.189 [main] TRACE - Resolving type for handle workbookec17doctype
15:37:34.199 [main] TRACE - Resolving type for handle ctworkbook83c3type
15:37:34.210 [main] TRACE - Resolving type for handle ctsheets49fdtype
15:37:34.215 [main] TRACE - Resolving type for handle ctsheet4dbetype
15:37:34.222 [main] TRACE - Resolving type for handle strelationshipid1e94type
15:37:34.227 [main] TRACE - Resolving type for handle worksheetf539doctype
15:37:34.242 [main] TRACE - Resolving type for handle ctworksheet530dtype
15:37:34.269 [main] TRACE - Resolving type for handle ctcols627ctype
15:37:34.280 [main] TRACE - Resolving type for handle ctcola95ftype
15:37:34.328 [main] TRACE - Resolving type for handle ctsheetdata8408type
15:37:34.338 [main] TRACE - Resolving type for handle ctrowdd39type
15:37:34.365 [main] TRACE - Resolving type for handle ctcell842btype
15:37:34.387 [main] TRACE - Resolving type for handle stcellrefe4e0type
15:37:34.403 [main] TRACE - Resolving type for handle stxstringf179type
15:37:34.412 [main] TRACE - Resolving type for handle stcelltypebf95type
15:37:34.444 [main] TRACE - Resolving type for handle stcellstylexfid70c7type
15:37:34.459 [main] TRACE - Resolving type for handle ctsheetdimensiond310type
15:37:34.463 [main] TRACE - Resolving type for handle stref90a2type
15:37:34.510 [main] TRACE - Resolving type for handle propertiesee84doctype
15:37:34.514 [main] TRACE - Resolving type for handle ctproperties3f10type
15:37:34.530 [main] TRACE - Resolving type for handle properties288cdoctype
15:37:34.533 [main] TRACE - Resolving type for handle ctproperties2c18type
15:37:34.559 [main] DEBUG - Save content types part
15:37:34.679 [main] DEBUG - Save package relationships
15:37:34.685 [main] DEBUG - Save part 'docProps/app.xml'
15:37:34.686 [main] DEBUG - Save part 'docProps/core.xml'
15:37:34.693 [main] DEBUG - Save part 'xl/printerSettings/printerSettings1.bin'
15:37:34.694 [main] DEBUG - Save part 'xl/sharedStrings.xml'
15:37:34.695 [main] DEBUG - Save part 'xl/styles.xml'
15:37:34.696 [main] DEBUG - Save part 'xl/theme/theme1.xml'
15:37:34.697 [main] DEBUG - Save part 'xl/workbook.xml'
15:37:34.702 [main] DEBUG - Save part 'xl/worksheets/sheet1.xml'
15:39:09.324 [main] DEBUG - Parsing relationship: /xl/_rels/workbook.xml.rels
15:39:09.329 [main] DEBUG - Parsing relationship: /xl/worksheets/_rels/sheet1.xml.rels
15:39:09.334 [main] DEBUG - Parsing relationship: /_rels/.rels
15:39:09.403 [main] DEBUG - using default POIXMLDocumentPart for http://schemas.openxmlformats.org/officeDocument/2006/relationships/printerSettings
15:39:09.471 [main] DEBUG - Save content types part
15:39:09.476 [main] DEBUG - Save package relationships
15:39:09.479 [main] DEBUG - Save part 'docProps/app.xml'
15:39:09.480 [main] DEBUG - Save part 'docProps/core.xml'
15:39:09.486 [main] DEBUG - Save part 'xl/printerSettings/printerSettings1.bin'
15:39:09.487 [main] DEBUG - Save part 'xl/sharedStrings.xml'
15:39:09.487 [main] DEBUG - Save part 'xl/styles.xml'
15:39:09.488 [main] DEBUG - Save part 'xl/theme/theme1.xml'
15:39:09.489 [main] DEBUG - Save part 'xl/workbook.xml'
15:39:09.493 [main] DEBUG - Save part 'xl/worksheets/sheet1.xml'
15:58:44.452 [main] DEBUG - Parsing relationship: /xl/_rels/workbook.xml.rels
15:58:44.465 [main] DEBUG - Parsing relationship: /xl/worksheets/_rels/sheet1.xml.rels
15:58:44.468 [main] DEBUG - Parsing relationship: /_rels/.rels
15:58:45.012 [main] TRACE - Loading type system org.apache.poi.schemas.ooxml.system.ooxml
15:58:45.026 [main] TRACE - Loading type system org.apache.xmlbeans.metadata.system.sXMLCONFIG
15:58:45.028 [main] TRACE - Loading type system org.apache.xmlbeans.metadata.system.sXMLLANG
15:58:45.030 [main] TRACE - Loading type system org.apache.xmlbeans.metadata.system.sXMLSCHEMA
15:58:45.031 [main] TRACE - Loading type system org.apache.xmlbeans.metadata.system.sXMLTOOLS
15:58:45.036 [main] TRACE - Reading unresolved handles for type system org.apache.xmlbeans.metadata.system.sXMLTOOLS
15:58:45.077 [main] TRACE - Finished loading type system org.apache.xmlbeans.metadata.system.sXMLTOOLS
15:58:45.083 [main] TRACE - Reading unresolved handles for type system org.apache.xmlbeans.metadata.system.sXMLSCHEMA
15:58:45.103 [main] TRACE - Finished loading type system org.apache.xmlbeans.metadata.system.sXMLSCHEMA
15:58:45.108 [main] TRACE - Reading unresolved handles for type system org.apache.xmlbeans.metadata.system.sXMLLANG
15:58:45.112 [main] TRACE - Finished loading type system org.apache.xmlbeans.metadata.system.sXMLLANG
15:58:45.117 [main] TRACE - Reading unresolved handles for type system org.apache.xmlbeans.metadata.system.sXMLCONFIG
15:58:45.121 [main] TRACE - Finished loading type system org.apache.xmlbeans.metadata.system.sXMLCONFIG
15:58:45.126 [main] TRACE - Reading unresolved handles for type system org.apache.poi.schemas.ooxml.system.ooxml
15:58:45.260 [main] TRACE - Finished loading type system org.apache.poi.schemas.ooxml.system.ooxml
15:58:45.262 [main] TRACE - Resolving type for handle themefd26doctype
15:58:45.421 [main] TRACE - Resolving type for handle stylesheet5d8bdoctype
15:58:45.434 [main] TRACE - Resolving type for handle ctstylesheet4257type
15:58:45.447 [main] TRACE - Resolving type for handle ctnumfmtsb58btype
15:58:45.452 [main] TRACE - Resolving type for handle ctfonts6623type
15:58:45.458 [main] TRACE - Resolving type for handle ctfont14d8type
15:58:45.475 [main] TRACE - Resolving type for handle ctfills2c6ftype
15:58:45.480 [main] TRACE - Resolving type for handle ctfill550ctype
15:58:45.485 [main] TRACE - Resolving type for handle ctborders0d66type
15:58:45.492 [main] TRACE - Resolving type for handle ctborderf935type
15:58:45.500 [main] TRACE - Resolving type for handle ctcellxfs1322type
15:58:45.507 [main] TRACE - Resolving type for handle ctxf97f7type
15:58:45.515 [main] TRACE - Resolving type for handle ctcellstylexfsa81ftype
15:58:45.520 [main] TRACE - Resolving type for handle ctdxfsb26atype
15:58:45.526 [main] TRACE - Resolving type for handle cttablestyles872ftype
15:58:45.540 [main] TRACE - Resolving type for handle sstf81fdoctype
15:58:45.551 [main] TRACE - Resolving type for handle ctsst44f3type
15:58:45.574 [main] TRACE - Resolving type for handle ctrsta472type
15:58:45.630 [main] DEBUG - using default POIXMLDocumentPart for http://schemas.openxmlformats.org/officeDocument/2006/relationships/printerSettings
15:58:45.632 [main] TRACE - Resolving type for handle workbookec17doctype
15:58:45.643 [main] TRACE - Resolving type for handle ctworkbook83c3type
15:58:45.656 [main] TRACE - Resolving type for handle ctsheets49fdtype
15:58:45.662 [main] TRACE - Resolving type for handle ctsheet4dbetype
15:58:45.673 [main] TRACE - Resolving type for handle strelationshipid1e94type
15:58:45.679 [main] TRACE - Resolving type for handle worksheetf539doctype
15:58:45.691 [main] TRACE - Resolving type for handle ctworksheet530dtype
15:58:45.710 [main] TRACE - Resolving type for handle ctcols627ctype
15:58:45.722 [main] TRACE - Resolving type for handle ctcola95ftype
15:58:45.777 [main] TRACE - Resolving type for handle ctsheetdata8408type
15:58:45.784 [main] TRACE - Resolving type for handle ctrowdd39type
15:58:45.794 [main] TRACE - Resolving type for handle ctcell842btype
15:58:45.809 [main] TRACE - Resolving type for handle stcellrefe4e0type
15:58:45.824 [main] TRACE - Resolving type for handle stxstringf179type
15:58:45.845 [main] TRACE - Resolving type for handle stcelltypebf95type
15:58:45.872 [main] TRACE - Resolving type for handle stcellstylexfid70c7type
15:58:45.879 [main] TRACE - Resolving type for handle ctsheetdimensiond310type
15:58:45.883 [main] TRACE - Resolving type for handle stref90a2type
15:58:45.931 [main] TRACE - Resolving type for handle propertiesee84doctype
15:58:45.937 [main] TRACE - Resolving type for handle ctproperties3f10type
15:58:45.952 [main] TRACE - Resolving type for handle properties288cdoctype
15:58:45.956 [main] TRACE - Resolving type for handle ctproperties2c18type
15:58:45.984 [main] DEBUG - Save content types part
15:58:46.122 [main] DEBUG - Save package relationships
15:58:46.128 [main] DEBUG - Save part 'docProps/app.xml'
15:58:46.129 [main] DEBUG - Save part 'docProps/core.xml'
15:58:46.136 [main] DEBUG - Save part 'xl/printerSettings/printerSettings1.bin'
15:58:46.137 [main] DEBUG - Save part 'xl/sharedStrings.xml'
15:58:46.138 [main] DEBUG - Save part 'xl/styles.xml'
15:58:46.139 [main] DEBUG - Save part 'xl/theme/theme1.xml'
15:58:46.140 [main] DEBUG - Save part 'xl/workbook.xml'
15:58:46.144 [main] DEBUG - Save part 'xl/worksheets/sheet1.xml'
16:00:27.734 [main] DEBUG - Parsing relationship: /xl/_rels/workbook.xml.rels
16:00:27.744 [main] DEBUG - Parsing relationship: /xl/worksheets/_rels/sheet1.xml.rels
16:00:27.747 [main] DEBUG - Parsing relationship: /_rels/.rels
16:00:27.834 [main] DEBUG - using default POIXMLDocumentPart for http://schemas.openxmlformats.org/officeDocument/2006/relationships/printerSettings
16:00:27.913 [main] DEBUG - Save content types part
16:00:27.917 [main] DEBUG - Save package relationships
16:00:27.920 [main] DEBUG - Save part 'docProps/app.xml'
16:00:27.921 [main] DEBUG - Save part 'docProps/core.xml'
16:00:27.926 [main] DEBUG - Save part 'xl/printerSettings/printerSettings1.bin'
16:00:27.927 [main] DEBUG - Save part 'xl/sharedStrings.xml'
16:00:27.928 [main] DEBUG - Save part 'xl/styles.xml'
16:00:27.929 [main] DEBUG - Save part 'xl/theme/theme1.xml'
16:00:27.930 [main] DEBUG - Save part 'xl/workbook.xml'
16:00:27.933 [main] DEBUG - Save part 'xl/worksheets/sheet1.xml'
16:11:14.587 [main] DEBUG - Parsing relationship: /xl/_rels/workbook.xml.rels
16:11:14.606 [main] DEBUG - Parsing relationship: /xl/worksheets/_rels/sheet1.xml.rels
16:11:14.609 [main] DEBUG - Parsing relationship: /_rels/.rels
16:11:14.981 [main] TRACE - Loading type system org.apache.poi.schemas.ooxml.system.ooxml
16:11:14.988 [main] TRACE - Loading type system org.apache.xmlbeans.metadata.system.sXMLCONFIG
16:11:14.992 [main] TRACE - Loading type system org.apache.xmlbeans.metadata.system.sXMLLANG
16:11:14.993 [main] TRACE - Loading type system org.apache.xmlbeans.metadata.system.sXMLSCHEMA
16:11:14.994 [main] TRACE - Loading type system org.apache.xmlbeans.metadata.system.sXMLTOOLS
16:11:14.996 [main] TRACE - Reading unresolved handles for type system org.apache.xmlbeans.metadata.system.sXMLTOOLS
16:11:15.017 [main] TRACE - Finished loading type system org.apache.xmlbeans.metadata.system.sXMLTOOLS
16:11:15.019 [main] TRACE - Reading unresolved handles for type system org.apache.xmlbeans.metadata.system.sXMLSCHEMA
16:11:15.028 [main] TRACE - Finished loading type system org.apache.xmlbeans.metadata.system.sXMLSCHEMA
16:11:15.031 [main] TRACE - Reading unresolved handles for type system org.apache.xmlbeans.metadata.system.sXMLLANG
16:11:15.032 [main] TRACE - Finished loading type system org.apache.xmlbeans.metadata.system.sXMLLANG
16:11:15.036 [main] TRACE - Reading unresolved handles for type system org.apache.xmlbeans.metadata.system.sXMLCONFIG
16:11:15.038 [main] TRACE - Finished loading type system org.apache.xmlbeans.metadata.system.sXMLCONFIG
16:11:15.042 [main] TRACE - Reading unresolved handles for type system org.apache.poi.schemas.ooxml.system.ooxml
16:11:15.154 [main] TRACE - Finished loading type system org.apache.poi.schemas.ooxml.system.ooxml
16:11:15.158 [main] TRACE - Resolving type for handle themefd26doctype
16:11:15.285 [main] TRACE - Resolving type for handle stylesheet5d8bdoctype
16:11:15.295 [main] TRACE - Resolving type for handle ctstylesheet4257type
16:11:15.303 [main] TRACE - Resolving type for handle ctnumfmtsb58btype
16:11:15.309 [main] TRACE - Resolving type for handle ctfonts6623type
16:11:15.315 [main] TRACE - Resolving type for handle ctfont14d8type
16:11:15.326 [main] TRACE - Resolving type for handle ctfills2c6ftype
16:11:15.330 [main] TRACE - Resolving type for handle ctfill550ctype
16:11:15.335 [main] TRACE - Resolving type for handle ctborders0d66type
16:11:15.339 [main] TRACE - Resolving type for handle ctborderf935type
16:11:15.346 [main] TRACE - Resolving type for handle ctcellxfs1322type
16:11:15.353 [main] TRACE - Resolving type for handle ctxf97f7type
16:11:15.360 [main] TRACE - Resolving type for handle ctcellstylexfsa81ftype
16:11:15.364 [main] TRACE - Resolving type for handle ctdxfsb26atype
16:11:15.370 [main] TRACE - Resolving type for handle cttablestyles872ftype
16:11:15.379 [main] TRACE - Resolving type for handle sstf81fdoctype
16:11:15.392 [main] TRACE - Resolving type for handle ctsst44f3type
16:11:15.410 [main] TRACE - Resolving type for handle ctrsta472type
16:11:15.464 [main] DEBUG - using default POIXMLDocumentPart for http://schemas.openxmlformats.org/officeDocument/2006/relationships/printerSettings
16:11:15.467 [main] TRACE - Resolving type for handle workbookec17doctype
16:11:15.478 [main] TRACE - Resolving type for handle ctworkbook83c3type
16:11:15.492 [main] TRACE - Resolving type for handle ctsheets49fdtype
16:11:15.497 [main] TRACE - Resolving type for handle ctsheet4dbetype
16:11:15.503 [main] TRACE - Resolving type for handle strelationshipid1e94type
16:11:15.507 [main] TRACE - Resolving type for handle worksheetf539doctype
16:11:15.524 [main] TRACE - Resolving type for handle ctworksheet530dtype
16:11:15.536 [main] TRACE - Resolving type for handle ctcols627ctype
16:11:15.545 [main] TRACE - Resolving type for handle ctcola95ftype
16:11:15.580 [main] TRACE - Resolving type for handle ctsheetdata8408type
16:11:15.587 [main] TRACE - Resolving type for handle ctrowdd39type
16:11:15.596 [main] TRACE - Resolving type for handle ctcell842btype
16:11:15.610 [main] TRACE - Resolving type for handle stcellrefe4e0type
16:11:15.626 [main] TRACE - Resolving type for handle stxstringf179type
16:11:15.632 [main] TRACE - Resolving type for handle stcelltypebf95type
16:11:15.655 [main] TRACE - Resolving type for handle stcellstylexfid70c7type
16:11:15.663 [main] TRACE - Resolving type for handle ctsheetdimensiond310type
16:11:15.666 [main] TRACE - Resolving type for handle stref90a2type
16:11:15.698 [main] TRACE - Resolving type for handle propertiesee84doctype
16:11:15.701 [main] TRACE - Resolving type for handle ctproperties3f10type
16:11:15.711 [main] TRACE - Resolving type for handle properties288cdoctype
16:11:15.714 [main] TRACE - Resolving type for handle ctproperties2c18type
16:11:15.735 [main] DEBUG - Save content types part
16:11:15.871 [main] DEBUG - Save package relationships
16:11:15.878 [main] DEBUG - Save part 'docProps/app.xml'
16:11:15.879 [main] DEBUG - Save part 'docProps/core.xml'
16:11:15.884 [main] DEBUG - Save part 'xl/printerSettings/printerSettings1.bin'
16:11:15.885 [main] DEBUG - Save part 'xl/sharedStrings.xml'
16:11:15.886 [main] DEBUG - Save part 'xl/styles.xml'
16:11:15.887 [main] DEBUG - Save part 'xl/theme/theme1.xml'
16:11:15.888 [main] DEBUG - Save part 'xl/workbook.xml'
16:11:15.894 [main] DEBUG - Save part 'xl/worksheets/sheet1.xml'
16:12:43.532 [main] DEBUG - Parsing relationship: /xl/_rels/workbook.xml.rels
16:12:43.565 [main] DEBUG - Parsing relationship: /xl/worksheets/_rels/sheet1.xml.rels
16:12:43.569 [main] DEBUG - Parsing relationship: /_rels/.rels
16:12:44.047 [main] TRACE - Loading type system org.apache.poi.schemas.ooxml.system.ooxml
16:12:44.054 [main] TRACE - Loading type system org.apache.xmlbeans.metadata.system.sXMLCONFIG
16:12:44.057 [main] TRACE - Loading type system org.apache.xmlbeans.metadata.system.sXMLLANG
16:12:44.058 [main] TRACE - Loading type system org.apache.xmlbeans.metadata.system.sXMLSCHEMA
16:12:44.060 [main] TRACE - Loading type system org.apache.xmlbeans.metadata.system.sXMLTOOLS
16:12:44.064 [main] TRACE - Reading unresolved handles for type system org.apache.xmlbeans.metadata.system.sXMLTOOLS
16:12:44.088 [main] TRACE - Finished loading type system org.apache.xmlbeans.metadata.system.sXMLTOOLS
16:12:44.090 [main] TRACE - Reading unresolved handles for type system org.apache.xmlbeans.metadata.system.sXMLSCHEMA
16:12:44.103 [main] TRACE - Finished loading type system org.apache.xmlbeans.metadata.system.sXMLSCHEMA
16:12:44.107 [main] TRACE - Reading unresolved handles for type system org.apache.xmlbeans.metadata.system.sXMLLANG
16:12:44.108 [main] TRACE - Finished loading type system org.apache.xmlbeans.metadata.system.sXMLLANG
16:12:44.112 [main] TRACE - Reading unresolved handles for type system org.apache.xmlbeans.metadata.system.sXMLCONFIG
16:12:44.115 [main] TRACE - Finished loading type system org.apache.xmlbeans.metadata.system.sXMLCONFIG
16:12:44.118 [main] TRACE - Reading unresolved handles for type system org.apache.poi.schemas.ooxml.system.ooxml
16:12:44.247 [main] TRACE - Finished loading type system org.apache.poi.schemas.ooxml.system.ooxml
16:12:44.249 [main] TRACE - Resolving type for handle themefd26doctype
16:12:44.408 [main] TRACE - Resolving type for handle stylesheet5d8bdoctype
16:12:44.424 [main] TRACE - Resolving type for handle ctstylesheet4257type
16:12:44.437 [main] TRACE - Resolving type for handle ctnumfmtsb58btype
16:12:44.442 [main] TRACE - Resolving type for handle ctfonts6623type
16:12:44.451 [main] TRACE - Resolving type for handle ctfont14d8type
16:12:44.474 [main] TRACE - Resolving type for handle ctfills2c6ftype
16:12:44.486 [main] TRACE - Resolving type for handle ctfill550ctype
16:12:44.497 [main] TRACE - Resolving type for handle ctborders0d66type
16:12:44.502 [main] TRACE - Resolving type for handle ctborderf935type
16:12:44.515 [main] TRACE - Resolving type for handle ctcellxfs1322type
16:12:44.523 [main] TRACE - Resolving type for handle ctxf97f7type
16:12:44.534 [main] TRACE - Resolving type for handle ctcellstylexfsa81ftype
16:12:44.539 [main] TRACE - Resolving type for handle ctdxfsb26atype
16:12:44.558 [main] TRACE - Resolving type for handle cttablestyles872ftype
16:12:44.569 [main] TRACE - Resolving type for handle sstf81fdoctype
16:12:44.584 [main] TRACE - Resolving type for handle ctsst44f3type
16:12:44.609 [main] TRACE - Resolving type for handle ctrsta472type
16:12:44.653 [main] DEBUG - using default POIXMLDocumentPart for http://schemas.openxmlformats.org/officeDocument/2006/relationships/printerSettings
16:12:44.654 [main] TRACE - Resolving type for handle workbookec17doctype
16:12:44.665 [main] TRACE - Resolving type for handle ctworkbook83c3type
16:12:44.679 [main] TRACE - Resolving type for handle ctsheets49fdtype
16:12:44.684 [main] TRACE - Resolving type for handle ctsheet4dbetype
16:12:44.688 [main] TRACE - Resolving type for handle strelationshipid1e94type
16:12:44.692 [main] TRACE - Resolving type for handle worksheetf539doctype
16:12:44.708 [main] TRACE - Resolving type for handle ctworksheet530dtype
16:12:44.729 [main] TRACE - Resolving type for handle ctcols627ctype
16:12:44.740 [main] TRACE - Resolving type for handle ctcola95ftype
16:12:44.787 [main] TRACE - Resolving type for handle ctsheetdata8408type
16:12:44.793 [main] TRACE - Resolving type for handle ctrowdd39type
16:12:44.808 [main] TRACE - Resolving type for handle ctcell842btype
16:12:44.827 [main] TRACE - Resolving type for handle stcellrefe4e0type
16:12:44.846 [main] TRACE - Resolving type for handle stxstringf179type
16:12:44.854 [main] TRACE - Resolving type for handle stcelltypebf95type
16:12:44.885 [main] TRACE - Resolving type for handle stcellstylexfid70c7type
16:12:44.896 [main] TRACE - Resolving type for handle ctsheetdimensiond310type
16:12:44.900 [main] TRACE - Resolving type for handle stref90a2type
16:12:44.954 [main] TRACE - Resolving type for handle propertiesee84doctype
16:12:44.958 [main] TRACE - Resolving type for handle ctproperties3f10type
16:12:44.970 [main] TRACE - Resolving type for handle properties288cdoctype
16:12:44.974 [main] TRACE - Resolving type for handle ctproperties2c18type
16:12:45.002 [main] DEBUG - Save content types part
16:12:45.146 [main] DEBUG - Save package relationships
16:12:45.153 [main] DEBUG - Save part 'docProps/app.xml'
16:12:45.154 [main] DEBUG - Save part 'docProps/core.xml'
16:12:45.162 [main] DEBUG - Save part 'xl/printerSettings/printerSettings1.bin'
16:12:45.163 [main] DEBUG - Save part 'xl/sharedStrings.xml'
16:12:45.164 [main] DEBUG - Save part 'xl/styles.xml'
16:12:45.165 [main] DEBUG - Save part 'xl/theme/theme1.xml'
16:12:45.167 [main] DEBUG - Save part 'xl/workbook.xml'
16:12:45.172 [main] DEBUG - Save part 'xl/worksheets/sheet1.xml'
16:14:55.186 [main] DEBUG - Parsing relationship: /xl/_rels/workbook.xml.rels
16:14:55.200 [main] DEBUG - Parsing relationship: /xl/worksheets/_rels/sheet1.xml.rels
16:14:55.202 [main] DEBUG - Parsing relationship: /_rels/.rels
16:14:55.542 [main] TRACE - Loading type system org.apache.poi.schemas.ooxml.system.ooxml
16:14:55.548 [main] TRACE - Loading type system org.apache.xmlbeans.metadata.system.sXMLCONFIG
16:14:55.550 [main] TRACE - Loading type system org.apache.xmlbeans.metadata.system.sXMLLANG
16:14:55.551 [main] TRACE - Loading type system org.apache.xmlbeans.metadata.system.sXMLSCHEMA
16:14:55.552 [main] TRACE - Loading type system org.apache.xmlbeans.metadata.system.sXMLTOOLS
16:14:55.556 [main] TRACE - Reading unresolved handles for type system org.apache.xmlbeans.metadata.system.sXMLTOOLS
16:14:55.581 [main] TRACE - Finished loading type system org.apache.xmlbeans.metadata.system.sXMLTOOLS
16:14:55.584 [main] TRACE - Reading unresolved handles for type system org.apache.xmlbeans.metadata.system.sXMLSCHEMA
16:14:55.592 [main] TRACE - Finished loading type system org.apache.xmlbeans.metadata.system.sXMLSCHEMA
16:14:55.595 [main] TRACE - Reading unresolved handles for type system org.apache.xmlbeans.metadata.system.sXMLLANG
16:14:55.596 [main] TRACE - Finished loading type system org.apache.xmlbeans.metadata.system.sXMLLANG
16:14:55.599 [main] TRACE - Reading unresolved handles for type system org.apache.xmlbeans.metadata.system.sXMLCONFIG
16:14:55.600 [main] TRACE - Finished loading type system org.apache.xmlbeans.metadata.system.sXMLCONFIG
16:14:55.603 [main] TRACE - Reading unresolved handles for type system org.apache.poi.schemas.ooxml.system.ooxml
16:14:55.735 [main] TRACE - Finished loading type system org.apache.poi.schemas.ooxml.system.ooxml
16:14:55.737 [main] TRACE - Resolving type for handle themefd26doctype
16:14:55.876 [main] TRACE - Resolving type for handle stylesheet5d8bdoctype
16:14:55.891 [main] TRACE - Resolving type for handle ctstylesheet4257type
16:14:55.902 [main] TRACE - Resolving type for handle ctnumfmtsb58btype
16:14:55.908 [main] TRACE - Resolving type for handle ctfonts6623type
16:14:55.915 [main] TRACE - Resolving type for handle ctfont14d8type
16:14:55.931 [main] TRACE - Resolving type for handle ctfills2c6ftype
16:14:55.938 [main] TRACE - Resolving type for handle ctfill550ctype
16:14:55.944 [main] TRACE - Resolving type for handle ctborders0d66type
16:14:55.949 [main] TRACE - Resolving type for handle ctborderf935type
16:14:55.957 [main] TRACE - Resolving type for handle ctcellxfs1322type
16:14:55.961 [main] TRACE - Resolving type for handle ctxf97f7type
16:14:55.968 [main] TRACE - Resolving type for handle ctcellstylexfsa81ftype
16:14:55.971 [main] TRACE - Resolving type for handle ctdxfsb26atype
16:14:55.976 [main] TRACE - Resolving type for handle cttablestyles872ftype
16:14:55.983 [main] TRACE - Resolving type for handle sstf81fdoctype
16:14:55.994 [main] TRACE - Resolving type for handle ctsst44f3type
16:14:56.016 [main] TRACE - Resolving type for handle ctrsta472type
16:14:56.075 [main] DEBUG - using default POIXMLDocumentPart for http://schemas.openxmlformats.org/officeDocument/2006/relationships/printerSettings
16:14:56.077 [main] TRACE - Resolving type for handle workbookec17doctype
16:14:56.086 [main] TRACE - Resolving type for handle ctworkbook83c3type
16:14:56.097 [main] TRACE - Resolving type for handle ctsheets49fdtype
16:14:56.103 [main] TRACE - Resolving type for handle ctsheet4dbetype
16:14:56.108 [main] TRACE - Resolving type for handle strelationshipid1e94type
16:14:56.112 [main] TRACE - Resolving type for handle worksheetf539doctype
16:14:56.136 [main] TRACE - Resolving type for handle ctworksheet530dtype
16:14:56.162 [main] TRACE - Resolving type for handle ctcols627ctype
16:14:56.169 [main] TRACE - Resolving type for handle ctcola95ftype
16:14:56.198 [main] TRACE - Resolving type for handle ctsheetdata8408type
16:14:56.201 [main] TRACE - Resolving type for handle ctrowdd39type
16:14:56.207 [main] TRACE - Resolving type for handle ctcell842btype
16:14:56.217 [main] TRACE - Resolving type for handle stcellrefe4e0type
16:14:56.232 [main] TRACE - Resolving type for handle stxstringf179type
16:14:56.239 [main] TRACE - Resolving type for handle stcelltypebf95type
16:14:56.268 [main] TRACE - Resolving type for handle stcellstylexfid70c7type
16:14:56.281 [main] TRACE - Resolving type for handle ctsheetdimensiond310type
16:14:56.285 [main] TRACE - Resolving type for handle stref90a2type
16:14:56.334 [main] TRACE - Resolving type for handle propertiesee84doctype
16:14:56.338 [main] TRACE - Resolving type for handle ctproperties3f10type
16:14:56.351 [main] TRACE - Resolving type for handle properties288cdoctype
16:14:56.356 [main] TRACE - Resolving type for handle ctproperties2c18type
16:14:56.389 [main] DEBUG - Save content types part
16:14:56.518 [main] DEBUG - Save package relationships
16:14:56.524 [main] DEBUG - Save part 'docProps/app.xml'
16:14:56.525 [main] DEBUG - Save part 'docProps/core.xml'
16:14:56.532 [main] DEBUG - Save part 'xl/printerSettings/printerSettings1.bin'
16:14:56.533 [main] DEBUG - Save part 'xl/sharedStrings.xml'
16:14:56.534 [main] DEBUG - Save part 'xl/styles.xml'
16:14:56.535 [main] DEBUG - Save part 'xl/theme/theme1.xml'
16:14:56.536 [main] DEBUG - Save part 'xl/workbook.xml'
16:14:56.541 [main] DEBUG - Save part 'xl/worksheets/sheet1.xml'
16:16:22.969 [main] DEBUG - Parsing relationship: /xl/_rels/workbook.xml.rels
16:16:22.995 [main] DEBUG - Parsing relationship: /xl/worksheets/_rels/sheet1.xml.rels
16:16:22.997 [main] DEBUG - Parsing relationship: /_rels/.rels
16:16:23.348 [main] TRACE - Loading type system org.apache.poi.schemas.ooxml.system.ooxml
16:16:23.356 [main] TRACE - Loading type system org.apache.xmlbeans.metadata.system.sXMLCONFIG
16:16:23.358 [main] TRACE - Loading type system org.apache.xmlbeans.metadata.system.sXMLLANG
16:16:23.359 [main] TRACE - Loading type system org.apache.xmlbeans.metadata.system.sXMLSCHEMA
16:16:23.360 [main] TRACE - Loading type system org.apache.xmlbeans.metadata.system.sXMLTOOLS
16:16:23.362 [main] TRACE - Reading unresolved handles for type system org.apache.xmlbeans.metadata.system.sXMLTOOLS
16:16:23.384 [main] TRACE - Finished loading type system org.apache.xmlbeans.metadata.system.sXMLTOOLS
16:16:23.386 [main] TRACE - Reading unresolved handles for type system org.apache.xmlbeans.metadata.system.sXMLSCHEMA
16:16:23.394 [main] TRACE - Finished loading type system org.apache.xmlbeans.metadata.system.sXMLSCHEMA
16:16:23.396 [main] TRACE - Reading unresolved handles for type system org.apache.xmlbeans.metadata.system.sXMLLANG
16:16:23.397 [main] TRACE - Finished loading type system org.apache.xmlbeans.metadata.system.sXMLLANG
16:16:23.400 [main] TRACE - Reading unresolved handles for type system org.apache.xmlbeans.metadata.system.sXMLCONFIG
16:16:23.401 [main] TRACE - Finished loading type system org.apache.xmlbeans.metadata.system.sXMLCONFIG
16:16:23.404 [main] TRACE - Reading unresolved handles for type system org.apache.poi.schemas.ooxml.system.ooxml
16:16:23.508 [main] TRACE - Finished loading type system org.apache.poi.schemas.ooxml.system.ooxml
16:16:23.509 [main] TRACE - Resolving type for handle themefd26doctype
16:16:23.674 [main] TRACE - Resolving type for handle stylesheet5d8bdoctype
16:16:23.689 [main] TRACE - Resolving type for handle ctstylesheet4257type
16:16:23.700 [main] TRACE - Resolving type for handle ctnumfmtsb58btype
16:16:23.705 [main] TRACE - Resolving type for handle ctfonts6623type
16:16:23.711 [main] TRACE - Resolving type for handle ctfont14d8type
16:16:23.730 [main] TRACE - Resolving type for handle ctfills2c6ftype
16:16:23.735 [main] TRACE - Resolving type for handle ctfill550ctype
16:16:23.740 [main] TRACE - Resolving type for handle ctborders0d66type
16:16:23.744 [main] TRACE - Resolving type for handle ctborderf935type
16:16:23.752 [main] TRACE - Resolving type for handle ctcellxfs1322type
16:16:23.758 [main] TRACE - Resolving type for handle ctxf97f7type
16:16:23.766 [main] TRACE - Resolving type for handle ctcellstylexfsa81ftype
16:16:23.771 [main] TRACE - Resolving type for handle ctdxfsb26atype
16:16:23.776 [main] TRACE - Resolving type for handle cttablestyles872ftype
16:16:23.785 [main] TRACE - Resolving type for handle sstf81fdoctype
16:16:23.796 [main] TRACE - Resolving type for handle ctsst44f3type
16:16:23.818 [main] TRACE - Resolving type for handle ctrsta472type
16:16:23.869 [main] DEBUG - using default POIXMLDocumentPart for http://schemas.openxmlformats.org/officeDocument/2006/relationships/printerSettings
16:16:23.872 [main] TRACE - Resolving type for handle workbookec17doctype
16:16:23.883 [main] TRACE - Resolving type for handle ctworkbook83c3type
16:16:23.895 [main] TRACE - Resolving type for handle ctsheets49fdtype
16:16:23.902 [main] TRACE - Resolving type for handle ctsheet4dbetype
16:16:23.907 [main] TRACE - Resolving type for handle strelationshipid1e94type
16:16:23.912 [main] TRACE - Resolving type for handle worksheetf539doctype
16:16:23.940 [main] TRACE - Resolving type for handle ctworksheet530dtype
16:16:23.959 [main] TRACE - Resolving type for handle ctcols627ctype
16:16:23.969 [main] TRACE - Resolving type for handle ctcola95ftype
16:16:24.025 [main] TRACE - Resolving type for handle ctsheetdata8408type
16:16:24.030 [main] TRACE - Resolving type for handle ctrowdd39type
16:16:24.043 [main] TRACE - Resolving type for handle ctcell842btype
16:16:24.061 [main] TRACE - Resolving type for handle stcellrefe4e0type
16:16:24.077 [main] TRACE - Resolving type for handle stxstringf179type
16:16:24.084 [main] TRACE - Resolving type for handle stcelltypebf95type
16:16:24.118 [main] TRACE - Resolving type for handle stcellstylexfid70c7type
16:16:24.130 [main] TRACE - Resolving type for handle ctsheetdimensiond310type
16:16:24.133 [main] TRACE - Resolving type for handle stref90a2type
16:16:24.179 [main] TRACE - Resolving type for handle propertiesee84doctype
16:16:24.183 [main] TRACE - Resolving type for handle ctproperties3f10type
16:16:24.195 [main] TRACE - Resolving type for handle properties288cdoctype
16:16:24.197 [main] TRACE - Resolving type for handle ctproperties2c18type
16:16:24.221 [main] DEBUG - Save content types part
16:16:24.353 [main] DEBUG - Save package relationships
16:16:24.360 [main] DEBUG - Save part 'docProps/app.xml'
16:16:24.361 [main] DEBUG - Save part 'docProps/core.xml'
16:16:24.368 [main] DEBUG - Save part 'xl/printerSettings/printerSettings1.bin'
16:16:24.369 [main] DEBUG - Save part 'xl/sharedStrings.xml'
16:16:24.370 [main] DEBUG - Save part 'xl/styles.xml'
16:16:24.371 [main] DEBUG - Save part 'xl/theme/theme1.xml'
16:16:24.372 [main] DEBUG - Save part 'xl/workbook.xml'
16:16:24.377 [main] DEBUG - Save part 'xl/worksheets/sheet1.xml'
16:26:08.509 [main] DEBUG - Parsing relationship: /xl/_rels/workbook.xml.rels
16:26:08.549 [main] DEBUG - Parsing relationship: /xl/worksheets/_rels/sheet1.xml.rels
16:26:08.555 [main] DEBUG - Parsing relationship: /_rels/.rels
16:26:08.959 [main] TRACE - Loading type system org.apache.poi.schemas.ooxml.system.ooxml
16:26:08.963 [main] TRACE - Loading type system org.apache.xmlbeans.metadata.system.sXMLCONFIG
16:26:08.965 [main] TRACE - Loading type system org.apache.xmlbeans.metadata.system.sXMLLANG
16:26:08.966 [main] TRACE - Loading type system org.apache.xmlbeans.metadata.system.sXMLSCHEMA
16:26:08.966 [main] TRACE - Loading type system org.apache.xmlbeans.metadata.system.sXMLTOOLS
16:26:08.968 [main] TRACE - Reading unresolved handles for type system org.apache.xmlbeans.metadata.system.sXMLTOOLS
16:26:08.983 [main] TRACE - Finished loading type system org.apache.xmlbeans.metadata.system.sXMLTOOLS
16:26:08.984 [main] TRACE - Reading unresolved handles for type system org.apache.xmlbeans.metadata.system.sXMLSCHEMA
16:26:08.991 [main] TRACE - Finished loading type system org.apache.xmlbeans.metadata.system.sXMLSCHEMA
16:26:08.992 [main] TRACE - Reading unresolved handles for type system org.apache.xmlbeans.metadata.system.sXMLLANG
16:26:08.993 [main] TRACE - Finished loading type system org.apache.xmlbeans.metadata.system.sXMLLANG
16:26:08.995 [main] TRACE - Reading unresolved handles for type system org.apache.xmlbeans.metadata.system.sXMLCONFIG
16:26:08.997 [main] TRACE - Finished loading type system org.apache.xmlbeans.metadata.system.sXMLCONFIG
16:26:08.998 [main] TRACE - Reading unresolved handles for type system org.apache.poi.schemas.ooxml.system.ooxml
16:26:09.075 [main] TRACE - Finished loading type system org.apache.poi.schemas.ooxml.system.ooxml
16:26:09.076 [main] TRACE - Resolving type for handle themefd26doctype
16:26:09.169 [main] TRACE - Resolving type for handle stylesheet5d8bdoctype
16:26:09.176 [main] TRACE - Resolving type for handle ctstylesheet4257type
16:26:09.183 [main] TRACE - Resolving type for handle ctnumfmtsb58btype
16:26:09.186 [main] TRACE - Resolving type for handle ctfonts6623type
16:26:09.189 [main] TRACE - Resolving type for handle ctfont14d8type
16:26:09.198 [main] TRACE - Resolving type for handle ctfills2c6ftype
16:26:09.201 [main] TRACE - Resolving type for handle ctfill550ctype
16:26:09.205 [main] TRACE - Resolving type for handle ctborders0d66type
16:26:09.208 [main] TRACE - Resolving type for handle ctborderf935type
16:26:09.214 [main] TRACE - Resolving type for handle ctcellxfs1322type
16:26:09.218 [main] TRACE - Resolving type for handle ctxf97f7type
16:26:09.226 [main] TRACE - Resolving type for handle ctcellstylexfsa81ftype
16:26:09.230 [main] TRACE - Resolving type for handle ctdxfsb26atype
16:26:09.234 [main] TRACE - Resolving type for handle cttablestyles872ftype
16:26:09.239 [main] TRACE - Resolving type for handle sstf81fdoctype
16:26:09.244 [main] TRACE - Resolving type for handle ctsst44f3type
16:26:09.260 [main] TRACE - Resolving type for handle ctrsta472type
16:26:09.288 [main] DEBUG - using default POIXMLDocumentPart for http://schemas.openxmlformats.org/officeDocument/2006/relationships/printerSettings
16:26:09.290 [main] TRACE - Resolving type for handle workbookec17doctype
16:26:09.297 [main] TRACE - Resolving type for handle ctworkbook83c3type
16:26:09.309 [main] TRACE - Resolving type for handle ctsheets49fdtype
16:26:09.313 [main] TRACE - Resolving type for handle ctsheet4dbetype
16:26:09.316 [main] TRACE - Resolving type for handle strelationshipid1e94type
16:26:09.319 [main] TRACE - Resolving type for handle worksheetf539doctype
16:26:09.327 [main] TRACE - Resolving type for handle ctworksheet530dtype
16:26:09.340 [main] TRACE - Resolving type for handle ctcols627ctype
16:26:09.354 [main] TRACE - Resolving type for handle ctcola95ftype
16:26:09.386 [main] TRACE - Resolving type for handle ctsheetdata8408type
16:26:09.390 [main] TRACE - Resolving type for handle ctrowdd39type
16:26:09.397 [main] TRACE - Resolving type for handle ctcell842btype
16:26:09.406 [main] TRACE - Resolving type for handle stcellrefe4e0type
16:26:09.418 [main] TRACE - Resolving type for handle stxstringf179type
16:26:09.424 [main] TRACE - Resolving type for handle stcelltypebf95type
16:26:09.447 [main] TRACE - Resolving type for handle stcellstylexfid70c7type
16:26:09.455 [main] TRACE - Resolving type for handle ctsheetdimensiond310type
16:26:09.458 [main] TRACE - Resolving type for handle stref90a2type
16:26:09.500 [main] TRACE - Resolving type for handle propertiesee84doctype
16:26:09.503 [main] TRACE - Resolving type for handle ctproperties3f10type
16:26:09.531 [main] TRACE - Resolving type for handle properties288cdoctype
16:26:09.532 [main] TRACE - Resolving type for handle ctproperties2c18type
16:26:09.554 [main] DEBUG - Save content types part
16:26:09.704 [main] DEBUG - Save package relationships
16:26:09.710 [main] DEBUG - Save part 'docProps/app.xml'
16:26:09.711 [main] DEBUG - Save part 'docProps/core.xml'
16:26:09.719 [main] DEBUG - Save part 'xl/printerSettings/printerSettings1.bin'
16:26:09.720 [main] DEBUG - Save part 'xl/sharedStrings.xml'
16:26:09.721 [main] DEBUG - Save part 'xl/styles.xml'
16:26:09.722 [main] DEBUG - Save part 'xl/theme/theme1.xml'
16:26:09.723 [main] DEBUG - Save part 'xl/workbook.xml'
16:26:09.727 [main] DEBUG - Save part 'xl/worksheets/sheet1.xml'
16:27:25.267 [main] DEBUG - Parsing relationship: /xl/_rels/workbook.xml.rels
16:27:25.295 [main] DEBUG - Parsing relationship: /xl/worksheets/_rels/sheet1.xml.rels
16:27:25.298 [main] DEBUG - Parsing relationship: /_rels/.rels
16:27:25.797 [main] TRACE - Loading type system org.apache.poi.schemas.ooxml.system.ooxml
16:27:25.806 [main] TRACE - Loading type system org.apache.xmlbeans.metadata.system.sXMLCONFIG
16:27:25.808 [main] TRACE - Loading type system org.apache.xmlbeans.metadata.system.sXMLLANG
16:27:25.810 [main] TRACE - Loading type system org.apache.xmlbeans.metadata.system.sXMLSCHEMA
16:27:25.811 [main] TRACE - Loading type system org.apache.xmlbeans.metadata.system.sXMLTOOLS
16:27:25.814 [main] TRACE - Reading unresolved handles for type system org.apache.xmlbeans.metadata.system.sXMLTOOLS
16:27:25.843 [main] TRACE - Finished loading type system org.apache.xmlbeans.metadata.system.sXMLTOOLS
16:27:25.846 [main] TRACE - Reading unresolved handles for type system org.apache.xmlbeans.metadata.system.sXMLSCHEMA
16:27:25.857 [main] TRACE - Finished loading type system org.apache.xmlbeans.metadata.system.sXMLSCHEMA
16:27:25.860 [main] TRACE - Reading unresolved handles for type system org.apache.xmlbeans.metadata.system.sXMLLANG
16:27:25.863 [main] TRACE - Finished loading type system org.apache.xmlbeans.metadata.system.sXMLLANG
16:27:25.867 [main] TRACE - Reading unresolved handles for type system org.apache.xmlbeans.metadata.system.sXMLCONFIG
16:27:25.869 [main] TRACE - Finished loading type system org.apache.xmlbeans.metadata.system.sXMLCONFIG
16:27:25.872 [main] TRACE - Reading unresolved handles for type system org.apache.poi.schemas.ooxml.system.ooxml
16:27:26.011 [main] TRACE - Finished loading type system org.apache.poi.schemas.ooxml.system.ooxml
16:27:26.013 [main] TRACE - Resolving type for handle themefd26doctype
16:27:26.161 [main] TRACE - Resolving type for handle stylesheet5d8bdoctype
16:27:26.178 [main] TRACE - Resolving type for handle ctstylesheet4257type
16:27:26.190 [main] TRACE - Resolving type for handle ctnumfmtsb58btype
16:27:26.195 [main] TRACE - Resolving type for handle ctfonts6623type
16:27:26.203 [main] TRACE - Resolving type for handle ctfont14d8type
16:27:26.225 [main] TRACE - Resolving type for handle ctfills2c6ftype
16:27:26.230 [main] TRACE - Resolving type for handle ctfill550ctype
16:27:26.236 [main] TRACE - Resolving type for handle ctborders0d66type
16:27:26.241 [main] TRACE - Resolving type for handle ctborderf935type
16:27:26.252 [main] TRACE - Resolving type for handle ctcellxfs1322type
16:27:26.259 [main] TRACE - Resolving type for handle ctxf97f7type
16:27:26.268 [main] TRACE - Resolving type for handle ctcellstylexfsa81ftype
16:27:26.274 [main] TRACE - Resolving type for handle ctdxfsb26atype
16:27:26.280 [main] TRACE - Resolving type for handle cttablestyles872ftype
16:27:26.292 [main] TRACE - Resolving type for handle sstf81fdoctype
16:27:26.308 [main] TRACE - Resolving type for handle ctsst44f3type
16:27:26.337 [main] TRACE - Resolving type for handle ctrsta472type
16:27:26.398 [main] DEBUG - using default POIXMLDocumentPart for http://schemas.openxmlformats.org/officeDocument/2006/relationships/printerSettings
16:27:26.402 [main] TRACE - Resolving type for handle workbookec17doctype
16:27:26.415 [main] TRACE - Resolving type for handle ctworkbook83c3type
16:27:26.430 [main] TRACE - Resolving type for handle ctsheets49fdtype
16:27:26.437 [main] TRACE - Resolving type for handle ctsheet4dbetype
16:27:26.441 [main] TRACE - Resolving type for handle strelationshipid1e94type
16:27:26.446 [main] TRACE - Resolving type for handle worksheetf539doctype
16:27:26.469 [main] TRACE - Resolving type for handle ctworksheet530dtype
16:27:26.487 [main] TRACE - Resolving type for handle ctcols627ctype
16:27:26.494 [main] TRACE - Resolving type for handle ctcola95ftype
16:27:26.537 [main] TRACE - Resolving type for handle ctsheetdata8408type
16:27:26.542 [main] TRACE - Resolving type for handle ctrowdd39type
16:27:26.555 [main] TRACE - Resolving type for handle ctcell842btype
16:27:26.573 [main] TRACE - Resolving type for handle stcellrefe4e0type
16:27:26.592 [main] TRACE - Resolving type for handle stxstringf179type
16:27:26.599 [main] TRACE - Resolving type for handle stcelltypebf95type
16:27:26.633 [main] TRACE - Resolving type for handle stcellstylexfid70c7type
16:27:26.645 [main] TRACE - Resolving type for handle ctsheetdimensiond310type
16:27:26.651 [main] TRACE - Resolving type for handle stref90a2type
16:27:26.739 [main] TRACE - Resolving type for handle propertiesee84doctype
16:27:26.747 [main] TRACE - Resolving type for handle ctproperties3f10type
16:27:26.774 [main] TRACE - Resolving type for handle properties288cdoctype
16:27:26.780 [main] TRACE - Resolving type for handle ctproperties2c18type
16:27:26.832 [main] DEBUG - Save content types part
16:27:27.117 [main] DEBUG - Save package relationships
16:27:27.124 [main] DEBUG - Save part 'docProps/app.xml'
16:27:27.124 [main] DEBUG - Save part 'docProps/core.xml'
16:27:27.129 [main] DEBUG - Save part 'xl/printerSettings/printerSettings1.bin'
16:27:27.130 [main] DEBUG - Save part 'xl/sharedStrings.xml'
16:27:27.131 [main] DEBUG - Save part 'xl/styles.xml'
16:27:27.132 [main] DEBUG - Save part 'xl/theme/theme1.xml'
16:27:27.134 [main] DEBUG - Save part 'xl/workbook.xml'
16:27:27.136 [main] DEBUG - Save part 'xl/worksheets/sheet1.xml'
16:28:02.741 [main] DEBUG - Parsing relationship: /xl/_rels/workbook.xml.rels
16:28:02.775 [main] DEBUG - Parsing relationship: /xl/worksheets/_rels/sheet1.xml.rels
16:28:02.780 [main] DEBUG - Parsing relationship: /_rels/.rels
16:28:03.293 [main] TRACE - Loading type system org.apache.poi.schemas.ooxml.system.ooxml
16:28:03.299 [main] TRACE - Loading type system org.apache.xmlbeans.metadata.system.sXMLCONFIG
16:28:03.301 [main] TRACE - Loading type system org.apache.xmlbeans.metadata.system.sXMLLANG
16:28:03.302 [main] TRACE - Loading type system org.apache.xmlbeans.metadata.system.sXMLSCHEMA
16:28:03.303 [main] TRACE - Loading type system org.apache.xmlbeans.metadata.system.sXMLTOOLS
16:28:03.306 [main] TRACE - Reading unresolved handles for type system org.apache.xmlbeans.metadata.system.sXMLTOOLS
16:28:03.334 [main] TRACE - Finished loading type system org.apache.xmlbeans.metadata.system.sXMLTOOLS
16:28:03.336 [main] TRACE - Reading unresolved handles for type system org.apache.xmlbeans.metadata.system.sXMLSCHEMA
16:28:03.346 [main] TRACE - Finished loading type system org.apache.xmlbeans.metadata.system.sXMLSCHEMA
16:28:03.349 [main] TRACE - Reading unresolved handles for type system org.apache.xmlbeans.metadata.system.sXMLLANG
16:28:03.351 [main] TRACE - Finished loading type system org.apache.xmlbeans.metadata.system.sXMLLANG
16:28:03.353 [main] TRACE - Reading unresolved handles for type system org.apache.xmlbeans.metadata.system.sXMLCONFIG
16:28:03.355 [main] TRACE - Finished loading type system org.apache.xmlbeans.metadata.system.sXMLCONFIG
16:28:03.357 [main] TRACE - Reading unresolved handles for type system org.apache.poi.schemas.ooxml.system.ooxml
16:28:03.461 [main] TRACE - Finished loading type system org.apache.poi.schemas.ooxml.system.ooxml
16:28:03.462 [main] TRACE - Resolving type for handle themefd26doctype
16:28:03.584 [main] TRACE - Resolving type for handle stylesheet5d8bdoctype
