19:19:20.920 [main] TRACE - Resolving type for handle ctrsta472type
19:19:20.946 [main] DEBUG - using default POIXMLDocumentPart for http://schemas.openxmlformats.org/officeDocument/2006/relationships/printerSettings
19:19:20.947 [main] TRACE - Resolving type for handle workbookec17doctype
19:19:20.951 [main] TRACE - Resolving type for handle ctworkbook83c3type
19:19:20.957 [main] TRACE - Resolving type for handle ctsheets49fdtype
19:19:20.959 [main] TRACE - Resolving type for handle ctsheet4dbetype
19:19:20.961 [main] TRACE - Resolving type for handle strelationshipid1e94type
19:19:20.964 [main] TRACE - Resolving type for handle worksheetf539doctype
19:19:20.969 [main] TRACE - Resolving type for handle ctworksheet530dtype
19:19:20.977 [main] TRACE - Resolving type for handle ctcols627ctype
19:19:20.981 [main] TRACE - Resolving type for handle ctcola95ftype
19:19:20.996 [main] TRACE - Resolving type for handle ctsheetdata8408type
19:19:21.000 [main] TRACE - Resolving type for handle ctrowdd39type
19:19:21.005 [main] TRACE - Resolving type for handle ctcell842btype
19:19:21.013 [main] TRACE - Resolving type for handle stcellrefe4e0type
19:19:21.020 [main] TRACE - Resolving type for handle stxstringf179type
19:19:21.024 [main] TRACE - Resolving type for handle stcelltypebf95type
19:19:21.035 [main] TRACE - Resolving type for handle stcellstylexfid70c7type
19:19:21.038 [main] TRACE - Resolving type for handle ctsheetdimensiond310type
19:19:21.040 [main] TRACE - Resolving type for handle stref90a2type
19:19:21.054 [main] TRACE - Resolving type for handle propertiesee84doctype
19:19:21.056 [main] TRACE - Resolving type for handle ctproperties3f10type
19:19:21.061 [main] TRACE - Resolving type for handle properties288cdoctype
19:19:21.063 [main] TRACE - Resolving type for handle ctproperties2c18type
19:19:21.073 [main] DEBUG - Save content types part
19:19:21.122 [main] DEBUG - Save package relationships
19:19:21.124 [main] DEBUG - Save part 'docProps/app.xml'
19:19:21.125 [main] DEBUG - Save part 'docProps/core.xml'
19:19:21.127 [main] DEBUG - Save part 'xl/printerSettings/printerSettings1.bin'
19:19:21.128 [main] DEBUG - Save part 'xl/sharedStrings.xml'
19:19:21.128 [main] DEBUG - Save part 'xl/styles.xml'
19:19:21.128 [main] DEBUG - Save part 'xl/theme/theme1.xml'
19:19:21.128 [main] DEBUG - Save part 'xl/workbook.xml'
19:19:21.130 [main] DEBUG - Save part 'xl/worksheets/sheet1.xml'
19:41:08.136 [main] DEBUG - Parsing relationship: /xl/_rels/workbook.xml.rels
19:41:08.141 [main] DEBUG - Parsing relationship: /xl/worksheets/_rels/sheet1.xml.rels
19:41:08.142 [main] DEBUG - Parsing relationship: /_rels/.rels
19:41:08.332 [main] TRACE - Loading type system org.apache.poi.schemas.ooxml.system.ooxml
19:41:08.335 [main] TRACE - Loading type system org.apache.xmlbeans.metadata.system.sXMLCONFIG
19:41:08.336 [main] TRACE - Loading type system org.apache.xmlbeans.metadata.system.sXMLLANG
19:41:08.337 [main] TRACE - Loading type system org.apache.xmlbeans.metadata.system.sXMLSCHEMA
19:41:08.337 [main] TRACE - Loading type system org.apache.xmlbeans.metadata.system.sXMLTOOLS
19:41:08.339 [main] TRACE - Reading unresolved handles for type system org.apache.xmlbeans.metadata.system.sXMLTOOLS
19:41:08.349 [main] TRACE - Finished loading type system org.apache.xmlbeans.metadata.system.sXMLTOOLS
19:41:08.350 [main] TRACE - Reading unresolved handles for type system org.apache.xmlbeans.metadata.system.sXMLSCHEMA
19:41:08.353 [main] TRACE - Finished loading type system org.apache.xmlbeans.metadata.system.sXMLSCHEMA
19:41:08.355 [main] TRACE - Reading unresolved handles for type system org.apache.xmlbeans.metadata.system.sXMLLANG
19:41:08.356 [main] TRACE - Finished loading type system org.apache.xmlbeans.metadata.system.sXMLLANG
19:41:08.357 [main] TRACE - Reading unresolved handles for type system org.apache.xmlbeans.metadata.system.sXMLCONFIG
19:41:08.358 [main] TRACE - Finished loading type system org.apache.xmlbeans.metadata.system.sXMLCONFIG
19:41:08.359 [main] TRACE - Reading unresolved handles for type system org.apache.poi.schemas.ooxml.system.ooxml
19:41:08.403 [main] TRACE - Finished loading type system org.apache.poi.schemas.ooxml.system.ooxml
19:41:08.404 [main] TRACE - Resolving type for handle themefd26doctype
19:41:08.478 [main] TRACE - Resolving type for handle stylesheet5d8bdoctype
19:41:08.483 [main] TRACE - Resolving type for handle ctstylesheet4257type
19:41:08.488 [main] TRACE - Resolving type for handle ctnumfmtsb58btype
19:41:08.491 [main] TRACE - Resolving type for handle ctfonts6623type
19:41:08.494 [main] TRACE - Resolving type for handle ctfont14d8type
19:41:08.503 [main] TRACE - Resolving type for handle ctfills2c6ftype
19:41:08.506 [main] TRACE - Resolving type for handle ctfill550ctype
19:41:08.509 [main] TRACE - Resolving type for handle ctborders0d66type
19:41:08.512 [main] TRACE - Resolving type for handle ctborderf935type
19:41:08.516 [main] TRACE - Resolving type for handle ctcellxfs1322type
19:41:08.519 [main] TRACE - Resolving type for handle ctxf97f7type
19:41:08.523 [main] TRACE - Resolving type for handle ctcellstylexfsa81ftype
19:41:08.526 [main] TRACE - Resolving type for handle ctdxfsb26atype
19:41:08.530 [main] TRACE - Resolving type for handle cttablestyles872ftype
19:41:08.534 [main] TRACE - Resolving type for handle sstf81fdoctype
19:41:08.540 [main] TRACE - Resolving type for handle ctsst44f3type
19:41:08.550 [main] TRACE - Resolving type for handle ctrsta472type
19:41:08.567 [main] DEBUG - using default POIXMLDocumentPart for http://schemas.openxmlformats.org/officeDocument/2006/relationships/printerSettings
19:41:08.568 [main] TRACE - Resolving type for handle workbookec17doctype
19:41:08.572 [main] TRACE - Resolving type for handle ctworkbook83c3type
19:41:08.577 [main] TRACE - Resolving type for handle ctsheets49fdtype
19:41:08.579 [main] TRACE - Resolving type for handle ctsheet4dbetype
19:41:08.581 [main] TRACE - Resolving type for handle strelationshipid1e94type
19:41:08.583 [main] TRACE - Resolving type for handle worksheetf539doctype
19:41:08.593 [main] TRACE - Resolving type for handle ctworksheet530dtype
19:41:08.603 [main] TRACE - Resolving type for handle ctcols627ctype
19:41:08.607 [main] TRACE - Resolving type for handle ctcola95ftype
19:41:08.625 [main] TRACE - Resolving type for handle ctsheetdata8408type
19:41:08.627 [main] TRACE - Resolving type for handle ctrowdd39type
19:41:08.631 [main] TRACE - Resolving type for handle ctcell842btype
19:41:08.636 [main] TRACE - Resolving type for handle stcellrefe4e0type
19:41:08.643 [main] TRACE - Resolving type for handle stxstringf179type
19:41:08.646 [main] TRACE - Resolving type for handle stcelltypebf95type
19:41:08.656 [main] TRACE - Resolving type for handle stcellstylexfid70c7type
19:41:08.659 [main] TRACE - Resolving type for handle ctsheetdimensiond310type
19:41:08.661 [main] TRACE - Resolving type for handle stref90a2type
19:41:08.674 [main] TRACE - Resolving type for handle propertiesee84doctype
19:41:08.676 [main] TRACE - Resolving type for handle ctproperties3f10type
19:41:08.681 [main] TRACE - Resolving type for handle properties288cdoctype
19:41:08.682 [main] TRACE - Resolving type for handle ctproperties2c18type
19:41:08.696 [main] DEBUG - Save content types part
19:41:08.753 [main] DEBUG - Save package relationships
19:41:08.757 [main] DEBUG - Save part 'docProps/app.xml'
19:41:08.757 [main] DEBUG - Save part 'docProps/core.xml'
19:41:08.760 [main] DEBUG - Save part 'xl/printerSettings/printerSettings1.bin'
19:41:08.761 [main] DEBUG - Save part 'xl/sharedStrings.xml'
19:41:08.761 [main] DEBUG - Save part 'xl/styles.xml'
19:41:08.761 [main] DEBUG - Save part 'xl/theme/theme1.xml'
19:41:08.762 [main] DEBUG - Save part 'xl/workbook.xml'
19:41:08.765 [main] DEBUG - Save part 'xl/worksheets/sheet1.xml'
19:41:57.321 [main] DEBUG - Parsing relationship: /xl/_rels/workbook.xml.rels
19:41:57.329 [main] DEBUG - Parsing relationship: /xl/worksheets/_rels/sheet1.xml.rels
19:41:57.331 [main] DEBUG - Parsing relationship: /_rels/.rels
19:41:57.522 [main] TRACE - Loading type system org.apache.poi.schemas.ooxml.system.ooxml
19:41:57.525 [main] TRACE - Loading type system org.apache.xmlbeans.metadata.system.sXMLCONFIG
19:41:57.526 [main] TRACE - Loading type system org.apache.xmlbeans.metadata.system.sXMLLANG
19:41:57.527 [main] TRACE - Loading type system org.apache.xmlbeans.metadata.system.sXMLSCHEMA
19:41:57.527 [main] TRACE - Loading type system org.apache.xmlbeans.metadata.system.sXMLTOOLS
19:41:57.528 [main] TRACE - Reading unresolved handles for type system org.apache.xmlbeans.metadata.system.sXMLTOOLS
19:41:57.540 [main] TRACE - Finished loading type system org.apache.xmlbeans.metadata.system.sXMLTOOLS
19:41:57.541 [main] TRACE - Reading unresolved handles for type system org.apache.xmlbeans.metadata.system.sXMLSCHEMA
19:41:57.546 [main] TRACE - Finished loading type system org.apache.xmlbeans.metadata.system.sXMLSCHEMA
19:41:57.548 [main] TRACE - Reading unresolved handles for type system org.apache.xmlbeans.metadata.system.sXMLLANG
19:41:57.549 [main] TRACE - Finished loading type system org.apache.xmlbeans.metadata.system.sXMLLANG
19:41:57.551 [main] TRACE - Reading unresolved handles for type system org.apache.xmlbeans.metadata.system.sXMLCONFIG
19:41:57.552 [main] TRACE - Finished loading type system org.apache.xmlbeans.metadata.system.sXMLCONFIG
19:41:57.553 [main] TRACE - Reading unresolved handles for type system org.apache.poi.schemas.ooxml.system.ooxml
19:41:57.603 [main] TRACE - Finished loading type system org.apache.poi.schemas.ooxml.system.ooxml
19:41:57.604 [main] TRACE - Resolving type for handle themefd26doctype
19:41:57.654 [main] TRACE - Resolving type for handle stylesheet5d8bdoctype
19:41:57.660 [main] TRACE - Resolving type for handle ctstylesheet4257type
19:41:57.665 [main] TRACE - Resolving type for handle ctnumfmtsb58btype
19:41:57.667 [main] TRACE - Resolving type for handle ctfonts6623type
19:41:57.670 [main] TRACE - Resolving type for handle ctfont14d8type
19:41:57.679 [main] TRACE - Resolving type for handle ctfills2c6ftype
19:41:57.681 [main] TRACE - Resolving type for handle ctfill550ctype
19:41:57.683 [main] TRACE - Resolving type for handle ctborders0d66type
19:41:57.685 [main] TRACE - Resolving type for handle ctborderf935type
19:41:57.689 [main] TRACE - Resolving type for handle ctcellxfs1322type
19:41:57.692 [main] TRACE - Resolving type for handle ctxf97f7type
19:41:57.697 [main] TRACE - Resolving type for handle ctcellstylexfsa81ftype
19:41:57.700 [main] TRACE - Resolving type for handle ctdxfsb26atype
19:41:57.703 [main] TRACE - Resolving type for handle cttablestyles872ftype
19:41:57.708 [main] TRACE - Resolving type for handle sstf81fdoctype
19:41:57.714 [main] TRACE - Resolving type for handle ctsst44f3type
19:41:57.726 [main] TRACE - Resolving type for handle ctrsta472type
19:41:57.756 [main] DEBUG - using default POIXMLDocumentPart for http://schemas.openxmlformats.org/officeDocument/2006/relationships/printerSettings
19:41:57.757 [main] TRACE - Resolving type for handle workbookec17doctype
19:41:57.769 [main] TRACE - Resolving type for handle ctworkbook83c3type
19:41:57.776 [main] TRACE - Resolving type for handle ctsheets49fdtype
19:41:57.780 [main] TRACE - Resolving type for handle ctsheet4dbetype
19:41:57.783 [main] TRACE - Resolving type for handle strelationshipid1e94type
19:41:57.785 [main] TRACE - Resolving type for handle worksheetf539doctype
19:41:57.790 [main] TRACE - Resolving type for handle ctworksheet530dtype
19:41:57.797 [main] TRACE - Resolving type for handle ctcols627ctype
19:41:57.801 [main] TRACE - Resolving type for handle ctcola95ftype
19:41:57.826 [main] TRACE - Resolving type for handle ctsheetdata8408type
19:41:57.828 [main] TRACE - Resolving type for handle ctrowdd39type
19:41:57.833 [main] TRACE - Resolving type for handle ctcell842btype
19:41:57.839 [main] TRACE - Resolving type for handle stcellrefe4e0type
19:41:57.846 [main] TRACE - Resolving type for handle stxstringf179type
19:41:57.851 [main] TRACE - Resolving type for handle stcelltypebf95type
19:41:57.868 [main] TRACE - Resolving type for handle stcellstylexfid70c7type
19:41:57.874 [main] TRACE - Resolving type for handle ctsheetdimensiond310type
19:41:57.877 [main] TRACE - Resolving type for handle stref90a2type
19:41:57.898 [main] TRACE - Resolving type for handle propertiesee84doctype
19:41:57.900 [main] TRACE - Resolving type for handle ctproperties3f10type
19:41:57.906 [main] TRACE - Resolving type for handle properties288cdoctype
19:41:57.908 [main] TRACE - Resolving type for handle ctproperties2c18type
19:41:57.922 [main] DEBUG - Save content types part
19:41:58.009 [main] DEBUG - Save package relationships
19:41:58.014 [main] DEBUG - Save part 'docProps/app.xml'
19:41:58.015 [main] DEBUG - Save part 'docProps/core.xml'
19:41:58.020 [main] DEBUG - Save part 'xl/printerSettings/printerSettings1.bin'
19:41:58.023 [main] DEBUG - Save part 'xl/sharedStrings.xml'
19:41:58.023 [main] DEBUG - Save part 'xl/styles.xml'
19:41:58.024 [main] DEBUG - Save part 'xl/theme/theme1.xml'
19:41:58.025 [main] DEBUG - Save part 'xl/workbook.xml'
19:41:58.028 [main] DEBUG - Save part 'xl/worksheets/sheet1.xml'
19:45:16.533 [main] DEBUG - Parsing relationship: /xl/_rels/workbook.xml.rels
19:45:16.540 [main] DEBUG - Parsing relationship: /xl/worksheets/_rels/sheet1.xml.rels
19:45:16.541 [main] DEBUG - Parsing relationship: /_rels/.rels
19:45:16.690 [main] TRACE - Loading type system org.apache.poi.schemas.ooxml.system.ooxml
19:45:16.695 [main] TRACE - Loading type system org.apache.xmlbeans.metadata.system.sXMLCONFIG
19:45:16.695 [main] TRACE - Loading type system org.apache.xmlbeans.metadata.system.sXMLLANG
19:45:16.696 [main] TRACE - Loading type system org.apache.xmlbeans.metadata.system.sXMLSCHEMA
19:45:16.696 [main] TRACE - Loading type system org.apache.xmlbeans.metadata.system.sXMLTOOLS
19:45:16.698 [main] TRACE - Reading unresolved handles for type system org.apache.xmlbeans.metadata.system.sXMLTOOLS
19:45:16.707 [main] TRACE - Finished loading type system org.apache.xmlbeans.metadata.system.sXMLTOOLS
19:45:16.708 [main] TRACE - Reading unresolved handles for type system org.apache.xmlbeans.metadata.system.sXMLSCHEMA
19:45:16.712 [main] TRACE - Finished loading type system org.apache.xmlbeans.metadata.system.sXMLSCHEMA
19:45:16.713 [main] TRACE - Reading unresolved handles for type system org.apache.xmlbeans.metadata.system.sXMLLANG
19:45:16.714 [main] TRACE - Finished loading type system org.apache.xmlbeans.metadata.system.sXMLLANG
19:45:16.715 [main] TRACE - Reading unresolved handles for type system org.apache.xmlbeans.metadata.system.sXMLCONFIG
19:45:16.716 [main] TRACE - Finished loading type system org.apache.xmlbeans.metadata.system.sXMLCONFIG
19:45:16.717 [main] TRACE - Reading unresolved handles for type system org.apache.poi.schemas.ooxml.system.ooxml
19:45:16.764 [main] TRACE - Finished loading type system org.apache.poi.schemas.ooxml.system.ooxml
19:45:16.764 [main] TRACE - Resolving type for handle themefd26doctype
19:45:16.818 [main] TRACE - Resolving type for handle stylesheet5d8bdoctype
19:45:16.822 [main] TRACE - Resolving type for handle ctstylesheet4257type
19:45:16.826 [main] TRACE - Resolving type for handle ctnumfmtsb58btype
19:45:16.832 [main] TRACE - Resolving type for handle ctfonts6623type
19:45:16.836 [main] TRACE - Resolving type for handle ctfont14d8type
19:45:16.844 [main] TRACE - Resolving type for handle ctfills2c6ftype
19:45:16.846 [main] TRACE - Resolving type for handle ctfill550ctype
19:45:16.849 [main] TRACE - Resolving type for handle ctborders0d66type
19:45:16.851 [main] TRACE - Resolving type for handle ctborderf935type
19:45:16.853 [main] TRACE - Resolving type for handle ctcellxfs1322type
19:45:16.855 [main] TRACE - Resolving type for handle ctxf97f7type
19:45:16.858 [main] TRACE - Resolving type for handle ctcellstylexfsa81ftype
19:45:16.859 [main] TRACE - Resolving type for handle ctdxfsb26atype
19:45:16.861 [main] TRACE - Resolving type for handle cttablestyles872ftype
19:45:16.864 [main] TRACE - Resolving type for handle sstf81fdoctype
19:45:16.868 [main] TRACE - Resolving type for handle ctsst44f3type
19:45:16.876 [main] TRACE - Resolving type for handle ctrsta472type
19:45:16.895 [main] DEBUG - using default POIXMLDocumentPart for http://schemas.openxmlformats.org/officeDocument/2006/relationships/printerSettings
19:45:16.896 [main] TRACE - Resolving type for handle workbookec17doctype
19:45:16.899 [main] TRACE - Resolving type for handle ctworkbook83c3type
19:45:16.904 [main] TRACE - Resolving type for handle ctsheets49fdtype
19:45:16.906 [main] TRACE - Resolving type for handle ctsheet4dbetype
19:45:16.907 [main] TRACE - Resolving type for handle strelationshipid1e94type
19:45:16.909 [main] TRACE - Resolving type for handle worksheetf539doctype
19:45:16.914 [main] TRACE - Resolving type for handle ctworksheet530dtype
19:45:16.920 [main] TRACE - Resolving type for handle ctcols627ctype
19:45:16.924 [main] TRACE - Resolving type for handle ctcola95ftype
19:45:16.938 [main] TRACE - Resolving type for handle ctsheetdata8408type
19:45:16.942 [main] TRACE - Resolving type for handle ctrowdd39type
19:45:16.946 [main] TRACE - Resolving type for handle ctcell842btype
19:45:16.951 [main] TRACE - Resolving type for handle stcellrefe4e0type
19:45:16.956 [main] TRACE - Resolving type for handle stxstringf179type
19:45:16.959 [main] TRACE - Resolving type for handle stcelltypebf95type
19:45:16.969 [main] TRACE - Resolving type for handle stcellstylexfid70c7type
19:45:16.973 [main] TRACE - Resolving type for handle ctsheetdimensiond310type
19:45:16.974 [main] TRACE - Resolving type for handle stref90a2type
19:45:16.990 [main] TRACE - Resolving type for handle propertiesee84doctype
19:45:16.992 [main] TRACE - Resolving type for handle ctproperties3f10type
19:45:16.996 [main] TRACE - Resolving type for handle properties288cdoctype
19:45:16.998 [main] TRACE - Resolving type for handle ctproperties2c18type
19:45:17.009 [main] DEBUG - Save content types part
19:45:17.058 [main] DEBUG - Save package relationships
19:45:17.061 [main] DEBUG - Save part 'docProps/app.xml'
19:45:17.061 [main] DEBUG - Save part 'docProps/core.xml'
19:45:17.063 [main] DEBUG - Save part 'xl/printerSettings/printerSettings1.bin'
19:45:17.064 [main] DEBUG - Save part 'xl/sharedStrings.xml'
19:45:17.064 [main] DEBUG - Save part 'xl/styles.xml'
19:45:17.064 [main] DEBUG - Save part 'xl/theme/theme1.xml'
19:45:17.065 [main] DEBUG - Save part 'xl/workbook.xml'
19:45:17.066 [main] DEBUG - Save part 'xl/worksheets/sheet1.xml'
19:49:26.275 [main] DEBUG - Parsing relationship: /xl/_rels/workbook.xml.rels
19:49:26.280 [main] DEBUG - Parsing relationship: /xl/worksheets/_rels/sheet1.xml.rels
19:49:26.281 [main] DEBUG - Parsing relationship: /_rels/.rels
19:49:26.455 [main] TRACE - Loading type system org.apache.poi.schemas.ooxml.system.ooxml
19:49:26.459 [main] TRACE - Loading type system org.apache.xmlbeans.metadata.system.sXMLCONFIG
19:49:26.460 [main] TRACE - Loading type system org.apache.xmlbeans.metadata.system.sXMLLANG
19:49:26.460 [main] TRACE - Loading type system org.apache.xmlbeans.metadata.system.sXMLSCHEMA
19:49:26.461 [main] TRACE - Loading type system org.apache.xmlbeans.metadata.system.sXMLTOOLS
19:49:26.463 [main] TRACE - Reading unresolved handles for type system org.apache.xmlbeans.metadata.system.sXMLTOOLS
19:49:26.475 [main] TRACE - Finished loading type system org.apache.xmlbeans.metadata.system.sXMLTOOLS
19:49:26.477 [main] TRACE - Reading unresolved handles for type system org.apache.xmlbeans.metadata.system.sXMLSCHEMA
19:49:26.480 [main] TRACE - Finished loading type system org.apache.xmlbeans.metadata.system.sXMLSCHEMA
19:49:26.481 [main] TRACE - Reading unresolved handles for type system org.apache.xmlbeans.metadata.system.sXMLLANG
19:49:26.482 [main] TRACE - Finished loading type system org.apache.xmlbeans.metadata.system.sXMLLANG
19:49:26.483 [main] TRACE - Reading unresolved handles for type system org.apache.xmlbeans.metadata.system.sXMLCONFIG
19:49:26.484 [main] TRACE - Finished loading type system org.apache.xmlbeans.metadata.system.sXMLCONFIG
19:49:26.485 [main] TRACE - Reading unresolved handles for type system org.apache.poi.schemas.ooxml.system.ooxml
19:49:26.530 [main] TRACE - Finished loading type system org.apache.poi.schemas.ooxml.system.ooxml
19:49:26.531 [main] TRACE - Resolving type for handle themefd26doctype
19:49:26.605 [main] TRACE - Resolving type for handle stylesheet5d8bdoctype
19:49:26.610 [main] TRACE - Resolving type for handle ctstylesheet4257type
19:49:26.622 [main] TRACE - Resolving type for handle ctnumfmtsb58btype
19:49:26.625 [main] TRACE - Resolving type for handle ctfonts6623type
19:49:26.628 [main] TRACE - Resolving type for handle ctfont14d8type
19:49:26.634 [main] TRACE - Resolving type for handle ctfills2c6ftype
19:49:26.639 [main] TRACE - Resolving type for handle ctfill550ctype
19:49:26.642 [main] TRACE - Resolving type for handle ctborders0d66type
19:49:26.644 [main] TRACE - Resolving type for handle ctborderf935type
19:49:26.647 [main] TRACE - Resolving type for handle ctcellxfs1322type
19:49:26.650 [main] TRACE - Resolving type for handle ctxf97f7type
19:49:26.654 [main] TRACE - Resolving type for handle ctcellstylexfsa81ftype
19:49:26.656 [main] TRACE - Resolving type for handle ctdxfsb26atype
19:49:26.660 [main] TRACE - Resolving type for handle cttablestyles872ftype
19:49:26.665 [main] TRACE - Resolving type for handle sstf81fdoctype
19:49:26.670 [main] TRACE - Resolving type for handle ctsst44f3type
19:49:26.683 [main] TRACE - Resolving type for handle ctrsta472type
19:49:26.699 [main] DEBUG - using default POIXMLDocumentPart for http://schemas.openxmlformats.org/officeDocument/2006/relationships/printerSettings
19:49:26.700 [main] TRACE - Resolving type for handle workbookec17doctype
19:49:26.704 [main] TRACE - Resolving type for handle ctworkbook83c3type
19:49:26.713 [main] TRACE - Resolving type for handle ctsheets49fdtype
19:49:26.716 [main] TRACE - Resolving type for handle ctsheet4dbetype
19:49:26.719 [main] TRACE - Resolving type for handle strelationshipid1e94type
19:49:26.721 [main] TRACE - Resolving type for handle worksheetf539doctype
19:49:26.725 [main] TRACE - Resolving type for handle ctworksheet530dtype
19:49:26.734 [main] TRACE - Resolving type for handle ctcols627ctype
19:49:26.738 [main] TRACE - Resolving type for handle ctcola95ftype
19:49:26.752 [main] TRACE - Resolving type for handle ctsheetdata8408type
19:49:26.756 [main] TRACE - Resolving type for handle ctrowdd39type
19:49:26.761 [main] TRACE - Resolving type for handle ctcell842btype
19:49:26.768 [main] TRACE - Resolving type for handle stcellrefe4e0type
19:49:26.774 [main] TRACE - Resolving type for handle stxstringf179type
19:49:26.777 [main] TRACE - Resolving type for handle stcelltypebf95type
19:49:26.788 [main] TRACE - Resolving type for handle stcellstylexfid70c7type
19:49:26.791 [main] TRACE - Resolving type for handle ctsheetdimensiond310type
19:49:26.792 [main] TRACE - Resolving type for handle stref90a2type
19:49:26.809 [main] TRACE - Resolving type for handle propertiesee84doctype
19:49:26.812 [main] TRACE - Resolving type for handle ctproperties3f10type
19:49:26.818 [main] TRACE - Resolving type for handle properties288cdoctype
19:49:26.820 [main] TRACE - Resolving type for handle ctproperties2c18type
19:49:26.830 [main] DEBUG - Save content types part
19:49:26.886 [main] DEBUG - Save package relationships
19:49:26.889 [main] DEBUG - Save part 'docProps/app.xml'
19:49:26.889 [main] DEBUG - Save part 'docProps/core.xml'
19:49:26.892 [main] DEBUG - Save part 'xl/printerSettings/printerSettings1.bin'
19:49:26.892 [main] DEBUG - Save part 'xl/sharedStrings.xml'
19:49:26.892 [main] DEBUG - Save part 'xl/styles.xml'
19:49:26.892 [main] DEBUG - Save part 'xl/theme/theme1.xml'
19:49:26.893 [main] DEBUG - Save part 'xl/workbook.xml'
19:49:26.894 [main] DEBUG - Save part 'xl/worksheets/sheet1.xml'
19:51:11.654 [main] DEBUG - Parsing relationship: /xl/_rels/workbook.xml.rels
19:51:11.660 [main] DEBUG - Parsing relationship: /xl/worksheets/_rels/sheet1.xml.rels
19:51:11.661 [main] DEBUG - Parsing relationship: /_rels/.rels
19:51:11.815 [main] TRACE - Loading type system org.apache.poi.schemas.ooxml.system.ooxml
19:51:11.818 [main] TRACE - Loading type system org.apache.xmlbeans.metadata.system.sXMLCONFIG
19:51:11.819 [main] TRACE - Loading type system org.apache.xmlbeans.metadata.system.sXMLLANG
19:51:11.820 [main] TRACE - Loading type system org.apache.xmlbeans.metadata.system.sXMLSCHEMA
19:51:11.820 [main] TRACE - Loading type system org.apache.xmlbeans.metadata.system.sXMLTOOLS
19:51:11.821 [main] TRACE - Reading unresolved handles for type system org.apache.xmlbeans.metadata.system.sXMLTOOLS
19:51:11.831 [main] TRACE - Finished loading type system org.apache.xmlbeans.metadata.system.sXMLTOOLS
19:51:11.832 [main] TRACE - Reading unresolved handles for type system org.apache.xmlbeans.metadata.system.sXMLSCHEMA
19:51:11.835 [main] TRACE - Finished loading type system org.apache.xmlbeans.metadata.system.sXMLSCHEMA
19:51:11.836 [main] TRACE - Reading unresolved handles for type system org.apache.xmlbeans.metadata.system.sXMLLANG
19:51:11.837 [main] TRACE - Finished loading type system org.apache.xmlbeans.metadata.system.sXMLLANG
19:51:11.838 [main] TRACE - Reading unresolved handles for type system org.apache.xmlbeans.metadata.system.sXMLCONFIG
19:51:11.839 [main] TRACE - Finished loading type system org.apache.xmlbeans.metadata.system.sXMLCONFIG
19:51:11.840 [main] TRACE - Reading unresolved handles for type system org.apache.poi.schemas.ooxml.system.ooxml
19:51:11.884 [main] TRACE - Finished loading type system org.apache.poi.schemas.ooxml.system.ooxml
19:51:11.885 [main] TRACE - Resolving type for handle themefd26doctype
19:51:11.934 [main] TRACE - Resolving type for handle stylesheet5d8bdoctype
19:51:11.939 [main] TRACE - Resolving type for handle ctstylesheet4257type
19:51:11.944 [main] TRACE - Resolving type for handle ctnumfmtsb58btype
19:51:11.946 [main] TRACE - Resolving type for handle ctfonts6623type
19:51:11.949 [main] TRACE - Resolving type for handle ctfont14d8type
19:51:11.960 [main] TRACE - Resolving type for handle ctfills2c6ftype
19:51:11.963 [main] TRACE - Resolving type for handle ctfill550ctype
19:51:11.965 [main] TRACE - Resolving type for handle ctborders0d66type
19:51:11.967 [main] TRACE - Resolving type for handle ctborderf935type
19:51:11.972 [main] TRACE - Resolving type for handle ctcellxfs1322type
19:51:11.974 [main] TRACE - Resolving type for handle ctxf97f7type
19:51:11.977 [main] TRACE - Resolving type for handle ctcellstylexfsa81ftype
19:51:11.979 [main] TRACE - Resolving type for handle ctdxfsb26atype
19:51:11.981 [main] TRACE - Resolving type for handle cttablestyles872ftype
19:51:11.984 [main] TRACE - Resolving type for handle sstf81fdoctype
19:51:11.990 [main] TRACE - Resolving type for handle ctsst44f3type
19:51:11.997 [main] TRACE - Resolving type for handle ctrsta472type
19:51:12.015 [main] DEBUG - using default POIXMLDocumentPart for http://schemas.openxmlformats.org/officeDocument/2006/relationships/printerSettings
19:51:12.016 [main] TRACE - Resolving type for handle workbookec17doctype
19:51:12.020 [main] TRACE - Resolving type for handle ctworkbook83c3type
19:51:12.024 [main] TRACE - Resolving type for handle ctsheets49fdtype
19:51:12.026 [main] TRACE - Resolving type for handle ctsheet4dbetype
19:51:12.027 [main] TRACE - Resolving type for handle strelationshipid1e94type
19:51:12.029 [main] TRACE - Resolving type for handle worksheetf539doctype
19:51:12.038 [main] TRACE - Resolving type for handle ctworksheet530dtype
19:51:12.047 [main] TRACE - Resolving type for handle ctcols627ctype
19:51:12.050 [main] TRACE - Resolving type for handle ctcola95ftype
19:51:12.066 [main] TRACE - Resolving type for handle ctsheetdata8408type
19:51:12.068 [main] TRACE - Resolving type for handle ctrowdd39type
19:51:12.071 [main] TRACE - Resolving type for handle ctcell842btype
19:51:12.076 [main] TRACE - Resolving type for handle stcellrefe4e0type
19:51:12.081 [main] TRACE - Resolving type for handle stxstringf179type
19:51:12.084 [main] TRACE - Resolving type for handle stcelltypebf95type
19:51:12.094 [main] TRACE - Resolving type for handle stcellstylexfid70c7type
19:51:12.097 [main] TRACE - Resolving type for handle ctsheetdimensiond310type
19:51:12.098 [main] TRACE - Resolving type for handle stref90a2type
19:51:12.112 [main] TRACE - Resolving type for handle propertiesee84doctype
19:51:12.114 [main] TRACE - Resolving type for handle ctproperties3f10type
19:51:12.121 [main] TRACE - Resolving type for handle properties288cdoctype
19:51:12.122 [main] TRACE - Resolving type for handle ctproperties2c18type
19:51:12.131 [main] DEBUG - Save content types part
19:51:12.195 [main] DEBUG - Save package relationships
19:51:12.199 [main] DEBUG - Save part 'docProps/app.xml'
19:51:12.199 [main] DEBUG - Save part 'docProps/core.xml'
19:51:12.202 [main] DEBUG - Save part 'xl/printerSettings/printerSettings1.bin'
19:51:12.203 [main] DEBUG - Save part 'xl/sharedStrings.xml'
19:51:12.203 [main] DEBUG - Save part 'xl/styles.xml'
19:51:12.203 [main] DEBUG - Save part 'xl/theme/theme1.xml'
19:51:12.204 [main] DEBUG - Save part 'xl/workbook.xml'
19:51:12.205 [main] DEBUG - Save part 'xl/worksheets/sheet1.xml'
19:52:23.066 [main] DEBUG - Parsing relationship: /xl/_rels/workbook.xml.rels
19:52:23.071 [main] DEBUG - Parsing relationship: /xl/worksheets/_rels/sheet1.xml.rels
19:52:23.072 [main] DEBUG - Parsing relationship: /_rels/.rels
19:52:23.234 [main] TRACE - Loading type system org.apache.poi.schemas.ooxml.system.ooxml
19:52:23.236 [main] TRACE - Loading type system org.apache.xmlbeans.metadata.system.sXMLCONFIG
19:52:23.237 [main] TRACE - Loading type system org.apache.xmlbeans.metadata.system.sXMLLANG
19:52:23.237 [main] TRACE - Loading type system org.apache.xmlbeans.metadata.system.sXMLSCHEMA
19:52:23.238 [main] TRACE - Loading type system org.apache.xmlbeans.metadata.system.sXMLTOOLS
19:52:23.239 [main] TRACE - Reading unresolved handles for type system org.apache.xmlbeans.metadata.system.sXMLTOOLS
19:52:23.249 [main] TRACE - Finished loading type system org.apache.xmlbeans.metadata.system.sXMLTOOLS
19:52:23.250 [main] TRACE - Reading unresolved handles for type system org.apache.xmlbeans.metadata.system.sXMLSCHEMA
19:52:23.253 [main] TRACE - Finished loading type system org.apache.xmlbeans.metadata.system.sXMLSCHEMA
19:52:23.255 [main] TRACE - Reading unresolved handles for type system org.apache.xmlbeans.metadata.system.sXMLLANG
19:52:23.255 [main] TRACE - Finished loading type system org.apache.xmlbeans.metadata.system.sXMLLANG
19:52:23.256 [main] TRACE - Reading unresolved handles for type system org.apache.xmlbeans.metadata.system.sXMLCONFIG
19:52:23.257 [main] TRACE - Finished loading type system org.apache.xmlbeans.metadata.system.sXMLCONFIG
19:52:23.258 [main] TRACE - Reading unresolved handles for type system org.apache.poi.schemas.ooxml.system.ooxml
19:52:23.301 [main] TRACE - Finished loading type system org.apache.poi.schemas.ooxml.system.ooxml
19:52:23.302 [main] TRACE - Resolving type for handle themefd26doctype
19:52:23.357 [main] TRACE - Resolving type for handle stylesheet5d8bdoctype
19:52:23.365 [main] TRACE - Resolving type for handle ctstylesheet4257type
19:52:23.369 [main] TRACE - Resolving type for handle ctnumfmtsb58btype
19:52:23.371 [main] TRACE - Resolving type for handle ctfonts6623type
19:52:23.374 [main] TRACE - Resolving type for handle ctfont14d8type
19:52:23.379 [main] TRACE - Resolving type for handle ctfills2c6ftype
19:52:23.382 [main] TRACE - Resolving type for handle ctfill550ctype
19:52:23.384 [main] TRACE - Resolving type for handle ctborders0d66type
19:52:23.386 [main] TRACE - Resolving type for handle ctborderf935type
19:52:23.389 [main] TRACE - Resolving type for handle ctcellxfs1322type
19:52:23.391 [main] TRACE - Resolving type for handle ctxf97f7type
19:52:23.394 [main] TRACE - Resolving type for handle ctcellstylexfsa81ftype
19:52:23.396 [main] TRACE - Resolving type for handle ctdxfsb26atype
19:52:23.398 [main] TRACE - Resolving type for handle cttablestyles872ftype
19:52:23.401 [main] TRACE - Resolving type for handle sstf81fdoctype
19:52:23.405 [main] TRACE - Resolving type for handle ctsst44f3type
19:52:23.419 [main] TRACE - Resolving type for handle ctrsta472type
19:52:23.436 [main] DEBUG - using default POIXMLDocumentPart for http://schemas.openxmlformats.org/officeDocument/2006/relationships/printerSettings
19:52:23.437 [main] TRACE - Resolving type for handle workbookec17doctype
19:52:23.440 [main] TRACE - Resolving type for handle ctworkbook83c3type
19:52:23.444 [main] TRACE - Resolving type for handle ctsheets49fdtype
19:52:23.448 [main] TRACE - Resolving type for handle ctsheet4dbetype
19:52:23.450 [main] TRACE - Resolving type for handle strelationshipid1e94type
19:52:23.453 [main] TRACE - Resolving type for handle worksheetf539doctype
19:52:23.462 [main] TRACE - Resolving type for handle ctworksheet530dtype
19:52:23.470 [main] TRACE - Resolving type for handle ctcols627ctype
19:52:23.473 [main] TRACE - Resolving type for handle ctcola95ftype
19:52:23.488 [main] TRACE - Resolving type for handle ctsheetdata8408type
19:52:23.491 [main] TRACE - Resolving type for handle ctrowdd39type
19:52:23.495 [main] TRACE - Resolving type for handle ctcell842btype
19:52:23.501 [main] TRACE - Resolving type for handle stcellrefe4e0type
19:52:23.506 [main] TRACE - Resolving type for handle stxstringf179type
19:52:23.509 [main] TRACE - Resolving type for handle stcelltypebf95type
19:52:23.519 [main] TRACE - Resolving type for handle stcellstylexfid70c7type
19:52:23.522 [main] TRACE - Resolving type for handle ctsheetdimensiond310type
19:52:23.524 [main] TRACE - Resolving type for handle stref90a2type
19:52:23.538 [main] TRACE - Resolving type for handle propertiesee84doctype
19:52:23.539 [main] TRACE - Resolving type for handle ctproperties3f10type
19:52:23.546 [main] TRACE - Resolving type for handle properties288cdoctype
19:52:23.548 [main] TRACE - Resolving type for handle ctproperties2c18type
19:52:23.559 [main] DEBUG - Save content types part
19:52:23.611 [main] DEBUG - Save package relationships
19:52:23.615 [main] DEBUG - Save part 'docProps/app.xml'
19:52:23.615 [main] DEBUG - Save part 'docProps/core.xml'
19:52:23.618 [main] DEBUG - Save part 'xl/printerSettings/printerSettings1.bin'
19:52:23.618 [main] DEBUG - Save part 'xl/sharedStrings.xml'
19:52:23.618 [main] DEBUG - Save part 'xl/styles.xml'
19:52:23.619 [main] DEBUG - Save part 'xl/theme/theme1.xml'
19:52:23.619 [main] DEBUG - Save part 'xl/workbook.xml'
19:52:23.621 [main] DEBUG - Save part 'xl/worksheets/sheet1.xml'
19:54:55.517 [main] DEBUG - Parsing relationship: /xl/_rels/workbook.xml.rels
19:54:55.522 [main] DEBUG - Parsing relationship: /xl/worksheets/_rels/sheet1.xml.rels
19:54:55.523 [main] DEBUG - Parsing relationship: /_rels/.rels
19:54:55.662 [main] TRACE - Loading type system org.apache.poi.schemas.ooxml.system.ooxml
19:54:55.665 [main] TRACE - Loading type system org.apache.xmlbeans.metadata.system.sXMLCONFIG
19:54:55.665 [main] TRACE - Loading type system org.apache.xmlbeans.metadata.system.sXMLLANG
19:54:55.666 [main] TRACE - Loading type system org.apache.xmlbeans.metadata.system.sXMLSCHEMA
19:54:55.666 [main] TRACE - Loading type system org.apache.xmlbeans.metadata.system.sXMLTOOLS
19:54:55.667 [main] TRACE - Reading unresolved handles for type system org.apache.xmlbeans.metadata.system.sXMLTOOLS
19:54:55.681 [main] TRACE - Finished loading type system org.apache.xmlbeans.metadata.system.sXMLTOOLS
19:54:55.682 [main] TRACE - Reading unresolved handles for type system org.apache.xmlbeans.metadata.system.sXMLSCHEMA
19:54:55.686 [main] TRACE - Finished loading type system org.apache.xmlbeans.metadata.system.sXMLSCHEMA
19:54:55.688 [main] TRACE - Reading unresolved handles for type system org.apache.xmlbeans.metadata.system.sXMLLANG
19:54:55.689 [main] TRACE - Finished loading type system org.apache.xmlbeans.metadata.system.sXMLLANG
19:54:55.690 [main] TRACE - Reading unresolved handles for type system org.apache.xmlbeans.metadata.system.sXMLCONFIG
19:54:55.690 [main] TRACE - Finished loading type system org.apache.xmlbeans.metadata.system.sXMLCONFIG
19:54:55.691 [main] TRACE - Reading unresolved handles for type system org.apache.poi.schemas.ooxml.system.ooxml
19:54:55.745 [main] TRACE - Finished loading type system org.apache.poi.schemas.ooxml.system.ooxml
19:54:55.746 [main] TRACE - Resolving type for handle themefd26doctype
19:54:55.812 [main] TRACE - Resolving type for handle stylesheet5d8bdoctype
19:54:55.817 [main] TRACE - Resolving type for handle ctstylesheet4257type
19:54:55.820 [main] TRACE - Resolving type for handle ctnumfmtsb58btype
19:54:55.823 [main] TRACE - Resolving type for handle ctfonts6623type
19:54:55.825 [main] TRACE - Resolving type for handle ctfont14d8type
19:54:55.835 [main] TRACE - Resolving type for handle ctfills2c6ftype
19:54:55.837 [main] TRACE - Resolving type for handle ctfill550ctype
19:54:55.839 [main] TRACE - Resolving type for handle ctborders0d66type
19:54:55.840 [main] TRACE - Resolving type for handle ctborderf935type
19:54:55.843 [main] TRACE - Resolving type for handle ctcellxfs1322type
19:54:55.845 [main] TRACE - Resolving type for handle ctxf97f7type
19:54:55.848 [main] TRACE - Resolving type for handle ctcellstylexfsa81ftype
19:54:55.850 [main] TRACE - Resolving type for handle ctdxfsb26atype
19:54:55.852 [main] TRACE - Resolving type for handle cttablestyles872ftype
19:54:55.856 [main] TRACE - Resolving type for handle sstf81fdoctype
19:54:55.861 [main] TRACE - Resolving type for handle ctsst44f3type
19:54:55.871 [main] TRACE - Resolving type for handle ctrsta472type
19:54:55.892 [main] DEBUG - using default POIXMLDocumentPart for http://schemas.openxmlformats.org/officeDocument/2006/relationships/printerSettings
19:54:55.893 [main] TRACE - Resolving type for handle workbookec17doctype
19:54:55.897 [main] TRACE - Resolving type for handle ctworkbook83c3type
19:54:55.902 [main] TRACE - Resolving type for handle ctsheets49fdtype
19:54:55.905 [main] TRACE - Resolving type for handle ctsheet4dbetype
19:54:55.907 [main] TRACE - Resolving type for handle strelationshipid1e94type
19:54:55.910 [main] TRACE - Resolving type for handle worksheetf539doctype
19:54:55.915 [main] TRACE - Resolving type for handle ctworksheet530dtype
19:54:55.923 [main] TRACE - Resolving type for handle ctcols627ctype
19:54:55.926 [main] TRACE - Resolving type for handle ctcola95ftype
19:54:55.941 [main] TRACE - Resolving type for handle ctsheetdata8408type
19:54:55.944 [main] TRACE - Resolving type for handle ctrowdd39type
19:54:55.948 [main] TRACE - Resolving type for handle ctcell842btype
19:54:55.953 [main] TRACE - Resolving type for handle stcellrefe4e0type
19:54:55.958 [main] TRACE - Resolving type for handle stxstringf179type
19:54:55.961 [main] TRACE - Resolving type for handle stcelltypebf95type
19:54:55.971 [main] TRACE - Resolving type for handle stcellstylexfid70c7type
19:54:55.975 [main] TRACE - Resolving type for handle ctsheetdimensiond310type
19:54:55.978 [main] TRACE - Resolving type for handle stref90a2type
19:54:55.993 [main] TRACE - Resolving type for handle propertiesee84doctype
19:54:55.994 [main] TRACE - Resolving type for handle ctproperties3f10type
19:54:56.000 [main] TRACE - Resolving type for handle properties288cdoctype
19:54:56.001 [main] TRACE - Resolving type for handle ctproperties2c18type
19:54:56.011 [main] DEBUG - Save content types part
19:54:56.082 [main] DEBUG - Save package relationships
19:54:56.086 [main] DEBUG - Save part 'docProps/app.xml'
19:54:56.087 [main] DEBUG - Save part 'docProps/core.xml'
19:54:56.091 [main] DEBUG - Save part 'xl/printerSettings/printerSettings1.bin'
19:54:56.092 [main] DEBUG - Save part 'xl/sharedStrings.xml'
19:54:56.092 [main] DEBUG - Save part 'xl/styles.xml'
19:54:56.093 [main] DEBUG - Save part 'xl/theme/theme1.xml'
19:54:56.093 [main] DEBUG - Save part 'xl/workbook.xml'
19:54:56.096 [main] DEBUG - Save part 'xl/worksheets/sheet1.xml'
19:56:02.303 [main] DEBUG - Parsing relationship: /xl/_rels/workbook.xml.rels
19:56:02.308 [main] DEBUG - Parsing relationship: /xl/worksheets/_rels/sheet1.xml.rels
19:56:02.309 [main] DEBUG - Parsing relationship: /_rels/.rels
19:56:02.450 [main] TRACE - Loading type system org.apache.poi.schemas.ooxml.system.ooxml
19:56:02.453 [main] TRACE - Loading type system org.apache.xmlbeans.metadata.system.sXMLCONFIG
19:56:02.454 [main] TRACE - Loading type system org.apache.xmlbeans.metadata.system.sXMLLANG
19:56:02.454 [main] TRACE - Loading type system org.apache.xmlbeans.metadata.system.sXMLSCHEMA
19:56:02.455 [main] TRACE - Loading type system org.apache.xmlbeans.metadata.system.sXMLTOOLS
19:56:02.456 [main] TRACE - Reading unresolved handles for type system org.apache.xmlbeans.metadata.system.sXMLTOOLS
19:56:02.468 [main] TRACE - Finished loading type system org.apache.xmlbeans.metadata.system.sXMLTOOLS
19:56:02.469 [main] TRACE - Reading unresolved handles for type system org.apache.xmlbeans.metadata.system.sXMLSCHEMA
19:56:02.473 [main] TRACE - Finished loading type system org.apache.xmlbeans.metadata.system.sXMLSCHEMA
19:56:02.474 [main] TRACE - Reading unresolved handles for type system org.apache.xmlbeans.metadata.system.sXMLLANG
19:56:02.475 [main] TRACE - Finished loading type system org.apache.xmlbeans.metadata.system.sXMLLANG
19:56:02.476 [main] TRACE - Reading unresolved handles for type system org.apache.xmlbeans.metadata.system.sXMLCONFIG
19:56:02.477 [main] TRACE - Finished loading type system org.apache.xmlbeans.metadata.system.sXMLCONFIG
19:56:02.478 [main] TRACE - Reading unresolved handles for type system org.apache.poi.schemas.ooxml.system.ooxml
19:56:02.519 [main] TRACE - Finished loading type system org.apache.poi.schemas.ooxml.system.ooxml
19:56:02.520 [main] TRACE - Resolving type for handle themefd26doctype
19:56:02.566 [main] TRACE - Resolving type for handle stylesheet5d8bdoctype
19:56:02.571 [main] TRACE - Resolving type for handle ctstylesheet4257type
19:56:02.577 [main] TRACE - Resolving type for handle ctnumfmtsb58btype
19:56:02.582 [main] TRACE - Resolving type for handle ctfonts6623type
19:56:02.585 [main] TRACE - Resolving type for handle ctfont14d8type
19:56:02.595 [main] TRACE - Resolving type for handle ctfills2c6ftype
19:56:02.597 [main] TRACE - Resolving type for handle ctfill550ctype
19:56:02.599 [main] TRACE - Resolving type for handle ctborders0d66type
19:56:02.602 [main] TRACE - Resolving type for handle ctborderf935type
19:56:02.604 [main] TRACE - Resolving type for handle ctcellxfs1322type
19:56:02.607 [main] TRACE - Resolving type for handle ctxf97f7type
19:56:02.609 [main] TRACE - Resolving type for handle ctcellstylexfsa81ftype
19:56:02.611 [main] TRACE - Resolving type for handle ctdxfsb26atype
19:56:02.613 [main] TRACE - Resolving type for handle cttablestyles872ftype
19:56:02.615 [main] TRACE - Resolving type for handle sstf81fdoctype
19:56:02.620 [main] TRACE - Resolving type for handle ctsst44f3type
19:56:02.628 [main] TRACE - Resolving type for handle ctrsta472type
19:56:02.647 [main] DEBUG - using default POIXMLDocumentPart for http://schemas.openxmlformats.org/officeDocument/2006/relationships/printerSettings
19:56:02.648 [main] TRACE - Resolving type for handle workbookec17doctype
19:56:02.651 [main] TRACE - Resolving type for handle ctworkbook83c3type
19:56:02.655 [main] TRACE - Resolving type for handle ctsheets49fdtype
19:56:02.657 [main] TRACE - Resolving type for handle ctsheet4dbetype
19:56:02.658 [main] TRACE - Resolving type for handle strelationshipid1e94type
19:56:02.660 [main] TRACE - Resolving type for handle worksheetf539doctype
19:56:02.665 [main] TRACE - Resolving type for handle ctworksheet530dtype
19:56:02.675 [main] TRACE - Resolving type for handle ctcols627ctype
19:56:02.678 [main] TRACE - Resolving type for handle ctcola95ftype
19:56:02.695 [main] TRACE - Resolving type for handle ctsheetdata8408type
19:56:02.697 [main] TRACE - Resolving type for handle ctrowdd39type
19:56:02.700 [main] TRACE - Resolving type for handle ctcell842btype
19:56:02.704 [main] TRACE - Resolving type for handle stcellrefe4e0type
19:56:02.710 [main] TRACE - Resolving type for handle stxstringf179type
19:56:02.713 [main] TRACE - Resolving type for handle stcelltypebf95type
19:56:02.722 [main] TRACE - Resolving type for handle stcellstylexfid70c7type
19:56:02.726 [main] TRACE - Resolving type for handle ctsheetdimensiond310type
19:56:02.728 [main] TRACE - Resolving type for handle stref90a2type
19:56:02.741 [main] TRACE - Resolving type for handle propertiesee84doctype
19:56:02.743 [main] TRACE - Resolving type for handle ctproperties3f10type
19:56:02.751 [main] TRACE - Resolving type for handle properties288cdoctype
19:56:02.752 [main] TRACE - Resolving type for handle ctproperties2c18type
19:56:02.765 [main] DEBUG - Save content types part
19:56:02.818 [main] DEBUG - Save package relationships
19:56:02.821 [main] DEBUG - Save part 'docProps/app.xml'
19:56:02.822 [main] DEBUG - Save part 'docProps/core.xml'
19:56:02.824 [main] DEBUG - Save part 'xl/printerSettings/printerSettings1.bin'
19:56:02.825 [main] DEBUG - Save part 'xl/sharedStrings.xml'
19:56:02.825 [main] DEBUG - Save part 'xl/styles.xml'
19:56:02.825 [main] DEBUG - Save part 'xl/theme/theme1.xml'
19:56:02.826 [main] DEBUG - Save part 'xl/workbook.xml'
19:56:02.828 [main] DEBUG - Save part 'xl/worksheets/sheet1.xml'
19:57:47.998 [main] DEBUG - Parsing relationship: /xl/_rels/workbook.xml.rels
19:57:48.005 [main] DEBUG - Parsing relationship: /xl/worksheets/_rels/sheet1.xml.rels
19:57:48.005 [main] DEBUG - Parsing relationship: /_rels/.rels
19:57:48.164 [main] TRACE - Loading type system org.apache.poi.schemas.ooxml.system.ooxml
19:57:48.167 [main] TRACE - Loading type system org.apache.xmlbeans.metadata.system.sXMLCONFIG
19:57:48.167 [main] TRACE - Loading type system org.apache.xmlbeans.metadata.system.sXMLLANG
19:57:48.168 [main] TRACE - Loading type system org.apache.xmlbeans.metadata.system.sXMLSCHEMA
19:57:48.168 [main] TRACE - Loading type system org.apache.xmlbeans.metadata.system.sXMLTOOLS
19:57:48.169 [main] TRACE - Reading unresolved handles for type system org.apache.xmlbeans.metadata.system.sXMLTOOLS
19:57:48.182 [main] TRACE - Finished loading type system org.apache.xmlbeans.metadata.system.sXMLTOOLS
19:57:48.184 [main] TRACE - Reading unresolved handles for type system org.apache.xmlbeans.metadata.system.sXMLSCHEMA
19:57:48.187 [main] TRACE - Finished loading type system org.apache.xmlbeans.metadata.system.sXMLSCHEMA
19:57:48.188 [main] TRACE - Reading unresolved handles for type system org.apache.xmlbeans.metadata.system.sXMLLANG
19:57:48.189 [main] TRACE - Finished loading type system org.apache.xmlbeans.metadata.system.sXMLLANG
19:57:48.190 [main] TRACE - Reading unresolved handles for type system org.apache.xmlbeans.metadata.system.sXMLCONFIG
19:57:48.191 [main] TRACE - Finished loading type system org.apache.xmlbeans.metadata.system.sXMLCONFIG
19:57:48.192 [main] TRACE - Reading unresolved handles for type system org.apache.poi.schemas.ooxml.system.ooxml
19:57:48.244 [main] TRACE - Finished loading type system org.apache.poi.schemas.ooxml.system.ooxml
19:57:48.246 [main] TRACE - Resolving type for handle themefd26doctype
19:57:48.302 [main] TRACE - Resolving type for handle stylesheet5d8bdoctype
19:57:48.312 [main] TRACE - Resolving type for handle ctstylesheet4257type
19:57:48.316 [main] TRACE - Resolving type for handle ctnumfmtsb58btype
19:57:48.318 [main] TRACE - Resolving type for handle ctfonts6623type
19:57:48.321 [main] TRACE - Resolving type for handle ctfont14d8type
19:57:48.329 [main] TRACE - Resolving type for handle ctfills2c6ftype
19:57:48.331 [main] TRACE - Resolving type for handle ctfill550ctype
19:57:48.333 [main] TRACE - Resolving type for handle ctborders0d66type
19:57:48.334 [main] TRACE - Resolving type for handle ctborderf935type
19:57:48.337 [main] TRACE - Resolving type for handle ctcellxfs1322type
19:57:48.339 [main] TRACE - Resolving type for handle ctxf97f7type
19:57:48.342 [main] TRACE - Resolving type for handle ctcellstylexfsa81ftype
19:57:48.344 [main] TRACE - Resolving type for handle ctdxfsb26atype
19:57:48.347 [main] TRACE - Resolving type for handle cttablestyles872ftype
19:57:48.350 [main] TRACE - Resolving type for handle sstf81fdoctype
19:57:48.356 [main] TRACE - Resolving type for handle ctsst44f3type
19:57:48.365 [main] TRACE - Resolving type for handle ctrsta472type
19:57:48.391 [main] DEBUG - using default POIXMLDocumentPart for http://schemas.openxmlformats.org/officeDocument/2006/relationships/printerSettings
19:57:48.392 [main] TRACE - Resolving type for handle workbookec17doctype
19:57:48.397 [main] TRACE - Resolving type for handle ctworkbook83c3type
19:57:48.402 [main] TRACE - Resolving type for handle ctsheets49fdtype
19:57:48.404 [main] TRACE - Resolving type for handle ctsheet4dbetype
19:57:48.406 [main] TRACE - Resolving type for handle strelationshipid1e94type
