16:28:03.595 [main] TRACE - Resolving type for handle ctstylesheet4257type
16:28:03.631 [main] TRACE - Resolving type for handle ctnumfmtsb58btype
16:28:03.636 [main] TRACE - Resolving type for handle ctfonts6623type
16:28:03.640 [main] TRACE - Resolving type for handle ctfont14d8type
16:28:03.652 [main] TRACE - Resolving type for handle ctfills2c6ftype
16:28:03.656 [main] TRACE - Resolving type for handle ctfill550ctype
16:28:03.659 [main] TRACE - Resolving type for handle ctborders0d66type
16:28:03.663 [main] TRACE - Resolving type for handle ctborderf935type
16:28:03.670 [main] TRACE - Resolving type for handle ctcellxfs1322type
16:28:03.675 [main] TRACE - Resolving type for handle ctxf97f7type
16:28:03.681 [main] TRACE - Resolving type for handle ctcellstylexfsa81ftype
16:28:03.684 [main] TRACE - Resolving type for handle ctdxfsb26atype
16:28:03.691 [main] TRACE - Resolving type for handle cttablestyles872ftype
16:28:03.698 [main] TRACE - Resolving type for handle sstf81fdoctype
16:28:03.704 [main] TRACE - Resolving type for handle ctsst44f3type
16:28:03.725 [main] TRACE - Resolving type for handle ctrsta472type
16:28:03.767 [main] DEBUG - using default POIXMLDocumentPart for http://schemas.openxmlformats.org/officeDocument/2006/relationships/printerSettings
16:28:03.769 [main] TRACE - Resolving type for handle workbookec17doctype
16:28:03.776 [main] TRACE - Resolving type for handle ctworkbook83c3type
16:28:03.785 [main] TRACE - Resolving type for handle ctsheets49fdtype
16:28:03.789 [main] TRACE - Resolving type for handle ctsheet4dbetype
16:28:03.792 [main] TRACE - Resolving type for handle strelationshipid1e94type
16:28:03.796 [main] TRACE - Resolving type for handle worksheetf539doctype
16:28:03.805 [main] TRACE - Resolving type for handle ctworksheet530dtype
16:28:03.820 [main] TRACE - Resolving type for handle ctcols627ctype
16:28:03.827 [main] TRACE - Resolving type for handle ctcola95ftype
16:28:03.866 [main] TRACE - Resolving type for handle ctsheetdata8408type
16:28:03.872 [main] TRACE - Resolving type for handle ctrowdd39type
16:28:03.880 [main] TRACE - Resolving type for handle ctcell842btype
16:28:03.893 [main] TRACE - Resolving type for handle stcellrefe4e0type
16:28:03.905 [main] TRACE - Resolving type for handle stxstringf179type
16:28:03.911 [main] TRACE - Resolving type for handle stcelltypebf95type
16:28:03.927 [main] TRACE - Resolving type for handle stcellstylexfid70c7type
16:28:03.932 [main] TRACE - Resolving type for handle ctsheetdimensiond310type
16:28:03.934 [main] TRACE - Resolving type for handle stref90a2type
16:28:03.954 [main] TRACE - Resolving type for handle propertiesee84doctype
16:28:03.956 [main] TRACE - Resolving type for handle ctproperties3f10type
16:28:03.963 [main] TRACE - Resolving type for handle properties288cdoctype
16:28:03.965 [main] TRACE - Resolving type for handle ctproperties2c18type
16:28:03.979 [main] DEBUG - Save content types part
