19:16:40.354 [main] TRACE - Reading unresolved handles for type system org.apache.xmlbeans.metadata.system.sXMLSCHEMA
19:16:40.378 [main] TRACE - Finished loading type system org.apache.xmlbeans.metadata.system.sXMLSCHEMA
19:16:40.381 [main] TRACE - Reading unresolved handles for type system org.apache.xmlbeans.metadata.system.sXMLLANG
19:16:40.384 [main] TRACE - Finished loading type system org.apache.xmlbeans.metadata.system.sXMLLANG
19:16:40.388 [main] TRACE - Reading unresolved handles for type system org.apache.xmlbeans.metadata.system.sXMLCONFIG
19:16:40.390 [main] TRACE - Finished loading type system org.apache.xmlbeans.metadata.system.sXMLCONFIG
19:16:40.394 [main] TRACE - Reading unresolved handles for type system org.apache.poi.schemas.ooxml.system.ooxml
19:16:40.508 [main] TRACE - Finished loading type system org.apache.poi.schemas.ooxml.system.ooxml
19:16:40.509 [main] TRACE - Resolving type for handle themefd26doctype
19:16:40.624 [main] TRACE - Resolving type for handle stylesheet5d8bdoctype
19:16:40.636 [main] TRACE - Resolving type for handle ctstylesheet4257type
19:16:40.647 [main] TRACE - Resolving type for handle ctnumfmtsb58btype
19:16:40.652 [main] TRACE - Resolving type for handle ctfonts6623type
19:16:40.668 [main] TRACE - Resolving type for handle ctfont14d8type
19:16:40.683 [main] TRACE - Resolving type for handle ctfills2c6ftype
19:16:40.689 [main] TRACE - Resolving type for handle ctfill550ctype
19:16:40.695 [main] TRACE - Resolving type for handle ctborders0d66type
19:16:40.701 [main] TRACE - Resolving type for handle ctborderf935type
19:16:40.711 [main] TRACE - Resolving type for handle ctcellxfs1322type
19:16:40.719 [main] TRACE - Resolving type for handle ctxf97f7type
19:16:40.729 [main] TRACE - Resolving type for handle ctcellstylexfsa81ftype
19:16:40.735 [main] TRACE - Resolving type for handle ctdxfsb26atype
19:16:40.743 [main] TRACE - Resolving type for handle cttablestyles872ftype
19:16:40.753 [main] TRACE - Resolving type for handle sstf81fdoctype
19:16:40.764 [main] TRACE - Resolving type for handle ctsst44f3type
19:16:40.797 [main] TRACE - Resolving type for handle ctrsta472type
19:16:40.865 [main] DEBUG - using default POIXMLDocumentPart for http://schemas.openxmlformats.org/officeDocument/2006/relationships/printerSettings
19:16:40.869 [main] TRACE - Resolving type for handle workbookec17doctype
19:16:40.887 [main] TRACE - Resolving type for handle ctworkbook83c3type
19:16:40.908 [main] TRACE - Resolving type for handle ctsheets49fdtype
19:16:40.918 [main] TRACE - Resolving type for handle ctsheet4dbetype
19:16:40.940 [main] TRACE - Resolving type for handle strelationshipid1e94type
19:16:40.951 [main] TRACE - Resolving type for handle worksheetf539doctype
19:16:40.980 [main] TRACE - Resolving type for handle ctworksheet530dtype
19:16:41.022 [main] TRACE - Resolving type for handle ctcols627ctype
19:16:41.043 [main] TRACE - Resolving type for handle ctcola95ftype
19:16:41.131 [main] TRACE - Resolving type for handle ctsheetdata8408type
19:16:41.144 [main] TRACE - Resolving type for handle ctrowdd39type
19:16:41.164 [main] TRACE - Resolving type for handle ctcell842btype
19:16:41.197 [main] TRACE - Resolving type for handle stcellrefe4e0type
19:16:41.231 [main] TRACE - Resolving type for handle stxstringf179type
19:16:41.246 [main] TRACE - Resolving type for handle stcelltypebf95type
19:16:41.293 [main] TRACE - Resolving type for handle stcellstylexfid70c7type
19:16:41.320 [main] TRACE - Resolving type for handle ctsheetdimensiond310type
19:16:41.325 [main] TRACE - Resolving type for handle stref90a2type
19:16:41.395 [main] TRACE - Resolving type for handle propertiesee84doctype
19:16:41.399 [main] TRACE - Resolving type for handle ctproperties3f10type
19:16:41.416 [main] TRACE - Resolving type for handle properties288cdoctype
19:16:41.420 [main] TRACE - Resolving type for handle ctproperties2c18type
19:16:41.452 [main] DEBUG - Save content types part
19:16:41.608 [main] DEBUG - Save package relationships
19:16:41.614 [main] DEBUG - Save part 'docProps/app.xml'
19:16:41.615 [main] DEBUG - Save part 'docProps/core.xml'
19:16:41.622 [main] DEBUG - Save part 'xl/printerSettings/printerSettings1.bin'
19:16:41.623 [main] DEBUG - Save part 'xl/sharedStrings.xml'
19:16:41.624 [main] DEBUG - Save part 'xl/styles.xml'
19:16:41.625 [main] DEBUG - Save part 'xl/theme/theme1.xml'
19:16:41.626 [main] DEBUG - Save part 'xl/workbook.xml'
19:16:41.631 [main] DEBUG - Save part 'xl/worksheets/sheet1.xml'
19:17:16.701 [main] DEBUG - Parsing relationship: /xl/_rels/workbook.xml.rels
19:17:16.707 [main] DEBUG - Parsing relationship: /xl/worksheets/_rels/sheet1.xml.rels
19:17:16.711 [main] DEBUG - Parsing relationship: /_rels/.rels
19:17:16.757 [main] DEBUG - using default POIXMLDocumentPart for http://schemas.openxmlformats.org/officeDocument/2006/relationships/printerSettings
19:17:16.816 [main] DEBUG - Save content types part
19:17:16.821 [main] DEBUG - Save package relationships
19:17:16.824 [main] DEBUG - Save part 'docProps/app.xml'
19:17:16.825 [main] DEBUG - Save part 'docProps/core.xml'
19:17:16.829 [main] DEBUG - Save part 'xl/printerSettings/printerSettings1.bin'
19:17:16.830 [main] DEBUG - Save part 'xl/sharedStrings.xml'
19:17:16.831 [main] DEBUG - Save part 'xl/styles.xml'
19:17:16.832 [main] DEBUG - Save part 'xl/theme/theme1.xml'
19:17:16.833 [main] DEBUG - Save part 'xl/workbook.xml'
19:17:16.838 [main] DEBUG - Save part 'xl/worksheets/sheet1.xml'
19:24:23.337 [main] DEBUG - Parsing relationship: /xl/_rels/workbook.xml.rels
19:24:23.349 [main] DEBUG - Parsing relationship: /xl/worksheets/_rels/sheet1.xml.rels
19:24:23.350 [main] DEBUG - Parsing relationship: /_rels/.rels
19:24:24.076 [main] TRACE - Loading type system org.apache.poi.schemas.ooxml.system.ooxml
19:24:24.083 [main] TRACE - Loading type system org.apache.xmlbeans.metadata.system.sXMLCONFIG
19:24:24.086 [main] TRACE - Loading type system org.apache.xmlbeans.metadata.system.sXMLLANG
19:24:24.087 [main] TRACE - Loading type system org.apache.xmlbeans.metadata.system.sXMLSCHEMA
19:24:24.088 [main] TRACE - Loading type system org.apache.xmlbeans.metadata.system.sXMLTOOLS
19:24:24.091 [main] TRACE - Reading unresolved handles for type system org.apache.xmlbeans.metadata.system.sXMLTOOLS
19:24:24.120 [main] TRACE - Finished loading type system org.apache.xmlbeans.metadata.system.sXMLTOOLS
19:24:24.122 [main] TRACE - Reading unresolved handles for type system org.apache.xmlbeans.metadata.system.sXMLSCHEMA
19:24:24.135 [main] TRACE - Finished loading type system org.apache.xmlbeans.metadata.system.sXMLSCHEMA
19:24:24.139 [main] TRACE - Reading unresolved handles for type system org.apache.xmlbeans.metadata.system.sXMLLANG
19:24:24.141 [main] TRACE - Finished loading type system org.apache.xmlbeans.metadata.system.sXMLLANG
19:24:24.145 [main] TRACE - Reading unresolved handles for type system org.apache.xmlbeans.metadata.system.sXMLCONFIG
19:24:24.147 [main] TRACE - Finished loading type system org.apache.xmlbeans.metadata.system.sXMLCONFIG
19:24:24.149 [main] TRACE - Reading unresolved handles for type system org.apache.poi.schemas.ooxml.system.ooxml
19:24:24.278 [main] TRACE - Finished loading type system org.apache.poi.schemas.ooxml.system.ooxml
19:24:24.279 [main] TRACE - Resolving type for handle themefd26doctype
19:24:24.434 [main] TRACE - Resolving type for handle stylesheet5d8bdoctype
19:24:24.450 [main] TRACE - Resolving type for handle ctstylesheet4257type
19:24:24.462 [main] TRACE - Resolving type for handle ctnumfmtsb58btype
19:24:24.471 [main] TRACE - Resolving type for handle ctfonts6623type
19:24:24.479 [main] TRACE - Resolving type for handle ctfont14d8type
19:24:24.499 [main] TRACE - Resolving type for handle ctfills2c6ftype
19:24:24.506 [main] TRACE - Resolving type for handle ctfill550ctype
19:24:24.512 [main] TRACE - Resolving type for handle ctborders0d66type
19:24:24.519 [main] TRACE - Resolving type for handle ctborderf935type
19:24:24.527 [main] TRACE - Resolving type for handle ctcellxfs1322type
19:24:24.535 [main] TRACE - Resolving type for handle ctxf97f7type
19:24:24.543 [main] TRACE - Resolving type for handle ctcellstylexfsa81ftype
19:24:24.548 [main] TRACE - Resolving type for handle ctdxfsb26atype
19:24:24.555 [main] TRACE - Resolving type for handle cttablestyles872ftype
19:24:24.564 [main] TRACE - Resolving type for handle sstf81fdoctype
19:24:24.574 [main] TRACE - Resolving type for handle ctsst44f3type
19:24:24.601 [main] TRACE - Resolving type for handle ctrsta472type
19:24:24.649 [main] DEBUG - using default POIXMLDocumentPart for http://schemas.openxmlformats.org/officeDocument/2006/relationships/printerSettings
19:24:24.651 [main] TRACE - Resolving type for handle workbookec17doctype
19:24:24.662 [main] TRACE - Resolving type for handle ctworkbook83c3type
19:24:24.675 [main] TRACE - Resolving type for handle ctsheets49fdtype
19:24:24.682 [main] TRACE - Resolving type for handle ctsheet4dbetype
19:24:24.687 [main] TRACE - Resolving type for handle strelationshipid1e94type
19:24:24.693 [main] TRACE - Resolving type for handle worksheetf539doctype
19:24:24.701 [main] TRACE - Resolving type for handle ctworksheet530dtype
19:24:24.717 [main] TRACE - Resolving type for handle ctcols627ctype
19:24:24.725 [main] TRACE - Resolving type for handle ctcola95ftype
19:24:24.758 [main] TRACE - Resolving type for handle ctsheetdata8408type
19:24:24.763 [main] TRACE - Resolving type for handle ctrowdd39type
19:24:24.775 [main] TRACE - Resolving type for handle ctcell842btype
19:24:24.787 [main] TRACE - Resolving type for handle stcellrefe4e0type
19:24:24.798 [main] TRACE - Resolving type for handle stxstringf179type
19:24:24.803 [main] TRACE - Resolving type for handle stcelltypebf95type
19:24:24.830 [main] TRACE - Resolving type for handle stcellstylexfid70c7type
19:24:24.840 [main] TRACE - Resolving type for handle ctsheetdimensiond310type
19:24:24.844 [main] TRACE - Resolving type for handle stref90a2type
19:24:24.895 [main] TRACE - Resolving type for handle propertiesee84doctype
19:24:24.899 [main] TRACE - Resolving type for handle ctproperties3f10type
19:24:24.913 [main] TRACE - Resolving type for handle properties288cdoctype
19:24:24.917 [main] TRACE - Resolving type for handle ctproperties2c18type
19:24:24.947 [main] DEBUG - Save content types part
19:24:25.101 [main] DEBUG - Save package relationships
19:24:25.107 [main] DEBUG - Save part 'docProps/app.xml'
19:24:25.107 [main] DEBUG - Save part 'docProps/core.xml'
19:24:25.113 [main] DEBUG - Save part 'xl/printerSettings/printerSettings1.bin'
19:24:25.114 [main] DEBUG - Save part 'xl/sharedStrings.xml'
19:24:25.115 [main] DEBUG - Save part 'xl/styles.xml'
19:24:25.116 [main] DEBUG - Save part 'xl/theme/theme1.xml'
19:24:25.117 [main] DEBUG - Save part 'xl/workbook.xml'
19:24:25.121 [main] DEBUG - Save part 'xl/worksheets/sheet1.xml'
19:27:10.841 [main] DEBUG - Parsing relationship: /xl/_rels/workbook.xml.rels
19:27:10.854 [main] DEBUG - Parsing relationship: /xl/worksheets/_rels/sheet1.xml.rels
19:27:10.856 [main] DEBUG - Parsing relationship: /_rels/.rels
19:27:11.106 [main] TRACE - Loading type system org.apache.poi.schemas.ooxml.system.ooxml
19:27:11.111 [main] TRACE - Loading type system org.apache.xmlbeans.metadata.system.sXMLCONFIG
19:27:11.112 [main] TRACE - Loading type system org.apache.xmlbeans.metadata.system.sXMLLANG
19:27:11.113 [main] TRACE - Loading type system org.apache.xmlbeans.metadata.system.sXMLSCHEMA
19:27:11.113 [main] TRACE - Loading type system org.apache.xmlbeans.metadata.system.sXMLTOOLS
19:27:11.116 [main] TRACE - Reading unresolved handles for type system org.apache.xmlbeans.metadata.system.sXMLTOOLS
19:27:11.133 [main] TRACE - Finished loading type system org.apache.xmlbeans.metadata.system.sXMLTOOLS
19:27:11.134 [main] TRACE - Reading unresolved handles for type system org.apache.xmlbeans.metadata.system.sXMLSCHEMA
19:27:11.141 [main] TRACE - Finished loading type system org.apache.xmlbeans.metadata.system.sXMLSCHEMA
19:27:11.143 [main] TRACE - Reading unresolved handles for type system org.apache.xmlbeans.metadata.system.sXMLLANG
19:27:11.144 [main] TRACE - Finished loading type system org.apache.xmlbeans.metadata.system.sXMLLANG
19:27:11.146 [main] TRACE - Reading unresolved handles for type system org.apache.xmlbeans.metadata.system.sXMLCONFIG
19:27:11.148 [main] TRACE - Finished loading type system org.apache.xmlbeans.metadata.system.sXMLCONFIG
19:27:11.149 [main] TRACE - Reading unresolved handles for type system org.apache.poi.schemas.ooxml.system.ooxml
19:27:11.242 [main] TRACE - Finished loading type system org.apache.poi.schemas.ooxml.system.ooxml
19:27:11.242 [main] TRACE - Resolving type for handle themefd26doctype
19:27:11.335 [main] TRACE - Resolving type for handle stylesheet5d8bdoctype
19:27:11.345 [main] TRACE - Resolving type for handle ctstylesheet4257type
19:27:11.354 [main] TRACE - Resolving type for handle ctnumfmtsb58btype
19:27:11.359 [main] TRACE - Resolving type for handle ctfonts6623type
19:27:11.364 [main] TRACE - Resolving type for handle ctfont14d8type
19:27:11.381 [main] TRACE - Resolving type for handle ctfills2c6ftype
19:27:11.389 [main] TRACE - Resolving type for handle ctfill550ctype
19:27:11.395 [main] TRACE - Resolving type for handle ctborders0d66type
19:27:11.400 [main] TRACE - Resolving type for handle ctborderf935type
19:27:11.411 [main] TRACE - Resolving type for handle ctcellxfs1322type
19:27:11.414 [main] TRACE - Resolving type for handle ctxf97f7type
19:27:11.418 [main] TRACE - Resolving type for handle ctcellstylexfsa81ftype
19:27:11.420 [main] TRACE - Resolving type for handle ctdxfsb26atype
19:27:11.423 [main] TRACE - Resolving type for handle cttablestyles872ftype
19:27:11.428 [main] TRACE - Resolving type for handle sstf81fdoctype
19:27:11.436 [main] TRACE - Resolving type for handle ctsst44f3type
19:27:11.453 [main] TRACE - Resolving type for handle ctrsta472type
19:27:11.483 [main] DEBUG - using default POIXMLDocumentPart for http://schemas.openxmlformats.org/officeDocument/2006/relationships/printerSettings
19:27:11.484 [main] TRACE - Resolving type for handle workbookec17doctype
19:27:11.490 [main] TRACE - Resolving type for handle ctworkbook83c3type
19:27:11.498 [main] TRACE - Resolving type for handle ctsheets49fdtype
19:27:11.503 [main] TRACE - Resolving type for handle ctsheet4dbetype
19:27:11.506 [main] TRACE - Resolving type for handle strelationshipid1e94type
19:27:11.509 [main] TRACE - Resolving type for handle worksheetf539doctype
19:27:11.517 [main] TRACE - Resolving type for handle ctworksheet530dtype
19:27:11.528 [main] TRACE - Resolving type for handle ctcols627ctype
19:27:11.533 [main] TRACE - Resolving type for handle ctcola95ftype
19:27:11.556 [main] TRACE - Resolving type for handle ctsheetdata8408type
19:27:11.561 [main] TRACE - Resolving type for handle ctrowdd39type
19:27:11.566 [main] TRACE - Resolving type for handle ctcell842btype
19:27:11.574 [main] TRACE - Resolving type for handle stcellrefe4e0type
19:27:11.585 [main] TRACE - Resolving type for handle stxstringf179type
19:27:11.589 [main] TRACE - Resolving type for handle stcelltypebf95type
19:27:11.608 [main] TRACE - Resolving type for handle stcellstylexfid70c7type
19:27:11.615 [main] TRACE - Resolving type for handle ctsheetdimensiond310type
19:27:11.617 [main] TRACE - Resolving type for handle stref90a2type
19:27:11.649 [main] TRACE - Resolving type for handle propertiesee84doctype
19:27:11.655 [main] TRACE - Resolving type for handle ctproperties3f10type
19:27:11.677 [main] TRACE - Resolving type for handle properties288cdoctype
19:27:11.680 [main] TRACE - Resolving type for handle ctproperties2c18type
19:27:11.703 [main] DEBUG - Save content types part
19:27:11.819 [main] DEBUG - Save package relationships
19:27:11.823 [main] DEBUG - Save part 'docProps/app.xml'
19:27:11.824 [main] DEBUG - Save part 'docProps/core.xml'
19:27:11.831 [main] DEBUG - Save part 'xl/printerSettings/printerSettings1.bin'
19:27:11.831 [main] DEBUG - Save part 'xl/sharedStrings.xml'
19:27:11.832 [main] DEBUG - Save part 'xl/styles.xml'
19:27:11.832 [main] DEBUG - Save part 'xl/theme/theme1.xml'
19:27:11.834 [main] DEBUG - Save part 'xl/workbook.xml'
19:27:11.838 [main] DEBUG - Save part 'xl/worksheets/sheet1.xml'
19:30:05.568 [main] DEBUG - Parsing relationship: /xl/_rels/workbook.xml.rels
19:30:05.583 [main] DEBUG - Parsing relationship: /xl/worksheets/_rels/sheet1.xml.rels
19:30:05.586 [main] DEBUG - Parsing relationship: /_rels/.rels
19:30:06.117 [main] TRACE - Loading type system org.apache.poi.schemas.ooxml.system.ooxml
19:30:06.126 [main] TRACE - Loading type system org.apache.xmlbeans.metadata.system.sXMLCONFIG
19:30:06.129 [main] TRACE - Loading type system org.apache.xmlbeans.metadata.system.sXMLLANG
19:30:06.130 [main] TRACE - Loading type system org.apache.xmlbeans.metadata.system.sXMLSCHEMA
19:30:06.132 [main] TRACE - Loading type system org.apache.xmlbeans.metadata.system.sXMLTOOLS
19:30:06.138 [main] TRACE - Reading unresolved handles for type system org.apache.xmlbeans.metadata.system.sXMLTOOLS
19:30:06.184 [main] TRACE - Finished loading type system org.apache.xmlbeans.metadata.system.sXMLTOOLS
19:30:06.186 [main] TRACE - Reading unresolved handles for type system org.apache.xmlbeans.metadata.system.sXMLSCHEMA
19:30:06.198 [main] TRACE - Finished loading type system org.apache.xmlbeans.metadata.system.sXMLSCHEMA
19:30:06.201 [main] TRACE - Reading unresolved handles for type system org.apache.xmlbeans.metadata.system.sXMLLANG
19:30:06.203 [main] TRACE - Finished loading type system org.apache.xmlbeans.metadata.system.sXMLLANG
19:30:06.206 [main] TRACE - Reading unresolved handles for type system org.apache.xmlbeans.metadata.system.sXMLCONFIG
19:30:06.208 [main] TRACE - Finished loading type system org.apache.xmlbeans.metadata.system.sXMLCONFIG
19:30:06.211 [main] TRACE - Reading unresolved handles for type system org.apache.poi.schemas.ooxml.system.ooxml
19:30:06.310 [main] TRACE - Finished loading type system org.apache.poi.schemas.ooxml.system.ooxml
19:30:06.311 [main] TRACE - Resolving type for handle themefd26doctype
19:30:06.423 [main] TRACE - Resolving type for handle stylesheet5d8bdoctype
19:30:06.442 [main] TRACE - Resolving type for handle ctstylesheet4257type
19:30:06.460 [main] TRACE - Resolving type for handle ctnumfmtsb58btype
19:30:06.472 [main] TRACE - Resolving type for handle ctfonts6623type
19:30:06.483 [main] TRACE - Resolving type for handle ctfont14d8type
19:30:06.514 [main] TRACE - Resolving type for handle ctfills2c6ftype
19:30:06.526 [main] TRACE - Resolving type for handle ctfill550ctype
19:30:06.537 [main] TRACE - Resolving type for handle ctborders0d66type
19:30:06.547 [main] TRACE - Resolving type for handle ctborderf935type
19:30:06.564 [main] TRACE - Resolving type for handle ctcellxfs1322type
19:30:06.577 [main] TRACE - Resolving type for handle ctxf97f7type
19:30:06.588 [main] TRACE - Resolving type for handle ctcellstylexfsa81ftype
19:30:06.598 [main] TRACE - Resolving type for handle ctdxfsb26atype
19:30:06.611 [main] TRACE - Resolving type for handle cttablestyles872ftype
19:30:06.629 [main] TRACE - Resolving type for handle sstf81fdoctype
19:30:06.648 [main] TRACE - Resolving type for handle ctsst44f3type
19:30:06.688 [main] TRACE - Resolving type for handle ctrsta472type
19:30:06.754 [main] DEBUG - using default POIXMLDocumentPart for http://schemas.openxmlformats.org/officeDocument/2006/relationships/printerSettings
19:30:06.757 [main] TRACE - Resolving type for handle workbookec17doctype
19:30:06.771 [main] TRACE - Resolving type for handle ctworkbook83c3type
19:30:06.786 [main] TRACE - Resolving type for handle ctsheets49fdtype
19:30:06.793 [main] TRACE - Resolving type for handle ctsheet4dbetype
19:30:06.799 [main] TRACE - Resolving type for handle strelationshipid1e94type
19:30:06.805 [main] TRACE - Resolving type for handle worksheetf539doctype
19:30:06.825 [main] TRACE - Resolving type for handle ctworksheet530dtype
19:30:06.869 [main] TRACE - Resolving type for handle ctcols627ctype
19:30:06.884 [main] TRACE - Resolving type for handle ctcola95ftype
19:30:06.950 [main] TRACE - Resolving type for handle ctsheetdata8408type
19:30:06.971 [main] TRACE - Resolving type for handle ctrowdd39type
19:30:06.991 [main] TRACE - Resolving type for handle ctcell842btype
19:30:07.018 [main] TRACE - Resolving type for handle stcellrefe4e0type
19:30:07.041 [main] TRACE - Resolving type for handle stxstringf179type
19:30:07.052 [main] TRACE - Resolving type for handle stcelltypebf95type
19:30:07.095 [main] TRACE - Resolving type for handle stcellstylexfid70c7type
19:30:07.111 [main] TRACE - Resolving type for handle ctsheetdimensiond310type
19:30:07.116 [main] TRACE - Resolving type for handle stref90a2type
19:30:07.181 [main] TRACE - Resolving type for handle propertiesee84doctype
19:30:07.189 [main] TRACE - Resolving type for handle ctproperties3f10type
19:30:07.225 [main] TRACE - Resolving type for handle properties288cdoctype
19:30:07.231 [main] TRACE - Resolving type for handle ctproperties2c18type
19:30:07.281 [main] DEBUG - Save content types part
19:30:07.482 [main] DEBUG - Save package relationships
19:30:07.496 [main] DEBUG - Save part 'docProps/app.xml'
19:30:07.497 [main] DEBUG - Save part 'docProps/core.xml'
19:30:07.508 [main] DEBUG - Save part 'xl/printerSettings/printerSettings1.bin'
19:30:07.509 [main] DEBUG - Save part 'xl/sharedStrings.xml'
19:30:07.510 [main] DEBUG - Save part 'xl/styles.xml'
19:30:07.511 [main] DEBUG - Save part 'xl/theme/theme1.xml'
19:30:07.513 [main] DEBUG - Save part 'xl/workbook.xml'
19:30:07.520 [main] DEBUG - Save part 'xl/worksheets/sheet1.xml'
19:36:34.314 [main] DEBUG - Parsing relationship: /xl/_rels/workbook.xml.rels
19:36:34.319 [main] DEBUG - Parsing relationship: /xl/worksheets/_rels/sheet1.xml.rels
19:36:34.320 [main] DEBUG - Parsing relationship: /_rels/.rels
19:36:34.493 [main] TRACE - Loading type system org.apache.poi.schemas.ooxml.system.ooxml
19:36:34.495 [main] TRACE - Loading type system org.apache.xmlbeans.metadata.system.sXMLCONFIG
19:36:34.496 [main] TRACE - Loading type system org.apache.xmlbeans.metadata.system.sXMLLANG
19:36:34.496 [main] TRACE - Loading type system org.apache.xmlbeans.metadata.system.sXMLSCHEMA
19:36:34.497 [main] TRACE - Loading type system org.apache.xmlbeans.metadata.system.sXMLTOOLS
19:36:34.498 [main] TRACE - Reading unresolved handles for type system org.apache.xmlbeans.metadata.system.sXMLTOOLS
19:36:34.509 [main] TRACE - Finished loading type system org.apache.xmlbeans.metadata.system.sXMLTOOLS
19:36:34.510 [main] TRACE - Reading unresolved handles for type system org.apache.xmlbeans.metadata.system.sXMLSCHEMA
19:36:34.515 [main] TRACE - Finished loading type system org.apache.xmlbeans.metadata.system.sXMLSCHEMA
19:36:34.516 [main] TRACE - Reading unresolved handles for type system org.apache.xmlbeans.metadata.system.sXMLLANG
19:36:34.517 [main] TRACE - Finished loading type system org.apache.xmlbeans.metadata.system.sXMLLANG
19:36:34.518 [main] TRACE - Reading unresolved handles for type system org.apache.xmlbeans.metadata.system.sXMLCONFIG
19:36:34.519 [main] TRACE - Finished loading type system org.apache.xmlbeans.metadata.system.sXMLCONFIG
19:36:34.520 [main] TRACE - Reading unresolved handles for type system org.apache.poi.schemas.ooxml.system.ooxml
19:36:34.570 [main] TRACE - Finished loading type system org.apache.poi.schemas.ooxml.system.ooxml
19:36:34.572 [main] TRACE - Resolving type for handle themefd26doctype
19:36:34.621 [main] TRACE - Resolving type for handle stylesheet5d8bdoctype
19:36:34.626 [main] TRACE - Resolving type for handle ctstylesheet4257type
19:36:34.631 [main] TRACE - Resolving type for handle ctnumfmtsb58btype
19:36:34.637 [main] TRACE - Resolving type for handle ctfonts6623type
19:36:34.640 [main] TRACE - Resolving type for handle ctfont14d8type
19:36:34.647 [main] TRACE - Resolving type for handle ctfills2c6ftype
19:36:34.650 [main] TRACE - Resolving type for handle ctfill550ctype
19:36:34.652 [main] TRACE - Resolving type for handle ctborders0d66type
19:36:34.654 [main] TRACE - Resolving type for handle ctborderf935type
19:36:34.657 [main] TRACE - Resolving type for handle ctcellxfs1322type
19:36:34.659 [main] TRACE - Resolving type for handle ctxf97f7type
19:36:34.662 [main] TRACE - Resolving type for handle ctcellstylexfsa81ftype
19:36:34.664 [main] TRACE - Resolving type for handle ctdxfsb26atype
19:36:34.666 [main] TRACE - Resolving type for handle cttablestyles872ftype
19:36:34.668 [main] TRACE - Resolving type for handle sstf81fdoctype
19:36:34.673 [main] TRACE - Resolving type for handle ctsst44f3type
19:36:34.682 [main] TRACE - Resolving type for handle ctrsta472type
19:36:34.698 [main] DEBUG - using default POIXMLDocumentPart for http://schemas.openxmlformats.org/officeDocument/2006/relationships/printerSettings
19:36:34.698 [main] TRACE - Resolving type for handle workbookec17doctype
19:36:34.702 [main] TRACE - Resolving type for handle ctworkbook83c3type
19:36:34.705 [main] TRACE - Resolving type for handle ctsheets49fdtype
19:36:34.707 [main] TRACE - Resolving type for handle ctsheet4dbetype
19:36:34.709 [main] TRACE - Resolving type for handle strelationshipid1e94type
19:36:34.710 [main] TRACE - Resolving type for handle worksheetf539doctype
19:36:34.715 [main] TRACE - Resolving type for handle ctworksheet530dtype
19:36:34.722 [main] TRACE - Resolving type for handle ctcols627ctype
19:36:34.725 [main] TRACE - Resolving type for handle ctcola95ftype
19:36:34.740 [main] TRACE - Resolving type for handle ctsheetdata8408type
19:36:34.743 [main] TRACE - Resolving type for handle ctrowdd39type
19:36:34.747 [main] TRACE - Resolving type for handle ctcell842btype
19:36:34.752 [main] TRACE - Resolving type for handle stcellrefe4e0type
19:36:34.758 [main] TRACE - Resolving type for handle stxstringf179type
19:36:34.761 [main] TRACE - Resolving type for handle stcelltypebf95type
19:36:34.772 [main] TRACE - Resolving type for handle stcellstylexfid70c7type
19:36:34.778 [main] TRACE - Resolving type for handle ctsheetdimensiond310type
19:36:34.780 [main] TRACE - Resolving type for handle stref90a2type
19:36:34.795 [main] TRACE - Resolving type for handle propertiesee84doctype
19:36:34.796 [main] TRACE - Resolving type for handle ctproperties3f10type
19:36:34.805 [main] TRACE - Resolving type for handle properties288cdoctype
19:36:34.806 [main] TRACE - Resolving type for handle ctproperties2c18type
19:36:34.815 [main] DEBUG - Save content types part
19:36:34.869 [main] DEBUG - Save package relationships
19:36:34.872 [main] DEBUG - Save part 'docProps/app.xml'
19:36:34.872 [main] DEBUG - Save part 'docProps/core.xml'
19:36:34.875 [main] DEBUG - Save part 'xl/printerSettings/printerSettings1.bin'
19:36:34.875 [main] DEBUG - Save part 'xl/sharedStrings.xml'
19:36:34.876 [main] DEBUG - Save part 'xl/styles.xml'
19:36:34.876 [main] DEBUG - Save part 'xl/theme/theme1.xml'
19:36:34.876 [main] DEBUG - Save part 'xl/workbook.xml'
19:36:34.878 [main] DEBUG - Save part 'xl/worksheets/sheet1.xml'
19:37:31.354 [main] DEBUG - Parsing relationship: /xl/_rels/workbook.xml.rels
19:37:31.360 [main] DEBUG - Parsing relationship: /xl/worksheets/_rels/sheet1.xml.rels
19:37:31.361 [main] DEBUG - Parsing relationship: /_rels/.rels
19:37:31.532 [main] TRACE - Loading type system org.apache.poi.schemas.ooxml.system.ooxml
19:37:31.536 [main] TRACE - Loading type system org.apache.xmlbeans.metadata.system.sXMLCONFIG
19:37:31.537 [main] TRACE - Loading type system org.apache.xmlbeans.metadata.system.sXMLLANG
19:37:31.537 [main] TRACE - Loading type system org.apache.xmlbeans.metadata.system.sXMLSCHEMA
19:37:31.538 [main] TRACE - Loading type system org.apache.xmlbeans.metadata.system.sXMLTOOLS
19:37:31.539 [main] TRACE - Reading unresolved handles for type system org.apache.xmlbeans.metadata.system.sXMLTOOLS
19:37:31.550 [main] TRACE - Finished loading type system org.apache.xmlbeans.metadata.system.sXMLTOOLS
19:37:31.551 [main] TRACE - Reading unresolved handles for type system org.apache.xmlbeans.metadata.system.sXMLSCHEMA
19:37:31.555 [main] TRACE - Finished loading type system org.apache.xmlbeans.metadata.system.sXMLSCHEMA
19:37:31.557 [main] TRACE - Reading unresolved handles for type system org.apache.xmlbeans.metadata.system.sXMLLANG
19:37:31.558 [main] TRACE - Finished loading type system org.apache.xmlbeans.metadata.system.sXMLLANG
19:37:31.559 [main] TRACE - Reading unresolved handles for type system org.apache.xmlbeans.metadata.system.sXMLCONFIG
19:37:31.560 [main] TRACE - Finished loading type system org.apache.xmlbeans.metadata.system.sXMLCONFIG
19:37:31.561 [main] TRACE - Reading unresolved handles for type system org.apache.poi.schemas.ooxml.system.ooxml
19:37:31.608 [main] TRACE - Finished loading type system org.apache.poi.schemas.ooxml.system.ooxml
19:37:31.609 [main] TRACE - Resolving type for handle themefd26doctype
19:37:31.664 [main] TRACE - Resolving type for handle stylesheet5d8bdoctype
19:37:31.671 [main] TRACE - Resolving type for handle ctstylesheet4257type
19:37:31.677 [main] TRACE - Resolving type for handle ctnumfmtsb58btype
19:37:31.683 [main] TRACE - Resolving type for handle ctfonts6623type
19:37:31.686 [main] TRACE - Resolving type for handle ctfont14d8type
19:37:31.696 [main] TRACE - Resolving type for handle ctfills2c6ftype
19:37:31.698 [main] TRACE - Resolving type for handle ctfill550ctype
19:37:31.703 [main] TRACE - Resolving type for handle ctborders0d66type
19:37:31.705 [main] TRACE - Resolving type for handle ctborderf935type
19:37:31.708 [main] TRACE - Resolving type for handle ctcellxfs1322type
19:37:31.712 [main] TRACE - Resolving type for handle ctxf97f7type
19:37:31.715 [main] TRACE - Resolving type for handle ctcellstylexfsa81ftype
19:37:31.717 [main] TRACE - Resolving type for handle ctdxfsb26atype
19:37:31.720 [main] TRACE - Resolving type for handle cttablestyles872ftype
19:37:31.724 [main] TRACE - Resolving type for handle sstf81fdoctype
19:37:31.728 [main] TRACE - Resolving type for handle ctsst44f3type
19:37:31.740 [main] TRACE - Resolving type for handle ctrsta472type
19:37:31.757 [main] DEBUG - using default POIXMLDocumentPart for http://schemas.openxmlformats.org/officeDocument/2006/relationships/printerSettings
19:37:31.758 [main] TRACE - Resolving type for handle workbookec17doctype
19:37:31.762 [main] TRACE - Resolving type for handle ctworkbook83c3type
19:37:31.768 [main] TRACE - Resolving type for handle ctsheets49fdtype
19:37:31.771 [main] TRACE - Resolving type for handle ctsheet4dbetype
19:37:31.773 [main] TRACE - Resolving type for handle strelationshipid1e94type
19:37:31.776 [main] TRACE - Resolving type for handle worksheetf539doctype
19:37:31.781 [main] TRACE - Resolving type for handle ctworksheet530dtype
19:37:31.789 [main] TRACE - Resolving type for handle ctcols627ctype
19:37:31.793 [main] TRACE - Resolving type for handle ctcola95ftype
19:37:31.811 [main] TRACE - Resolving type for handle ctsheetdata8408type
19:37:31.814 [main] TRACE - Resolving type for handle ctrowdd39type
19:37:31.825 [main] TRACE - Resolving type for handle ctcell842btype
19:37:31.832 [main] TRACE - Resolving type for handle stcellrefe4e0type
19:37:31.839 [main] TRACE - Resolving type for handle stxstringf179type
19:37:31.842 [main] TRACE - Resolving type for handle stcelltypebf95type
19:37:31.853 [main] TRACE - Resolving type for handle stcellstylexfid70c7type
19:37:31.857 [main] TRACE - Resolving type for handle ctsheetdimensiond310type
19:37:31.859 [main] TRACE - Resolving type for handle stref90a2type
19:37:31.873 [main] TRACE - Resolving type for handle propertiesee84doctype
19:37:31.875 [main] TRACE - Resolving type for handle ctproperties3f10type
19:37:31.880 [main] TRACE - Resolving type for handle properties288cdoctype
19:37:31.881 [main] TRACE - Resolving type for handle ctproperties2c18type
19:37:31.894 [main] DEBUG - Save content types part
19:37:31.963 [main] DEBUG - Save package relationships
19:37:31.966 [main] DEBUG - Save part 'docProps/app.xml'
19:37:31.967 [main] DEBUG - Save part 'docProps/core.xml'
19:37:31.970 [main] DEBUG - Save part 'xl/printerSettings/printerSettings1.bin'
19:37:31.971 [main] DEBUG - Save part 'xl/sharedStrings.xml'
19:37:31.971 [main] DEBUG - Save part 'xl/styles.xml'
19:37:31.972 [main] DEBUG - Save part 'xl/theme/theme1.xml'
19:37:31.972 [main] DEBUG - Save part 'xl/workbook.xml'
19:37:31.974 [main] DEBUG - Save part 'xl/worksheets/sheet1.xml'
19:39:33.756 [main] DEBUG - Parsing relationship: /xl/_rels/workbook.xml.rels
19:39:33.761 [main] DEBUG - Parsing relationship: /xl/worksheets/_rels/sheet1.xml.rels
19:39:33.762 [main] DEBUG - Parsing relationship: /_rels/.rels
19:39:33.934 [main] TRACE - Loading type system org.apache.poi.schemas.ooxml.system.ooxml
19:39:33.937 [main] TRACE - Loading type system org.apache.xmlbeans.metadata.system.sXMLCONFIG
19:39:33.937 [main] TRACE - Loading type system org.apache.xmlbeans.metadata.system.sXMLLANG
19:39:33.938 [main] TRACE - Loading type system org.apache.xmlbeans.metadata.system.sXMLSCHEMA
19:39:33.938 [main] TRACE - Loading type system org.apache.xmlbeans.metadata.system.sXMLTOOLS
19:39:33.939 [main] TRACE - Reading unresolved handles for type system org.apache.xmlbeans.metadata.system.sXMLTOOLS
19:39:33.951 [main] TRACE - Finished loading type system org.apache.xmlbeans.metadata.system.sXMLTOOLS
19:39:33.952 [main] TRACE - Reading unresolved handles for type system org.apache.xmlbeans.metadata.system.sXMLSCHEMA
19:39:33.956 [main] TRACE - Finished loading type system org.apache.xmlbeans.metadata.system.sXMLSCHEMA
19:39:33.957 [main] TRACE - Reading unresolved handles for type system org.apache.xmlbeans.metadata.system.sXMLLANG
19:39:33.958 [main] TRACE - Finished loading type system org.apache.xmlbeans.metadata.system.sXMLLANG
19:39:33.958 [main] TRACE - Reading unresolved handles for type system org.apache.xmlbeans.metadata.system.sXMLCONFIG
19:39:33.959 [main] TRACE - Finished loading type system org.apache.xmlbeans.metadata.system.sXMLCONFIG
19:39:33.960 [main] TRACE - Reading unresolved handles for type system org.apache.poi.schemas.ooxml.system.ooxml
19:39:34.010 [main] TRACE - Finished loading type system org.apache.poi.schemas.ooxml.system.ooxml
19:39:34.011 [main] TRACE - Resolving type for handle themefd26doctype
19:39:34.064 [main] TRACE - Resolving type for handle stylesheet5d8bdoctype
19:39:34.069 [main] TRACE - Resolving type for handle ctstylesheet4257type
19:39:34.074 [main] TRACE - Resolving type for handle ctnumfmtsb58btype
19:39:34.077 [main] TRACE - Resolving type for handle ctfonts6623type
19:39:34.082 [main] TRACE - Resolving type for handle ctfont14d8type
19:39:34.094 [main] TRACE - Resolving type for handle ctfills2c6ftype
19:39:34.096 [main] TRACE - Resolving type for handle ctfill550ctype
19:39:34.098 [main] TRACE - Resolving type for handle ctborders0d66type
19:39:34.100 [main] TRACE - Resolving type for handle ctborderf935type
19:39:34.104 [main] TRACE - Resolving type for handle ctcellxfs1322type
19:39:34.110 [main] TRACE - Resolving type for handle ctxf97f7type
19:39:34.115 [main] TRACE - Resolving type for handle ctcellstylexfsa81ftype
19:39:34.119 [main] TRACE - Resolving type for handle ctdxfsb26atype
19:39:34.125 [main] TRACE - Resolving type for handle cttablestyles872ftype
19:39:34.130 [main] TRACE - Resolving type for handle sstf81fdoctype
19:39:34.134 [main] TRACE - Resolving type for handle ctsst44f3type
19:39:34.146 [main] TRACE - Resolving type for handle ctrsta472type
19:39:34.167 [main] DEBUG - using default POIXMLDocumentPart for http://schemas.openxmlformats.org/officeDocument/2006/relationships/printerSettings
19:39:34.168 [main] TRACE - Resolving type for handle workbookec17doctype
19:39:34.173 [main] TRACE - Resolving type for handle ctworkbook83c3type
19:39:34.181 [main] TRACE - Resolving type for handle ctsheets49fdtype
19:39:34.184 [main] TRACE - Resolving type for handle ctsheet4dbetype
19:39:34.185 [main] TRACE - Resolving type for handle strelationshipid1e94type
19:39:34.187 [main] TRACE - Resolving type for handle worksheetf539doctype
19:39:34.192 [main] TRACE - Resolving type for handle ctworksheet530dtype
19:39:34.200 [main] TRACE - Resolving type for handle ctcols627ctype
19:39:34.205 [main] TRACE - Resolving type for handle ctcola95ftype
19:39:34.221 [main] TRACE - Resolving type for handle ctsheetdata8408type
19:39:34.225 [main] TRACE - Resolving type for handle ctrowdd39type
19:39:34.229 [main] TRACE - Resolving type for handle ctcell842btype
19:39:34.236 [main] TRACE - Resolving type for handle stcellrefe4e0type
19:39:34.242 [main] TRACE - Resolving type for handle stxstringf179type
19:39:34.246 [main] TRACE - Resolving type for handle stcelltypebf95type
19:39:34.256 [main] TRACE - Resolving type for handle stcellstylexfid70c7type
19:39:34.259 [main] TRACE - Resolving type for handle ctsheetdimensiond310type
19:39:34.261 [main] TRACE - Resolving type for handle stref90a2type
19:39:34.276 [main] TRACE - Resolving type for handle propertiesee84doctype
19:39:34.278 [main] TRACE - Resolving type for handle ctproperties3f10type
19:39:34.284 [main] TRACE - Resolving type for handle properties288cdoctype
19:39:34.285 [main] TRACE - Resolving type for handle ctproperties2c18type
19:39:34.297 [main] DEBUG - Save content types part
19:39:34.366 [main] DEBUG - Save package relationships
19:39:34.369 [main] DEBUG - Save part 'docProps/app.xml'
19:39:34.369 [main] DEBUG - Save part 'docProps/core.xml'
19:39:34.372 [main] DEBUG - Save part 'xl/printerSettings/printerSettings1.bin'
19:39:34.373 [main] DEBUG - Save part 'xl/sharedStrings.xml'
19:39:34.373 [main] DEBUG - Save part 'xl/styles.xml'
19:39:34.373 [main] DEBUG - Save part 'xl/theme/theme1.xml'
19:39:34.373 [main] DEBUG - Save part 'xl/workbook.xml'
19:39:34.375 [main] DEBUG - Save part 'xl/worksheets/sheet1.xml'
19:42:18.730 [main] DEBUG - Parsing relationship: /xl/_rels/workbook.xml.rels
19:42:18.735 [main] DEBUG - Parsing relationship: /xl/worksheets/_rels/sheet1.xml.rels
19:42:18.736 [main] DEBUG - Parsing relationship: /_rels/.rels
19:42:18.889 [main] TRACE - Loading type system org.apache.poi.schemas.ooxml.system.ooxml
19:42:18.892 [main] TRACE - Loading type system org.apache.xmlbeans.metadata.system.sXMLCONFIG
19:42:18.893 [main] TRACE - Loading type system org.apache.xmlbeans.metadata.system.sXMLLANG
19:42:18.893 [main] TRACE - Loading type system org.apache.xmlbeans.metadata.system.sXMLSCHEMA
19:42:18.894 [main] TRACE - Loading type system org.apache.xmlbeans.metadata.system.sXMLTOOLS
19:42:18.895 [main] TRACE - Reading unresolved handles for type system org.apache.xmlbeans.metadata.system.sXMLTOOLS
19:42:18.906 [main] TRACE - Finished loading type system org.apache.xmlbeans.metadata.system.sXMLTOOLS
19:42:18.907 [main] TRACE - Reading unresolved handles for type system org.apache.xmlbeans.metadata.system.sXMLSCHEMA
19:42:18.911 [main] TRACE - Finished loading type system org.apache.xmlbeans.metadata.system.sXMLSCHEMA
19:42:18.912 [main] TRACE - Reading unresolved handles for type system org.apache.xmlbeans.metadata.system.sXMLLANG
19:42:18.912 [main] TRACE - Finished loading type system org.apache.xmlbeans.metadata.system.sXMLLANG
19:42:18.914 [main] TRACE - Reading unresolved handles for type system org.apache.xmlbeans.metadata.system.sXMLCONFIG
19:42:18.915 [main] TRACE - Finished loading type system org.apache.xmlbeans.metadata.system.sXMLCONFIG
19:42:18.916 [main] TRACE - Reading unresolved handles for type system org.apache.poi.schemas.ooxml.system.ooxml
19:42:18.956 [main] TRACE - Finished loading type system org.apache.poi.schemas.ooxml.system.ooxml
19:42:18.957 [main] TRACE - Resolving type for handle themefd26doctype
19:42:19.006 [main] TRACE - Resolving type for handle stylesheet5d8bdoctype
19:42:19.010 [main] TRACE - Resolving type for handle ctstylesheet4257type
19:42:19.014 [main] TRACE - Resolving type for handle ctnumfmtsb58btype
19:42:19.016 [main] TRACE - Resolving type for handle ctfonts6623type
19:42:19.019 [main] TRACE - Resolving type for handle ctfont14d8type
19:42:19.026 [main] TRACE - Resolving type for handle ctfills2c6ftype
19:42:19.029 [main] TRACE - Resolving type for handle ctfill550ctype
19:42:19.032 [main] TRACE - Resolving type for handle ctborders0d66type
19:42:19.034 [main] TRACE - Resolving type for handle ctborderf935type
19:42:19.042 [main] TRACE - Resolving type for handle ctcellxfs1322type
19:42:19.045 [main] TRACE - Resolving type for handle ctxf97f7type
19:42:19.048 [main] TRACE - Resolving type for handle ctcellstylexfsa81ftype
19:42:19.049 [main] TRACE - Resolving type for handle ctdxfsb26atype
19:42:19.052 [main] TRACE - Resolving type for handle cttablestyles872ftype
19:42:19.055 [main] TRACE - Resolving type for handle sstf81fdoctype
19:42:19.062 [main] TRACE - Resolving type for handle ctsst44f3type
19:42:19.077 [main] TRACE - Resolving type for handle ctrsta472type
19:42:19.097 [main] DEBUG - using default POIXMLDocumentPart for http://schemas.openxmlformats.org/officeDocument/2006/relationships/printerSettings
19:42:19.098 [main] TRACE - Resolving type for handle workbookec17doctype
19:42:19.102 [main] TRACE - Resolving type for handle ctworkbook83c3type
19:42:19.107 [main] TRACE - Resolving type for handle ctsheets49fdtype
19:42:19.110 [main] TRACE - Resolving type for handle ctsheet4dbetype
19:42:19.112 [main] TRACE - Resolving type for handle strelationshipid1e94type
19:42:19.114 [main] TRACE - Resolving type for handle worksheetf539doctype
19:42:19.119 [main] TRACE - Resolving type for handle ctworksheet530dtype
19:42:19.126 [main] TRACE - Resolving type for handle ctcols627ctype
19:42:19.129 [main] TRACE - Resolving type for handle ctcola95ftype
19:42:19.144 [main] TRACE - Resolving type for handle ctsheetdata8408type
19:42:19.146 [main] TRACE - Resolving type for handle ctrowdd39type
19:42:19.150 [main] TRACE - Resolving type for handle ctcell842btype
19:42:19.155 [main] TRACE - Resolving type for handle stcellrefe4e0type
19:42:19.162 [main] TRACE - Resolving type for handle stxstringf179type
19:42:19.166 [main] TRACE - Resolving type for handle stcelltypebf95type
19:42:19.177 [main] TRACE - Resolving type for handle stcellstylexfid70c7type
19:42:19.181 [main] TRACE - Resolving type for handle ctsheetdimensiond310type
19:42:19.183 [main] TRACE - Resolving type for handle stref90a2type
19:42:19.202 [main] TRACE - Resolving type for handle propertiesee84doctype
19:42:19.204 [main] TRACE - Resolving type for handle ctproperties3f10type
19:42:19.211 [main] TRACE - Resolving type for handle properties288cdoctype
19:42:19.214 [main] TRACE - Resolving type for handle ctproperties2c18type
19:42:19.227 [main] DEBUG - Save content types part
19:42:19.313 [main] DEBUG - Save package relationships
19:42:19.318 [main] DEBUG - Save part 'docProps/app.xml'
19:42:19.319 [main] DEBUG - Save part 'docProps/core.xml'
19:42:19.324 [main] DEBUG - Save part 'xl/printerSettings/printerSettings1.bin'
19:42:19.325 [main] DEBUG - Save part 'xl/sharedStrings.xml'
19:42:19.326 [main] DEBUG - Save part 'xl/styles.xml'
19:42:19.327 [main] DEBUG - Save part 'xl/theme/theme1.xml'
19:42:19.329 [main] DEBUG - Save part 'xl/workbook.xml'
19:42:19.334 [main] DEBUG - Save part 'xl/worksheets/sheet1.xml'
19:43:08.416 [main] DEBUG - Parsing relationship: /xl/_rels/workbook.xml.rels
19:43:08.423 [main] DEBUG - Parsing relationship: /xl/worksheets/_rels/sheet1.xml.rels
19:43:08.424 [main] DEBUG - Parsing relationship: /_rels/.rels
19:43:08.602 [main] TRACE - Loading type system org.apache.poi.schemas.ooxml.system.ooxml
19:43:08.606 [main] TRACE - Loading type system org.apache.xmlbeans.metadata.system.sXMLCONFIG
19:43:08.607 [main] TRACE - Loading type system org.apache.xmlbeans.metadata.system.sXMLLANG
19:43:08.608 [main] TRACE - Loading type system org.apache.xmlbeans.metadata.system.sXMLSCHEMA
19:43:08.608 [main] TRACE - Loading type system org.apache.xmlbeans.metadata.system.sXMLTOOLS
19:43:08.610 [main] TRACE - Reading unresolved handles for type system org.apache.xmlbeans.metadata.system.sXMLTOOLS
19:43:08.620 [main] TRACE - Finished loading type system org.apache.xmlbeans.metadata.system.sXMLTOOLS
19:43:08.623 [main] TRACE - Reading unresolved handles for type system org.apache.xmlbeans.metadata.system.sXMLSCHEMA
19:43:08.626 [main] TRACE - Finished loading type system org.apache.xmlbeans.metadata.system.sXMLSCHEMA
19:43:08.628 [main] TRACE - Reading unresolved handles for type system org.apache.xmlbeans.metadata.system.sXMLLANG
19:43:08.628 [main] TRACE - Finished loading type system org.apache.xmlbeans.metadata.system.sXMLLANG
19:43:08.629 [main] TRACE - Reading unresolved handles for type system org.apache.xmlbeans.metadata.system.sXMLCONFIG
19:43:08.630 [main] TRACE - Finished loading type system org.apache.xmlbeans.metadata.system.sXMLCONFIG
19:43:08.631 [main] TRACE - Reading unresolved handles for type system org.apache.poi.schemas.ooxml.system.ooxml
19:43:08.681 [main] TRACE - Finished loading type system org.apache.poi.schemas.ooxml.system.ooxml
19:43:08.682 [main] TRACE - Resolving type for handle themefd26doctype
19:43:08.741 [main] TRACE - Resolving type for handle stylesheet5d8bdoctype
19:43:08.747 [main] TRACE - Resolving type for handle ctstylesheet4257type
19:43:08.751 [main] TRACE - Resolving type for handle ctnumfmtsb58btype
19:43:08.756 [main] TRACE - Resolving type for handle ctfonts6623type
19:43:08.759 [main] TRACE - Resolving type for handle ctfont14d8type
19:43:08.765 [main] TRACE - Resolving type for handle ctfills2c6ftype
19:43:08.768 [main] TRACE - Resolving type for handle ctfill550ctype
19:43:08.772 [main] TRACE - Resolving type for handle ctborders0d66type
19:43:08.776 [main] TRACE - Resolving type for handle ctborderf935type
19:43:08.781 [main] TRACE - Resolving type for handle ctcellxfs1322type
19:43:08.784 [main] TRACE - Resolving type for handle ctxf97f7type
19:43:08.787 [main] TRACE - Resolving type for handle ctcellstylexfsa81ftype
19:43:08.790 [main] TRACE - Resolving type for handle ctdxfsb26atype
19:43:08.793 [main] TRACE - Resolving type for handle cttablestyles872ftype
19:43:08.797 [main] TRACE - Resolving type for handle sstf81fdoctype
19:43:08.802 [main] TRACE - Resolving type for handle ctsst44f3type
19:43:08.815 [main] TRACE - Resolving type for handle ctrsta472type
19:43:08.831 [main] DEBUG - using default POIXMLDocumentPart for http://schemas.openxmlformats.org/officeDocument/2006/relationships/printerSettings
19:43:08.832 [main] TRACE - Resolving type for handle workbookec17doctype
19:43:08.836 [main] TRACE - Resolving type for handle ctworkbook83c3type
19:43:08.843 [main] TRACE - Resolving type for handle ctsheets49fdtype
19:43:08.850 [main] TRACE - Resolving type for handle ctsheet4dbetype
19:43:08.851 [main] TRACE - Resolving type for handle strelationshipid1e94type
19:43:08.853 [main] TRACE - Resolving type for handle worksheetf539doctype
19:43:08.865 [main] TRACE - Resolving type for handle ctworksheet530dtype
19:43:08.876 [main] TRACE - Resolving type for handle ctcols627ctype
19:43:08.881 [main] TRACE - Resolving type for handle ctcola95ftype
19:43:08.901 [main] TRACE - Resolving type for handle ctsheetdata8408type
19:43:08.904 [main] TRACE - Resolving type for handle ctrowdd39type
19:43:08.910 [main] TRACE - Resolving type for handle ctcell842btype
19:43:08.918 [main] TRACE - Resolving type for handle stcellrefe4e0type
19:43:08.927 [main] TRACE - Resolving type for handle stxstringf179type
19:43:08.931 [main] TRACE - Resolving type for handle stcelltypebf95type
19:43:08.943 [main] TRACE - Resolving type for handle stcellstylexfid70c7type
19:43:08.947 [main] TRACE - Resolving type for handle ctsheetdimensiond310type
19:43:08.949 [main] TRACE - Resolving type for handle stref90a2type
19:43:08.963 [main] TRACE - Resolving type for handle propertiesee84doctype
19:43:08.965 [main] TRACE - Resolving type for handle ctproperties3f10type
19:43:08.972 [main] TRACE - Resolving type for handle properties288cdoctype
19:43:08.975 [main] TRACE - Resolving type for handle ctproperties2c18type
19:43:08.987 [main] DEBUG - Save content types part
19:43:09.054 [main] DEBUG - Save package relationships
19:43:09.057 [main] DEBUG - Save part 'docProps/app.xml'
19:43:09.058 [main] DEBUG - Save part 'docProps/core.xml'
19:43:09.061 [main] DEBUG - Save part 'xl/printerSettings/printerSettings1.bin'
19:43:09.061 [main] DEBUG - Save part 'xl/sharedStrings.xml'
19:43:09.061 [main] DEBUG - Save part 'xl/styles.xml'
19:43:09.062 [main] DEBUG - Save part 'xl/theme/theme1.xml'
19:43:09.062 [main] DEBUG - Save part 'xl/workbook.xml'
19:43:09.064 [main] DEBUG - Save part 'xl/worksheets/sheet1.xml'
19:44:39.521 [main] DEBUG - Parsing relationship: /xl/_rels/workbook.xml.rels
19:44:39.527 [main] DEBUG - Parsing relationship: /xl/worksheets/_rels/sheet1.xml.rels
19:44:39.528 [main] DEBUG - Parsing relationship: /_rels/.rels
19:44:39.708 [main] TRACE - Loading type system org.apache.poi.schemas.ooxml.system.ooxml
19:44:39.711 [main] TRACE - Loading type system org.apache.xmlbeans.metadata.system.sXMLCONFIG
19:44:39.712 [main] TRACE - Loading type system org.apache.xmlbeans.metadata.system.sXMLLANG
