15:14:47.044 [main] TRACE - Resolving type for handle ctcola95ftype
15:14:47.064 [main] TRACE - Resolving type for handle ctsheetdata8408type
15:14:47.067 [main] TRACE - Resolving type for handle ctrowdd39type
15:14:47.070 [main] TRACE - Resolving type for handle ctcell842btype
15:14:47.075 [main] TRACE - Resolving type for handle stcellrefe4e0type
15:14:47.080 [main] TRACE - Resolving type for handle stxstringf179type
15:14:47.083 [main] TRACE - Resolving type for handle stcelltypebf95type
15:14:47.093 [main] TRACE - Resolving type for handle stcellstylexfid70c7type
15:14:47.098 [main] TRACE - Resolving type for handle ctsheetdimensiond310type
15:14:47.100 [main] TRACE - Resolving type for handle stref90a2type
15:14:47.114 [main] TRACE - Resolving type for handle propertiesee84doctype
15:14:47.116 [main] TRACE - Resolving type for handle ctproperties3f10type
15:14:47.121 [main] TRACE - Resolving type for handle properties288cdoctype
15:14:47.122 [main] TRACE - Resolving type for handle ctproperties2c18type
15:14:47.131 [main] DEBUG - Save content types part
15:14:47.179 [main] DEBUG - Save package relationships
15:14:47.182 [main] DEBUG - Save part 'docProps/app.xml'
15:14:47.183 [main] DEBUG - Save part 'docProps/core.xml'
15:14:47.185 [main] DEBUG - Save part 'xl/printerSettings/printerSettings1.bin'
15:14:47.185 [main] DEBUG - Save part 'xl/sharedStrings.xml'
15:14:47.186 [main] DEBUG - Save part 'xl/styles.xml'
15:14:47.186 [main] DEBUG - Save part 'xl/theme/theme1.xml'
15:14:47.186 [main] DEBUG - Save part 'xl/workbook.xml'
15:14:47.188 [main] DEBUG - Save part 'xl/worksheets/sheet1.xml'
16:20:18.699 [main] DEBUG - Parsing relationship: /xl/_rels/workbook.xml.rels
16:20:18.705 [main] DEBUG - Parsing relationship: /xl/worksheets/_rels/sheet1.xml.rels
16:20:18.706 [main] DEBUG - Parsing relationship: /_rels/.rels
16:20:18.873 [main] TRACE - Loading type system org.apache.poi.schemas.ooxml.system.ooxml
16:20:18.876 [main] TRACE - Loading type system org.apache.xmlbeans.metadata.system.sXMLCONFIG
16:20:18.877 [main] TRACE - Loading type system org.apache.xmlbeans.metadata.system.sXMLLANG
16:20:18.877 [main] TRACE - Loading type system org.apache.xmlbeans.metadata.system.sXMLSCHEMA
16:20:18.878 [main] TRACE - Loading type system org.apache.xmlbeans.metadata.system.sXMLTOOLS
16:20:18.879 [main] TRACE - Reading unresolved handles for type system org.apache.xmlbeans.metadata.system.sXMLTOOLS
16:20:18.892 [main] TRACE - Finished loading type system org.apache.xmlbeans.metadata.system.sXMLTOOLS
16:20:18.893 [main] TRACE - Reading unresolved handles for type system org.apache.xmlbeans.metadata.system.sXMLSCHEMA
16:20:18.898 [main] TRACE - Finished loading type system org.apache.xmlbeans.metadata.system.sXMLSCHEMA
16:20:18.899 [main] TRACE - Reading unresolved handles for type system org.apache.xmlbeans.metadata.system.sXMLLANG
16:20:18.901 [main] TRACE - Finished loading type system org.apache.xmlbeans.metadata.system.sXMLLANG
16:20:18.903 [main] TRACE - Reading unresolved handles for type system org.apache.xmlbeans.metadata.system.sXMLCONFIG
16:20:18.904 [main] TRACE - Finished loading type system org.apache.xmlbeans.metadata.system.sXMLCONFIG
16:20:18.905 [main] TRACE - Reading unresolved handles for type system org.apache.poi.schemas.ooxml.system.ooxml
16:20:18.960 [main] TRACE - Finished loading type system org.apache.poi.schemas.ooxml.system.ooxml
16:20:18.961 [main] TRACE - Resolving type for handle themefd26doctype
16:20:19.022 [main] TRACE - Resolving type for handle stylesheet5d8bdoctype
16:20:19.027 [main] TRACE - Resolving type for handle ctstylesheet4257type
16:20:19.032 [main] TRACE - Resolving type for handle ctnumfmtsb58btype
16:20:19.036 [main] TRACE - Resolving type for handle ctfonts6623type
16:20:19.044 [main] TRACE - Resolving type for handle ctfont14d8type
16:20:19.050 [main] TRACE - Resolving type for handle ctfills2c6ftype
16:20:19.053 [main] TRACE - Resolving type for handle ctfill550ctype
16:20:19.055 [main] TRACE - Resolving type for handle ctborders0d66type
16:20:19.058 [main] TRACE - Resolving type for handle ctborderf935type
16:20:19.061 [main] TRACE - Resolving type for handle ctcellxfs1322type
16:20:19.064 [main] TRACE - Resolving type for handle ctxf97f7type
16:20:19.068 [main] TRACE - Resolving type for handle ctcellstylexfsa81ftype
16:20:19.071 [main] TRACE - Resolving type for handle ctdxfsb26atype
16:20:19.074 [main] TRACE - Resolving type for handle cttablestyles872ftype
16:20:19.077 [main] TRACE - Resolving type for handle sstf81fdoctype
16:20:19.082 [main] TRACE - Resolving type for handle ctsst44f3type
16:20:19.102 [main] TRACE - Resolving type for handle ctrsta472type
16:20:19.130 [main] DEBUG - using default POIXMLDocumentPart for http://schemas.openxmlformats.org/officeDocument/2006/relationships/printerSettings
16:20:19.131 [main] TRACE - Resolving type for handle workbookec17doctype
16:20:19.138 [main] TRACE - Resolving type for handle ctworkbook83c3type
16:20:19.146 [main] TRACE - Resolving type for handle ctsheets49fdtype
16:20:19.150 [main] TRACE - Resolving type for handle ctsheet4dbetype
16:20:19.152 [main] TRACE - Resolving type for handle strelationshipid1e94type
16:20:19.157 [main] TRACE - Resolving type for handle worksheetf539doctype
16:20:19.162 [main] TRACE - Resolving type for handle ctworksheet530dtype
16:20:19.171 [main] TRACE - Resolving type for handle ctcols627ctype
16:20:19.175 [main] TRACE - Resolving type for handle ctcola95ftype
16:20:19.192 [main] TRACE - Resolving type for handle ctsheetdata8408type
16:20:19.195 [main] TRACE - Resolving type for handle ctrowdd39type
16:20:19.199 [main] TRACE - Resolving type for handle ctcell842btype
16:20:19.205 [main] TRACE - Resolving type for handle stcellrefe4e0type
16:20:19.211 [main] TRACE - Resolving type for handle stxstringf179type
16:20:19.214 [main] TRACE - Resolving type for handle stcelltypebf95type
16:20:19.225 [main] TRACE - Resolving type for handle stcellstylexfid70c7type
16:20:19.230 [main] TRACE - Resolving type for handle ctsheetdimensiond310type
16:20:19.233 [main] TRACE - Resolving type for handle stref90a2type
16:20:19.250 [main] TRACE - Resolving type for handle propertiesee84doctype
16:20:19.252 [main] TRACE - Resolving type for handle ctproperties3f10type
16:20:19.259 [main] TRACE - Resolving type for handle properties288cdoctype
16:20:19.261 [main] TRACE - Resolving type for handle ctproperties2c18type
16:20:19.273 [main] DEBUG - Save content types part
16:20:19.336 [main] DEBUG - Save package relationships
16:20:19.339 [main] DEBUG - Save part 'docProps/app.xml'
16:20:19.340 [main] DEBUG - Save part 'docProps/core.xml'
16:20:19.342 [main] DEBUG - Save part 'xl/printerSettings/printerSettings1.bin'
16:20:19.343 [main] DEBUG - Save part 'xl/sharedStrings.xml'
16:20:19.343 [main] DEBUG - Save part 'xl/styles.xml'
16:20:19.343 [main] DEBUG - Save part 'xl/theme/theme1.xml'
16:20:19.344 [main] DEBUG - Save part 'xl/workbook.xml'
16:20:19.345 [main] DEBUG - Save part 'xl/worksheets/sheet1.xml'
16:20:44.686 [main] DEBUG - Parsing relationship: /xl/_rels/workbook.xml.rels
16:20:44.687 [main] DEBUG - Parsing relationship: /xl/worksheets/_rels/sheet1.xml.rels
16:20:44.688 [main] DEBUG - Parsing relationship: /_rels/.rels
16:20:44.708 [main] DEBUG - using default POIXMLDocumentPart for http://schemas.openxmlformats.org/officeDocument/2006/relationships/printerSettings
16:20:44.742 [main] DEBUG - Save content types part
16:20:44.745 [main] DEBUG - Save package relationships
16:20:44.747 [main] DEBUG - Save part 'docProps/app.xml'
16:20:44.747 [main] DEBUG - Save part 'docProps/core.xml'
16:20:44.749 [main] DEBUG - Save part 'xl/printerSettings/printerSettings1.bin'
16:20:44.750 [main] DEBUG - Save part 'xl/sharedStrings.xml'
16:20:44.750 [main] DEBUG - Save part 'xl/styles.xml'
16:20:44.751 [main] DEBUG - Save part 'xl/theme/theme1.xml'
16:20:44.752 [main] DEBUG - Save part 'xl/workbook.xml'
16:20:44.755 [main] DEBUG - Save part 'xl/worksheets/sheet1.xml'
16:21:22.793 [main] DEBUG - Parsing relationship: /xl/_rels/workbook.xml.rels
16:21:22.803 [main] DEBUG - Parsing relationship: /xl/worksheets/_rels/sheet1.xml.rels
16:21:22.804 [main] DEBUG - Parsing relationship: /_rels/.rels
16:21:22.983 [main] TRACE - Loading type system org.apache.poi.schemas.ooxml.system.ooxml
16:21:22.985 [main] TRACE - Loading type system org.apache.xmlbeans.metadata.system.sXMLCONFIG
16:21:22.986 [main] TRACE - Loading type system org.apache.xmlbeans.metadata.system.sXMLLANG
16:21:22.987 [main] TRACE - Loading type system org.apache.xmlbeans.metadata.system.sXMLSCHEMA
16:21:22.987 [main] TRACE - Loading type system org.apache.xmlbeans.metadata.system.sXMLTOOLS
16:21:22.988 [main] TRACE - Reading unresolved handles for type system org.apache.xmlbeans.metadata.system.sXMLTOOLS
16:21:22.999 [main] TRACE - Finished loading type system org.apache.xmlbeans.metadata.system.sXMLTOOLS
16:21:23.000 [main] TRACE - Reading unresolved handles for type system org.apache.xmlbeans.metadata.system.sXMLSCHEMA
16:21:23.004 [main] TRACE - Finished loading type system org.apache.xmlbeans.metadata.system.sXMLSCHEMA
16:21:23.006 [main] TRACE - Reading unresolved handles for type system org.apache.xmlbeans.metadata.system.sXMLLANG
16:21:23.007 [main] TRACE - Finished loading type system org.apache.xmlbeans.metadata.system.sXMLLANG
16:21:23.008 [main] TRACE - Reading unresolved handles for type system org.apache.xmlbeans.metadata.system.sXMLCONFIG
16:21:23.009 [main] TRACE - Finished loading type system org.apache.xmlbeans.metadata.system.sXMLCONFIG
16:21:23.010 [main] TRACE - Reading unresolved handles for type system org.apache.poi.schemas.ooxml.system.ooxml
16:21:23.061 [main] TRACE - Finished loading type system org.apache.poi.schemas.ooxml.system.ooxml
16:21:23.062 [main] TRACE - Resolving type for handle themefd26doctype
16:21:23.122 [main] TRACE - Resolving type for handle stylesheet5d8bdoctype
16:21:23.127 [main] TRACE - Resolving type for handle ctstylesheet4257type
16:21:23.132 [main] TRACE - Resolving type for handle ctnumfmtsb58btype
16:21:23.135 [main] TRACE - Resolving type for handle ctfonts6623type
16:21:23.138 [main] TRACE - Resolving type for handle ctfont14d8type
16:21:23.146 [main] TRACE - Resolving type for handle ctfills2c6ftype
16:21:23.149 [main] TRACE - Resolving type for handle ctfill550ctype
16:21:23.151 [main] TRACE - Resolving type for handle ctborders0d66type
16:21:23.154 [main] TRACE - Resolving type for handle ctborderf935type
16:21:23.158 [main] TRACE - Resolving type for handle ctcellxfs1322type
16:21:23.162 [main] TRACE - Resolving type for handle ctxf97f7type
16:21:23.166 [main] TRACE - Resolving type for handle ctcellstylexfsa81ftype
16:21:23.168 [main] TRACE - Resolving type for handle ctdxfsb26atype
16:21:23.172 [main] TRACE - Resolving type for handle cttablestyles872ftype
16:21:23.177 [main] TRACE - Resolving type for handle sstf81fdoctype
16:21:23.181 [main] TRACE - Resolving type for handle ctsst44f3type
16:21:23.194 [main] TRACE - Resolving type for handle ctrsta472type
16:21:23.214 [main] DEBUG - using default POIXMLDocumentPart for http://schemas.openxmlformats.org/officeDocument/2006/relationships/printerSettings
16:21:23.215 [main] TRACE - Resolving type for handle workbookec17doctype
16:21:23.219 [main] TRACE - Resolving type for handle ctworkbook83c3type
16:21:23.224 [main] TRACE - Resolving type for handle ctsheets49fdtype
16:21:23.226 [main] TRACE - Resolving type for handle ctsheet4dbetype
16:21:23.228 [main] TRACE - Resolving type for handle strelationshipid1e94type
16:21:23.230 [main] TRACE - Resolving type for handle worksheetf539doctype
16:21:23.235 [main] TRACE - Resolving type for handle ctworksheet530dtype
16:21:23.242 [main] TRACE - Resolving type for handle ctcols627ctype
16:21:23.245 [main] TRACE - Resolving type for handle ctcola95ftype
16:21:23.259 [main] TRACE - Resolving type for handle ctsheetdata8408type
16:21:23.262 [main] TRACE - Resolving type for handle ctrowdd39type
16:21:23.266 [main] TRACE - Resolving type for handle ctcell842btype
16:21:23.270 [main] TRACE - Resolving type for handle stcellrefe4e0type
16:21:23.277 [main] TRACE - Resolving type for handle stxstringf179type
16:21:23.280 [main] TRACE - Resolving type for handle stcelltypebf95type
16:21:23.289 [main] TRACE - Resolving type for handle stcellstylexfid70c7type
16:21:23.293 [main] TRACE - Resolving type for handle ctsheetdimensiond310type
16:21:23.294 [main] TRACE - Resolving type for handle stref90a2type
16:21:23.309 [main] TRACE - Resolving type for handle propertiesee84doctype
16:21:23.311 [main] TRACE - Resolving type for handle ctproperties3f10type
16:21:23.317 [main] TRACE - Resolving type for handle properties288cdoctype
16:21:23.318 [main] TRACE - Resolving type for handle ctproperties2c18type
16:21:23.333 [main] DEBUG - Save content types part
16:21:23.384 [main] DEBUG - Save package relationships
16:21:23.387 [main] DEBUG - Save part 'docProps/app.xml'
16:21:23.388 [main] DEBUG - Save part 'docProps/core.xml'
16:21:23.391 [main] DEBUG - Save part 'xl/printerSettings/printerSettings1.bin'
16:21:23.391 [main] DEBUG - Save part 'xl/sharedStrings.xml'
16:21:23.391 [main] DEBUG - Save part 'xl/styles.xml'
16:21:23.392 [main] DEBUG - Save part 'xl/theme/theme1.xml'
16:21:23.392 [main] DEBUG - Save part 'xl/workbook.xml'
16:21:23.394 [main] DEBUG - Save part 'xl/worksheets/sheet1.xml'
16:22:04.315 [main] DEBUG - Parsing relationship: /xl/_rels/workbook.xml.rels
16:22:04.316 [main] DEBUG - Parsing relationship: /xl/worksheets/_rels/sheet1.xml.rels
16:22:04.317 [main] DEBUG - Parsing relationship: /_rels/.rels
16:22:04.330 [main] DEBUG - using default POIXMLDocumentPart for http://schemas.openxmlformats.org/officeDocument/2006/relationships/printerSettings
16:22:04.349 [main] DEBUG - Save content types part
16:22:04.351 [main] DEBUG - Save package relationships
16:22:04.352 [main] DEBUG - Save part 'docProps/app.xml'
16:22:04.352 [main] DEBUG - Save part 'docProps/core.xml'
16:22:04.354 [main] DEBUG - Save part 'xl/printerSettings/printerSettings1.bin'
16:22:04.356 [main] DEBUG - Save part 'xl/sharedStrings.xml'
16:22:04.357 [main] DEBUG - Save part 'xl/styles.xml'
16:22:04.357 [main] DEBUG - Save part 'xl/theme/theme1.xml'
16:22:04.358 [main] DEBUG - Save part 'xl/workbook.xml'
16:22:04.359 [main] DEBUG - Save part 'xl/worksheets/sheet1.xml'
16:25:55.274 [main] DEBUG - Parsing relationship: /xl/_rels/workbook.xml.rels
16:25:55.281 [main] DEBUG - Parsing relationship: /xl/worksheets/_rels/sheet1.xml.rels
16:25:55.282 [main] DEBUG - Parsing relationship: /_rels/.rels
16:25:55.433 [main] TRACE - Loading type system org.apache.poi.schemas.ooxml.system.ooxml
16:25:55.435 [main] TRACE - Loading type system org.apache.xmlbeans.metadata.system.sXMLCONFIG
16:25:55.436 [main] TRACE - Loading type system org.apache.xmlbeans.metadata.system.sXMLLANG
16:25:55.437 [main] TRACE - Loading type system org.apache.xmlbeans.metadata.system.sXMLSCHEMA
16:25:55.437 [main] TRACE - Loading type system org.apache.xmlbeans.metadata.system.sXMLTOOLS
16:25:55.438 [main] TRACE - Reading unresolved handles for type system org.apache.xmlbeans.metadata.system.sXMLTOOLS
16:25:55.448 [main] TRACE - Finished loading type system org.apache.xmlbeans.metadata.system.sXMLTOOLS
16:25:55.450 [main] TRACE - Reading unresolved handles for type system org.apache.xmlbeans.metadata.system.sXMLSCHEMA
16:25:55.454 [main] TRACE - Finished loading type system org.apache.xmlbeans.metadata.system.sXMLSCHEMA
16:25:55.455 [main] TRACE - Reading unresolved handles for type system org.apache.xmlbeans.metadata.system.sXMLLANG
16:25:55.456 [main] TRACE - Finished loading type system org.apache.xmlbeans.metadata.system.sXMLLANG
16:25:55.457 [main] TRACE - Reading unresolved handles for type system org.apache.xmlbeans.metadata.system.sXMLCONFIG
16:25:55.458 [main] TRACE - Finished loading type system org.apache.xmlbeans.metadata.system.sXMLCONFIG
16:25:55.459 [main] TRACE - Reading unresolved handles for type system org.apache.poi.schemas.ooxml.system.ooxml
16:25:55.505 [main] TRACE - Finished loading type system org.apache.poi.schemas.ooxml.system.ooxml
16:25:55.506 [main] TRACE - Resolving type for handle themefd26doctype
16:25:55.564 [main] TRACE - Resolving type for handle stylesheet5d8bdoctype
16:25:55.569 [main] TRACE - Resolving type for handle ctstylesheet4257type
16:25:55.577 [main] TRACE - Resolving type for handle ctnumfmtsb58btype
16:25:55.580 [main] TRACE - Resolving type for handle ctfonts6623type
16:25:55.582 [main] TRACE - Resolving type for handle ctfont14d8type
16:25:55.589 [main] TRACE - Resolving type for handle ctfills2c6ftype
16:25:55.591 [main] TRACE - Resolving type for handle ctfill550ctype
16:25:55.593 [main] TRACE - Resolving type for handle ctborders0d66type
16:25:55.596 [main] TRACE - Resolving type for handle ctborderf935type
16:25:55.600 [main] TRACE - Resolving type for handle ctcellxfs1322type
16:25:55.602 [main] TRACE - Resolving type for handle ctxf97f7type
16:25:55.608 [main] TRACE - Resolving type for handle ctcellstylexfsa81ftype
16:25:55.611 [main] TRACE - Resolving type for handle ctdxfsb26atype
16:25:55.614 [main] TRACE - Resolving type for handle cttablestyles872ftype
16:25:55.618 [main] TRACE - Resolving type for handle sstf81fdoctype
16:25:55.623 [main] TRACE - Resolving type for handle ctsst44f3type
16:25:55.640 [main] TRACE - Resolving type for handle ctrsta472type
16:25:55.659 [main] DEBUG - using default POIXMLDocumentPart for http://schemas.openxmlformats.org/officeDocument/2006/relationships/printerSettings
16:25:55.660 [main] TRACE - Resolving type for handle workbookec17doctype
16:25:55.664 [main] TRACE - Resolving type for handle ctworkbook83c3type
16:25:55.669 [main] TRACE - Resolving type for handle ctsheets49fdtype
16:25:55.671 [main] TRACE - Resolving type for handle ctsheet4dbetype
16:25:55.675 [main] TRACE - Resolving type for handle strelationshipid1e94type
16:25:55.677 [main] TRACE - Resolving type for handle worksheetf539doctype
16:25:55.681 [main] TRACE - Resolving type for handle ctworksheet530dtype
16:25:55.688 [main] TRACE - Resolving type for handle ctcols627ctype
16:25:55.692 [main] TRACE - Resolving type for handle ctcola95ftype
16:25:55.708 [main] TRACE - Resolving type for handle ctsheetdata8408type
16:25:55.711 [main] TRACE - Resolving type for handle ctrowdd39type
16:25:55.715 [main] TRACE - Resolving type for handle ctcell842btype
16:25:55.720 [main] TRACE - Resolving type for handle stcellrefe4e0type
16:25:55.726 [main] TRACE - Resolving type for handle stxstringf179type
16:25:55.729 [main] TRACE - Resolving type for handle stcelltypebf95type
16:25:55.739 [main] TRACE - Resolving type for handle stcellstylexfid70c7type
16:25:55.743 [main] TRACE - Resolving type for handle ctsheetdimensiond310type
16:25:55.744 [main] TRACE - Resolving type for handle stref90a2type
16:25:55.758 [main] TRACE - Resolving type for handle propertiesee84doctype
16:25:55.760 [main] TRACE - Resolving type for handle ctproperties3f10type
16:25:55.764 [main] TRACE - Resolving type for handle properties288cdoctype
16:25:55.765 [main] TRACE - Resolving type for handle ctproperties2c18type
16:25:55.775 [main] DEBUG - Save content types part
16:25:55.831 [main] DEBUG - Save package relationships
16:25:55.835 [main] DEBUG - Save part 'docProps/app.xml'
16:25:55.835 [main] DEBUG - Save part 'docProps/core.xml'
16:25:55.838 [main] DEBUG - Save part 'xl/printerSettings/printerSettings1.bin'
16:25:55.838 [main] DEBUG - Save part 'xl/sharedStrings.xml'
16:25:55.838 [main] DEBUG - Save part 'xl/styles.xml'
16:25:55.839 [main] DEBUG - Save part 'xl/theme/theme1.xml'
16:25:55.839 [main] DEBUG - Save part 'xl/workbook.xml'
16:25:55.841 [main] DEBUG - Save part 'xl/worksheets/sheet1.xml'
16:26:36.988 [main] DEBUG - Parsing relationship: /xl/_rels/workbook.xml.rels
16:26:36.988 [main] DEBUG - Parsing relationship: /xl/worksheets/_rels/sheet1.xml.rels
16:26:36.989 [main] DEBUG - Parsing relationship: /_rels/.rels
16:26:37.023 [main] DEBUG - using default POIXMLDocumentPart for http://schemas.openxmlformats.org/officeDocument/2006/relationships/printerSettings
16:26:37.042 [main] DEBUG - Save content types part
16:26:37.043 [main] DEBUG - Save package relationships
16:26:37.045 [main] DEBUG - Save part 'docProps/app.xml'
16:26:37.045 [main] DEBUG - Save part 'docProps/core.xml'
16:26:37.046 [main] DEBUG - Save part 'xl/printerSettings/printerSettings1.bin'
16:26:37.047 [main] DEBUG - Save part 'xl/sharedStrings.xml'
16:26:37.047 [main] DEBUG - Save part 'xl/styles.xml'
16:26:37.047 [main] DEBUG - Save part 'xl/theme/theme1.xml'
16:26:37.048 [main] DEBUG - Save part 'xl/workbook.xml'
16:26:37.050 [main] DEBUG - Save part 'xl/worksheets/sheet1.xml'
16:30:03.350 [main] DEBUG - Parsing relationship: /xl/_rels/workbook.xml.rels
16:30:03.360 [main] DEBUG - Parsing relationship: /xl/worksheets/_rels/sheet1.xml.rels
16:30:03.361 [main] DEBUG - Parsing relationship: /_rels/.rels
16:30:03.501 [main] TRACE - Loading type system org.apache.poi.schemas.ooxml.system.ooxml
16:30:03.503 [main] TRACE - Loading type system org.apache.xmlbeans.metadata.system.sXMLCONFIG
16:30:03.504 [main] TRACE - Loading type system org.apache.xmlbeans.metadata.system.sXMLLANG
16:30:03.504 [main] TRACE - Loading type system org.apache.xmlbeans.metadata.system.sXMLSCHEMA
16:30:03.505 [main] TRACE - Loading type system org.apache.xmlbeans.metadata.system.sXMLTOOLS
16:30:03.507 [main] TRACE - Reading unresolved handles for type system org.apache.xmlbeans.metadata.system.sXMLTOOLS
16:30:03.519 [main] TRACE - Finished loading type system org.apache.xmlbeans.metadata.system.sXMLTOOLS
16:30:03.520 [main] TRACE - Reading unresolved handles for type system org.apache.xmlbeans.metadata.system.sXMLSCHEMA
16:30:03.524 [main] TRACE - Finished loading type system org.apache.xmlbeans.metadata.system.sXMLSCHEMA
16:30:03.525 [main] TRACE - Reading unresolved handles for type system org.apache.xmlbeans.metadata.system.sXMLLANG
16:30:03.525 [main] TRACE - Finished loading type system org.apache.xmlbeans.metadata.system.sXMLLANG
16:30:03.527 [main] TRACE - Reading unresolved handles for type system org.apache.xmlbeans.metadata.system.sXMLCONFIG
16:30:03.527 [main] TRACE - Finished loading type system org.apache.xmlbeans.metadata.system.sXMLCONFIG
16:30:03.528 [main] TRACE - Reading unresolved handles for type system org.apache.poi.schemas.ooxml.system.ooxml
16:30:03.576 [main] TRACE - Finished loading type system org.apache.poi.schemas.ooxml.system.ooxml
16:30:03.577 [main] TRACE - Resolving type for handle themefd26doctype
16:30:03.638 [main] TRACE - Resolving type for handle stylesheet5d8bdoctype
16:30:03.643 [main] TRACE - Resolving type for handle ctstylesheet4257type
16:30:03.647 [main] TRACE - Resolving type for handle ctnumfmtsb58btype
16:30:03.649 [main] TRACE - Resolving type for handle ctfonts6623type
16:30:03.652 [main] TRACE - Resolving type for handle ctfont14d8type
16:30:03.657 [main] TRACE - Resolving type for handle ctfills2c6ftype
16:30:03.659 [main] TRACE - Resolving type for handle ctfill550ctype
16:30:03.660 [main] TRACE - Resolving type for handle ctborders0d66type
16:30:03.662 [main] TRACE - Resolving type for handle ctborderf935type
16:30:03.665 [main] TRACE - Resolving type for handle ctcellxfs1322type
16:30:03.668 [main] TRACE - Resolving type for handle ctxf97f7type
16:30:03.672 [main] TRACE - Resolving type for handle ctcellstylexfsa81ftype
16:30:03.676 [main] TRACE - Resolving type for handle ctdxfsb26atype
16:30:03.679 [main] TRACE - Resolving type for handle cttablestyles872ftype
16:30:03.682 [main] TRACE - Resolving type for handle sstf81fdoctype
16:30:03.687 [main] TRACE - Resolving type for handle ctsst44f3type
16:30:03.702 [main] TRACE - Resolving type for handle ctrsta472type
16:30:03.718 [main] DEBUG - using default POIXMLDocumentPart for http://schemas.openxmlformats.org/officeDocument/2006/relationships/printerSettings
16:30:03.719 [main] TRACE - Resolving type for handle workbookec17doctype
16:30:03.723 [main] TRACE - Resolving type for handle ctworkbook83c3type
16:30:03.727 [main] TRACE - Resolving type for handle ctsheets49fdtype
16:30:03.730 [main] TRACE - Resolving type for handle ctsheet4dbetype
16:30:03.733 [main] TRACE - Resolving type for handle strelationshipid1e94type
16:30:03.735 [main] TRACE - Resolving type for handle worksheetf539doctype
16:30:03.739 [main] TRACE - Resolving type for handle ctworksheet530dtype
16:30:03.745 [main] TRACE - Resolving type for handle ctcols627ctype
16:30:03.749 [main] TRACE - Resolving type for handle ctcola95ftype
16:30:03.764 [main] TRACE - Resolving type for handle ctsheetdata8408type
16:30:03.767 [main] TRACE - Resolving type for handle ctrowdd39type
16:30:03.771 [main] TRACE - Resolving type for handle ctcell842btype
16:30:03.776 [main] TRACE - Resolving type for handle stcellrefe4e0type
16:30:03.781 [main] TRACE - Resolving type for handle stxstringf179type
16:30:03.784 [main] TRACE - Resolving type for handle stcelltypebf95type
16:30:03.794 [main] TRACE - Resolving type for handle stcellstylexfid70c7type
16:30:03.797 [main] TRACE - Resolving type for handle ctsheetdimensiond310type
16:30:03.799 [main] TRACE - Resolving type for handle stref90a2type
16:30:03.812 [main] TRACE - Resolving type for handle propertiesee84doctype
16:30:03.814 [main] TRACE - Resolving type for handle ctproperties3f10type
16:30:03.819 [main] TRACE - Resolving type for handle properties288cdoctype
16:30:03.820 [main] TRACE - Resolving type for handle ctproperties2c18type
16:30:03.829 [main] DEBUG - Save content types part
16:30:03.885 [main] DEBUG - Save package relationships
16:30:03.888 [main] DEBUG - Save part 'docProps/app.xml'
16:30:03.888 [main] DEBUG - Save part 'docProps/core.xml'
16:30:03.891 [main] DEBUG - Save part 'xl/printerSettings/printerSettings1.bin'
16:30:03.891 [main] DEBUG - Save part 'xl/sharedStrings.xml'
16:30:03.892 [main] DEBUG - Save part 'xl/styles.xml'
16:30:03.892 [main] DEBUG - Save part 'xl/theme/theme1.xml'
16:30:03.892 [main] DEBUG - Save part 'xl/workbook.xml'
16:30:03.894 [main] DEBUG - Save part 'xl/worksheets/sheet1.xml'
16:30:43.351 [main] DEBUG - Parsing relationship: /xl/_rels/workbook.xml.rels
16:30:43.352 [main] DEBUG - Parsing relationship: /xl/worksheets/_rels/sheet1.xml.rels
16:30:43.353 [main] DEBUG - Parsing relationship: /_rels/.rels
16:30:43.365 [main] DEBUG - using default POIXMLDocumentPart for http://schemas.openxmlformats.org/officeDocument/2006/relationships/printerSettings
16:30:43.383 [main] DEBUG - Save content types part
16:30:43.385 [main] DEBUG - Save package relationships
16:30:43.386 [main] DEBUG - Save part 'docProps/app.xml'
16:30:43.386 [main] DEBUG - Save part 'docProps/core.xml'
16:30:43.387 [main] DEBUG - Save part 'xl/printerSettings/printerSettings1.bin'
16:30:43.388 [main] DEBUG - Save part 'xl/sharedStrings.xml'
16:30:43.388 [main] DEBUG - Save part 'xl/styles.xml'
16:30:43.388 [main] DEBUG - Save part 'xl/theme/theme1.xml'
16:30:43.388 [main] DEBUG - Save part 'xl/workbook.xml'
16:30:43.390 [main] DEBUG - Save part 'xl/worksheets/sheet1.xml'
16:44:04.509 [main] DEBUG - Parsing relationship: /xl/_rels/workbook.xml.rels
16:44:04.517 [main] DEBUG - Parsing relationship: /xl/worksheets/_rels/sheet1.xml.rels
16:44:04.518 [main] DEBUG - Parsing relationship: /_rels/.rels
16:44:04.704 [main] TRACE - Loading type system org.apache.poi.schemas.ooxml.system.ooxml
16:44:04.710 [main] TRACE - Loading type system org.apache.xmlbeans.metadata.system.sXMLCONFIG
16:44:04.711 [main] TRACE - Loading type system org.apache.xmlbeans.metadata.system.sXMLLANG
16:44:04.711 [main] TRACE - Loading type system org.apache.xmlbeans.metadata.system.sXMLSCHEMA
16:44:04.712 [main] TRACE - Loading type system org.apache.xmlbeans.metadata.system.sXMLTOOLS
16:44:04.714 [main] TRACE - Reading unresolved handles for type system org.apache.xmlbeans.metadata.system.sXMLTOOLS
16:44:04.728 [main] TRACE - Finished loading type system org.apache.xmlbeans.metadata.system.sXMLTOOLS
16:44:04.729 [main] TRACE - Reading unresolved handles for type system org.apache.xmlbeans.metadata.system.sXMLSCHEMA
16:44:04.735 [main] TRACE - Finished loading type system org.apache.xmlbeans.metadata.system.sXMLSCHEMA
16:44:04.736 [main] TRACE - Reading unresolved handles for type system org.apache.xmlbeans.metadata.system.sXMLLANG
16:44:04.737 [main] TRACE - Finished loading type system org.apache.xmlbeans.metadata.system.sXMLLANG
16:44:04.738 [main] TRACE - Reading unresolved handles for type system org.apache.xmlbeans.metadata.system.sXMLCONFIG
16:44:04.739 [main] TRACE - Finished loading type system org.apache.xmlbeans.metadata.system.sXMLCONFIG
16:44:04.740 [main] TRACE - Reading unresolved handles for type system org.apache.poi.schemas.ooxml.system.ooxml
16:44:04.790 [main] TRACE - Finished loading type system org.apache.poi.schemas.ooxml.system.ooxml
16:44:04.791 [main] TRACE - Resolving type for handle themefd26doctype
16:44:04.849 [main] TRACE - Resolving type for handle stylesheet5d8bdoctype
16:44:04.855 [main] TRACE - Resolving type for handle ctstylesheet4257type
16:44:04.859 [main] TRACE - Resolving type for handle ctnumfmtsb58btype
16:44:04.861 [main] TRACE - Resolving type for handle ctfonts6623type
16:44:04.864 [main] TRACE - Resolving type for handle ctfont14d8type
16:44:04.876 [main] TRACE - Resolving type for handle ctfills2c6ftype
16:44:04.878 [main] TRACE - Resolving type for handle ctfill550ctype
16:44:04.880 [main] TRACE - Resolving type for handle ctborders0d66type
16:44:04.882 [main] TRACE - Resolving type for handle ctborderf935type
16:44:04.885 [main] TRACE - Resolving type for handle ctcellxfs1322type
16:44:04.888 [main] TRACE - Resolving type for handle ctxf97f7type
16:44:04.890 [main] TRACE - Resolving type for handle ctcellstylexfsa81ftype
16:44:04.892 [main] TRACE - Resolving type for handle ctdxfsb26atype
16:44:04.894 [main] TRACE - Resolving type for handle cttablestyles872ftype
16:44:04.897 [main] TRACE - Resolving type for handle sstf81fdoctype
16:44:04.903 [main] TRACE - Resolving type for handle ctsst44f3type
16:44:04.915 [main] TRACE - Resolving type for handle ctrsta472type
16:44:04.931 [main] DEBUG - using default POIXMLDocumentPart for http://schemas.openxmlformats.org/officeDocument/2006/relationships/printerSettings
16:44:04.932 [main] TRACE - Resolving type for handle workbookec17doctype
16:44:04.936 [main] TRACE - Resolving type for handle ctworkbook83c3type
16:44:04.942 [main] TRACE - Resolving type for handle ctsheets49fdtype
16:44:04.944 [main] TRACE - Resolving type for handle ctsheet4dbetype
16:44:04.946 [main] TRACE - Resolving type for handle strelationshipid1e94type
16:44:04.948 [main] TRACE - Resolving type for handle worksheetf539doctype
16:44:04.952 [main] TRACE - Resolving type for handle ctworksheet530dtype
16:44:04.959 [main] TRACE - Resolving type for handle ctcols627ctype
16:44:04.963 [main] TRACE - Resolving type for handle ctcola95ftype
16:44:04.980 [main] TRACE - Resolving type for handle ctsheetdata8408type
16:44:04.983 [main] TRACE - Resolving type for handle ctrowdd39type
16:44:04.987 [main] TRACE - Resolving type for handle ctcell842btype
16:44:04.993 [main] TRACE - Resolving type for handle stcellrefe4e0type
16:44:05.000 [main] TRACE - Resolving type for handle stxstringf179type
16:44:05.003 [main] TRACE - Resolving type for handle stcelltypebf95type
16:44:05.014 [main] TRACE - Resolving type for handle stcellstylexfid70c7type
16:44:05.018 [main] TRACE - Resolving type for handle ctsheetdimensiond310type
16:44:05.020 [main] TRACE - Resolving type for handle stref90a2type
16:44:05.037 [main] TRACE - Resolving type for handle propertiesee84doctype
16:44:05.040 [main] TRACE - Resolving type for handle ctproperties3f10type
16:44:05.045 [main] TRACE - Resolving type for handle properties288cdoctype
16:44:05.047 [main] TRACE - Resolving type for handle ctproperties2c18type
16:44:05.056 [main] DEBUG - Save content types part
16:44:05.119 [main] DEBUG - Save package relationships
16:44:05.122 [main] DEBUG - Save part 'docProps/app.xml'
16:44:05.123 [main] DEBUG - Save part 'docProps/core.xml'
16:44:05.126 [main] DEBUG - Save part 'xl/printerSettings/printerSettings1.bin'
16:44:05.127 [main] DEBUG - Save part 'xl/sharedStrings.xml'
16:44:05.127 [main] DEBUG - Save part 'xl/styles.xml'
16:44:05.127 [main] DEBUG - Save part 'xl/theme/theme1.xml'
16:44:05.128 [main] DEBUG - Save part 'xl/workbook.xml'
16:44:05.130 [main] DEBUG - Save part 'xl/worksheets/sheet1.xml'
16:44:36.471 [main] DEBUG - Parsing relationship: /xl/_rels/workbook.xml.rels
16:44:36.472 [main] DEBUG - Parsing relationship: /xl/worksheets/_rels/sheet1.xml.rels
16:44:36.473 [main] DEBUG - Parsing relationship: /_rels/.rels
16:44:36.487 [main] DEBUG - using default POIXMLDocumentPart for http://schemas.openxmlformats.org/officeDocument/2006/relationships/printerSettings
16:44:36.504 [main] DEBUG - Save content types part
16:44:36.505 [main] DEBUG - Save package relationships
16:44:36.507 [main] DEBUG - Save part 'docProps/app.xml'
16:44:36.507 [main] DEBUG - Save part 'docProps/core.xml'
16:44:36.508 [main] DEBUG - Save part 'xl/printerSettings/printerSettings1.bin'
16:44:36.509 [main] DEBUG - Save part 'xl/sharedStrings.xml'
16:44:36.509 [main] DEBUG - Save part 'xl/styles.xml'
16:44:36.509 [main] DEBUG - Save part 'xl/theme/theme1.xml'
16:44:36.510 [main] DEBUG - Save part 'xl/workbook.xml'
16:44:36.511 [main] DEBUG - Save part 'xl/worksheets/sheet1.xml'
16:46:12.986 [main] DEBUG - Parsing relationship: /xl/_rels/workbook.xml.rels
16:46:12.994 [main] DEBUG - Parsing relationship: /xl/worksheets/_rels/sheet1.xml.rels
16:46:12.994 [main] DEBUG - Parsing relationship: /_rels/.rels
16:46:13.183 [main] TRACE - Loading type system org.apache.poi.schemas.ooxml.system.ooxml
16:46:13.186 [main] TRACE - Loading type system org.apache.xmlbeans.metadata.system.sXMLCONFIG
16:46:13.187 [main] TRACE - Loading type system org.apache.xmlbeans.metadata.system.sXMLLANG
16:46:13.188 [main] TRACE - Loading type system org.apache.xmlbeans.metadata.system.sXMLSCHEMA
16:46:13.189 [main] TRACE - Loading type system org.apache.xmlbeans.metadata.system.sXMLTOOLS
16:46:13.191 [main] TRACE - Reading unresolved handles for type system org.apache.xmlbeans.metadata.system.sXMLTOOLS
16:46:13.209 [main] TRACE - Finished loading type system org.apache.xmlbeans.metadata.system.sXMLTOOLS
16:46:13.210 [main] TRACE - Reading unresolved handles for type system org.apache.xmlbeans.metadata.system.sXMLSCHEMA
16:46:13.216 [main] TRACE - Finished loading type system org.apache.xmlbeans.metadata.system.sXMLSCHEMA
16:46:13.217 [main] TRACE - Reading unresolved handles for type system org.apache.xmlbeans.metadata.system.sXMLLANG
16:46:13.219 [main] TRACE - Finished loading type system org.apache.xmlbeans.metadata.system.sXMLLANG
16:46:13.220 [main] TRACE - Reading unresolved handles for type system org.apache.xmlbeans.metadata.system.sXMLCONFIG
16:46:13.221 [main] TRACE - Finished loading type system org.apache.xmlbeans.metadata.system.sXMLCONFIG
16:46:13.224 [main] TRACE - Reading unresolved handles for type system org.apache.poi.schemas.ooxml.system.ooxml
16:46:13.277 [main] TRACE - Finished loading type system org.apache.poi.schemas.ooxml.system.ooxml
16:46:13.277 [main] TRACE - Resolving type for handle themefd26doctype
16:46:13.333 [main] TRACE - Resolving type for handle stylesheet5d8bdoctype
16:46:13.338 [main] TRACE - Resolving type for handle ctstylesheet4257type
16:46:13.343 [main] TRACE - Resolving type for handle ctnumfmtsb58btype
16:46:13.346 [main] TRACE - Resolving type for handle ctfonts6623type
16:46:13.350 [main] TRACE - Resolving type for handle ctfont14d8type
16:46:13.358 [main] TRACE - Resolving type for handle ctfills2c6ftype
16:46:13.360 [main] TRACE - Resolving type for handle ctfill550ctype
16:46:13.362 [main] TRACE - Resolving type for handle ctborders0d66type
16:46:13.364 [main] TRACE - Resolving type for handle ctborderf935type
16:46:13.367 [main] TRACE - Resolving type for handle ctcellxfs1322type
16:46:13.370 [main] TRACE - Resolving type for handle ctxf97f7type
16:46:13.374 [main] TRACE - Resolving type for handle ctcellstylexfsa81ftype
16:46:13.376 [main] TRACE - Resolving type for handle ctdxfsb26atype
16:46:13.379 [main] TRACE - Resolving type for handle cttablestyles872ftype
16:46:13.383 [main] TRACE - Resolving type for handle sstf81fdoctype
16:46:13.387 [main] TRACE - Resolving type for handle ctsst44f3type
16:46:13.396 [main] TRACE - Resolving type for handle ctrsta472type
16:46:13.410 [main] DEBUG - using default POIXMLDocumentPart for http://schemas.openxmlformats.org/officeDocument/2006/relationships/printerSettings
16:46:13.412 [main] TRACE - Resolving type for handle workbookec17doctype
16:46:13.416 [main] TRACE - Resolving type for handle ctworkbook83c3type
16:46:13.423 [main] TRACE - Resolving type for handle ctsheets49fdtype
16:46:13.425 [main] TRACE - Resolving type for handle ctsheet4dbetype
16:46:13.427 [main] TRACE - Resolving type for handle strelationshipid1e94type
16:46:13.429 [main] TRACE - Resolving type for handle worksheetf539doctype
16:46:13.433 [main] TRACE - Resolving type for handle ctworksheet530dtype
16:46:13.441 [main] TRACE - Resolving type for handle ctcols627ctype
16:46:13.445 [main] TRACE - Resolving type for handle ctcola95ftype
16:46:13.462 [main] TRACE - Resolving type for handle ctsheetdata8408type
16:46:13.465 [main] TRACE - Resolving type for handle ctrowdd39type
16:46:13.469 [main] TRACE - Resolving type for handle ctcell842btype
16:46:13.475 [main] TRACE - Resolving type for handle stcellrefe4e0type
16:46:13.482 [main] TRACE - Resolving type for handle stxstringf179type
16:46:13.485 [main] TRACE - Resolving type for handle stcelltypebf95type
16:46:13.495 [main] TRACE - Resolving type for handle stcellstylexfid70c7type
16:46:13.500 [main] TRACE - Resolving type for handle ctsheetdimensiond310type
16:46:13.504 [main] TRACE - Resolving type for handle stref90a2type
16:46:13.540 [main] TRACE - Resolving type for handle propertiesee84doctype
16:46:13.542 [main] TRACE - Resolving type for handle ctproperties3f10type
16:46:13.546 [main] TRACE - Resolving type for handle properties288cdoctype
16:46:13.548 [main] TRACE - Resolving type for handle ctproperties2c18type
16:46:13.557 [main] DEBUG - Save content types part
16:46:13.615 [main] DEBUG - Save package relationships
16:46:13.617 [main] DEBUG - Save part 'docProps/app.xml'
16:46:13.618 [main] DEBUG - Save part 'docProps/core.xml'
16:46:13.620 [main] DEBUG - Save part 'xl/printerSettings/printerSettings1.bin'
16:46:13.620 [main] DEBUG - Save part 'xl/sharedStrings.xml'
16:46:13.621 [main] DEBUG - Save part 'xl/styles.xml'
16:46:13.621 [main] DEBUG - Save part 'xl/theme/theme1.xml'
16:46:13.621 [main] DEBUG - Save part 'xl/workbook.xml'
16:46:13.623 [main] DEBUG - Save part 'xl/worksheets/sheet1.xml'
16:46:52.919 [main] DEBUG - Parsing relationship: /xl/_rels/workbook.xml.rels
16:46:52.921 [main] DEBUG - Parsing relationship: /xl/worksheets/_rels/sheet1.xml.rels
16:46:52.922 [main] DEBUG - Parsing relationship: /_rels/.rels
16:46:52.943 [main] DEBUG - using default POIXMLDocumentPart for http://schemas.openxmlformats.org/officeDocument/2006/relationships/printerSettings
16:46:52.963 [main] DEBUG - Save content types part
16:46:52.965 [main] DEBUG - Save package relationships
16:46:52.967 [main] DEBUG - Save part 'docProps/app.xml'
16:46:52.967 [main] DEBUG - Save part 'docProps/core.xml'
16:46:52.969 [main] DEBUG - Save part 'xl/printerSettings/printerSettings1.bin'
16:46:52.969 [main] DEBUG - Save part 'xl/sharedStrings.xml'
16:46:52.969 [main] DEBUG - Save part 'xl/styles.xml'
16:46:52.969 [main] DEBUG - Save part 'xl/theme/theme1.xml'
16:46:52.970 [main] DEBUG - Save part 'xl/workbook.xml'
16:46:52.972 [main] DEBUG - Save part 'xl/worksheets/sheet1.xml'
16:50:56.600 [main] DEBUG - Parsing relationship: /xl/_rels/workbook.xml.rels
16:50:56.609 [main] DEBUG - Parsing relationship: /xl/worksheets/_rels/sheet1.xml.rels
16:50:56.610 [main] DEBUG - Parsing relationship: /_rels/.rels
16:50:56.825 [main] TRACE - Loading type system org.apache.poi.schemas.ooxml.system.ooxml
16:50:56.828 [main] TRACE - Loading type system org.apache.xmlbeans.metadata.system.sXMLCONFIG
16:50:56.829 [main] TRACE - Loading type system org.apache.xmlbeans.metadata.system.sXMLLANG
16:50:56.830 [main] TRACE - Loading type system org.apache.xmlbeans.metadata.system.sXMLSCHEMA
16:50:56.830 [main] TRACE - Loading type system org.apache.xmlbeans.metadata.system.sXMLTOOLS
16:50:56.832 [main] TRACE - Reading unresolved handles for type system org.apache.xmlbeans.metadata.system.sXMLTOOLS
16:50:56.848 [main] TRACE - Finished loading type system org.apache.xmlbeans.metadata.system.sXMLTOOLS
16:50:56.849 [main] TRACE - Reading unresolved handles for type system org.apache.xmlbeans.metadata.system.sXMLSCHEMA
16:50:56.854 [main] TRACE - Finished loading type system org.apache.xmlbeans.metadata.system.sXMLSCHEMA
16:50:56.855 [main] TRACE - Reading unresolved handles for type system org.apache.xmlbeans.metadata.system.sXMLLANG
16:50:56.856 [main] TRACE - Finished loading type system org.apache.xmlbeans.metadata.system.sXMLLANG
16:50:56.857 [main] TRACE - Reading unresolved handles for type system org.apache.xmlbeans.metadata.system.sXMLCONFIG
16:50:56.858 [main] TRACE - Finished loading type system org.apache.xmlbeans.metadata.system.sXMLCONFIG
16:50:56.859 [main] TRACE - Reading unresolved handles for type system org.apache.poi.schemas.ooxml.system.ooxml
16:50:56.905 [main] TRACE - Finished loading type system org.apache.poi.schemas.ooxml.system.ooxml
16:50:56.906 [main] TRACE - Resolving type for handle themefd26doctype
16:50:56.977 [main] TRACE - Resolving type for handle stylesheet5d8bdoctype
16:50:56.982 [main] TRACE - Resolving type for handle ctstylesheet4257type
16:50:56.988 [main] TRACE - Resolving type for handle ctnumfmtsb58btype
16:50:56.991 [main] TRACE - Resolving type for handle ctfonts6623type
16:50:56.999 [main] TRACE - Resolving type for handle ctfont14d8type
16:50:57.007 [main] TRACE - Resolving type for handle ctfills2c6ftype
16:50:57.009 [main] TRACE - Resolving type for handle ctfill550ctype
16:50:57.010 [main] TRACE - Resolving type for handle ctborders0d66type
16:50:57.012 [main] TRACE - Resolving type for handle ctborderf935type
16:50:57.015 [main] TRACE - Resolving type for handle ctcellxfs1322type
16:50:57.017 [main] TRACE - Resolving type for handle ctxf97f7type
16:50:57.020 [main] TRACE - Resolving type for handle ctcellstylexfsa81ftype
16:50:57.022 [main] TRACE - Resolving type for handle ctdxfsb26atype
16:50:57.024 [main] TRACE - Resolving type for handle cttablestyles872ftype
16:50:57.027 [main] TRACE - Resolving type for handle sstf81fdoctype
16:50:57.031 [main] TRACE - Resolving type for handle ctsst44f3type
16:50:57.039 [main] TRACE - Resolving type for handle ctrsta472type
16:50:57.063 [main] DEBUG - using default POIXMLDocumentPart for http://schemas.openxmlformats.org/officeDocument/2006/relationships/printerSettings
16:50:57.064 [main] TRACE - Resolving type for handle workbookec17doctype
16:50:57.068 [main] TRACE - Resolving type for handle ctworkbook83c3type
16:50:57.073 [main] TRACE - Resolving type for handle ctsheets49fdtype
16:50:57.075 [main] TRACE - Resolving type for handle ctsheet4dbetype
16:50:57.077 [main] TRACE - Resolving type for handle strelationshipid1e94type
16:50:57.079 [main] TRACE - Resolving type for handle worksheetf539doctype
16:50:57.084 [main] TRACE - Resolving type for handle ctworksheet530dtype
16:50:57.094 [main] TRACE - Resolving type for handle ctcols627ctype
16:50:57.098 [main] TRACE - Resolving type for handle ctcola95ftype
16:50:57.113 [main] TRACE - Resolving type for handle ctsheetdata8408type
16:50:57.115 [main] TRACE - Resolving type for handle ctrowdd39type
16:50:57.119 [main] TRACE - Resolving type for handle ctcell842btype
16:50:57.124 [main] TRACE - Resolving type for handle stcellrefe4e0type
16:50:57.129 [main] TRACE - Resolving type for handle stxstringf179type
16:50:57.132 [main] TRACE - Resolving type for handle stcelltypebf95type
16:50:57.143 [main] TRACE - Resolving type for handle stcellstylexfid70c7type
16:50:57.147 [main] TRACE - Resolving type for handle ctsheetdimensiond310type
16:50:57.148 [main] TRACE - Resolving type for handle stref90a2type
16:50:57.163 [main] TRACE - Resolving type for handle propertiesee84doctype
16:50:57.164 [main] TRACE - Resolving type for handle ctproperties3f10type
16:50:57.173 [main] TRACE - Resolving type for handle properties288cdoctype
16:50:57.174 [main] TRACE - Resolving type for handle ctproperties2c18type
16:50:57.183 [main] DEBUG - Save content types part
16:50:57.235 [main] DEBUG - Save package relationships
16:50:57.238 [main] DEBUG - Save part 'docProps/app.xml'
16:50:57.238 [main] DEBUG - Save part 'docProps/core.xml'
16:50:57.242 [main] DEBUG - Save part 'xl/printerSettings/printerSettings1.bin'
16:50:57.242 [main] DEBUG - Save part 'xl/sharedStrings.xml'
16:50:57.242 [main] DEBUG - Save part 'xl/styles.xml'
16:50:57.243 [main] DEBUG - Save part 'xl/theme/theme1.xml'
16:50:57.243 [main] DEBUG - Save part 'xl/workbook.xml'
16:50:57.245 [main] DEBUG - Save part 'xl/worksheets/sheet1.xml'
16:51:37.468 [main] DEBUG - Parsing relationship: /xl/_rels/workbook.xml.rels
16:51:37.470 [main] DEBUG - Parsing relationship: /xl/worksheets/_rels/sheet1.xml.rels
16:51:37.471 [main] DEBUG - Parsing relationship: /_rels/.rels
16:51:37.484 [main] DEBUG - using default POIXMLDocumentPart for http://schemas.openxmlformats.org/officeDocument/2006/relationships/printerSettings
16:51:37.503 [main] DEBUG - Save content types part
16:51:37.505 [main] DEBUG - Save package relationships
16:51:37.507 [main] DEBUG - Save part 'docProps/app.xml'
16:51:37.507 [main] DEBUG - Save part 'docProps/core.xml'
16:51:37.509 [main] DEBUG - Save part 'xl/printerSettings/printerSettings1.bin'
16:51:37.509 [main] DEBUG - Save part 'xl/sharedStrings.xml'
16:51:37.510 [main] DEBUG - Save part 'xl/styles.xml'
16:51:37.510 [main] DEBUG - Save part 'xl/theme/theme1.xml'
16:51:37.510 [main] DEBUG - Save part 'xl/workbook.xml'
16:51:37.512 [main] DEBUG - Save part 'xl/worksheets/sheet1.xml'
17:09:35.103 [main] DEBUG - Parsing relationship: /xl/_rels/workbook.xml.rels
17:09:35.113 [main] DEBUG - Parsing relationship: /xl/worksheets/_rels/sheet1.xml.rels
17:09:35.115 [main] DEBUG - Parsing relationship: /_rels/.rels
17:09:35.711 [main] TRACE - Loading type system org.apache.poi.schemas.ooxml.system.ooxml
17:09:35.721 [main] TRACE - Loading type system org.apache.xmlbeans.metadata.system.sXMLCONFIG
17:09:35.725 [main] TRACE - Loading type system org.apache.xmlbeans.metadata.system.sXMLLANG
17:09:35.727 [main] TRACE - Loading type system org.apache.xmlbeans.metadata.system.sXMLSCHEMA
17:09:35.729 [main] TRACE - Loading type system org.apache.xmlbeans.metadata.system.sXMLTOOLS
17:09:35.736 [main] TRACE - Reading unresolved handles for type system org.apache.xmlbeans.metadata.system.sXMLTOOLS
17:09:35.780 [main] TRACE - Finished loading type system org.apache.xmlbeans.metadata.system.sXMLTOOLS
17:09:35.784 [main] TRACE - Reading unresolved handles for type system org.apache.xmlbeans.metadata.system.sXMLSCHEMA
17:09:35.799 [main] TRACE - Finished loading type system org.apache.xmlbeans.metadata.system.sXMLSCHEMA
17:09:35.802 [main] TRACE - Reading unresolved handles for type system org.apache.xmlbeans.metadata.system.sXMLLANG
17:09:35.805 [main] TRACE - Finished loading type system org.apache.xmlbeans.metadata.system.sXMLLANG
17:09:35.808 [main] TRACE - Reading unresolved handles for type system org.apache.xmlbeans.metadata.system.sXMLCONFIG
17:09:35.809 [main] TRACE - Finished loading type system org.apache.xmlbeans.metadata.system.sXMLCONFIG
17:09:35.812 [main] TRACE - Reading unresolved handles for type system org.apache.poi.schemas.ooxml.system.ooxml
17:09:35.916 [main] TRACE - Finished loading type system org.apache.poi.schemas.ooxml.system.ooxml
17:09:35.918 [main] TRACE - Resolving type for handle themefd26doctype
17:09:36.064 [main] TRACE - Resolving type for handle stylesheet5d8bdoctype
17:09:36.078 [main] TRACE - Resolving type for handle ctstylesheet4257type
17:09:36.092 [main] TRACE - Resolving type for handle ctnumfmtsb58btype
17:09:36.098 [main] TRACE - Resolving type for handle ctfonts6623type
17:09:36.108 [main] TRACE - Resolving type for handle ctfont14d8type
17:09:36.128 [main] TRACE - Resolving type for handle ctfills2c6ftype
17:09:36.134 [main] TRACE - Resolving type for handle ctfill550ctype
17:09:36.141 [main] TRACE - Resolving type for handle ctborders0d66type
17:09:36.148 [main] TRACE - Resolving type for handle ctborderf935type
17:09:36.164 [main] TRACE - Resolving type for handle ctcellxfs1322type
17:09:36.171 [main] TRACE - Resolving type for handle ctxf97f7type
17:09:36.181 [main] TRACE - Resolving type for handle ctcellstylexfsa81ftype
17:09:36.186 [main] TRACE - Resolving type for handle ctdxfsb26atype
17:09:36.194 [main] TRACE - Resolving type for handle cttablestyles872ftype
17:09:36.205 [main] TRACE - Resolving type for handle sstf81fdoctype
17:09:36.215 [main] TRACE - Resolving type for handle ctsst44f3type
