19:57:48.410 [main] TRACE - Resolving type for handle worksheetf539doctype
19:57:48.443 [main] TRACE - Resolving type for handle ctworksheet530dtype
19:57:48.459 [main] TRACE - Resolving type for handle ctcols627ctype
19:57:48.465 [main] TRACE - Resolving type for handle ctcola95ftype
19:57:48.486 [main] TRACE - Resolving type for handle ctsheetdata8408type
19:57:48.489 [main] TRACE - Resolving type for handle ctrowdd39type
19:57:48.493 [main] TRACE - Resolving type for handle ctcell842btype
19:57:48.500 [main] TRACE - Resolving type for handle stcellrefe4e0type
19:57:48.508 [main] TRACE - Resolving type for handle stxstringf179type
19:57:48.518 [main] TRACE - Resolving type for handle stcelltypebf95type
19:57:48.529 [main] TRACE - Resolving type for handle stcellstylexfid70c7type
19:57:48.534 [main] TRACE - Resolving type for handle ctsheetdimensiond310type
19:57:48.535 [main] TRACE - Resolving type for handle stref90a2type
19:57:48.557 [main] TRACE - Resolving type for handle propertiesee84doctype
19:57:48.560 [main] TRACE - Resolving type for handle ctproperties3f10type
19:57:48.569 [main] TRACE - Resolving type for handle properties288cdoctype
19:57:48.570 [main] TRACE - Resolving type for handle ctproperties2c18type
19:57:48.583 [main] DEBUG - Save content types part
19:57:48.646 [main] DEBUG - Save package relationships
19:57:48.650 [main] DEBUG - Save part 'docProps/app.xml'
19:57:48.650 [main] DEBUG - Save part 'docProps/core.xml'
19:57:48.654 [main] DEBUG - Save part 'xl/printerSettings/printerSettings1.bin'
19:57:48.654 [main] DEBUG - Save part 'xl/sharedStrings.xml'
19:57:48.654 [main] DEBUG - Save part 'xl/styles.xml'
19:57:48.655 [main] DEBUG - Save part 'xl/theme/theme1.xml'
19:57:48.655 [main] DEBUG - Save part 'xl/workbook.xml'
19:57:48.657 [main] DEBUG - Save part 'xl/worksheets/sheet1.xml'
20:01:48.737 [main] DEBUG - Parsing relationship: /xl/_rels/workbook.xml.rels
20:01:48.743 [main] DEBUG - Parsing relationship: /xl/worksheets/_rels/sheet1.xml.rels
20:01:48.744 [main] DEBUG - Parsing relationship: /_rels/.rels
20:01:48.909 [main] TRACE - Loading type system org.apache.poi.schemas.ooxml.system.ooxml
20:01:48.912 [main] TRACE - Loading type system org.apache.xmlbeans.metadata.system.sXMLCONFIG
20:01:48.913 [main] TRACE - Loading type system org.apache.xmlbeans.metadata.system.sXMLLANG
20:01:48.914 [main] TRACE - Loading type system org.apache.xmlbeans.metadata.system.sXMLSCHEMA
20:01:48.915 [main] TRACE - Loading type system org.apache.xmlbeans.metadata.system.sXMLTOOLS
20:01:48.916 [main] TRACE - Reading unresolved handles for type system org.apache.xmlbeans.metadata.system.sXMLTOOLS
20:01:48.929 [main] TRACE - Finished loading type system org.apache.xmlbeans.metadata.system.sXMLTOOLS
20:01:48.931 [main] TRACE - Reading unresolved handles for type system org.apache.xmlbeans.metadata.system.sXMLSCHEMA
20:01:48.935 [main] TRACE - Finished loading type system org.apache.xmlbeans.metadata.system.sXMLSCHEMA
20:01:48.936 [main] TRACE - Reading unresolved handles for type system org.apache.xmlbeans.metadata.system.sXMLLANG
20:01:48.937 [main] TRACE - Finished loading type system org.apache.xmlbeans.metadata.system.sXMLLANG
20:01:48.938 [main] TRACE - Reading unresolved handles for type system org.apache.xmlbeans.metadata.system.sXMLCONFIG
20:01:48.939 [main] TRACE - Finished loading type system org.apache.xmlbeans.metadata.system.sXMLCONFIG
20:01:48.940 [main] TRACE - Reading unresolved handles for type system org.apache.poi.schemas.ooxml.system.ooxml
20:01:48.990 [main] TRACE - Finished loading type system org.apache.poi.schemas.ooxml.system.ooxml
20:01:48.991 [main] TRACE - Resolving type for handle themefd26doctype
20:01:49.047 [main] TRACE - Resolving type for handle stylesheet5d8bdoctype
20:01:49.052 [main] TRACE - Resolving type for handle ctstylesheet4257type
20:01:49.056 [main] TRACE - Resolving type for handle ctnumfmtsb58btype
20:01:49.058 [main] TRACE - Resolving type for handle ctfonts6623type
20:01:49.060 [main] TRACE - Resolving type for handle ctfont14d8type
20:01:49.072 [main] TRACE - Resolving type for handle ctfills2c6ftype
20:01:49.074 [main] TRACE - Resolving type for handle ctfill550ctype
20:01:49.076 [main] TRACE - Resolving type for handle ctborders0d66type
20:01:49.078 [main] TRACE - Resolving type for handle ctborderf935type
20:01:49.083 [main] TRACE - Resolving type for handle ctcellxfs1322type
20:01:49.085 [main] TRACE - Resolving type for handle ctxf97f7type
20:01:49.088 [main] TRACE - Resolving type for handle ctcellstylexfsa81ftype
20:01:49.090 [main] TRACE - Resolving type for handle ctdxfsb26atype
20:01:49.092 [main] TRACE - Resolving type for handle cttablestyles872ftype
20:01:49.095 [main] TRACE - Resolving type for handle sstf81fdoctype
20:01:49.100 [main] TRACE - Resolving type for handle ctsst44f3type
20:01:49.116 [main] TRACE - Resolving type for handle ctrsta472type
20:01:49.133 [main] DEBUG - using default POIXMLDocumentPart for http://schemas.openxmlformats.org/officeDocument/2006/relationships/printerSettings
20:01:49.134 [main] TRACE - Resolving type for handle workbookec17doctype
20:01:49.138 [main] TRACE - Resolving type for handle ctworkbook83c3type
20:01:49.147 [main] TRACE - Resolving type for handle ctsheets49fdtype
20:01:49.152 [main] TRACE - Resolving type for handle ctsheet4dbetype
20:01:49.155 [main] TRACE - Resolving type for handle strelationshipid1e94type
20:01:49.156 [main] TRACE - Resolving type for handle worksheetf539doctype
20:01:49.161 [main] TRACE - Resolving type for handle ctworksheet530dtype
20:01:49.168 [main] TRACE - Resolving type for handle ctcols627ctype
20:01:49.172 [main] TRACE - Resolving type for handle ctcola95ftype
20:01:49.187 [main] TRACE - Resolving type for handle ctsheetdata8408type
20:01:49.191 [main] TRACE - Resolving type for handle ctrowdd39type
20:01:49.196 [main] TRACE - Resolving type for handle ctcell842btype
20:01:49.201 [main] TRACE - Resolving type for handle stcellrefe4e0type
20:01:49.207 [main] TRACE - Resolving type for handle stxstringf179type
20:01:49.209 [main] TRACE - Resolving type for handle stcelltypebf95type
20:01:49.219 [main] TRACE - Resolving type for handle stcellstylexfid70c7type
20:01:49.223 [main] TRACE - Resolving type for handle ctsheetdimensiond310type
20:01:49.224 [main] TRACE - Resolving type for handle stref90a2type
20:01:49.240 [main] TRACE - Resolving type for handle propertiesee84doctype
20:01:49.241 [main] TRACE - Resolving type for handle ctproperties3f10type
20:01:49.248 [main] TRACE - Resolving type for handle properties288cdoctype
20:01:49.250 [main] TRACE - Resolving type for handle ctproperties2c18type
20:01:49.264 [main] DEBUG - Save content types part
20:01:49.337 [main] DEBUG - Save package relationships
20:01:49.340 [main] DEBUG - Save part 'docProps/app.xml'
20:01:49.340 [main] DEBUG - Save part 'docProps/core.xml'
20:01:49.343 [main] DEBUG - Save part 'xl/printerSettings/printerSettings1.bin'
20:01:49.343 [main] DEBUG - Save part 'xl/sharedStrings.xml'
20:01:49.344 [main] DEBUG - Save part 'xl/styles.xml'
20:01:49.344 [main] DEBUG - Save part 'xl/theme/theme1.xml'
20:01:49.344 [main] DEBUG - Save part 'xl/workbook.xml'
20:01:49.348 [main] DEBUG - Save part 'xl/worksheets/sheet1.xml'
13:11:27.398 [main] DEBUG - Parsing relationship: /xl/_rels/workbook.xml.rels
13:11:27.424 [main] DEBUG - Parsing relationship: /xl/worksheets/_rels/sheet1.xml.rels
13:11:27.426 [main] DEBUG - Parsing relationship: /_rels/.rels
13:11:27.787 [main] TRACE - Loading type system org.apache.poi.schemas.ooxml.system.ooxml
13:11:27.792 [main] TRACE - Loading type system org.apache.xmlbeans.metadata.system.sXMLCONFIG
13:11:27.794 [main] TRACE - Loading type system org.apache.xmlbeans.metadata.system.sXMLLANG
13:11:27.794 [main] TRACE - Loading type system org.apache.xmlbeans.metadata.system.sXMLSCHEMA
13:11:27.795 [main] TRACE - Loading type system org.apache.xmlbeans.metadata.system.sXMLTOOLS
13:11:27.798 [main] TRACE - Reading unresolved handles for type system org.apache.xmlbeans.metadata.system.sXMLTOOLS
13:11:27.818 [main] TRACE - Finished loading type system org.apache.xmlbeans.metadata.system.sXMLTOOLS
13:11:27.820 [main] TRACE - Reading unresolved handles for type system org.apache.xmlbeans.metadata.system.sXMLSCHEMA
13:11:27.826 [main] TRACE - Finished loading type system org.apache.xmlbeans.metadata.system.sXMLSCHEMA
13:11:27.828 [main] TRACE - Reading unresolved handles for type system org.apache.xmlbeans.metadata.system.sXMLLANG
13:11:27.831 [main] TRACE - Finished loading type system org.apache.xmlbeans.metadata.system.sXMLLANG
13:11:27.835 [main] TRACE - Reading unresolved handles for type system org.apache.xmlbeans.metadata.system.sXMLCONFIG
13:11:27.836 [main] TRACE - Finished loading type system org.apache.xmlbeans.metadata.system.sXMLCONFIG
13:11:27.839 [main] TRACE - Reading unresolved handles for type system org.apache.poi.schemas.ooxml.system.ooxml
13:11:27.927 [main] TRACE - Finished loading type system org.apache.poi.schemas.ooxml.system.ooxml
13:11:27.929 [main] TRACE - Resolving type for handle themefd26doctype
13:11:28.038 [main] TRACE - Resolving type for handle stylesheet5d8bdoctype
13:11:28.050 [main] TRACE - Resolving type for handle ctstylesheet4257type
13:11:28.062 [main] TRACE - Resolving type for handle ctnumfmtsb58btype
13:11:28.068 [main] TRACE - Resolving type for handle ctfonts6623type
13:11:28.074 [main] TRACE - Resolving type for handle ctfont14d8type
13:11:28.115 [main] TRACE - Resolving type for handle ctfills2c6ftype
13:11:28.120 [main] TRACE - Resolving type for handle ctfill550ctype
13:11:28.125 [main] TRACE - Resolving type for handle ctborders0d66type
13:11:28.130 [main] TRACE - Resolving type for handle ctborderf935type
13:11:28.139 [main] TRACE - Resolving type for handle ctcellxfs1322type
13:11:28.144 [main] TRACE - Resolving type for handle ctxf97f7type
13:11:28.150 [main] TRACE - Resolving type for handle ctcellstylexfsa81ftype
13:11:28.155 [main] TRACE - Resolving type for handle ctdxfsb26atype
13:11:28.160 [main] TRACE - Resolving type for handle cttablestyles872ftype
13:11:28.168 [main] TRACE - Resolving type for handle sstf81fdoctype
13:11:28.177 [main] TRACE - Resolving type for handle ctsst44f3type
13:11:28.197 [main] TRACE - Resolving type for handle ctrsta472type
13:11:28.248 [main] DEBUG - using default POIXMLDocumentPart for http://schemas.openxmlformats.org/officeDocument/2006/relationships/printerSettings
13:11:28.250 [main] TRACE - Resolving type for handle workbookec17doctype
13:11:28.258 [main] TRACE - Resolving type for handle ctworkbook83c3type
13:11:28.279 [main] TRACE - Resolving type for handle ctsheets49fdtype
13:11:28.284 [main] TRACE - Resolving type for handle ctsheet4dbetype
13:11:28.289 [main] TRACE - Resolving type for handle strelationshipid1e94type
13:11:28.293 [main] TRACE - Resolving type for handle worksheetf539doctype
13:11:28.305 [main] TRACE - Resolving type for handle ctworksheet530dtype
13:11:28.322 [main] TRACE - Resolving type for handle ctcols627ctype
13:11:28.331 [main] TRACE - Resolving type for handle ctcola95ftype
13:11:28.396 [main] TRACE - Resolving type for handle ctsheetdata8408type
13:11:28.424 [main] TRACE - Resolving type for handle ctrowdd39type
13:11:28.445 [main] TRACE - Resolving type for handle ctcell842btype
13:11:28.474 [main] TRACE - Resolving type for handle stcellrefe4e0type
13:11:28.502 [main] TRACE - Resolving type for handle stxstringf179type
13:11:28.515 [main] TRACE - Resolving type for handle stcelltypebf95type
13:11:28.544 [main] TRACE - Resolving type for handle stcellstylexfid70c7type
13:11:28.550 [main] TRACE - Resolving type for handle ctsheetdimensiond310type
13:11:28.553 [main] TRACE - Resolving type for handle stref90a2type
13:11:28.573 [main] TRACE - Resolving type for handle propertiesee84doctype
13:11:28.576 [main] TRACE - Resolving type for handle ctproperties3f10type
13:11:28.589 [main] TRACE - Resolving type for handle properties288cdoctype
13:11:28.591 [main] TRACE - Resolving type for handle ctproperties2c18type
13:11:28.606 [main] DEBUG - Save content types part
13:11:28.687 [main] DEBUG - Save package relationships
13:11:28.693 [main] DEBUG - Save part 'docProps/app.xml'
13:11:28.693 [main] DEBUG - Save part 'docProps/core.xml'
13:11:28.697 [main] DEBUG - Save part 'xl/printerSettings/printerSettings1.bin'
13:11:28.697 [main] DEBUG - Save part 'xl/sharedStrings.xml'
13:11:28.698 [main] DEBUG - Save part 'xl/styles.xml'
13:11:28.698 [main] DEBUG - Save part 'xl/theme/theme1.xml'
13:11:28.699 [main] DEBUG - Save part 'xl/workbook.xml'
13:11:28.701 [main] DEBUG - Save part 'xl/worksheets/sheet1.xml'
19:51:55.232 [main] DEBUG - Parsing relationship: /xl/_rels/workbook.xml.rels
19:51:55.258 [main] DEBUG - Parsing relationship: /xl/worksheets/_rels/sheet1.xml.rels
19:51:55.263 [main] DEBUG - Parsing relationship: /_rels/.rels
19:51:55.913 [main] TRACE - Loading type system org.apache.poi.schemas.ooxml.system.ooxml
19:51:55.921 [main] TRACE - Loading type system org.apache.xmlbeans.metadata.system.sXMLCONFIG
19:51:55.923 [main] TRACE - Loading type system org.apache.xmlbeans.metadata.system.sXMLLANG
19:51:55.923 [main] TRACE - Loading type system org.apache.xmlbeans.metadata.system.sXMLSCHEMA
19:51:55.925 [main] TRACE - Loading type system org.apache.xmlbeans.metadata.system.sXMLTOOLS
19:51:55.928 [main] TRACE - Reading unresolved handles for type system org.apache.xmlbeans.metadata.system.sXMLTOOLS
19:51:55.958 [main] TRACE - Finished loading type system org.apache.xmlbeans.metadata.system.sXMLTOOLS
19:51:55.960 [main] TRACE - Reading unresolved handles for type system org.apache.xmlbeans.metadata.system.sXMLSCHEMA
19:51:55.968 [main] TRACE - Finished loading type system org.apache.xmlbeans.metadata.system.sXMLSCHEMA
19:51:55.970 [main] TRACE - Reading unresolved handles for type system org.apache.xmlbeans.metadata.system.sXMLLANG
19:51:55.972 [main] TRACE - Finished loading type system org.apache.xmlbeans.metadata.system.sXMLLANG
19:51:55.974 [main] TRACE - Reading unresolved handles for type system org.apache.xmlbeans.metadata.system.sXMLCONFIG
19:51:55.977 [main] TRACE - Finished loading type system org.apache.xmlbeans.metadata.system.sXMLCONFIG
19:51:55.979 [main] TRACE - Reading unresolved handles for type system org.apache.poi.schemas.ooxml.system.ooxml
19:51:56.125 [main] TRACE - Finished loading type system org.apache.poi.schemas.ooxml.system.ooxml
19:51:56.126 [main] TRACE - Resolving type for handle themefd26doctype
19:51:56.290 [main] TRACE - Resolving type for handle stylesheet5d8bdoctype
19:51:56.305 [main] TRACE - Resolving type for handle ctstylesheet4257type
19:51:56.314 [main] TRACE - Resolving type for handle ctnumfmtsb58btype
19:51:56.321 [main] TRACE - Resolving type for handle ctfonts6623type
19:51:56.328 [main] TRACE - Resolving type for handle ctfont14d8type
19:51:56.348 [main] TRACE - Resolving type for handle ctfills2c6ftype
19:51:56.355 [main] TRACE - Resolving type for handle ctfill550ctype
19:51:56.361 [main] TRACE - Resolving type for handle ctborders0d66type
19:51:56.369 [main] TRACE - Resolving type for handle ctborderf935type
19:51:56.380 [main] TRACE - Resolving type for handle ctcellxfs1322type
19:51:56.389 [main] TRACE - Resolving type for handle ctxf97f7type
19:51:56.398 [main] TRACE - Resolving type for handle ctcellstylexfsa81ftype
19:51:56.404 [main] TRACE - Resolving type for handle ctdxfsb26atype
19:51:56.413 [main] TRACE - Resolving type for handle cttablestyles872ftype
19:51:56.423 [main] TRACE - Resolving type for handle sstf81fdoctype
19:51:56.437 [main] TRACE - Resolving type for handle ctsst44f3type
19:51:56.460 [main] TRACE - Resolving type for handle ctrsta472type
19:51:56.515 [main] DEBUG - using default POIXMLDocumentPart for http://schemas.openxmlformats.org/officeDocument/2006/relationships/printerSettings
19:51:56.520 [main] TRACE - Resolving type for handle workbookec17doctype
19:51:56.536 [main] TRACE - Resolving type for handle ctworkbook83c3type
19:51:56.559 [main] TRACE - Resolving type for handle ctsheets49fdtype
19:51:56.567 [main] TRACE - Resolving type for handle ctsheet4dbetype
19:51:56.576 [main] TRACE - Resolving type for handle strelationshipid1e94type
19:51:56.585 [main] TRACE - Resolving type for handle worksheetf539doctype
19:51:56.603 [main] TRACE - Resolving type for handle ctworksheet530dtype
19:51:56.641 [main] TRACE - Resolving type for handle ctcols627ctype
19:51:56.664 [main] TRACE - Resolving type for handle ctcola95ftype
19:51:56.743 [main] TRACE - Resolving type for handle ctsheetdata8408type
19:51:56.752 [main] TRACE - Resolving type for handle ctrowdd39type
19:51:56.766 [main] TRACE - Resolving type for handle ctcell842btype
19:51:56.794 [main] TRACE - Resolving type for handle stcellrefe4e0type
19:51:56.819 [main] TRACE - Resolving type for handle stxstringf179type
19:51:56.832 [main] TRACE - Resolving type for handle stcelltypebf95type
19:51:56.867 [main] TRACE - Resolving type for handle stcellstylexfid70c7type
19:51:56.889 [main] TRACE - Resolving type for handle ctsheetdimensiond310type
19:51:56.894 [main] TRACE - Resolving type for handle stref90a2type
19:51:56.937 [main] TRACE - Resolving type for handle propertiesee84doctype
19:51:56.942 [main] TRACE - Resolving type for handle ctproperties3f10type
19:51:56.958 [main] TRACE - Resolving type for handle properties288cdoctype
19:51:56.962 [main] TRACE - Resolving type for handle ctproperties2c18type
19:51:56.996 [main] DEBUG - Save content types part
19:51:57.155 [main] DEBUG - Save package relationships
19:51:57.162 [main] DEBUG - Save part 'docProps/app.xml'
19:51:57.163 [main] DEBUG - Save part 'docProps/core.xml'
19:51:57.169 [main] DEBUG - Save part 'xl/printerSettings/printerSettings1.bin'
19:51:57.170 [main] DEBUG - Save part 'xl/sharedStrings.xml'
19:51:57.171 [main] DEBUG - Save part 'xl/styles.xml'
19:51:57.172 [main] DEBUG - Save part 'xl/theme/theme1.xml'
19:51:57.173 [main] DEBUG - Save part 'xl/workbook.xml'
19:51:57.177 [main] DEBUG - Save part 'xl/worksheets/sheet1.xml'
20:28:03.210 [main] DEBUG - Parsing relationship: /xl/_rels/workbook.xml.rels
20:28:03.229 [main] DEBUG - Parsing relationship: /xl/worksheets/_rels/sheet1.xml.rels
20:28:03.232 [main] DEBUG - Parsing relationship: /_rels/.rels
20:28:03.787 [main] TRACE - Loading type system org.apache.poi.schemas.ooxml.system.ooxml
20:28:03.794 [main] TRACE - Loading type system org.apache.xmlbeans.metadata.system.sXMLCONFIG
20:28:03.795 [main] TRACE - Loading type system org.apache.xmlbeans.metadata.system.sXMLLANG
20:28:03.798 [main] TRACE - Loading type system org.apache.xmlbeans.metadata.system.sXMLSCHEMA
20:28:03.798 [main] TRACE - Loading type system org.apache.xmlbeans.metadata.system.sXMLTOOLS
20:28:03.801 [main] TRACE - Reading unresolved handles for type system org.apache.xmlbeans.metadata.system.sXMLTOOLS
20:28:03.831 [main] TRACE - Finished loading type system org.apache.xmlbeans.metadata.system.sXMLTOOLS
20:28:03.834 [main] TRACE - Reading unresolved handles for type system org.apache.xmlbeans.metadata.system.sXMLSCHEMA
20:28:03.845 [main] TRACE - Finished loading type system org.apache.xmlbeans.metadata.system.sXMLSCHEMA
20:28:03.848 [main] TRACE - Reading unresolved handles for type system org.apache.xmlbeans.metadata.system.sXMLLANG
20:28:03.850 [main] TRACE - Finished loading type system org.apache.xmlbeans.metadata.system.sXMLLANG
20:28:03.852 [main] TRACE - Reading unresolved handles for type system org.apache.xmlbeans.metadata.system.sXMLCONFIG
20:28:03.854 [main] TRACE - Finished loading type system org.apache.xmlbeans.metadata.system.sXMLCONFIG
20:28:03.855 [main] TRACE - Reading unresolved handles for type system org.apache.poi.schemas.ooxml.system.ooxml
20:28:04.000 [main] TRACE - Finished loading type system org.apache.poi.schemas.ooxml.system.ooxml
20:28:04.001 [main] TRACE - Resolving type for handle themefd26doctype
20:28:04.165 [main] TRACE - Resolving type for handle stylesheet5d8bdoctype
20:28:04.179 [main] TRACE - Resolving type for handle ctstylesheet4257type
20:28:04.191 [main] TRACE - Resolving type for handle ctnumfmtsb58btype
20:28:04.199 [main] TRACE - Resolving type for handle ctfonts6623type
20:28:04.207 [main] TRACE - Resolving type for handle ctfont14d8type
20:28:04.224 [main] TRACE - Resolving type for handle ctfills2c6ftype
20:28:04.229 [main] TRACE - Resolving type for handle ctfill550ctype
20:28:04.232 [main] TRACE - Resolving type for handle ctborders0d66type
20:28:04.239 [main] TRACE - Resolving type for handle ctborderf935type
20:28:04.245 [main] TRACE - Resolving type for handle ctcellxfs1322type
20:28:04.251 [main] TRACE - Resolving type for handle ctxf97f7type
20:28:04.257 [main] TRACE - Resolving type for handle ctcellstylexfsa81ftype
20:28:04.261 [main] TRACE - Resolving type for handle ctdxfsb26atype
20:28:04.267 [main] TRACE - Resolving type for handle cttablestyles872ftype
20:28:04.277 [main] TRACE - Resolving type for handle sstf81fdoctype
20:28:04.286 [main] TRACE - Resolving type for handle ctsst44f3type
20:28:04.305 [main] TRACE - Resolving type for handle ctrsta472type
20:28:04.395 [main] DEBUG - using default POIXMLDocumentPart for http://schemas.openxmlformats.org/officeDocument/2006/relationships/printerSettings
20:28:04.398 [main] TRACE - Resolving type for handle workbookec17doctype
20:28:04.410 [main] TRACE - Resolving type for handle ctworkbook83c3type
20:28:04.426 [main] TRACE - Resolving type for handle ctsheets49fdtype
20:28:04.432 [main] TRACE - Resolving type for handle ctsheet4dbetype
20:28:04.436 [main] TRACE - Resolving type for handle strelationshipid1e94type
20:28:04.441 [main] TRACE - Resolving type for handle worksheetf539doctype
20:28:04.454 [main] TRACE - Resolving type for handle ctworksheet530dtype
20:28:04.492 [main] TRACE - Resolving type for handle ctcols627ctype
20:28:04.501 [main] TRACE - Resolving type for handle ctcola95ftype
20:28:04.550 [main] TRACE - Resolving type for handle ctsheetdata8408type
20:28:04.557 [main] TRACE - Resolving type for handle ctrowdd39type
20:28:04.576 [main] TRACE - Resolving type for handle ctcell842btype
20:28:04.599 [main] TRACE - Resolving type for handle stcellrefe4e0type
20:28:04.629 [main] TRACE - Resolving type for handle stxstringf179type
20:28:04.638 [main] TRACE - Resolving type for handle stcelltypebf95type
20:28:04.687 [main] TRACE - Resolving type for handle stcellstylexfid70c7type
20:28:04.708 [main] TRACE - Resolving type for handle ctsheetdimensiond310type
20:28:04.715 [main] TRACE - Resolving type for handle stref90a2type
20:28:04.796 [main] TRACE - Resolving type for handle propertiesee84doctype
20:28:04.804 [main] TRACE - Resolving type for handle ctproperties3f10type
20:28:04.824 [main] TRACE - Resolving type for handle properties288cdoctype
20:28:04.828 [main] TRACE - Resolving type for handle ctproperties2c18type
20:28:04.866 [main] DEBUG - Save content types part
20:28:05.024 [main] DEBUG - Save package relationships
20:28:05.030 [main] DEBUG - Save part 'docProps/app.xml'
20:28:05.031 [main] DEBUG - Save part 'docProps/core.xml'
20:28:05.038 [main] DEBUG - Save part 'xl/printerSettings/printerSettings1.bin'
20:28:05.039 [main] DEBUG - Save part 'xl/sharedStrings.xml'
20:28:05.040 [main] DEBUG - Save part 'xl/styles.xml'
20:28:05.041 [main] DEBUG - Save part 'xl/theme/theme1.xml'
20:28:05.042 [main] DEBUG - Save part 'xl/workbook.xml'
20:28:05.047 [main] DEBUG - Save part 'xl/worksheets/sheet1.xml'
20:28:56.698 [main] DEBUG - Parsing relationship: /xl/_rels/workbook.xml.rels
20:28:56.702 [main] DEBUG - Parsing relationship: /xl/worksheets/_rels/sheet1.xml.rels
20:28:56.704 [main] DEBUG - Parsing relationship: /_rels/.rels
20:28:56.740 [main] DEBUG - using default POIXMLDocumentPart for http://schemas.openxmlformats.org/officeDocument/2006/relationships/printerSettings
20:28:56.794 [main] DEBUG - Save content types part
20:28:56.798 [main] DEBUG - Save package relationships
20:28:56.801 [main] DEBUG - Save part 'docProps/app.xml'
20:28:56.802 [main] DEBUG - Save part 'docProps/core.xml'
20:28:56.806 [main] DEBUG - Save part 'xl/printerSettings/printerSettings1.bin'
20:28:56.807 [main] DEBUG - Save part 'xl/sharedStrings.xml'
20:28:56.808 [main] DEBUG - Save part 'xl/styles.xml'
20:28:56.808 [main] DEBUG - Save part 'xl/theme/theme1.xml'
20:28:56.810 [main] DEBUG - Save part 'xl/workbook.xml'
20:28:56.814 [main] DEBUG - Save part 'xl/worksheets/sheet1.xml'
19:51:27.278 [main] DEBUG - Parsing relationship: /xl/_rels/workbook.xml.rels
19:51:27.295 [main] DEBUG - Parsing relationship: /xl/worksheets/_rels/sheet1.xml.rels
19:51:27.298 [main] DEBUG - Parsing relationship: /_rels/.rels
19:51:27.712 [main] TRACE - Loading type system org.apache.poi.schemas.ooxml.system.ooxml
19:51:27.721 [main] TRACE - Loading type system org.apache.xmlbeans.metadata.system.sXMLCONFIG
19:51:27.724 [main] TRACE - Loading type system org.apache.xmlbeans.metadata.system.sXMLLANG
19:51:27.724 [main] TRACE - Loading type system org.apache.xmlbeans.metadata.system.sXMLSCHEMA
19:51:27.725 [main] TRACE - Loading type system org.apache.xmlbeans.metadata.system.sXMLTOOLS
19:51:27.730 [main] TRACE - Reading unresolved handles for type system org.apache.xmlbeans.metadata.system.sXMLTOOLS
19:51:27.757 [main] TRACE - Finished loading type system org.apache.xmlbeans.metadata.system.sXMLTOOLS
19:51:27.759 [main] TRACE - Reading unresolved handles for type system org.apache.xmlbeans.metadata.system.sXMLSCHEMA
19:51:27.771 [main] TRACE - Finished loading type system org.apache.xmlbeans.metadata.system.sXMLSCHEMA
19:51:27.775 [main] TRACE - Reading unresolved handles for type system org.apache.xmlbeans.metadata.system.sXMLLANG
19:51:27.777 [main] TRACE - Finished loading type system org.apache.xmlbeans.metadata.system.sXMLLANG
19:51:27.780 [main] TRACE - Reading unresolved handles for type system org.apache.xmlbeans.metadata.system.sXMLCONFIG
19:51:27.781 [main] TRACE - Finished loading type system org.apache.xmlbeans.metadata.system.sXMLCONFIG
19:51:27.785 [main] TRACE - Reading unresolved handles for type system org.apache.poi.schemas.ooxml.system.ooxml
19:51:27.917 [main] TRACE - Finished loading type system org.apache.poi.schemas.ooxml.system.ooxml
19:51:27.919 [main] TRACE - Resolving type for handle themefd26doctype
19:51:28.063 [main] TRACE - Resolving type for handle stylesheet5d8bdoctype
19:51:28.078 [main] TRACE - Resolving type for handle ctstylesheet4257type
19:51:28.089 [main] TRACE - Resolving type for handle ctnumfmtsb58btype
19:51:28.096 [main] TRACE - Resolving type for handle ctfonts6623type
19:51:28.104 [main] TRACE - Resolving type for handle ctfont14d8type
19:51:28.120 [main] TRACE - Resolving type for handle ctfills2c6ftype
19:51:28.127 [main] TRACE - Resolving type for handle ctfill550ctype
19:51:28.132 [main] TRACE - Resolving type for handle ctborders0d66type
19:51:28.138 [main] TRACE - Resolving type for handle ctborderf935type
19:51:28.147 [main] TRACE - Resolving type for handle ctcellxfs1322type
19:51:28.154 [main] TRACE - Resolving type for handle ctxf97f7type
19:51:28.162 [main] TRACE - Resolving type for handle ctcellstylexfsa81ftype
19:51:28.167 [main] TRACE - Resolving type for handle ctdxfsb26atype
19:51:28.173 [main] TRACE - Resolving type for handle cttablestyles872ftype
19:51:28.181 [main] TRACE - Resolving type for handle sstf81fdoctype
19:51:28.191 [main] TRACE - Resolving type for handle ctsst44f3type
19:51:28.215 [main] TRACE - Resolving type for handle ctrsta472type
19:51:28.255 [main] DEBUG - using default POIXMLDocumentPart for http://schemas.openxmlformats.org/officeDocument/2006/relationships/printerSettings
19:51:28.257 [main] TRACE - Resolving type for handle workbookec17doctype
19:51:28.281 [main] TRACE - Resolving type for handle ctworkbook83c3type
19:51:28.294 [main] TRACE - Resolving type for handle ctsheets49fdtype
19:51:28.300 [main] TRACE - Resolving type for handle ctsheet4dbetype
19:51:28.304 [main] TRACE - Resolving type for handle strelationshipid1e94type
19:51:28.308 [main] TRACE - Resolving type for handle worksheetf539doctype
19:51:28.318 [main] TRACE - Resolving type for handle ctworksheet530dtype
19:51:28.342 [main] TRACE - Resolving type for handle ctcols627ctype
19:51:28.353 [main] TRACE - Resolving type for handle ctcola95ftype
19:51:28.404 [main] TRACE - Resolving type for handle ctsheetdata8408type
19:51:28.419 [main] TRACE - Resolving type for handle ctrowdd39type
19:51:28.434 [main] TRACE - Resolving type for handle ctcell842btype
19:51:28.462 [main] TRACE - Resolving type for handle stcellrefe4e0type
19:51:28.477 [main] TRACE - Resolving type for handle stxstringf179type
19:51:28.484 [main] TRACE - Resolving type for handle stcelltypebf95type
19:51:28.515 [main] TRACE - Resolving type for handle stcellstylexfid70c7type
19:51:28.527 [main] TRACE - Resolving type for handle ctsheetdimensiond310type
19:51:28.531 [main] TRACE - Resolving type for handle stref90a2type
19:51:28.580 [main] TRACE - Resolving type for handle propertiesee84doctype
19:51:28.586 [main] TRACE - Resolving type for handle ctproperties3f10type
19:51:28.612 [main] TRACE - Resolving type for handle properties288cdoctype
19:51:28.616 [main] TRACE - Resolving type for handle ctproperties2c18type
19:51:28.661 [main] DEBUG - Save content types part
19:51:28.855 [main] DEBUG - Save package relationships
19:51:28.861 [main] DEBUG - Save part 'docProps/app.xml'
19:51:28.861 [main] DEBUG - Save part 'docProps/core.xml'
19:51:28.867 [main] DEBUG - Save part 'xl/printerSettings/printerSettings1.bin'
19:51:28.868 [main] DEBUG - Save part 'xl/sharedStrings.xml'
19:51:28.869 [main] DEBUG - Save part 'xl/styles.xml'
19:51:28.870 [main] DEBUG - Save part 'xl/theme/theme1.xml'
19:51:28.871 [main] DEBUG - Save part 'xl/workbook.xml'
19:51:28.876 [main] DEBUG - Save part 'xl/worksheets/sheet1.xml'
20:10:42.588 [main] DEBUG - Parsing relationship: /xl/_rels/workbook.xml.rels
20:10:42.607 [main] DEBUG - Parsing relationship: /xl/worksheets/_rels/sheet1.xml.rels
20:10:42.610 [main] DEBUG - Parsing relationship: /_rels/.rels
20:10:43.064 [main] TRACE - Loading type system org.apache.poi.schemas.ooxml.system.ooxml
20:10:43.072 [main] TRACE - Loading type system org.apache.xmlbeans.metadata.system.sXMLCONFIG
20:10:43.075 [main] TRACE - Loading type system org.apache.xmlbeans.metadata.system.sXMLLANG
20:10:43.075 [main] TRACE - Loading type system org.apache.xmlbeans.metadata.system.sXMLSCHEMA
20:10:43.076 [main] TRACE - Loading type system org.apache.xmlbeans.metadata.system.sXMLTOOLS
20:10:43.079 [main] TRACE - Reading unresolved handles for type system org.apache.xmlbeans.metadata.system.sXMLTOOLS
20:10:43.104 [main] TRACE - Finished loading type system org.apache.xmlbeans.metadata.system.sXMLTOOLS
20:10:43.108 [main] TRACE - Reading unresolved handles for type system org.apache.xmlbeans.metadata.system.sXMLSCHEMA
20:10:43.121 [main] TRACE - Finished loading type system org.apache.xmlbeans.metadata.system.sXMLSCHEMA
20:10:43.125 [main] TRACE - Reading unresolved handles for type system org.apache.xmlbeans.metadata.system.sXMLLANG
20:10:43.127 [main] TRACE - Finished loading type system org.apache.xmlbeans.metadata.system.sXMLLANG
20:10:43.131 [main] TRACE - Reading unresolved handles for type system org.apache.xmlbeans.metadata.system.sXMLCONFIG
20:10:43.132 [main] TRACE - Finished loading type system org.apache.xmlbeans.metadata.system.sXMLCONFIG
20:10:43.135 [main] TRACE - Reading unresolved handles for type system org.apache.poi.schemas.ooxml.system.ooxml
20:10:43.266 [main] TRACE - Finished loading type system org.apache.poi.schemas.ooxml.system.ooxml
20:10:43.267 [main] TRACE - Resolving type for handle themefd26doctype
20:10:43.427 [main] TRACE - Resolving type for handle stylesheet5d8bdoctype
20:10:43.436 [main] TRACE - Resolving type for handle ctstylesheet4257type
20:10:43.443 [main] TRACE - Resolving type for handle ctnumfmtsb58btype
20:10:43.449 [main] TRACE - Resolving type for handle ctfonts6623type
20:10:43.455 [main] TRACE - Resolving type for handle ctfont14d8type
20:10:43.467 [main] TRACE - Resolving type for handle ctfills2c6ftype
20:10:43.470 [main] TRACE - Resolving type for handle ctfill550ctype
20:10:43.475 [main] TRACE - Resolving type for handle ctborders0d66type
20:10:43.481 [main] TRACE - Resolving type for handle ctborderf935type
20:10:43.487 [main] TRACE - Resolving type for handle ctcellxfs1322type
20:10:43.495 [main] TRACE - Resolving type for handle ctxf97f7type
20:10:43.503 [main] TRACE - Resolving type for handle ctcellstylexfsa81ftype
20:10:43.507 [main] TRACE - Resolving type for handle ctdxfsb26atype
20:10:43.514 [main] TRACE - Resolving type for handle cttablestyles872ftype
20:10:43.521 [main] TRACE - Resolving type for handle sstf81fdoctype
20:10:43.533 [main] TRACE - Resolving type for handle ctsst44f3type
20:10:43.555 [main] TRACE - Resolving type for handle ctrsta472type
20:10:43.603 [main] DEBUG - using default POIXMLDocumentPart for http://schemas.openxmlformats.org/officeDocument/2006/relationships/printerSettings
20:10:43.606 [main] TRACE - Resolving type for handle workbookec17doctype
20:10:43.616 [main] TRACE - Resolving type for handle ctworkbook83c3type
20:10:43.627 [main] TRACE - Resolving type for handle ctsheets49fdtype
20:10:43.633 [main] TRACE - Resolving type for handle ctsheet4dbetype
20:10:43.638 [main] TRACE - Resolving type for handle strelationshipid1e94type
20:10:43.642 [main] TRACE - Resolving type for handle worksheetf539doctype
20:10:43.655 [main] TRACE - Resolving type for handle ctworksheet530dtype
20:10:43.673 [main] TRACE - Resolving type for handle ctcols627ctype
20:10:43.685 [main] TRACE - Resolving type for handle ctcola95ftype
20:10:43.731 [main] TRACE - Resolving type for handle ctsheetdata8408type
20:10:43.738 [main] TRACE - Resolving type for handle ctrowdd39type
20:10:43.748 [main] TRACE - Resolving type for handle ctcell842btype
20:10:43.764 [main] TRACE - Resolving type for handle stcellrefe4e0type
20:10:43.780 [main] TRACE - Resolving type for handle stxstringf179type
20:10:43.787 [main] TRACE - Resolving type for handle stcelltypebf95type
20:10:43.816 [main] TRACE - Resolving type for handle stcellstylexfid70c7type
20:10:43.826 [main] TRACE - Resolving type for handle ctsheetdimensiond310type
20:10:43.829 [main] TRACE - Resolving type for handle stref90a2type
20:10:43.871 [main] TRACE - Resolving type for handle propertiesee84doctype
20:10:43.877 [main] TRACE - Resolving type for handle ctproperties3f10type
20:10:43.891 [main] TRACE - Resolving type for handle properties288cdoctype
20:10:43.895 [main] TRACE - Resolving type for handle ctproperties2c18type
20:10:43.919 [main] DEBUG - Save content types part
20:10:44.069 [main] DEBUG - Save package relationships
20:10:44.075 [main] DEBUG - Save part 'docProps/app.xml'
20:10:44.076 [main] DEBUG - Save part 'docProps/core.xml'
20:10:44.082 [main] DEBUG - Save part 'xl/printerSettings/printerSettings1.bin'
20:10:44.083 [main] DEBUG - Save part 'xl/sharedStrings.xml'
20:10:44.084 [main] DEBUG - Save part 'xl/styles.xml'
20:10:44.085 [main] DEBUG - Save part 'xl/theme/theme1.xml'
20:10:44.086 [main] DEBUG - Save part 'xl/workbook.xml'
20:10:44.091 [main] DEBUG - Save part 'xl/worksheets/sheet1.xml'
20:25:19.160 [main] DEBUG - Parsing relationship: /xl/_rels/workbook.xml.rels
20:25:19.172 [main] DEBUG - Parsing relationship: /xl/worksheets/_rels/sheet1.xml.rels
20:25:19.174 [main] DEBUG - Parsing relationship: /_rels/.rels
20:25:19.489 [main] TRACE - Loading type system org.apache.poi.schemas.ooxml.system.ooxml
20:25:19.494 [main] TRACE - Loading type system org.apache.xmlbeans.metadata.system.sXMLCONFIG
20:25:19.496 [main] TRACE - Loading type system org.apache.xmlbeans.metadata.system.sXMLLANG
20:25:19.497 [main] TRACE - Loading type system org.apache.xmlbeans.metadata.system.sXMLSCHEMA
20:25:19.498 [main] TRACE - Loading type system org.apache.xmlbeans.metadata.system.sXMLTOOLS
20:25:19.500 [main] TRACE - Reading unresolved handles for type system org.apache.xmlbeans.metadata.system.sXMLTOOLS
20:25:19.525 [main] TRACE - Finished loading type system org.apache.xmlbeans.metadata.system.sXMLTOOLS
20:25:19.529 [main] TRACE - Reading unresolved handles for type system org.apache.xmlbeans.metadata.system.sXMLSCHEMA
20:25:19.536 [main] TRACE - Finished loading type system org.apache.xmlbeans.metadata.system.sXMLSCHEMA
20:25:19.540 [main] TRACE - Reading unresolved handles for type system org.apache.xmlbeans.metadata.system.sXMLLANG
20:25:19.542 [main] TRACE - Finished loading type system org.apache.xmlbeans.metadata.system.sXMLLANG
20:25:19.544 [main] TRACE - Reading unresolved handles for type system org.apache.xmlbeans.metadata.system.sXMLCONFIG
20:25:19.547 [main] TRACE - Finished loading type system org.apache.xmlbeans.metadata.system.sXMLCONFIG
20:25:19.549 [main] TRACE - Reading unresolved handles for type system org.apache.poi.schemas.ooxml.system.ooxml
20:25:19.651 [main] TRACE - Finished loading type system org.apache.poi.schemas.ooxml.system.ooxml
20:25:19.653 [main] TRACE - Resolving type for handle themefd26doctype
20:25:19.774 [main] TRACE - Resolving type for handle stylesheet5d8bdoctype
20:25:19.784 [main] TRACE - Resolving type for handle ctstylesheet4257type
20:25:19.793 [main] TRACE - Resolving type for handle ctnumfmtsb58btype
20:25:19.797 [main] TRACE - Resolving type for handle ctfonts6623type
20:25:19.803 [main] TRACE - Resolving type for handle ctfont14d8type
20:25:19.818 [main] TRACE - Resolving type for handle ctfills2c6ftype
20:25:19.822 [main] TRACE - Resolving type for handle ctfill550ctype
20:25:19.827 [main] TRACE - Resolving type for handle ctborders0d66type
20:25:19.830 [main] TRACE - Resolving type for handle ctborderf935type
20:25:19.837 [main] TRACE - Resolving type for handle ctcellxfs1322type
20:25:19.842 [main] TRACE - Resolving type for handle ctxf97f7type
20:25:19.849 [main] TRACE - Resolving type for handle ctcellstylexfsa81ftype
20:25:19.852 [main] TRACE - Resolving type for handle ctdxfsb26atype
20:25:19.857 [main] TRACE - Resolving type for handle cttablestyles872ftype
20:25:19.865 [main] TRACE - Resolving type for handle sstf81fdoctype
20:25:19.873 [main] TRACE - Resolving type for handle ctsst44f3type
20:25:19.892 [main] TRACE - Resolving type for handle ctrsta472type
20:25:19.937 [main] DEBUG - using default POIXMLDocumentPart for http://schemas.openxmlformats.org/officeDocument/2006/relationships/printerSettings
20:25:19.940 [main] TRACE - Resolving type for handle workbookec17doctype
20:25:19.947 [main] TRACE - Resolving type for handle ctworkbook83c3type
20:25:19.962 [main] TRACE - Resolving type for handle ctsheets49fdtype
20:25:19.967 [main] TRACE - Resolving type for handle ctsheet4dbetype
20:25:19.976 [main] TRACE - Resolving type for handle strelationshipid1e94type
20:25:19.982 [main] TRACE - Resolving type for handle worksheetf539doctype
20:25:19.999 [main] TRACE - Resolving type for handle ctworksheet530dtype
20:25:20.022 [main] TRACE - Resolving type for handle ctcols627ctype
20:25:20.032 [main] TRACE - Resolving type for handle ctcola95ftype
20:25:20.078 [main] TRACE - Resolving type for handle ctsheetdata8408type
20:25:20.082 [main] TRACE - Resolving type for handle ctrowdd39type
20:25:20.091 [main] TRACE - Resolving type for handle ctcell842btype
20:25:20.104 [main] TRACE - Resolving type for handle stcellrefe4e0type
20:25:20.119 [main] TRACE - Resolving type for handle stxstringf179type
20:25:20.127 [main] TRACE - Resolving type for handle stcelltypebf95type
20:25:20.159 [main] TRACE - Resolving type for handle stcellstylexfid70c7type
20:25:20.171 [main] TRACE - Resolving type for handle ctsheetdimensiond310type
20:25:20.175 [main] TRACE - Resolving type for handle stref90a2type
20:25:20.224 [main] TRACE - Resolving type for handle propertiesee84doctype
20:25:20.229 [main] TRACE - Resolving type for handle ctproperties3f10type
20:25:20.243 [main] TRACE - Resolving type for handle properties288cdoctype
20:25:20.246 [main] TRACE - Resolving type for handle ctproperties2c18type
20:25:20.273 [main] DEBUG - Save content types part
20:25:20.469 [main] DEBUG - Save package relationships
20:25:20.486 [main] DEBUG - Save part 'docProps/app.xml'
20:25:20.489 [main] DEBUG - Save part 'docProps/core.xml'
20:25:20.502 [main] DEBUG - Save part 'xl/printerSettings/printerSettings1.bin'
20:25:20.505 [main] DEBUG - Save part 'xl/sharedStrings.xml'
20:25:20.507 [main] DEBUG - Save part 'xl/styles.xml'
20:25:20.509 [main] DEBUG - Save part 'xl/theme/theme1.xml'
20:25:20.511 [main] DEBUG - Save part 'xl/workbook.xml'
20:25:20.521 [main] DEBUG - Save part 'xl/worksheets/sheet1.xml'
20:29:19.876 [main] DEBUG - Parsing relationship: /xl/_rels/workbook.xml.rels
20:29:19.886 [main] DEBUG - Parsing relationship: /xl/worksheets/_rels/sheet1.xml.rels
20:29:19.887 [main] DEBUG - Parsing relationship: /_rels/.rels
20:29:20.176 [main] TRACE - Loading type system org.apache.poi.schemas.ooxml.system.ooxml
20:29:20.182 [main] TRACE - Loading type system org.apache.xmlbeans.metadata.system.sXMLCONFIG
20:29:20.183 [main] TRACE - Loading type system org.apache.xmlbeans.metadata.system.sXMLLANG
20:29:20.185 [main] TRACE - Loading type system org.apache.xmlbeans.metadata.system.sXMLSCHEMA
20:29:20.185 [main] TRACE - Loading type system org.apache.xmlbeans.metadata.system.sXMLTOOLS
20:29:20.188 [main] TRACE - Reading unresolved handles for type system org.apache.xmlbeans.metadata.system.sXMLTOOLS
20:29:20.220 [main] TRACE - Finished loading type system org.apache.xmlbeans.metadata.system.sXMLTOOLS
20:29:20.225 [main] TRACE - Reading unresolved handles for type system org.apache.xmlbeans.metadata.system.sXMLSCHEMA
20:29:20.244 [main] TRACE - Finished loading type system org.apache.xmlbeans.metadata.system.sXMLSCHEMA
20:29:20.250 [main] TRACE - Reading unresolved handles for type system org.apache.xmlbeans.metadata.system.sXMLLANG
20:29:20.254 [main] TRACE - Finished loading type system org.apache.xmlbeans.metadata.system.sXMLLANG
20:29:20.258 [main] TRACE - Reading unresolved handles for type system org.apache.xmlbeans.metadata.system.sXMLCONFIG
20:29:20.261 [main] TRACE - Finished loading type system org.apache.xmlbeans.metadata.system.sXMLCONFIG
20:29:20.265 [main] TRACE - Reading unresolved handles for type system org.apache.poi.schemas.ooxml.system.ooxml
20:29:20.424 [main] TRACE - Finished loading type system org.apache.poi.schemas.ooxml.system.ooxml
20:29:20.426 [main] TRACE - Resolving type for handle themefd26doctype
20:29:20.540 [main] TRACE - Resolving type for handle stylesheet5d8bdoctype
20:29:20.550 [main] TRACE - Resolving type for handle ctstylesheet4257type
20:29:20.557 [main] TRACE - Resolving type for handle ctnumfmtsb58btype
20:29:20.561 [main] TRACE - Resolving type for handle ctfonts6623type
20:29:20.567 [main] TRACE - Resolving type for handle ctfont14d8type
20:29:20.581 [main] TRACE - Resolving type for handle ctfills2c6ftype
20:29:20.584 [main] TRACE - Resolving type for handle ctfill550ctype
20:29:20.587 [main] TRACE - Resolving type for handle ctborders0d66type
20:29:20.591 [main] TRACE - Resolving type for handle ctborderf935type
20:29:20.596 [main] TRACE - Resolving type for handle ctcellxfs1322type
20:29:20.600 [main] TRACE - Resolving type for handle ctxf97f7type
20:29:20.604 [main] TRACE - Resolving type for handle ctcellstylexfsa81ftype
20:29:20.607 [main] TRACE - Resolving type for handle ctdxfsb26atype
20:29:20.611 [main] TRACE - Resolving type for handle cttablestyles872ftype
20:29:20.616 [main] TRACE - Resolving type for handle sstf81fdoctype
20:29:20.627 [main] TRACE - Resolving type for handle ctsst44f3type
20:29:20.642 [main] TRACE - Resolving type for handle ctrsta472type
20:29:20.679 [main] DEBUG - using default POIXMLDocumentPart for http://schemas.openxmlformats.org/officeDocument/2006/relationships/printerSettings
20:29:20.680 [main] TRACE - Resolving type for handle workbookec17doctype
20:29:20.687 [main] TRACE - Resolving type for handle ctworkbook83c3type
20:29:20.696 [main] TRACE - Resolving type for handle ctsheets49fdtype
20:29:20.699 [main] TRACE - Resolving type for handle ctsheet4dbetype
20:29:20.703 [main] TRACE - Resolving type for handle strelationshipid1e94type
20:29:20.709 [main] TRACE - Resolving type for handle worksheetf539doctype
20:29:20.718 [main] TRACE - Resolving type for handle ctworksheet530dtype
20:29:20.732 [main] TRACE - Resolving type for handle ctcols627ctype
20:29:20.742 [main] TRACE - Resolving type for handle ctcola95ftype
20:29:20.811 [main] TRACE - Resolving type for handle ctsheetdata8408type
20:29:20.823 [main] TRACE - Resolving type for handle ctrowdd39type
20:29:20.839 [main] TRACE - Resolving type for handle ctcell842btype
20:29:20.863 [main] TRACE - Resolving type for handle stcellrefe4e0type
20:29:20.886 [main] TRACE - Resolving type for handle stxstringf179type
20:29:20.899 [main] TRACE - Resolving type for handle stcelltypebf95type
20:29:20.947 [main] TRACE - Resolving type for handle stcellstylexfid70c7type
20:29:20.962 [main] TRACE - Resolving type for handle ctsheetdimensiond310type
20:29:20.970 [main] TRACE - Resolving type for handle stref90a2type
20:29:21.027 [main] TRACE - Resolving type for handle propertiesee84doctype
20:29:21.030 [main] TRACE - Resolving type for handle ctproperties3f10type
20:29:21.041 [main] TRACE - Resolving type for handle properties288cdoctype
20:29:21.043 [main] TRACE - Resolving type for handle ctproperties2c18type
20:29:21.060 [main] DEBUG - Save content types part
20:29:21.132 [main] DEBUG - Save package relationships
20:29:21.135 [main] DEBUG - Save part 'docProps/app.xml'
20:29:21.137 [main] DEBUG - Save part 'docProps/core.xml'
20:29:21.141 [main] DEBUG - Save part 'xl/printerSettings/printerSettings1.bin'
20:29:21.142 [main] DEBUG - Save part 'xl/sharedStrings.xml'
20:29:21.142 [main] DEBUG - Save part 'xl/styles.xml'
20:29:21.143 [main] DEBUG - Save part 'xl/theme/theme1.xml'
20:29:21.144 [main] DEBUG - Save part 'xl/workbook.xml'
20:29:21.147 [main] DEBUG - Save part 'xl/worksheets/sheet1.xml'
20:31:32.334 [main] DEBUG - Parsing relationship: /xl/_rels/workbook.xml.rels
20:31:32.350 [main] DEBUG - Parsing relationship: /xl/worksheets/_rels/sheet1.xml.rels
20:31:32.352 [main] DEBUG - Parsing relationship: /_rels/.rels
20:31:32.757 [main] TRACE - Loading type system org.apache.poi.schemas.ooxml.system.ooxml
20:31:32.764 [main] TRACE - Loading type system org.apache.xmlbeans.metadata.system.sXMLCONFIG
20:31:32.766 [main] TRACE - Loading type system org.apache.xmlbeans.metadata.system.sXMLLANG
20:31:32.767 [main] TRACE - Loading type system org.apache.xmlbeans.metadata.system.sXMLSCHEMA
20:31:32.767 [main] TRACE - Loading type system org.apache.xmlbeans.metadata.system.sXMLTOOLS
20:31:32.770 [main] TRACE - Reading unresolved handles for type system org.apache.xmlbeans.metadata.system.sXMLTOOLS
20:31:32.795 [main] TRACE - Finished loading type system org.apache.xmlbeans.metadata.system.sXMLTOOLS
20:31:32.797 [main] TRACE - Reading unresolved handles for type system org.apache.xmlbeans.metadata.system.sXMLSCHEMA
20:31:32.809 [main] TRACE - Finished loading type system org.apache.xmlbeans.metadata.system.sXMLSCHEMA
20:31:32.811 [main] TRACE - Reading unresolved handles for type system org.apache.xmlbeans.metadata.system.sXMLLANG
20:31:32.813 [main] TRACE - Finished loading type system org.apache.xmlbeans.metadata.system.sXMLLANG
20:31:32.816 [main] TRACE - Reading unresolved handles for type system org.apache.xmlbeans.metadata.system.sXMLCONFIG
20:31:32.818 [main] TRACE - Finished loading type system org.apache.xmlbeans.metadata.system.sXMLCONFIG
20:31:32.822 [main] TRACE - Reading unresolved handles for type system org.apache.poi.schemas.ooxml.system.ooxml
20:31:32.964 [main] TRACE - Finished loading type system org.apache.poi.schemas.ooxml.system.ooxml
20:31:32.965 [main] TRACE - Resolving type for handle themefd26doctype
20:31:33.098 [main] TRACE - Resolving type for handle stylesheet5d8bdoctype
20:31:33.111 [main] TRACE - Resolving type for handle ctstylesheet4257type
20:31:33.122 [main] TRACE - Resolving type for handle ctnumfmtsb58btype
20:31:33.126 [main] TRACE - Resolving type for handle ctfonts6623type
20:31:33.131 [main] TRACE - Resolving type for handle ctfont14d8type
20:31:33.146 [main] TRACE - Resolving type for handle ctfills2c6ftype
20:31:33.151 [main] TRACE - Resolving type for handle ctfill550ctype
20:31:33.154 [main] TRACE - Resolving type for handle ctborders0d66type
20:31:33.170 [main] TRACE - Resolving type for handle ctborderf935type
20:31:33.175 [main] TRACE - Resolving type for handle ctcellxfs1322type
20:31:33.181 [main] TRACE - Resolving type for handle ctxf97f7type
20:31:33.187 [main] TRACE - Resolving type for handle ctcellstylexfsa81ftype
20:31:33.192 [main] TRACE - Resolving type for handle ctdxfsb26atype
20:31:33.197 [main] TRACE - Resolving type for handle cttablestyles872ftype
20:31:33.205 [main] TRACE - Resolving type for handle sstf81fdoctype
20:31:33.218 [main] TRACE - Resolving type for handle ctsst44f3type
20:31:33.238 [main] TRACE - Resolving type for handle ctrsta472type
20:31:33.272 [main] DEBUG - using default POIXMLDocumentPart for http://schemas.openxmlformats.org/officeDocument/2006/relationships/printerSettings
