20:04:25.950 [main] TRACE - Resolving type for handle sstf81fdoctype
20:04:25.971 [main] TRACE - Resolving type for handle ctsst44f3type
20:04:25.988 [main] TRACE - Resolving type for handle ctrsta472type
20:04:26.030 [main] DEBUG - using default POIXMLDocumentPart for http://schemas.openxmlformats.org/officeDocument/2006/relationships/printerSettings
20:04:26.033 [main] TRACE - Resolving type for handle workbookec17doctype
20:04:26.044 [main] TRACE - Resolving type for handle ctworkbook83c3type
20:04:26.057 [main] TRACE - Resolving type for handle ctsheets49fdtype
20:04:26.065 [main] TRACE - Resolving type for handle ctsheet4dbetype
20:04:26.074 [main] TRACE - Resolving type for handle strelationshipid1e94type
20:04:26.080 [main] TRACE - Resolving type for handle worksheetf539doctype
20:04:26.094 [main] TRACE - Resolving type for handle ctworksheet530dtype
20:04:26.114 [main] TRACE - Resolving type for handle ctcols627ctype
20:04:26.123 [main] TRACE - Resolving type for handle ctcola95ftype
20:04:26.166 [main] TRACE - Resolving type for handle ctsheetdata8408type
20:04:26.182 [main] TRACE - Resolving type for handle ctrowdd39type
20:04:26.191 [main] TRACE - Resolving type for handle ctcell842btype
20:04:26.205 [main] TRACE - Resolving type for handle stcellrefe4e0type
20:04:26.219 [main] TRACE - Resolving type for handle stxstringf179type
20:04:26.226 [main] TRACE - Resolving type for handle stcelltypebf95type
20:04:26.255 [main] TRACE - Resolving type for handle stcellstylexfid70c7type
20:04:26.266 [main] TRACE - Resolving type for handle ctsheetdimensiond310type
20:04:26.271 [main] TRACE - Resolving type for handle stref90a2type
20:04:26.319 [main] TRACE - Resolving type for handle propertiesee84doctype
20:04:26.325 [main] TRACE - Resolving type for handle ctproperties3f10type
20:04:26.359 [main] TRACE - Resolving type for handle properties288cdoctype
20:04:26.362 [main] TRACE - Resolving type for handle ctproperties2c18type
20:04:26.392 [main] DEBUG - Save content types part
20:04:26.526 [main] DEBUG - Save package relationships
20:04:26.532 [main] DEBUG - Save part 'docProps/app.xml'
20:04:26.533 [main] DEBUG - Save part 'docProps/core.xml'
20:04:26.540 [main] DEBUG - Save part 'xl/printerSettings/printerSettings1.bin'
20:04:26.541 [main] DEBUG - Save part 'xl/sharedStrings.xml'
20:04:26.542 [main] DEBUG - Save part 'xl/styles.xml'
20:04:26.543 [main] DEBUG - Save part 'xl/theme/theme1.xml'
20:04:26.545 [main] DEBUG - Save part 'xl/workbook.xml'
20:04:26.549 [main] DEBUG - Save part 'xl/worksheets/sheet1.xml'
20:04:56.945 [main] DEBUG - Parsing relationship: /xl/_rels/workbook.xml.rels
20:04:56.947 [main] DEBUG - Parsing relationship: /xl/worksheets/_rels/sheet1.xml.rels
20:04:56.948 [main] DEBUG - Parsing relationship: /_rels/.rels
20:04:56.972 [main] DEBUG - using default POIXMLDocumentPart for http://schemas.openxmlformats.org/officeDocument/2006/relationships/printerSettings
20:04:57.011 [main] DEBUG - Save content types part
20:04:57.014 [main] DEBUG - Save package relationships
20:04:57.017 [main] DEBUG - Save part 'docProps/app.xml'
20:04:57.017 [main] DEBUG - Save part 'docProps/core.xml'
20:04:57.019 [main] DEBUG - Save part 'xl/printerSettings/printerSettings1.bin'
20:04:57.020 [main] DEBUG - Save part 'xl/sharedStrings.xml'
20:04:57.020 [main] DEBUG - Save part 'xl/styles.xml'
20:04:57.021 [main] DEBUG - Save part 'xl/theme/theme1.xml'
20:04:57.021 [main] DEBUG - Save part 'xl/workbook.xml'
20:04:57.023 [main] DEBUG - Save part 'xl/worksheets/sheet1.xml'
20:06:40.747 [main] DEBUG - Parsing relationship: /xl/_rels/workbook.xml.rels
20:06:40.778 [main] DEBUG - Parsing relationship: /xl/worksheets/_rels/sheet1.xml.rels
20:06:40.782 [main] DEBUG - Parsing relationship: /_rels/.rels
20:06:41.259 [main] TRACE - Loading type system org.apache.poi.schemas.ooxml.system.ooxml
20:06:41.265 [main] TRACE - Loading type system org.apache.xmlbeans.metadata.system.sXMLCONFIG
20:06:41.267 [main] TRACE - Loading type system org.apache.xmlbeans.metadata.system.sXMLLANG
20:06:41.268 [main] TRACE - Loading type system org.apache.xmlbeans.metadata.system.sXMLSCHEMA
20:06:41.269 [main] TRACE - Loading type system org.apache.xmlbeans.metadata.system.sXMLTOOLS
20:06:41.272 [main] TRACE - Reading unresolved handles for type system org.apache.xmlbeans.metadata.system.sXMLTOOLS
20:06:41.312 [main] TRACE - Finished loading type system org.apache.xmlbeans.metadata.system.sXMLTOOLS
20:06:41.316 [main] TRACE - Reading unresolved handles for type system org.apache.xmlbeans.metadata.system.sXMLSCHEMA
20:06:41.331 [main] TRACE - Finished loading type system org.apache.xmlbeans.metadata.system.sXMLSCHEMA
20:06:41.337 [main] TRACE - Reading unresolved handles for type system org.apache.xmlbeans.metadata.system.sXMLLANG
20:06:41.340 [main] TRACE - Finished loading type system org.apache.xmlbeans.metadata.system.sXMLLANG
20:06:41.343 [main] TRACE - Reading unresolved handles for type system org.apache.xmlbeans.metadata.system.sXMLCONFIG
20:06:41.346 [main] TRACE - Finished loading type system org.apache.xmlbeans.metadata.system.sXMLCONFIG
20:06:41.349 [main] TRACE - Reading unresolved handles for type system org.apache.poi.schemas.ooxml.system.ooxml
20:06:41.494 [main] TRACE - Finished loading type system org.apache.poi.schemas.ooxml.system.ooxml
20:06:41.496 [main] TRACE - Resolving type for handle themefd26doctype
20:06:41.652 [main] TRACE - Resolving type for handle stylesheet5d8bdoctype
20:06:41.664 [main] TRACE - Resolving type for handle ctstylesheet4257type
20:06:41.677 [main] TRACE - Resolving type for handle ctnumfmtsb58btype
20:06:41.685 [main] TRACE - Resolving type for handle ctfonts6623type
20:06:41.691 [main] TRACE - Resolving type for handle ctfont14d8type
20:06:41.710 [main] TRACE - Resolving type for handle ctfills2c6ftype
20:06:41.717 [main] TRACE - Resolving type for handle ctfill550ctype
20:06:41.721 [main] TRACE - Resolving type for handle ctborders0d66type
20:06:41.726 [main] TRACE - Resolving type for handle ctborderf935type
20:06:41.735 [main] TRACE - Resolving type for handle ctcellxfs1322type
20:06:41.742 [main] TRACE - Resolving type for handle ctxf97f7type
20:06:41.751 [main] TRACE - Resolving type for handle ctcellstylexfsa81ftype
20:06:41.755 [main] TRACE - Resolving type for handle ctdxfsb26atype
20:06:41.761 [main] TRACE - Resolving type for handle cttablestyles872ftype
20:06:41.774 [main] TRACE - Resolving type for handle sstf81fdoctype
20:06:41.785 [main] TRACE - Resolving type for handle ctsst44f3type
20:06:41.806 [main] TRACE - Resolving type for handle ctrsta472type
20:06:41.865 [main] DEBUG - using default POIXMLDocumentPart for http://schemas.openxmlformats.org/officeDocument/2006/relationships/printerSettings
20:06:41.868 [main] TRACE - Resolving type for handle workbookec17doctype
20:06:41.879 [main] TRACE - Resolving type for handle ctworkbook83c3type
20:06:41.891 [main] TRACE - Resolving type for handle ctsheets49fdtype
20:06:41.898 [main] TRACE - Resolving type for handle ctsheet4dbetype
20:06:41.905 [main] TRACE - Resolving type for handle strelationshipid1e94type
20:06:41.911 [main] TRACE - Resolving type for handle worksheetf539doctype
20:06:41.925 [main] TRACE - Resolving type for handle ctworksheet530dtype
20:06:41.961 [main] TRACE - Resolving type for handle ctcols627ctype
20:06:41.971 [main] TRACE - Resolving type for handle ctcola95ftype
20:06:42.018 [main] TRACE - Resolving type for handle ctsheetdata8408type
20:06:42.023 [main] TRACE - Resolving type for handle ctrowdd39type
20:06:42.032 [main] TRACE - Resolving type for handle ctcell842btype
20:06:42.048 [main] TRACE - Resolving type for handle stcellrefe4e0type
20:06:42.068 [main] TRACE - Resolving type for handle stxstringf179type
20:06:42.078 [main] TRACE - Resolving type for handle stcelltypebf95type
20:06:42.112 [main] TRACE - Resolving type for handle stcellstylexfid70c7type
20:06:42.131 [main] TRACE - Resolving type for handle ctsheetdimensiond310type
20:06:42.136 [main] TRACE - Resolving type for handle stref90a2type
20:06:42.183 [main] TRACE - Resolving type for handle propertiesee84doctype
20:06:42.189 [main] TRACE - Resolving type for handle ctproperties3f10type
20:06:42.216 [main] TRACE - Resolving type for handle properties288cdoctype
20:06:42.220 [main] TRACE - Resolving type for handle ctproperties2c18type
20:06:42.256 [main] DEBUG - Save content types part
20:06:42.394 [main] DEBUG - Save package relationships
20:06:42.404 [main] DEBUG - Save part 'docProps/app.xml'
20:06:42.405 [main] DEBUG - Save part 'docProps/core.xml'
20:06:42.411 [main] DEBUG - Save part 'xl/printerSettings/printerSettings1.bin'
20:06:42.412 [main] DEBUG - Save part 'xl/sharedStrings.xml'
20:06:42.413 [main] DEBUG - Save part 'xl/styles.xml'
20:06:42.413 [main] DEBUG - Save part 'xl/theme/theme1.xml'
20:06:42.415 [main] DEBUG - Save part 'xl/workbook.xml'
20:06:42.420 [main] DEBUG - Save part 'xl/worksheets/sheet1.xml'
20:24:41.554 [main] DEBUG - Parsing relationship: /xl/_rels/workbook.xml.rels
20:24:41.570 [main] DEBUG - Parsing relationship: /xl/worksheets/_rels/sheet1.xml.rels
20:24:41.573 [main] DEBUG - Parsing relationship: /_rels/.rels
20:24:41.928 [main] TRACE - Loading type system org.apache.poi.schemas.ooxml.system.ooxml
20:24:41.936 [main] TRACE - Loading type system org.apache.xmlbeans.metadata.system.sXMLCONFIG
20:24:41.939 [main] TRACE - Loading type system org.apache.xmlbeans.metadata.system.sXMLLANG
20:24:41.941 [main] TRACE - Loading type system org.apache.xmlbeans.metadata.system.sXMLSCHEMA
20:24:41.942 [main] TRACE - Loading type system org.apache.xmlbeans.metadata.system.sXMLTOOLS
20:24:41.946 [main] TRACE - Reading unresolved handles for type system org.apache.xmlbeans.metadata.system.sXMLTOOLS
20:24:41.975 [main] TRACE - Finished loading type system org.apache.xmlbeans.metadata.system.sXMLTOOLS
20:24:41.979 [main] TRACE - Reading unresolved handles for type system org.apache.xmlbeans.metadata.system.sXMLSCHEMA
20:24:41.989 [main] TRACE - Finished loading type system org.apache.xmlbeans.metadata.system.sXMLSCHEMA
20:24:41.991 [main] TRACE - Reading unresolved handles for type system org.apache.xmlbeans.metadata.system.sXMLLANG
20:24:41.992 [main] TRACE - Finished loading type system org.apache.xmlbeans.metadata.system.sXMLLANG
20:24:41.995 [main] TRACE - Reading unresolved handles for type system org.apache.xmlbeans.metadata.system.sXMLCONFIG
20:24:41.997 [main] TRACE - Finished loading type system org.apache.xmlbeans.metadata.system.sXMLCONFIG
20:24:41.999 [main] TRACE - Reading unresolved handles for type system org.apache.poi.schemas.ooxml.system.ooxml
20:24:42.115 [main] TRACE - Finished loading type system org.apache.poi.schemas.ooxml.system.ooxml
20:24:42.117 [main] TRACE - Resolving type for handle themefd26doctype
20:24:42.229 [main] TRACE - Resolving type for handle stylesheet5d8bdoctype
20:24:42.238 [main] TRACE - Resolving type for handle ctstylesheet4257type
20:24:42.247 [main] TRACE - Resolving type for handle ctnumfmtsb58btype
20:24:42.251 [main] TRACE - Resolving type for handle ctfonts6623type
20:24:42.258 [main] TRACE - Resolving type for handle ctfont14d8type
20:24:42.268 [main] TRACE - Resolving type for handle ctfills2c6ftype
20:24:42.273 [main] TRACE - Resolving type for handle ctfill550ctype
20:24:42.276 [main] TRACE - Resolving type for handle ctborders0d66type
20:24:42.280 [main] TRACE - Resolving type for handle ctborderf935type
20:24:42.285 [main] TRACE - Resolving type for handle ctcellxfs1322type
20:24:42.292 [main] TRACE - Resolving type for handle ctxf97f7type
20:24:42.301 [main] TRACE - Resolving type for handle ctcellstylexfsa81ftype
20:24:42.307 [main] TRACE - Resolving type for handle ctdxfsb26atype
20:24:42.313 [main] TRACE - Resolving type for handle cttablestyles872ftype
20:24:42.320 [main] TRACE - Resolving type for handle sstf81fdoctype
20:24:42.329 [main] TRACE - Resolving type for handle ctsst44f3type
20:24:42.347 [main] TRACE - Resolving type for handle ctrsta472type
20:24:42.378 [main] DEBUG - using default POIXMLDocumentPart for http://schemas.openxmlformats.org/officeDocument/2006/relationships/printerSettings
20:24:42.380 [main] TRACE - Resolving type for handle workbookec17doctype
20:24:42.387 [main] TRACE - Resolving type for handle ctworkbook83c3type
20:24:42.394 [main] TRACE - Resolving type for handle ctsheets49fdtype
20:24:42.407 [main] TRACE - Resolving type for handle ctsheet4dbetype
20:24:42.412 [main] TRACE - Resolving type for handle strelationshipid1e94type
20:24:42.416 [main] TRACE - Resolving type for handle worksheetf539doctype
20:24:42.430 [main] TRACE - Resolving type for handle ctworksheet530dtype
20:24:42.449 [main] TRACE - Resolving type for handle ctcols627ctype
20:24:42.458 [main] TRACE - Resolving type for handle ctcola95ftype
20:24:42.506 [main] TRACE - Resolving type for handle ctsheetdata8408type
20:24:42.512 [main] TRACE - Resolving type for handle ctrowdd39type
20:24:42.522 [main] TRACE - Resolving type for handle ctcell842btype
20:24:42.536 [main] TRACE - Resolving type for handle stcellrefe4e0type
20:24:42.554 [main] TRACE - Resolving type for handle stxstringf179type
20:24:42.563 [main] TRACE - Resolving type for handle stcelltypebf95type
20:24:42.583 [main] TRACE - Resolving type for handle stcellstylexfid70c7type
20:24:42.589 [main] TRACE - Resolving type for handle ctsheetdimensiond310type
20:24:42.593 [main] TRACE - Resolving type for handle stref90a2type
20:24:42.622 [main] TRACE - Resolving type for handle propertiesee84doctype
20:24:42.625 [main] TRACE - Resolving type for handle ctproperties3f10type
20:24:42.633 [main] TRACE - Resolving type for handle properties288cdoctype
20:24:42.636 [main] TRACE - Resolving type for handle ctproperties2c18type
20:24:42.654 [main] DEBUG - Save content types part
20:24:42.775 [main] DEBUG - Save package relationships
20:24:42.781 [main] DEBUG - Save part 'docProps/app.xml'
20:24:42.782 [main] DEBUG - Save part 'docProps/core.xml'
20:24:42.787 [main] DEBUG - Save part 'xl/printerSettings/printerSettings1.bin'
20:24:42.788 [main] DEBUG - Save part 'xl/sharedStrings.xml'
20:24:42.789 [main] DEBUG - Save part 'xl/styles.xml'
20:24:42.790 [main] DEBUG - Save part 'xl/theme/theme1.xml'
20:24:42.791 [main] DEBUG - Save part 'xl/workbook.xml'
20:24:42.796 [main] DEBUG - Save part 'xl/worksheets/sheet1.xml'
20:25:57.131 [main] DEBUG - Parsing relationship: /xl/_rels/workbook.xml.rels
20:25:57.148 [main] DEBUG - Parsing relationship: /xl/worksheets/_rels/sheet1.xml.rels
20:25:57.151 [main] DEBUG - Parsing relationship: /_rels/.rels
20:25:57.657 [main] TRACE - Loading type system org.apache.poi.schemas.ooxml.system.ooxml
20:25:57.663 [main] TRACE - Loading type system org.apache.xmlbeans.metadata.system.sXMLCONFIG
20:25:57.665 [main] TRACE - Loading type system org.apache.xmlbeans.metadata.system.sXMLLANG
20:25:57.665 [main] TRACE - Loading type system org.apache.xmlbeans.metadata.system.sXMLSCHEMA
20:25:57.666 [main] TRACE - Loading type system org.apache.xmlbeans.metadata.system.sXMLTOOLS
20:25:57.668 [main] TRACE - Reading unresolved handles for type system org.apache.xmlbeans.metadata.system.sXMLTOOLS
20:25:57.683 [main] TRACE - Finished loading type system org.apache.xmlbeans.metadata.system.sXMLTOOLS
20:25:57.685 [main] TRACE - Reading unresolved handles for type system org.apache.xmlbeans.metadata.system.sXMLSCHEMA
20:25:57.694 [main] TRACE - Finished loading type system org.apache.xmlbeans.metadata.system.sXMLSCHEMA
20:25:57.697 [main] TRACE - Reading unresolved handles for type system org.apache.xmlbeans.metadata.system.sXMLLANG
20:25:57.698 [main] TRACE - Finished loading type system org.apache.xmlbeans.metadata.system.sXMLLANG
20:25:57.700 [main] TRACE - Reading unresolved handles for type system org.apache.xmlbeans.metadata.system.sXMLCONFIG
20:25:57.702 [main] TRACE - Finished loading type system org.apache.xmlbeans.metadata.system.sXMLCONFIG
20:25:57.704 [main] TRACE - Reading unresolved handles for type system org.apache.poi.schemas.ooxml.system.ooxml
20:25:57.799 [main] TRACE - Finished loading type system org.apache.poi.schemas.ooxml.system.ooxml
20:25:57.800 [main] TRACE - Resolving type for handle themefd26doctype
20:25:57.922 [main] TRACE - Resolving type for handle stylesheet5d8bdoctype
20:25:57.935 [main] TRACE - Resolving type for handle ctstylesheet4257type
20:25:57.945 [main] TRACE - Resolving type for handle ctnumfmtsb58btype
20:25:57.950 [main] TRACE - Resolving type for handle ctfonts6623type
20:25:57.958 [main] TRACE - Resolving type for handle ctfont14d8type
20:25:57.979 [main] TRACE - Resolving type for handle ctfills2c6ftype
20:25:57.987 [main] TRACE - Resolving type for handle ctfill550ctype
20:25:57.991 [main] TRACE - Resolving type for handle ctborders0d66type
20:25:57.994 [main] TRACE - Resolving type for handle ctborderf935type
20:25:57.999 [main] TRACE - Resolving type for handle ctcellxfs1322type
20:25:58.004 [main] TRACE - Resolving type for handle ctxf97f7type
20:25:58.010 [main] TRACE - Resolving type for handle ctcellstylexfsa81ftype
20:25:58.013 [main] TRACE - Resolving type for handle ctdxfsb26atype
20:25:58.019 [main] TRACE - Resolving type for handle cttablestyles872ftype
20:25:58.027 [main] TRACE - Resolving type for handle sstf81fdoctype
20:25:58.038 [main] TRACE - Resolving type for handle ctsst44f3type
20:25:58.057 [main] TRACE - Resolving type for handle ctrsta472type
20:25:58.091 [main] DEBUG - using default POIXMLDocumentPart for http://schemas.openxmlformats.org/officeDocument/2006/relationships/printerSettings
20:25:58.092 [main] TRACE - Resolving type for handle workbookec17doctype
20:25:58.100 [main] TRACE - Resolving type for handle ctworkbook83c3type
20:25:58.107 [main] TRACE - Resolving type for handle ctsheets49fdtype
20:25:58.111 [main] TRACE - Resolving type for handle ctsheet4dbetype
20:25:58.115 [main] TRACE - Resolving type for handle strelationshipid1e94type
20:25:58.119 [main] TRACE - Resolving type for handle worksheetf539doctype
20:25:58.137 [main] TRACE - Resolving type for handle ctworksheet530dtype
20:25:58.159 [main] TRACE - Resolving type for handle ctcols627ctype
20:25:58.173 [main] TRACE - Resolving type for handle ctcola95ftype
20:25:58.228 [main] TRACE - Resolving type for handle ctsheetdata8408type
20:25:58.232 [main] TRACE - Resolving type for handle ctrowdd39type
20:25:58.241 [main] TRACE - Resolving type for handle ctcell842btype
20:25:58.261 [main] TRACE - Resolving type for handle stcellrefe4e0type
20:25:58.289 [main] TRACE - Resolving type for handle stxstringf179type
20:25:58.299 [main] TRACE - Resolving type for handle stcelltypebf95type
20:25:58.326 [main] TRACE - Resolving type for handle stcellstylexfid70c7type
20:25:58.332 [main] TRACE - Resolving type for handle ctsheetdimensiond310type
20:25:58.335 [main] TRACE - Resolving type for handle stref90a2type
20:25:58.371 [main] TRACE - Resolving type for handle propertiesee84doctype
20:25:58.375 [main] TRACE - Resolving type for handle ctproperties3f10type
20:25:58.387 [main] TRACE - Resolving type for handle properties288cdoctype
20:25:58.389 [main] TRACE - Resolving type for handle ctproperties2c18type
20:25:58.410 [main] DEBUG - Save content types part
20:25:58.583 [main] DEBUG - Save package relationships
20:25:58.590 [main] DEBUG - Save part 'docProps/app.xml'
20:25:58.591 [main] DEBUG - Save part 'docProps/core.xml'
20:25:58.597 [main] DEBUG - Save part 'xl/printerSettings/printerSettings1.bin'
20:25:58.597 [main] DEBUG - Save part 'xl/sharedStrings.xml'
20:25:58.598 [main] DEBUG - Save part 'xl/styles.xml'
20:25:58.599 [main] DEBUG - Save part 'xl/theme/theme1.xml'
20:25:58.600 [main] DEBUG - Save part 'xl/workbook.xml'
20:25:58.605 [main] DEBUG - Save part 'xl/worksheets/sheet1.xml'
20:26:44.422 [main] DEBUG - Parsing relationship: /xl/_rels/workbook.xml.rels
20:26:44.437 [main] DEBUG - Parsing relationship: /xl/worksheets/_rels/sheet1.xml.rels
20:26:44.440 [main] DEBUG - Parsing relationship: /_rels/.rels
20:26:45.111 [main] TRACE - Loading type system org.apache.poi.schemas.ooxml.system.ooxml
20:26:45.115 [main] TRACE - Loading type system org.apache.xmlbeans.metadata.system.sXMLCONFIG
20:26:45.117 [main] TRACE - Loading type system org.apache.xmlbeans.metadata.system.sXMLLANG
20:26:45.117 [main] TRACE - Loading type system org.apache.xmlbeans.metadata.system.sXMLSCHEMA
20:26:45.118 [main] TRACE - Loading type system org.apache.xmlbeans.metadata.system.sXMLTOOLS
20:26:45.123 [main] TRACE - Reading unresolved handles for type system org.apache.xmlbeans.metadata.system.sXMLTOOLS
20:26:45.143 [main] TRACE - Finished loading type system org.apache.xmlbeans.metadata.system.sXMLTOOLS
20:26:45.145 [main] TRACE - Reading unresolved handles for type system org.apache.xmlbeans.metadata.system.sXMLSCHEMA
20:26:45.155 [main] TRACE - Finished loading type system org.apache.xmlbeans.metadata.system.sXMLSCHEMA
20:26:45.157 [main] TRACE - Reading unresolved handles for type system org.apache.xmlbeans.metadata.system.sXMLLANG
20:26:45.159 [main] TRACE - Finished loading type system org.apache.xmlbeans.metadata.system.sXMLLANG
20:26:45.161 [main] TRACE - Reading unresolved handles for type system org.apache.xmlbeans.metadata.system.sXMLCONFIG
20:26:45.163 [main] TRACE - Finished loading type system org.apache.xmlbeans.metadata.system.sXMLCONFIG
20:26:45.166 [main] TRACE - Reading unresolved handles for type system org.apache.poi.schemas.ooxml.system.ooxml
20:26:45.272 [main] TRACE - Finished loading type system org.apache.poi.schemas.ooxml.system.ooxml
20:26:45.274 [main] TRACE - Resolving type for handle themefd26doctype
20:26:45.386 [main] TRACE - Resolving type for handle stylesheet5d8bdoctype
20:26:45.400 [main] TRACE - Resolving type for handle ctstylesheet4257type
20:26:45.411 [main] TRACE - Resolving type for handle ctnumfmtsb58btype
20:26:45.415 [main] TRACE - Resolving type for handle ctfonts6623type
20:26:45.420 [main] TRACE - Resolving type for handle ctfont14d8type
20:26:45.432 [main] TRACE - Resolving type for handle ctfills2c6ftype
20:26:45.437 [main] TRACE - Resolving type for handle ctfill550ctype
20:26:45.441 [main] TRACE - Resolving type for handle ctborders0d66type
20:26:45.447 [main] TRACE - Resolving type for handle ctborderf935type
20:26:45.453 [main] TRACE - Resolving type for handle ctcellxfs1322type
20:26:45.457 [main] TRACE - Resolving type for handle ctxf97f7type
20:26:45.463 [main] TRACE - Resolving type for handle ctcellstylexfsa81ftype
20:26:45.468 [main] TRACE - Resolving type for handle ctdxfsb26atype
20:26:45.471 [main] TRACE - Resolving type for handle cttablestyles872ftype
20:26:45.478 [main] TRACE - Resolving type for handle sstf81fdoctype
20:26:45.487 [main] TRACE - Resolving type for handle ctsst44f3type
20:26:45.503 [main] TRACE - Resolving type for handle ctrsta472type
20:26:45.538 [main] DEBUG - using default POIXMLDocumentPart for http://schemas.openxmlformats.org/officeDocument/2006/relationships/printerSettings
20:26:45.539 [main] TRACE - Resolving type for handle workbookec17doctype
20:26:45.547 [main] TRACE - Resolving type for handle ctworkbook83c3type
20:26:45.556 [main] TRACE - Resolving type for handle ctsheets49fdtype
20:26:45.561 [main] TRACE - Resolving type for handle ctsheet4dbetype
20:26:45.564 [main] TRACE - Resolving type for handle strelationshipid1e94type
20:26:45.567 [main] TRACE - Resolving type for handle worksheetf539doctype
20:26:45.576 [main] TRACE - Resolving type for handle ctworksheet530dtype
20:26:45.593 [main] TRACE - Resolving type for handle ctcols627ctype
20:26:45.605 [main] TRACE - Resolving type for handle ctcola95ftype
20:26:45.651 [main] TRACE - Resolving type for handle ctsheetdata8408type
20:26:45.656 [main] TRACE - Resolving type for handle ctrowdd39type
20:26:45.665 [main] TRACE - Resolving type for handle ctcell842btype
20:26:45.674 [main] TRACE - Resolving type for handle stcellrefe4e0type
20:26:45.686 [main] TRACE - Resolving type for handle stxstringf179type
20:26:45.693 [main] TRACE - Resolving type for handle stcelltypebf95type
20:26:45.715 [main] TRACE - Resolving type for handle stcellstylexfid70c7type
20:26:45.722 [main] TRACE - Resolving type for handle ctsheetdimensiond310type
20:26:45.724 [main] TRACE - Resolving type for handle stref90a2type
20:26:45.752 [main] TRACE - Resolving type for handle propertiesee84doctype
20:26:45.755 [main] TRACE - Resolving type for handle ctproperties3f10type
20:26:45.764 [main] TRACE - Resolving type for handle properties288cdoctype
20:26:45.767 [main] TRACE - Resolving type for handle ctproperties2c18type
20:26:45.786 [main] DEBUG - Save content types part
20:26:45.882 [main] DEBUG - Save package relationships
20:26:45.887 [main] DEBUG - Save part 'docProps/app.xml'
20:26:45.888 [main] DEBUG - Save part 'docProps/core.xml'
20:26:45.893 [main] DEBUG - Save part 'xl/printerSettings/printerSettings1.bin'
20:26:45.895 [main] DEBUG - Save part 'xl/sharedStrings.xml'
20:26:45.895 [main] DEBUG - Save part 'xl/styles.xml'
20:26:45.896 [main] DEBUG - Save part 'xl/theme/theme1.xml'
20:26:45.897 [main] DEBUG - Save part 'xl/workbook.xml'
20:26:45.901 [main] DEBUG - Save part 'xl/worksheets/sheet1.xml'
20:28:56.351 [main] DEBUG - Parsing relationship: /xl/_rels/workbook.xml.rels
20:28:56.371 [main] DEBUG - Parsing relationship: /xl/worksheets/_rels/sheet1.xml.rels
20:28:56.374 [main] DEBUG - Parsing relationship: /_rels/.rels
20:28:56.709 [main] TRACE - Loading type system org.apache.poi.schemas.ooxml.system.ooxml
20:28:56.716 [main] TRACE - Loading type system org.apache.xmlbeans.metadata.system.sXMLCONFIG
20:28:56.718 [main] TRACE - Loading type system org.apache.xmlbeans.metadata.system.sXMLLANG
20:28:56.719 [main] TRACE - Loading type system org.apache.xmlbeans.metadata.system.sXMLSCHEMA
20:28:56.721 [main] TRACE - Loading type system org.apache.xmlbeans.metadata.system.sXMLTOOLS
20:28:56.725 [main] TRACE - Reading unresolved handles for type system org.apache.xmlbeans.metadata.system.sXMLTOOLS
20:28:56.757 [main] TRACE - Finished loading type system org.apache.xmlbeans.metadata.system.sXMLTOOLS
20:28:56.761 [main] TRACE - Reading unresolved handles for type system org.apache.xmlbeans.metadata.system.sXMLSCHEMA
20:28:56.772 [main] TRACE - Finished loading type system org.apache.xmlbeans.metadata.system.sXMLSCHEMA
20:28:56.776 [main] TRACE - Reading unresolved handles for type system org.apache.xmlbeans.metadata.system.sXMLLANG
20:28:56.778 [main] TRACE - Finished loading type system org.apache.xmlbeans.metadata.system.sXMLLANG
20:28:56.780 [main] TRACE - Reading unresolved handles for type system org.apache.xmlbeans.metadata.system.sXMLCONFIG
20:28:56.781 [main] TRACE - Finished loading type system org.apache.xmlbeans.metadata.system.sXMLCONFIG
20:28:56.783 [main] TRACE - Reading unresolved handles for type system org.apache.poi.schemas.ooxml.system.ooxml
20:28:56.905 [main] TRACE - Finished loading type system org.apache.poi.schemas.ooxml.system.ooxml
20:28:56.907 [main] TRACE - Resolving type for handle themefd26doctype
20:28:57.060 [main] TRACE - Resolving type for handle stylesheet5d8bdoctype
20:28:57.074 [main] TRACE - Resolving type for handle ctstylesheet4257type
20:28:57.085 [main] TRACE - Resolving type for handle ctnumfmtsb58btype
20:28:57.091 [main] TRACE - Resolving type for handle ctfonts6623type
20:28:57.098 [main] TRACE - Resolving type for handle ctfont14d8type
20:28:57.119 [main] TRACE - Resolving type for handle ctfills2c6ftype
20:28:57.125 [main] TRACE - Resolving type for handle ctfill550ctype
20:28:57.130 [main] TRACE - Resolving type for handle ctborders0d66type
20:28:57.136 [main] TRACE - Resolving type for handle ctborderf935type
20:28:57.144 [main] TRACE - Resolving type for handle ctcellxfs1322type
20:28:57.150 [main] TRACE - Resolving type for handle ctxf97f7type
20:28:57.158 [main] TRACE - Resolving type for handle ctcellstylexfsa81ftype
20:28:57.163 [main] TRACE - Resolving type for handle ctdxfsb26atype
20:28:57.168 [main] TRACE - Resolving type for handle cttablestyles872ftype
20:28:57.175 [main] TRACE - Resolving type for handle sstf81fdoctype
20:28:57.185 [main] TRACE - Resolving type for handle ctsst44f3type
20:28:57.217 [main] TRACE - Resolving type for handle ctrsta472type
20:28:57.276 [main] DEBUG - using default POIXMLDocumentPart for http://schemas.openxmlformats.org/officeDocument/2006/relationships/printerSettings
20:28:57.278 [main] TRACE - Resolving type for handle workbookec17doctype
20:28:57.284 [main] TRACE - Resolving type for handle ctworkbook83c3type
20:28:57.295 [main] TRACE - Resolving type for handle ctsheets49fdtype
20:28:57.300 [main] TRACE - Resolving type for handle ctsheet4dbetype
20:28:57.303 [main] TRACE - Resolving type for handle strelationshipid1e94type
20:28:57.310 [main] TRACE - Resolving type for handle worksheetf539doctype
20:28:57.322 [main] TRACE - Resolving type for handle ctworksheet530dtype
20:28:57.350 [main] TRACE - Resolving type for handle ctcols627ctype
20:28:57.359 [main] TRACE - Resolving type for handle ctcola95ftype
20:28:57.406 [main] TRACE - Resolving type for handle ctsheetdata8408type
20:28:57.410 [main] TRACE - Resolving type for handle ctrowdd39type
20:28:57.418 [main] TRACE - Resolving type for handle ctcell842btype
20:28:57.430 [main] TRACE - Resolving type for handle stcellrefe4e0type
20:28:57.444 [main] TRACE - Resolving type for handle stxstringf179type
20:28:57.452 [main] TRACE - Resolving type for handle stcelltypebf95type
20:28:57.486 [main] TRACE - Resolving type for handle stcellstylexfid70c7type
20:28:57.499 [main] TRACE - Resolving type for handle ctsheetdimensiond310type
20:28:57.504 [main] TRACE - Resolving type for handle stref90a2type
20:28:57.551 [main] TRACE - Resolving type for handle propertiesee84doctype
20:28:57.553 [main] TRACE - Resolving type for handle ctproperties3f10type
20:28:57.573 [main] TRACE - Resolving type for handle properties288cdoctype
20:28:57.577 [main] TRACE - Resolving type for handle ctproperties2c18type
20:28:57.604 [main] DEBUG - Save content types part
20:28:57.749 [main] DEBUG - Save package relationships
20:28:57.756 [main] DEBUG - Save part 'docProps/app.xml'
20:28:57.757 [main] DEBUG - Save part 'docProps/core.xml'
20:28:57.764 [main] DEBUG - Save part 'xl/printerSettings/printerSettings1.bin'
20:28:57.765 [main] DEBUG - Save part 'xl/sharedStrings.xml'
20:28:57.766 [main] DEBUG - Save part 'xl/styles.xml'
20:28:57.767 [main] DEBUG - Save part 'xl/theme/theme1.xml'
20:28:57.768 [main] DEBUG - Save part 'xl/workbook.xml'
20:28:57.773 [main] DEBUG - Save part 'xl/worksheets/sheet1.xml'
20:31:27.728 [main] DEBUG - Parsing relationship: /xl/_rels/workbook.xml.rels
20:31:27.743 [main] DEBUG - Parsing relationship: /xl/worksheets/_rels/sheet1.xml.rels
20:31:27.746 [main] DEBUG - Parsing relationship: /_rels/.rels
20:31:28.086 [main] TRACE - Loading type system org.apache.poi.schemas.ooxml.system.ooxml
20:31:28.092 [main] TRACE - Loading type system org.apache.xmlbeans.metadata.system.sXMLCONFIG
20:31:28.094 [main] TRACE - Loading type system org.apache.xmlbeans.metadata.system.sXMLLANG
20:31:28.095 [main] TRACE - Loading type system org.apache.xmlbeans.metadata.system.sXMLSCHEMA
20:31:28.097 [main] TRACE - Loading type system org.apache.xmlbeans.metadata.system.sXMLTOOLS
20:31:28.101 [main] TRACE - Reading unresolved handles for type system org.apache.xmlbeans.metadata.system.sXMLTOOLS
20:31:28.134 [main] TRACE - Finished loading type system org.apache.xmlbeans.metadata.system.sXMLTOOLS
20:31:28.138 [main] TRACE - Reading unresolved handles for type system org.apache.xmlbeans.metadata.system.sXMLSCHEMA
20:31:28.149 [main] TRACE - Finished loading type system org.apache.xmlbeans.metadata.system.sXMLSCHEMA
20:31:28.152 [main] TRACE - Reading unresolved handles for type system org.apache.xmlbeans.metadata.system.sXMLLANG
20:31:28.154 [main] TRACE - Finished loading type system org.apache.xmlbeans.metadata.system.sXMLLANG
20:31:28.158 [main] TRACE - Reading unresolved handles for type system org.apache.xmlbeans.metadata.system.sXMLCONFIG
20:31:28.160 [main] TRACE - Finished loading type system org.apache.xmlbeans.metadata.system.sXMLCONFIG
20:31:28.164 [main] TRACE - Reading unresolved handles for type system org.apache.poi.schemas.ooxml.system.ooxml
20:31:28.283 [main] TRACE - Finished loading type system org.apache.poi.schemas.ooxml.system.ooxml
20:31:28.284 [main] TRACE - Resolving type for handle themefd26doctype
20:31:28.475 [main] TRACE - Resolving type for handle stylesheet5d8bdoctype
20:31:28.489 [main] TRACE - Resolving type for handle ctstylesheet4257type
20:31:28.500 [main] TRACE - Resolving type for handle ctnumfmtsb58btype
20:31:28.507 [main] TRACE - Resolving type for handle ctfonts6623type
20:31:28.513 [main] TRACE - Resolving type for handle ctfont14d8type
20:31:28.532 [main] TRACE - Resolving type for handle ctfills2c6ftype
20:31:28.537 [main] TRACE - Resolving type for handle ctfill550ctype
20:31:28.553 [main] TRACE - Resolving type for handle ctborders0d66type
20:31:28.559 [main] TRACE - Resolving type for handle ctborderf935type
20:31:28.568 [main] TRACE - Resolving type for handle ctcellxfs1322type
20:31:28.574 [main] TRACE - Resolving type for handle ctxf97f7type
20:31:28.589 [main] TRACE - Resolving type for handle ctcellstylexfsa81ftype
20:31:28.594 [main] TRACE - Resolving type for handle ctdxfsb26atype
20:31:28.600 [main] TRACE - Resolving type for handle cttablestyles872ftype
20:31:28.608 [main] TRACE - Resolving type for handle sstf81fdoctype
20:31:28.620 [main] TRACE - Resolving type for handle ctsst44f3type
20:31:28.641 [main] TRACE - Resolving type for handle ctrsta472type
20:31:28.701 [main] DEBUG - using default POIXMLDocumentPart for http://schemas.openxmlformats.org/officeDocument/2006/relationships/printerSettings
20:31:28.703 [main] TRACE - Resolving type for handle workbookec17doctype
20:31:28.713 [main] TRACE - Resolving type for handle ctworkbook83c3type
20:31:28.725 [main] TRACE - Resolving type for handle ctsheets49fdtype
20:31:28.730 [main] TRACE - Resolving type for handle ctsheet4dbetype
20:31:28.735 [main] TRACE - Resolving type for handle strelationshipid1e94type
20:31:28.740 [main] TRACE - Resolving type for handle worksheetf539doctype
20:31:28.753 [main] TRACE - Resolving type for handle ctworksheet530dtype
20:31:28.780 [main] TRACE - Resolving type for handle ctcols627ctype
20:31:28.792 [main] TRACE - Resolving type for handle ctcola95ftype
20:31:28.841 [main] TRACE - Resolving type for handle ctsheetdata8408type
20:31:28.847 [main] TRACE - Resolving type for handle ctrowdd39type
20:31:28.857 [main] TRACE - Resolving type for handle ctcell842btype
20:31:28.869 [main] TRACE - Resolving type for handle stcellrefe4e0type
20:31:28.884 [main] TRACE - Resolving type for handle stxstringf179type
20:31:28.890 [main] TRACE - Resolving type for handle stcelltypebf95type
20:31:28.918 [main] TRACE - Resolving type for handle stcellstylexfid70c7type
20:31:28.926 [main] TRACE - Resolving type for handle ctsheetdimensiond310type
20:31:28.930 [main] TRACE - Resolving type for handle stref90a2type
20:31:28.980 [main] TRACE - Resolving type for handle propertiesee84doctype
20:31:28.985 [main] TRACE - Resolving type for handle ctproperties3f10type
20:31:29.004 [main] TRACE - Resolving type for handle properties288cdoctype
20:31:29.008 [main] TRACE - Resolving type for handle ctproperties2c18type
20:31:29.034 [main] DEBUG - Save content types part
20:31:29.161 [main] DEBUG - Save package relationships
20:31:29.168 [main] DEBUG - Save part 'docProps/app.xml'
20:31:29.170 [main] DEBUG - Save part 'docProps/core.xml'
20:31:29.179 [main] DEBUG - Save part 'xl/printerSettings/printerSettings1.bin'
20:31:29.182 [main] DEBUG - Save part 'xl/sharedStrings.xml'
20:31:29.182 [main] DEBUG - Save part 'xl/styles.xml'
20:31:29.183 [main] DEBUG - Save part 'xl/theme/theme1.xml'
20:31:29.184 [main] DEBUG - Save part 'xl/workbook.xml'
20:31:29.190 [main] DEBUG - Save part 'xl/worksheets/sheet1.xml'
20:32:26.305 [main] DEBUG - Parsing relationship: /xl/_rels/workbook.xml.rels
20:32:26.308 [main] DEBUG - Parsing relationship: /xl/worksheets/_rels/sheet1.xml.rels
20:32:26.310 [main] DEBUG - Parsing relationship: /_rels/.rels
20:32:26.348 [main] DEBUG - using default POIXMLDocumentPart for http://schemas.openxmlformats.org/officeDocument/2006/relationships/printerSettings
20:32:26.407 [main] DEBUG - Save content types part
20:32:26.412 [main] DEBUG - Save package relationships
20:32:26.414 [main] DEBUG - Save part 'docProps/app.xml'
20:32:26.415 [main] DEBUG - Save part 'docProps/core.xml'
20:32:26.417 [main] DEBUG - Save part 'xl/printerSettings/printerSettings1.bin'
20:32:26.418 [main] DEBUG - Save part 'xl/sharedStrings.xml'
20:32:26.419 [main] DEBUG - Save part 'xl/styles.xml'
20:32:26.419 [main] DEBUG - Save part 'xl/theme/theme1.xml'
20:32:26.420 [main] DEBUG - Save part 'xl/workbook.xml'
20:32:26.424 [main] DEBUG - Save part 'xl/worksheets/sheet1.xml'
20:35:57.131 [main] DEBUG - Parsing relationship: /xl/_rels/workbook.xml.rels
20:35:57.148 [main] DEBUG - Parsing relationship: /xl/worksheets/_rels/sheet1.xml.rels
20:35:57.151 [main] DEBUG - Parsing relationship: /_rels/.rels
20:35:57.598 [main] TRACE - Loading type system org.apache.poi.schemas.ooxml.system.ooxml
20:35:57.603 [main] TRACE - Loading type system org.apache.xmlbeans.metadata.system.sXMLCONFIG
20:35:57.605 [main] TRACE - Loading type system org.apache.xmlbeans.metadata.system.sXMLLANG
20:35:57.606 [main] TRACE - Loading type system org.apache.xmlbeans.metadata.system.sXMLSCHEMA
20:35:57.607 [main] TRACE - Loading type system org.apache.xmlbeans.metadata.system.sXMLTOOLS
20:35:57.611 [main] TRACE - Reading unresolved handles for type system org.apache.xmlbeans.metadata.system.sXMLTOOLS
20:35:57.640 [main] TRACE - Finished loading type system org.apache.xmlbeans.metadata.system.sXMLTOOLS
20:35:57.643 [main] TRACE - Reading unresolved handles for type system org.apache.xmlbeans.metadata.system.sXMLSCHEMA
20:35:57.659 [main] TRACE - Finished loading type system org.apache.xmlbeans.metadata.system.sXMLSCHEMA
20:35:57.663 [main] TRACE - Reading unresolved handles for type system org.apache.xmlbeans.metadata.system.sXMLLANG
20:35:57.666 [main] TRACE - Finished loading type system org.apache.xmlbeans.metadata.system.sXMLLANG
20:35:57.669 [main] TRACE - Reading unresolved handles for type system org.apache.xmlbeans.metadata.system.sXMLCONFIG
20:35:57.672 [main] TRACE - Finished loading type system org.apache.xmlbeans.metadata.system.sXMLCONFIG
20:35:57.675 [main] TRACE - Reading unresolved handles for type system org.apache.poi.schemas.ooxml.system.ooxml
20:35:57.819 [main] TRACE - Finished loading type system org.apache.poi.schemas.ooxml.system.ooxml
20:35:57.821 [main] TRACE - Resolving type for handle themefd26doctype
20:35:57.993 [main] TRACE - Resolving type for handle stylesheet5d8bdoctype
20:35:58.010 [main] TRACE - Resolving type for handle ctstylesheet4257type
20:35:58.027 [main] TRACE - Resolving type for handle ctnumfmtsb58btype
20:35:58.032 [main] TRACE - Resolving type for handle ctfonts6623type
20:35:58.038 [main] TRACE - Resolving type for handle ctfont14d8type
20:35:58.055 [main] TRACE - Resolving type for handle ctfills2c6ftype
20:35:58.060 [main] TRACE - Resolving type for handle ctfill550ctype
20:35:58.065 [main] TRACE - Resolving type for handle ctborders0d66type
20:35:58.070 [main] TRACE - Resolving type for handle ctborderf935type
20:35:58.076 [main] TRACE - Resolving type for handle ctcellxfs1322type
20:35:58.082 [main] TRACE - Resolving type for handle ctxf97f7type
20:35:58.089 [main] TRACE - Resolving type for handle ctcellstylexfsa81ftype
20:35:58.094 [main] TRACE - Resolving type for handle ctdxfsb26atype
20:35:58.099 [main] TRACE - Resolving type for handle cttablestyles872ftype
20:35:58.107 [main] TRACE - Resolving type for handle sstf81fdoctype
20:35:58.116 [main] TRACE - Resolving type for handle ctsst44f3type
20:35:58.136 [main] TRACE - Resolving type for handle ctrsta472type
20:35:58.193 [main] DEBUG - using default POIXMLDocumentPart for http://schemas.openxmlformats.org/officeDocument/2006/relationships/printerSettings
20:35:58.196 [main] TRACE - Resolving type for handle workbookec17doctype
20:35:58.206 [main] TRACE - Resolving type for handle ctworkbook83c3type
20:35:58.218 [main] TRACE - Resolving type for handle ctsheets49fdtype
20:35:58.224 [main] TRACE - Resolving type for handle ctsheet4dbetype
20:35:58.228 [main] TRACE - Resolving type for handle strelationshipid1e94type
20:35:58.234 [main] TRACE - Resolving type for handle worksheetf539doctype
20:35:58.247 [main] TRACE - Resolving type for handle ctworksheet530dtype
20:35:58.269 [main] TRACE - Resolving type for handle ctcols627ctype
20:35:58.280 [main] TRACE - Resolving type for handle ctcola95ftype
20:35:58.323 [main] TRACE - Resolving type for handle ctsheetdata8408type
20:35:58.329 [main] TRACE - Resolving type for handle ctrowdd39type
20:35:58.337 [main] TRACE - Resolving type for handle ctcell842btype
20:35:58.349 [main] TRACE - Resolving type for handle stcellrefe4e0type
20:35:58.361 [main] TRACE - Resolving type for handle stxstringf179type
20:35:58.367 [main] TRACE - Resolving type for handle stcelltypebf95type
20:35:58.394 [main] TRACE - Resolving type for handle stcellstylexfid70c7type
20:35:58.405 [main] TRACE - Resolving type for handle ctsheetdimensiond310type
20:35:58.409 [main] TRACE - Resolving type for handle stref90a2type
20:35:58.459 [main] TRACE - Resolving type for handle propertiesee84doctype
20:35:58.465 [main] TRACE - Resolving type for handle ctproperties3f10type
20:35:58.481 [main] TRACE - Resolving type for handle properties288cdoctype
20:35:58.487 [main] TRACE - Resolving type for handle ctproperties2c18type
20:35:58.521 [main] DEBUG - Save content types part
20:35:58.679 [main] DEBUG - Save package relationships
20:35:58.686 [main] DEBUG - Save part 'docProps/app.xml'
20:35:58.687 [main] DEBUG - Save part 'docProps/core.xml'
20:35:58.695 [main] DEBUG - Save part 'xl/printerSettings/printerSettings1.bin'
20:35:58.696 [main] DEBUG - Save part 'xl/sharedStrings.xml'
20:35:58.697 [main] DEBUG - Save part 'xl/styles.xml'
20:35:58.698 [main] DEBUG - Save part 'xl/theme/theme1.xml'
20:35:58.699 [main] DEBUG - Save part 'xl/workbook.xml'
20:35:58.705 [main] DEBUG - Save part 'xl/worksheets/sheet1.xml'
20:37:47.721 [main] DEBUG - Parsing relationship: /xl/_rels/workbook.xml.rels
20:37:47.729 [main] DEBUG - Parsing relationship: /xl/worksheets/_rels/sheet1.xml.rels
20:37:47.735 [main] DEBUG - Parsing relationship: /_rels/.rels
20:37:47.825 [main] DEBUG - using default POIXMLDocumentPart for http://schemas.openxmlformats.org/officeDocument/2006/relationships/printerSettings
20:37:47.948 [main] DEBUG - Save content types part
20:37:47.955 [main] DEBUG - Save package relationships
20:37:47.960 [main] DEBUG - Save part 'docProps/app.xml'
20:37:47.960 [main] DEBUG - Save part 'docProps/core.xml'
20:37:47.965 [main] DEBUG - Save part 'xl/printerSettings/printerSettings1.bin'
20:37:47.966 [main] DEBUG - Save part 'xl/sharedStrings.xml'
20:37:47.966 [main] DEBUG - Save part 'xl/styles.xml'
20:37:47.967 [main] DEBUG - Save part 'xl/theme/theme1.xml'
20:37:47.968 [main] DEBUG - Save part 'xl/workbook.xml'
20:37:47.980 [main] DEBUG - Save part 'xl/worksheets/sheet1.xml'
20:40:21.442 [main] DEBUG - Parsing relationship: /xl/_rels/workbook.xml.rels
20:40:21.456 [main] DEBUG - Parsing relationship: /xl/worksheets/_rels/sheet1.xml.rels
20:40:21.458 [main] DEBUG - Parsing relationship: /_rels/.rels
20:40:21.949 [main] TRACE - Loading type system org.apache.poi.schemas.ooxml.system.ooxml
20:40:21.957 [main] TRACE - Loading type system org.apache.xmlbeans.metadata.system.sXMLCONFIG
20:40:21.959 [main] TRACE - Loading type system org.apache.xmlbeans.metadata.system.sXMLLANG
20:40:21.961 [main] TRACE - Loading type system org.apache.xmlbeans.metadata.system.sXMLSCHEMA
20:40:21.964 [main] TRACE - Loading type system org.apache.xmlbeans.metadata.system.sXMLTOOLS
20:40:21.969 [main] TRACE - Reading unresolved handles for type system org.apache.xmlbeans.metadata.system.sXMLTOOLS
20:40:22.012 [main] TRACE - Finished loading type system org.apache.xmlbeans.metadata.system.sXMLTOOLS
20:40:22.018 [main] TRACE - Reading unresolved handles for type system org.apache.xmlbeans.metadata.system.sXMLSCHEMA
20:40:22.039 [main] TRACE - Finished loading type system org.apache.xmlbeans.metadata.system.sXMLSCHEMA
20:40:22.047 [main] TRACE - Reading unresolved handles for type system org.apache.xmlbeans.metadata.system.sXMLLANG
20:40:22.051 [main] TRACE - Finished loading type system org.apache.xmlbeans.metadata.system.sXMLLANG
20:40:22.058 [main] TRACE - Reading unresolved handles for type system org.apache.xmlbeans.metadata.system.sXMLCONFIG
20:40:22.062 [main] TRACE - Finished loading type system org.apache.xmlbeans.metadata.system.sXMLCONFIG
20:40:22.070 [main] TRACE - Reading unresolved handles for type system org.apache.poi.schemas.ooxml.system.ooxml
20:40:22.254 [main] TRACE - Finished loading type system org.apache.poi.schemas.ooxml.system.ooxml
20:40:22.256 [main] TRACE - Resolving type for handle themefd26doctype
20:40:22.404 [main] TRACE - Resolving type for handle stylesheet5d8bdoctype
20:40:22.421 [main] TRACE - Resolving type for handle ctstylesheet4257type
20:40:22.434 [main] TRACE - Resolving type for handle ctnumfmtsb58btype
20:40:22.443 [main] TRACE - Resolving type for handle ctfonts6623type
20:40:22.449 [main] TRACE - Resolving type for handle ctfont14d8type
20:40:22.466 [main] TRACE - Resolving type for handle ctfills2c6ftype
20:40:22.474 [main] TRACE - Resolving type for handle ctfill550ctype
20:40:22.480 [main] TRACE - Resolving type for handle ctborders0d66type
20:40:22.486 [main] TRACE - Resolving type for handle ctborderf935type
20:40:22.493 [main] TRACE - Resolving type for handle ctcellxfs1322type
20:40:22.500 [main] TRACE - Resolving type for handle ctxf97f7type
20:40:22.509 [main] TRACE - Resolving type for handle ctcellstylexfsa81ftype
20:40:22.514 [main] TRACE - Resolving type for handle ctdxfsb26atype
20:40:22.521 [main] TRACE - Resolving type for handle cttablestyles872ftype
20:40:22.532 [main] TRACE - Resolving type for handle sstf81fdoctype
20:40:22.544 [main] TRACE - Resolving type for handle ctsst44f3type
20:40:22.561 [main] TRACE - Resolving type for handle ctrsta472type
20:40:22.599 [main] DEBUG - using default POIXMLDocumentPart for http://schemas.openxmlformats.org/officeDocument/2006/relationships/printerSettings
20:40:22.601 [main] TRACE - Resolving type for handle workbookec17doctype
20:40:22.611 [main] TRACE - Resolving type for handle ctworkbook83c3type
20:40:22.623 [main] TRACE - Resolving type for handle ctsheets49fdtype
20:40:22.633 [main] TRACE - Resolving type for handle ctsheet4dbetype
20:40:22.637 [main] TRACE - Resolving type for handle strelationshipid1e94type
20:40:22.642 [main] TRACE - Resolving type for handle worksheetf539doctype
20:40:22.655 [main] TRACE - Resolving type for handle ctworksheet530dtype
20:40:22.675 [main] TRACE - Resolving type for handle ctcols627ctype
20:40:22.685 [main] TRACE - Resolving type for handle ctcola95ftype
20:40:22.743 [main] TRACE - Resolving type for handle ctsheetdata8408type
20:40:22.750 [main] TRACE - Resolving type for handle ctrowdd39type
20:40:22.763 [main] TRACE - Resolving type for handle ctcell842btype
20:40:22.780 [main] TRACE - Resolving type for handle stcellrefe4e0type
20:40:22.802 [main] TRACE - Resolving type for handle stxstringf179type
20:40:22.813 [main] TRACE - Resolving type for handle stcelltypebf95type
20:40:22.842 [main] TRACE - Resolving type for handle stcellstylexfid70c7type
20:40:22.852 [main] TRACE - Resolving type for handle ctsheetdimensiond310type
20:40:22.856 [main] TRACE - Resolving type for handle stref90a2type
20:40:22.906 [main] TRACE - Resolving type for handle propertiesee84doctype
20:40:22.910 [main] TRACE - Resolving type for handle ctproperties3f10type
20:40:22.925 [main] TRACE - Resolving type for handle properties288cdoctype
20:40:22.928 [main] TRACE - Resolving type for handle ctproperties2c18type
20:40:22.962 [main] DEBUG - Save content types part
20:40:23.100 [main] DEBUG - Save package relationships
20:40:23.107 [main] DEBUG - Save part 'docProps/app.xml'
20:40:23.109 [main] DEBUG - Save part 'docProps/core.xml'
20:40:23.117 [main] DEBUG - Save part 'xl/printerSettings/printerSettings1.bin'
20:40:23.119 [main] DEBUG - Save part 'xl/sharedStrings.xml'
20:40:23.119 [main] DEBUG - Save part 'xl/styles.xml'
20:40:23.120 [main] DEBUG - Save part 'xl/theme/theme1.xml'
20:40:23.123 [main] DEBUG - Save part 'xl/workbook.xml'
20:40:23.135 [main] DEBUG - Save part 'xl/worksheets/sheet1.xml'
20:14:38.894 [main] DEBUG - Parsing relationship: /xl/_rels/workbook.xml.rels
20:14:38.904 [main] DEBUG - Parsing relationship: /xl/worksheets/_rels/sheet1.xml.rels
20:14:38.914 [main] DEBUG - Parsing relationship: /_rels/.rels
20:14:39.119 [main] TRACE - Loading type system org.apache.poi.schemas.ooxml.system.ooxml
20:14:39.125 [main] TRACE - Loading type system org.apache.xmlbeans.metadata.system.sXMLCONFIG
20:14:39.126 [main] TRACE - Loading type system org.apache.xmlbeans.metadata.system.sXMLLANG
